Running main profile with model ./models/mobilenetv3_small.tflite and image ./images/dog.jpg (threads: 1, delegate: xnnpack, warmup: 100, profiling: 500)

====== main_cpu with profiling ====
[INFO] Model path: ./models/mobilenetv3_small.tflite
[INFO] Image path: ./images/dog.jpg
[INFO] Label path: ./labels.json
[INFO] Profiling result path: ./log/output_main_profile_mobilenetv3_small_xnnpack_1threads.csv
[INFO] Profiling enabled: YES
[INFO] Number of threads: 1
[INFO] Delegate type: xnnpack
[INFO] Warmup runs: 100
[INFO] Profiling runs: 500
[INFO] Model type detected: FP32
[INFO] Initializing profiler...
[INFO] Loading model from: ./models/mobilenetv3_small.tflite
[INFO] Model signature keys:The Model contains 1 signature key(s).They are listed below: -> Signature Key: serving_default
INFO: Created TensorFlow Lite XNNPACK delegate for CPU.
[INFO] XNNPACK delegate applied successfully (threads: 1)

[INFO] Model Summary 
📥 Input tensor count  : 1
📤 Output tensor count : 1
📦 Total tensor count  : 256
🔧 Node (op) count     : 133
🧩 Delegate applied    : Yes ✅

[INFO] Shape of input_tensor: [1, 224, 224, 3]
[INFO] Processing FP32 input path

[INFO] Running 100 warm-up iterations...
[INFO] warm-up completed

[INFO] Running 500 run and profile iterations...
[INFO] run and profile completed

[INFO] Shape of output_tensor: [1, 1000]
[INFO] Processing FP32 output path

[INFO] Top 5 predictions:
- Class 207 (golden_retriever): 0.790361
- Class 208 (Labrador_retriever): 0.0509196
- Class 244 (Tibetan_mastiff): 0.0145071
- Class 257 (Great_Pyrenees): 0.0122607
- Class 219 (cocker_spaniel): 0.0110343

[INFO] Elapsed time summary
- Load Model took 0.017 ms (17 us)
- Build Interpreter took 0.848 ms (848 us)
- Apply Delegate took 4.155 ms (4155 us)
- Allocate Tensor took 1.167 ms (1167 us)
- Load Input Image took 8.419 ms (8419 us)
- Preprocessing took 1.075 ms (1075 us)
- Inference_0 took 1.525 ms (1525 us)
- Inference_1 took 1.469 ms (1469 us)
- Inference_2 took 1.462 ms (1462 us)
- Inference_3 took 1.498 ms (1498 us)
- Inference_4 took 1.668 ms (1668 us)
- Inference_5 took 1.618 ms (1618 us)
- Inference_6 took 2.139 ms (2139 us)
- Inference_7 took 1.531 ms (1531 us)
- Inference_8 took 1.439 ms (1439 us)
- Inference_9 took 1.467 ms (1467 us)
- Inference_10 took 1.396 ms (1396 us)
- Inference_11 took 1.4 ms (1400 us)
- Inference_12 took 1.405 ms (1405 us)
- Inference_13 took 1.414 ms (1414 us)
- Inference_14 took 1.403 ms (1403 us)
- Inference_15 took 1.544 ms (1544 us)
- Inference_16 took 2.126 ms (2126 us)
- Inference_17 took 1.905 ms (1905 us)
- Inference_18 took 1.473 ms (1473 us)
- Inference_19 took 1.421 ms (1421 us)
- Inference_20 took 1.428 ms (1428 us)
- Inference_21 took 1.381 ms (1381 us)
- Inference_22 took 1.38 ms (1380 us)
- Inference_23 took 1.39 ms (1390 us)
- Inference_24 took 1.395 ms (1395 us)
- Inference_25 took 1.449 ms (1449 us)
- Inference_26 took 1.777 ms (1777 us)
- Inference_27 took 1.784 ms (1784 us)
- Inference_28 took 1.48 ms (1480 us)
- Inference_29 took 1.465 ms (1465 us)
- Inference_30 took 1.451 ms (1451 us)
- Inference_31 took 1.414 ms (1414 us)
- Inference_32 took 1.412 ms (1412 us)
- Inference_33 took 1.439 ms (1439 us)
- Inference_34 took 1.428 ms (1428 us)
- Inference_35 took 1.43 ms (1430 us)
- Inference_36 took 1.51 ms (1510 us)
- Inference_37 took 1.487 ms (1487 us)
- Inference_38 took 1.505 ms (1505 us)
- Inference_39 took 1.538 ms (1538 us)
- Inference_40 took 1.508 ms (1508 us)
- Inference_41 took 1.459 ms (1459 us)
- Inference_42 took 1.437 ms (1437 us)
- Inference_43 took 1.466 ms (1466 us)
- Inference_44 took 1.536 ms (1536 us)
- Inference_45 took 1.443 ms (1443 us)
- Inference_46 took 1.503 ms (1503 us)
- Inference_47 took 1.451 ms (1451 us)
- Inference_48 took 1.5 ms (1500 us)
- Inference_49 took 1.494 ms (1494 us)
- Inference_50 took 1.477 ms (1477 us)
- Inference_51 took 1.444 ms (1444 us)
- Inference_52 took 1.437 ms (1437 us)
- Inference_53 took 1.427 ms (1427 us)
- Inference_54 took 1.441 ms (1441 us)
- Inference_55 took 1.429 ms (1429 us)
- Inference_56 took 1.436 ms (1436 us)
- Inference_57 took 1.432 ms (1432 us)
- Inference_58 took 1.431 ms (1431 us)
- Inference_59 took 1.467 ms (1467 us)
- Inference_60 took 1.454 ms (1454 us)
- Inference_61 took 1.465 ms (1465 us)
- Inference_62 took 1.5 ms (1500 us)
- Inference_63 took 1.461 ms (1461 us)
- Inference_64 took 1.438 ms (1438 us)
- Inference_65 took 1.482 ms (1482 us)
- Inference_66 took 1.487 ms (1487 us)
- Inference_67 took 1.464 ms (1464 us)
- Inference_68 took 1.455 ms (1455 us)
- Inference_69 took 1.501 ms (1501 us)
- Inference_70 took 1.528 ms (1528 us)
- Inference_71 took 1.482 ms (1482 us)
- Inference_72 took 1.43 ms (1430 us)
- Inference_73 took 1.437 ms (1437 us)
- Inference_74 took 1.453 ms (1453 us)
- Inference_75 took 1.497 ms (1497 us)
- Inference_76 took 1.465 ms (1465 us)
- Inference_77 took 1.432 ms (1432 us)
- Inference_78 took 1.435 ms (1435 us)
- Inference_79 took 1.455 ms (1455 us)
- Inference_80 took 1.472 ms (1472 us)
- Inference_81 took 1.434 ms (1434 us)
- Inference_82 took 1.577 ms (1577 us)
- Inference_83 took 1.512 ms (1512 us)
- Inference_84 took 1.439 ms (1439 us)
- Inference_85 took 1.434 ms (1434 us)
- Inference_86 took 1.414 ms (1414 us)
- Inference_87 took 1.435 ms (1435 us)
- Inference_88 took 1.404 ms (1404 us)
- Inference_89 took 1.398 ms (1398 us)
- Inference_90 took 1.445 ms (1445 us)
- Inference_91 took 1.453 ms (1453 us)
- Inference_92 took 1.439 ms (1439 us)
- Inference_93 took 1.424 ms (1424 us)
- Inference_94 took 1.433 ms (1433 us)
- Inference_95 took 1.507 ms (1507 us)
- Inference_96 took 1.509 ms (1509 us)
- Inference_97 took 1.459 ms (1459 us)
- Inference_98 took 1.434 ms (1434 us)
- Inference_99 took 1.458 ms (1458 us)
- Inference_100 took 1.461 ms (1461 us)
- Inference_101 took 1.496 ms (1496 us)
- Inference_102 took 1.446 ms (1446 us)
- Inference_103 took 1.46 ms (1460 us)
- Inference_104 took 1.473 ms (1473 us)
- Inference_105 took 1.493 ms (1493 us)
- Inference_106 took 1.447 ms (1447 us)
- Inference_107 took 1.434 ms (1434 us)
- Inference_108 took 1.429 ms (1429 us)
- Inference_109 took 1.432 ms (1432 us)
- Inference_110 took 1.477 ms (1477 us)
- Inference_111 took 1.467 ms (1467 us)
- Inference_112 took 1.489 ms (1489 us)
- Inference_113 took 1.468 ms (1468 us)
- Inference_114 took 1.467 ms (1467 us)
- Inference_115 took 1.491 ms (1491 us)
- Inference_116 took 1.502 ms (1502 us)
- Inference_117 took 1.466 ms (1466 us)
- Inference_118 took 1.439 ms (1439 us)
- Inference_119 took 1.476 ms (1476 us)
- Inference_120 took 1.485 ms (1485 us)
- Inference_121 took 1.464 ms (1464 us)
- Inference_122 took 1.432 ms (1432 us)
- Inference_123 took 1.438 ms (1438 us)
- Inference_124 took 1.431 ms (1431 us)
- Inference_125 took 1.436 ms (1436 us)
- Inference_126 took 1.454 ms (1454 us)
- Inference_127 took 1.47 ms (1470 us)
- Inference_128 took 1.474 ms (1474 us)
- Inference_129 took 1.461 ms (1461 us)
- Inference_130 took 1.447 ms (1447 us)
- Inference_131 took 1.433 ms (1433 us)
- Inference_132 took 1.45 ms (1450 us)
- Inference_133 took 1.436 ms (1436 us)
- Inference_134 took 1.527 ms (1527 us)
- Inference_135 took 1.467 ms (1467 us)
- Inference_136 took 1.436 ms (1436 us)
- Inference_137 took 1.457 ms (1457 us)
- Inference_138 took 1.467 ms (1467 us)
- Inference_139 took 1.454 ms (1454 us)
- Inference_140 took 1.464 ms (1464 us)
- Inference_141 took 1.435 ms (1435 us)
- Inference_142 took 1.463 ms (1463 us)
- Inference_143 took 1.45 ms (1450 us)
- Inference_144 took 1.494 ms (1494 us)
- Inference_145 took 1.526 ms (1526 us)
- Inference_146 took 1.47 ms (1470 us)
- Inference_147 took 1.476 ms (1476 us)
- Inference_148 took 1.445 ms (1445 us)
- Inference_149 took 1.453 ms (1453 us)
- Inference_150 took 1.493 ms (1493 us)
- Inference_151 took 1.511 ms (1511 us)
- Inference_152 took 1.465 ms (1465 us)
- Inference_153 took 1.501 ms (1501 us)
- Inference_154 took 1.521 ms (1521 us)
- Inference_155 took 1.503 ms (1503 us)
- Inference_156 took 1.504 ms (1504 us)
- Inference_157 took 1.516 ms (1516 us)
- Inference_158 took 1.439 ms (1439 us)
- Inference_159 took 1.432 ms (1432 us)
- Inference_160 took 1.468 ms (1468 us)
- Inference_161 took 1.473 ms (1473 us)
- Inference_162 took 1.488 ms (1488 us)
- Inference_163 took 1.445 ms (1445 us)
- Inference_164 took 1.44 ms (1440 us)
- Inference_165 took 1.436 ms (1436 us)
- Inference_166 took 1.468 ms (1468 us)
- Inference_167 took 1.484 ms (1484 us)
- Inference_168 took 1.506 ms (1506 us)
- Inference_169 took 1.464 ms (1464 us)
- Inference_170 took 1.459 ms (1459 us)
- Inference_171 took 1.43 ms (1430 us)
- Inference_172 took 1.497 ms (1497 us)
- Inference_173 took 1.499 ms (1499 us)
- Inference_174 took 1.467 ms (1467 us)
- Inference_175 took 1.444 ms (1444 us)
- Inference_176 took 1.432 ms (1432 us)
- Inference_177 took 1.491 ms (1491 us)
- Inference_178 took 1.457 ms (1457 us)
- Inference_179 took 1.499 ms (1499 us)
- Inference_180 took 1.457 ms (1457 us)
- Inference_181 took 1.497 ms (1497 us)
- Inference_182 took 1.502 ms (1502 us)
- Inference_183 took 1.493 ms (1493 us)
- Inference_184 took 1.502 ms (1502 us)
- Inference_185 took 1.447 ms (1447 us)
- Inference_186 took 1.438 ms (1438 us)
- Inference_187 took 1.497 ms (1497 us)
- Inference_188 took 1.51 ms (1510 us)
- Inference_189 took 1.517 ms (1517 us)
- Inference_190 took 1.516 ms (1516 us)
- Inference_191 took 1.474 ms (1474 us)
- Inference_192 took 1.481 ms (1481 us)
- Inference_193 took 1.536 ms (1536 us)
- Inference_194 took 1.495 ms (1495 us)
- Inference_195 took 1.448 ms (1448 us)
- Inference_196 took 1.451 ms (1451 us)
- Inference_197 took 1.439 ms (1439 us)
- Inference_198 took 1.458 ms (1458 us)
- Inference_199 took 1.484 ms (1484 us)
- Inference_200 took 1.503 ms (1503 us)
- Inference_201 took 1.469 ms (1469 us)
- Inference_202 took 1.435 ms (1435 us)
- Inference_203 took 1.435 ms (1435 us)
- Inference_204 took 1.497 ms (1497 us)
- Inference_205 took 1.488 ms (1488 us)
- Inference_206 took 1.45 ms (1450 us)
- Inference_207 took 1.462 ms (1462 us)
- Inference_208 took 1.473 ms (1473 us)
- Inference_209 took 1.461 ms (1461 us)
- Inference_210 took 1.443 ms (1443 us)
- Inference_211 took 1.472 ms (1472 us)
- Inference_212 took 1.472 ms (1472 us)
- Inference_213 took 1.468 ms (1468 us)
- Inference_214 took 1.433 ms (1433 us)
- Inference_215 took 1.457 ms (1457 us)
- Inference_216 took 1.479 ms (1479 us)
- Inference_217 took 1.493 ms (1493 us)
- Inference_218 took 1.46 ms (1460 us)
- Inference_219 took 1.673 ms (1673 us)
- Inference_220 took 1.603 ms (1603 us)
- Inference_221 took 1.475 ms (1475 us)
- Inference_222 took 1.448 ms (1448 us)
- Inference_223 took 1.496 ms (1496 us)
- Inference_224 took 1.441 ms (1441 us)
- Inference_225 took 1.427 ms (1427 us)
- Inference_226 took 1.448 ms (1448 us)
- Inference_227 took 1.433 ms (1433 us)
- Inference_228 took 1.474 ms (1474 us)
- Inference_229 took 1.503 ms (1503 us)
- Inference_230 took 1.495 ms (1495 us)
- Inference_231 took 1.455 ms (1455 us)
- Inference_232 took 1.453 ms (1453 us)
- Inference_233 took 1.529 ms (1529 us)
- Inference_234 took 1.511 ms (1511 us)
- Inference_235 took 1.523 ms (1523 us)
- Inference_236 took 1.467 ms (1467 us)
- Inference_237 took 1.429 ms (1429 us)
- Inference_238 took 1.437 ms (1437 us)
- Inference_239 took 1.496 ms (1496 us)
- Inference_240 took 1.489 ms (1489 us)
- Inference_241 took 1.469 ms (1469 us)
- Inference_242 took 1.471 ms (1471 us)
- Inference_243 took 1.5 ms (1500 us)
- Inference_244 took 1.455 ms (1455 us)
- Inference_245 took 1.47 ms (1470 us)
- Inference_246 took 1.509 ms (1509 us)
- Inference_247 took 1.57 ms (1570 us)
- Inference_248 took 1.571 ms (1571 us)
- Inference_249 took 1.516 ms (1516 us)
- Inference_250 took 1.521 ms (1521 us)
- Inference_251 took 1.518 ms (1518 us)
- Inference_252 took 1.513 ms (1513 us)
- Inference_253 took 1.468 ms (1468 us)
- Inference_254 took 1.464 ms (1464 us)
- Inference_255 took 1.471 ms (1471 us)
- Inference_256 took 1.47 ms (1470 us)
- Inference_257 took 1.512 ms (1512 us)
- Inference_258 took 1.462 ms (1462 us)
- Inference_259 took 1.498 ms (1498 us)
- Inference_260 took 1.436 ms (1436 us)
- Inference_261 took 1.427 ms (1427 us)
- Inference_262 took 1.445 ms (1445 us)
- Inference_263 took 1.438 ms (1438 us)
- Inference_264 took 1.435 ms (1435 us)
- Inference_265 took 1.476 ms (1476 us)
- Inference_266 took 1.517 ms (1517 us)
- Inference_267 took 1.493 ms (1493 us)
- Inference_268 took 1.496 ms (1496 us)
- Inference_269 took 1.471 ms (1471 us)
- Inference_270 took 1.439 ms (1439 us)
- Inference_271 took 1.456 ms (1456 us)
- Inference_272 took 1.435 ms (1435 us)
- Inference_273 took 1.516 ms (1516 us)
- Inference_274 took 1.46 ms (1460 us)
- Inference_275 took 1.459 ms (1459 us)
- Inference_276 took 1.462 ms (1462 us)
- Inference_277 took 1.478 ms (1478 us)
- Inference_278 took 1.523 ms (1523 us)
- Inference_279 took 1.493 ms (1493 us)
- Inference_280 took 1.517 ms (1517 us)
- Inference_281 took 1.456 ms (1456 us)
- Inference_282 took 1.48 ms (1480 us)
- Inference_283 took 1.464 ms (1464 us)
- Inference_284 took 1.458 ms (1458 us)
- Inference_285 took 1.483 ms (1483 us)
- Inference_286 took 1.466 ms (1466 us)
- Inference_287 took 1.452 ms (1452 us)
- Inference_288 took 1.5 ms (1500 us)
- Inference_289 took 1.535 ms (1535 us)
- Inference_290 took 1.524 ms (1524 us)
- Inference_291 took 1.496 ms (1496 us)
- Inference_292 took 1.517 ms (1517 us)
- Inference_293 took 1.529 ms (1529 us)
- Inference_294 took 1.489 ms (1489 us)
- Inference_295 took 1.494 ms (1494 us)
- Inference_296 took 1.486 ms (1486 us)
- Inference_297 took 1.523 ms (1523 us)
- Inference_298 took 1.469 ms (1469 us)
- Inference_299 took 1.439 ms (1439 us)
- Inference_300 took 1.436 ms (1436 us)
- Inference_301 took 1.465 ms (1465 us)
- Inference_302 took 1.516 ms (1516 us)
- Inference_303 took 1.544 ms (1544 us)
- Inference_304 took 1.515 ms (1515 us)
- Inference_305 took 1.489 ms (1489 us)
- Inference_306 took 1.471 ms (1471 us)
- Inference_307 took 1.447 ms (1447 us)
- Inference_308 took 1.445 ms (1445 us)
- Inference_309 took 1.488 ms (1488 us)
- Inference_310 took 1.458 ms (1458 us)
- Inference_311 took 1.45 ms (1450 us)
- Inference_312 took 1.551 ms (1551 us)
- Inference_313 took 1.464 ms (1464 us)
- Inference_314 took 1.433 ms (1433 us)
- Inference_315 took 1.496 ms (1496 us)
- Inference_316 took 1.471 ms (1471 us)
- Inference_317 took 1.505 ms (1505 us)
- Inference_318 took 1.459 ms (1459 us)
- Inference_319 took 1.467 ms (1467 us)
- Inference_320 took 1.49 ms (1490 us)
- Inference_321 took 1.494 ms (1494 us)
- Inference_322 took 1.508 ms (1508 us)
- Inference_323 took 1.468 ms (1468 us)
- Inference_324 took 1.465 ms (1465 us)
- Inference_325 took 1.44 ms (1440 us)
- Inference_326 took 1.434 ms (1434 us)
- Inference_327 took 1.55 ms (1550 us)
- Inference_328 took 1.474 ms (1474 us)
- Inference_329 took 1.466 ms (1466 us)
- Inference_330 took 1.45 ms (1450 us)
- Inference_331 took 1.469 ms (1469 us)
- Inference_332 took 1.435 ms (1435 us)
- Inference_333 took 1.47 ms (1470 us)
- Inference_334 took 1.511 ms (1511 us)
- Inference_335 took 1.472 ms (1472 us)
- Inference_336 took 1.458 ms (1458 us)
- Inference_337 took 1.47 ms (1470 us)
- Inference_338 took 1.516 ms (1516 us)
- Inference_339 took 1.477 ms (1477 us)
- Inference_340 took 1.48 ms (1480 us)
- Inference_341 took 1.498 ms (1498 us)
- Inference_342 took 1.476 ms (1476 us)
- Inference_343 took 1.454 ms (1454 us)
- Inference_344 took 1.543 ms (1543 us)
- Inference_345 took 1.468 ms (1468 us)
- Inference_346 took 1.488 ms (1488 us)
- Inference_347 took 1.431 ms (1431 us)
- Inference_348 took 1.434 ms (1434 us)
- Inference_349 took 1.481 ms (1481 us)
- Inference_350 took 1.488 ms (1488 us)
- Inference_351 took 1.459 ms (1459 us)
- Inference_352 took 1.463 ms (1463 us)
- Inference_353 took 1.462 ms (1462 us)
- Inference_354 took 1.457 ms (1457 us)
- Inference_355 took 1.444 ms (1444 us)
- Inference_356 took 1.437 ms (1437 us)
- Inference_357 took 1.424 ms (1424 us)
- Inference_358 took 1.448 ms (1448 us)
- Inference_359 took 1.432 ms (1432 us)
- Inference_360 took 1.434 ms (1434 us)
- Inference_361 took 1.484 ms (1484 us)
- Inference_362 took 1.445 ms (1445 us)
- Inference_363 took 1.488 ms (1488 us)
- Inference_364 took 1.522 ms (1522 us)
- Inference_365 took 1.492 ms (1492 us)
- Inference_366 took 1.52 ms (1520 us)
- Inference_367 took 1.478 ms (1478 us)
- Inference_368 took 1.457 ms (1457 us)
- Inference_369 took 1.5 ms (1500 us)
- Inference_370 took 1.483 ms (1483 us)
- Inference_371 took 1.466 ms (1466 us)
- Inference_372 took 1.511 ms (1511 us)
- Inference_373 took 1.492 ms (1492 us)
- Inference_374 took 1.47 ms (1470 us)
- Inference_375 took 1.518 ms (1518 us)
- Inference_376 took 1.475 ms (1475 us)
- Inference_377 took 1.463 ms (1463 us)
- Inference_378 took 1.465 ms (1465 us)
- Inference_379 took 1.483 ms (1483 us)
- Inference_380 took 1.441 ms (1441 us)
- Inference_381 took 1.457 ms (1457 us)
- Inference_382 took 1.462 ms (1462 us)
- Inference_383 took 1.494 ms (1494 us)
- Inference_384 took 1.463 ms (1463 us)
- Inference_385 took 1.438 ms (1438 us)
- Inference_386 took 1.467 ms (1467 us)
- Inference_387 took 1.459 ms (1459 us)
- Inference_388 took 1.461 ms (1461 us)
- Inference_389 took 1.436 ms (1436 us)
- Inference_390 took 1.442 ms (1442 us)
- Inference_391 took 1.431 ms (1431 us)
- Inference_392 took 1.433 ms (1433 us)
- Inference_393 took 1.449 ms (1449 us)
- Inference_394 took 1.431 ms (1431 us)
- Inference_395 took 1.433 ms (1433 us)
- Inference_396 took 1.433 ms (1433 us)
- Inference_397 took 1.523 ms (1523 us)
- Inference_398 took 1.516 ms (1516 us)
- Inference_399 took 1.515 ms (1515 us)
- Inference_400 took 1.481 ms (1481 us)
- Inference_401 took 1.432 ms (1432 us)
- Inference_402 took 1.488 ms (1488 us)
- Inference_403 took 1.495 ms (1495 us)
- Inference_404 took 1.492 ms (1492 us)
- Inference_405 took 1.507 ms (1507 us)
- Inference_406 took 1.472 ms (1472 us)
- Inference_407 took 1.47 ms (1470 us)
- Inference_408 took 1.439 ms (1439 us)
- Inference_409 took 1.492 ms (1492 us)
- Inference_410 took 1.558 ms (1558 us)
- Inference_411 took 1.623 ms (1623 us)
- Inference_412 took 1.619 ms (1619 us)
- Inference_413 took 1.51 ms (1510 us)
- Inference_414 took 1.465 ms (1465 us)
- Inference_415 took 1.493 ms (1493 us)
- Inference_416 took 1.476 ms (1476 us)
- Inference_417 took 1.453 ms (1453 us)
- Inference_418 took 1.51 ms (1510 us)
- Inference_419 took 1.455 ms (1455 us)
- Inference_420 took 1.482 ms (1482 us)
- Inference_421 took 1.498 ms (1498 us)
- Inference_422 took 1.484 ms (1484 us)
- Inference_423 took 1.465 ms (1465 us)
- Inference_424 took 1.444 ms (1444 us)
- Inference_425 took 1.434 ms (1434 us)
- Inference_426 took 1.432 ms (1432 us)
- Inference_427 took 1.482 ms (1482 us)
- Inference_428 took 1.462 ms (1462 us)
- Inference_429 took 1.434 ms (1434 us)
- Inference_430 took 1.461 ms (1461 us)
- Inference_431 took 1.465 ms (1465 us)
- Inference_432 took 1.465 ms (1465 us)
- Inference_433 took 1.497 ms (1497 us)
- Inference_434 took 1.442 ms (1442 us)
- Inference_435 took 1.448 ms (1448 us)
- Inference_436 took 1.445 ms (1445 us)
- Inference_437 took 1.555 ms (1555 us)
- Inference_438 took 1.674 ms (1674 us)
- Inference_439 took 1.533 ms (1533 us)
- Inference_440 took 1.498 ms (1498 us)
- Inference_441 took 1.481 ms (1481 us)
- Inference_442 took 1.537 ms (1537 us)
- Inference_443 took 1.445 ms (1445 us)
- Inference_444 took 1.441 ms (1441 us)
- Inference_445 took 1.434 ms (1434 us)
- Inference_446 took 1.508 ms (1508 us)
- Inference_447 took 1.496 ms (1496 us)
- Inference_448 took 1.497 ms (1497 us)
- Inference_449 took 1.474 ms (1474 us)
- Inference_450 took 1.479 ms (1479 us)
- Inference_451 took 1.491 ms (1491 us)
- Inference_452 took 1.575 ms (1575 us)
- Inference_453 took 1.48 ms (1480 us)
- Inference_454 took 1.472 ms (1472 us)
- Inference_455 took 1.47 ms (1470 us)
- Inference_456 took 1.46 ms (1460 us)
- Inference_457 took 1.468 ms (1468 us)
- Inference_458 took 1.449 ms (1449 us)
- Inference_459 took 1.432 ms (1432 us)
- Inference_460 took 1.452 ms (1452 us)
- Inference_461 took 1.466 ms (1466 us)
- Inference_462 took 1.46 ms (1460 us)
- Inference_463 took 1.537 ms (1537 us)
- Inference_464 took 1.438 ms (1438 us)
- Inference_465 took 1.441 ms (1441 us)
- Inference_466 took 1.462 ms (1462 us)
- Inference_467 took 1.487 ms (1487 us)
- Inference_468 took 1.534 ms (1534 us)
- Inference_469 took 1.549 ms (1549 us)
- Inference_470 took 1.499 ms (1499 us)
- Inference_471 took 1.47 ms (1470 us)
- Inference_472 took 1.46 ms (1460 us)
- Inference_473 took 1.453 ms (1453 us)
- Inference_474 took 1.461 ms (1461 us)
- Inference_475 took 1.539 ms (1539 us)
- Inference_476 took 1.488 ms (1488 us)
- Inference_477 took 1.464 ms (1464 us)
- Inference_478 took 1.451 ms (1451 us)
- Inference_479 took 1.479 ms (1479 us)
- Inference_480 took 1.472 ms (1472 us)
- Inference_481 took 1.517 ms (1517 us)
- Inference_482 took 1.469 ms (1469 us)
- Inference_483 took 1.459 ms (1459 us)
- Inference_484 took 1.44 ms (1440 us)
- Inference_485 took 1.433 ms (1433 us)
- Inference_486 took 1.469 ms (1469 us)
- Inference_487 took 1.46 ms (1460 us)
- Inference_488 took 1.457 ms (1457 us)
- Inference_489 took 1.433 ms (1433 us)
- Inference_490 took 1.436 ms (1436 us)
- Inference_491 took 1.487 ms (1487 us)
- Inference_492 took 1.554 ms (1554 us)
- Inference_493 took 1.501 ms (1501 us)
- Inference_494 took 1.484 ms (1484 us)
- Inference_495 took 1.466 ms (1466 us)
- Inference_496 took 1.51 ms (1510 us)
- Inference_497 took 1.46 ms (1460 us)
- Inference_498 took 1.428 ms (1428 us)
- Inference_499 took 1.606 ms (1606 us)
- Postprocessing took 0.007 ms (7 us)


[INFO] Generating Ops-level profiling (log)

INFO: Profiling Info for Benchmark Initialization:
============================== Run Order ==============================
	                             [node type]	  [first]	 [avg ms]	     [%]	  [cdf%]	  [mem KB]	[times called]	[Name]
	                 ModifyGraphWithDelegate	    4.117	    4.117	 77.959%	 77.959%	 18944.000	        1	ModifyGraphWithDelegate/0
	                         AllocateTensors	    1.164	    1.164	 22.041%	100.000%	  2304.000	        1	AllocateTensors/0

============================== Top by Computation Time ==============================
	                             [node type]	  [first]	 [avg ms]	     [%]	  [cdf%]	  [mem KB]	[times called]	[Name]
	                 ModifyGraphWithDelegate	    4.117	    4.117	 77.959%	 77.959%	 18944.000	        1	ModifyGraphWithDelegate/0
	                         AllocateTensors	    1.164	    1.164	 22.041%	100.000%	  2304.000	        1	AllocateTensors/0

Number of nodes executed: 2
============================== Summary by node type ==============================
	                             [Node type]	  [count]	  [avg ms]	    [avg %]	    [cdf %]	  [mem KB]	[times called]
	                 ModifyGraphWithDelegate	        1	     4.117	    77.959%	    77.959%	 18944.000	        1
	                         AllocateTensors	        1	     1.164	    22.041%	   100.000%	  2304.000	        1

Timings (microseconds): count=2 curr=5281(all same)
Memory (bytes): count=0
2 nodes observed



INFO: Operator-wise Profiling Info for Regular Benchmark Runs:
============================== Run Order ==============================
	                             [node type]	  [first]	 [avg ms]	     [%]	  [cdf%]	  [mem KB]	[times called]	[Name]
	           Convolution (NHWC, F32) IGEMM	    0.125	    0.128	  9.062%	  9.062%	     0.000	        1	Delegate/Convolution (NHWC, F32) IGEMM:0
	                          HardSwish (NC)	    0.011	    0.011	  0.783%	  9.845%	     0.000	        1	Delegate/HardSwish (NC):1
	          Convolution (NHWC, F32) DWConv	    0.023	    0.023	  1.625%	 11.470%	     0.000	        1	Delegate/Convolution (NHWC, F32) DWConv:2
	                         Sum (ND) Reduce	    0.002	    0.002	  0.142%	 11.612%	     0.000	        1	Delegate/Sum (ND) Reduce:3
	                           Multiply (ND)	    0.000	    0.000	  0.000%	 11.612%	     0.000	        1	Delegate/Multiply (ND):4
	                     Static Reshape (NC)	    0.000	    0.000	  0.000%	 11.612%	     0.000	        1	Delegate/Static Reshape (NC):5
	          Fully Connected (NC, F32) GEMM	    0.000	    0.000	  0.000%	 11.612%	     0.000	        1	Delegate/Fully Connected (NC, F32) GEMM:6
	          Fully Connected (NC, F32) GEMM	    0.000	    0.000	  0.000%	 11.612%	     0.000	        1	Delegate/Fully Connected (NC, F32) GEMM:7
	                           Multiply (ND)	    0.000	    0.000	  0.000%	 11.612%	     0.000	        1	Delegate/Multiply (ND):8
	                           Multiply (ND)	    0.005	    0.005	  0.363%	 11.975%	     0.000	        1	Delegate/Multiply (ND):9
	          Fully Connected (NC, F32) GEMM	    0.013	    0.013	  0.948%	 12.922%	     0.000	        1	Delegate/Fully Connected (NC, F32) GEMM:10
	          Fully Connected (NC, F32) GEMM	    0.107	    0.109	  7.679%	 20.601%	     0.000	        1	Delegate/Fully Connected (NC, F32) GEMM:11
	          Convolution (NHWC, F32) DWConv	    0.020	    0.020	  1.435%	 22.037%	     0.000	        1	Delegate/Convolution (NHWC, F32) DWConv:12
	          Fully Connected (NC, F32) GEMM	    0.036	    0.036	  2.553%	 24.590%	     0.000	        1	Delegate/Fully Connected (NC, F32) GEMM:13
	          Fully Connected (NC, F32) GEMM	    0.046	    0.048	  3.356%	 27.945%	     0.000	        1	Delegate/Fully Connected (NC, F32) GEMM:14
	          Convolution (NHWC, F32) DWConv	    0.021	    0.022	  1.525%	 29.471%	     0.000	        1	Delegate/Convolution (NHWC, F32) DWConv:15
	          Fully Connected (NC, F32) GEMM	    0.044	    0.044	  3.102%	 32.573%	     0.000	        1	Delegate/Fully Connected (NC, F32) GEMM:16
	                                Add (ND)	    0.001	    0.001	  0.071%	 32.644%	     0.000	        1	Delegate/Add (ND):17
	          Fully Connected (NC, F32) GEMM	    0.028	    0.028	  1.972%	 34.615%	     0.000	        1	Delegate/Fully Connected (NC, F32) GEMM:18
	                          HardSwish (NC)	    0.003	    0.004	  0.250%	 34.866%	     0.000	        1	Delegate/HardSwish (NC):19
	          Convolution (NHWC, F32) DWConv	    0.017	    0.017	  1.222%	 36.087%	     0.000	        1	Delegate/Convolution (NHWC, F32) DWConv:20
	                          HardSwish (NC)	    0.001	    0.001	  0.071%	 36.158%	     0.000	        1	Delegate/HardSwish (NC):21
	                         Sum (ND) Reduce	    0.000	    0.000	  0.001%	 36.159%	     0.000	        1	Delegate/Sum (ND) Reduce:22
	                           Multiply (ND)	    0.000	    0.000	  0.000%	 36.159%	     0.000	        1	Delegate/Multiply (ND):23
	                     Static Reshape (NC)	    0.000	    0.000	  0.000%	 36.159%	     0.000	        1	Delegate/Static Reshape (NC):24
	          Fully Connected (NC, F32) GEMM	    0.000	    0.000	  0.002%	 36.160%	     0.000	        1	Delegate/Fully Connected (NC, F32) GEMM:25
	          Fully Connected (NC, F32) GEMM	    0.000	    0.000	  0.000%	 36.160%	     0.000	        1	Delegate/Fully Connected (NC, F32) GEMM:26
	                           Multiply (ND)	    0.000	    0.000	  0.000%	 36.160%	     0.000	        1	Delegate/Multiply (ND):27
	                           Multiply (ND)	    0.001	    0.001	  0.071%	 36.231%	     0.000	        1	Delegate/Multiply (ND):28
	          Fully Connected (NC, F32) GEMM	    0.019	    0.020	  1.397%	 37.628%	     0.000	        1	Delegate/Fully Connected (NC, F32) GEMM:29
	          Fully Connected (NC, F32) GEMM	    0.029	    0.029	  2.059%	 39.688%	     0.000	        1	Delegate/Fully Connected (NC, F32) GEMM:30
	                          HardSwish (NC)	    0.002	    0.002	  0.142%	 39.830%	     0.000	        1	Delegate/HardSwish (NC):31
	          Convolution (NHWC, F32) DWConv	    0.041	    0.042	  2.974%	 42.804%	     0.000	        1	Delegate/Convolution (NHWC, F32) DWConv:32
	                          HardSwish (NC)	    0.002	    0.002	  0.146%	 42.950%	     0.000	        1	Delegate/HardSwish (NC):33
	                         Sum (ND) Reduce	    0.001	    0.001	  0.071%	 43.021%	     0.000	        1	Delegate/Sum (ND) Reduce:34
	                           Multiply (ND)	    0.000	    0.000	  0.000%	 43.021%	     0.000	        1	Delegate/Multiply (ND):35
	                     Static Reshape (NC)	    0.000	    0.000	  0.000%	 43.021%	     0.000	        1	Delegate/Static Reshape (NC):36
	          Fully Connected (NC, F32) GEMM	    0.001	    0.001	  0.037%	 43.058%	     0.000	        1	Delegate/Fully Connected (NC, F32) GEMM:37
	          Fully Connected (NC, F32) GEMM	    0.001	    0.001	  0.040%	 43.098%	     0.000	        1	Delegate/Fully Connected (NC, F32) GEMM:38
	                           Multiply (ND)	    0.000	    0.000	  0.000%	 43.098%	     0.000	        1	Delegate/Multiply (ND):39
	                           Multiply (ND)	    0.003	    0.003	  0.206%	 43.303%	     0.000	        1	Delegate/Multiply (ND):40
	          Fully Connected (NC, F32) GEMM	    0.049	    0.049	  3.459%	 46.762%	     0.000	        1	Delegate/Fully Connected (NC, F32) GEMM:41
	                                Add (ND)	    0.000	    0.000	  0.000%	 46.763%	     0.000	        1	Delegate/Add (ND):42
	          Fully Connected (NC, F32) GEMM	    0.029	    0.029	  2.057%	 48.820%	     0.000	        1	Delegate/Fully Connected (NC, F32) GEMM:43
	                          HardSwish (NC)	    0.002	    0.002	  0.142%	 48.962%	     0.000	        1	Delegate/HardSwish (NC):44
	          Convolution (NHWC, F32) DWConv	    0.041	    0.042	  2.974%	 51.936%	     0.000	        1	Delegate/Convolution (NHWC, F32) DWConv:45
	                          HardSwish (NC)	    0.002	    0.002	  0.150%	 52.086%	     0.000	        1	Delegate/HardSwish (NC):46
	                         Sum (ND) Reduce	    0.001	    0.001	  0.071%	 52.157%	     0.000	        1	Delegate/Sum (ND) Reduce:47
	                           Multiply (ND)	    0.000	    0.000	  0.000%	 52.157%	     0.000	        1	Delegate/Multiply (ND):48
	                     Static Reshape (NC)	    0.000	    0.000	  0.000%	 52.157%	     0.000	        1	Delegate/Static Reshape (NC):49
	          Fully Connected (NC, F32) GEMM	    0.000	    0.000	  0.031%	 52.188%	     0.000	        1	Delegate/Fully Connected (NC, F32) GEMM:50
	          Fully Connected (NC, F32) GEMM	    0.000	    0.000	  0.026%	 52.214%	     0.000	        1	Delegate/Fully Connected (NC, F32) GEMM:51
	                           Multiply (ND)	    0.000	    0.000	  0.000%	 52.214%	     0.000	        1	Delegate/Multiply (ND):52
	                           Multiply (ND)	    0.002	    0.003	  0.197%	 52.411%	     0.000	        1	Delegate/Multiply (ND):53
	          Fully Connected (NC, F32) GEMM	    0.051	    0.049	  3.470%	 55.882%	     0.000	        1	Delegate/Fully Connected (NC, F32) GEMM:54
	                                Add (ND)	    0.000	    0.000	  0.001%	 55.882%	     0.000	        1	Delegate/Add (ND):55
	          Fully Connected (NC, F32) GEMM	    0.025	    0.026	  1.822%	 57.704%	     0.000	        1	Delegate/Fully Connected (NC, F32) GEMM:56
	                          HardSwish (NC)	    0.001	    0.001	  0.071%	 57.775%	     0.000	        1	Delegate/HardSwish (NC):57
	          Convolution (NHWC, F32) DWConv	    0.021	    0.021	  1.505%	 59.280%	     0.000	        1	Delegate/Convolution (NHWC, F32) DWConv:58
	                          HardSwish (NC)	    0.001	    0.001	  0.072%	 59.352%	     0.000	        1	Delegate/HardSwish (NC):59
	                         Sum (ND) Reduce	    0.000	    0.000	  0.001%	 59.353%	     0.000	        1	Delegate/Sum (ND) Reduce:60
	                           Multiply (ND)	    0.000	    0.000	  0.000%	 59.353%	     0.000	        1	Delegate/Multiply (ND):61
	                     Static Reshape (NC)	    0.000	    0.000	  0.000%	 59.353%	     0.000	        1	Delegate/Static Reshape (NC):62
	          Fully Connected (NC, F32) GEMM	    0.000	    0.000	  0.002%	 59.355%	     0.000	        1	Delegate/Fully Connected (NC, F32) GEMM:63
	          Fully Connected (NC, F32) GEMM	    0.000	    0.000	  0.005%	 59.360%	     0.000	        1	Delegate/Fully Connected (NC, F32) GEMM:64
	                           Multiply (ND)	    0.000	    0.000	  0.001%	 59.361%	     0.000	        1	Delegate/Multiply (ND):65
	                           Multiply (ND)	    0.002	    0.002	  0.142%	 59.504%	     0.000	        1	Delegate/Multiply (ND):66
	          Fully Connected (NC, F32) GEMM	    0.017	    0.017	  1.217%	 60.721%	     0.000	        1	Delegate/Fully Connected (NC, F32) GEMM:67
	          Fully Connected (NC, F32) GEMM	    0.021	    0.021	  1.477%	 62.198%	     0.000	        1	Delegate/Fully Connected (NC, F32) GEMM:68
	                          HardSwish (NC)	    0.001	    0.001	  0.073%	 62.271%	     0.000	        1	Delegate/HardSwish (NC):69
	          Convolution (NHWC, F32) DWConv	    0.025	    0.024	  1.698%	 63.969%	     0.000	        1	Delegate/Convolution (NHWC, F32) DWConv:70
	                          HardSwish (NC)	    0.001	    0.001	  0.072%	 64.041%	     0.000	        1	Delegate/HardSwish (NC):71
	                         Sum (ND) Reduce	    0.000	    0.000	  0.002%	 64.044%	     0.000	        1	Delegate/Sum (ND) Reduce:72
	                           Multiply (ND)	    0.000	    0.000	  0.000%	 64.044%	     0.000	        1	Delegate/Multiply (ND):73
	                     Static Reshape (NC)	    0.000	    0.000	  0.000%	 64.044%	     0.000	        1	Delegate/Static Reshape (NC):74
	          Fully Connected (NC, F32) GEMM	    0.000	    0.000	  0.002%	 64.046%	     0.000	        1	Delegate/Fully Connected (NC, F32) GEMM:75
	          Fully Connected (NC, F32) GEMM	    0.000	    0.000	  0.000%	 64.046%	     0.000	        1	Delegate/Fully Connected (NC, F32) GEMM:76
	                           Multiply (ND)	    0.000	    0.000	  0.000%	 64.046%	     0.000	        1	Delegate/Multiply (ND):77
	                           Multiply (ND)	    0.002	    0.001	  0.080%	 64.126%	     0.000	        1	Delegate/Multiply (ND):78
	          Fully Connected (NC, F32) GEMM	    0.023	    0.021	  1.476%	 65.602%	     0.000	        1	Delegate/Fully Connected (NC, F32) GEMM:79
	                                Add (ND)	    0.000	    0.000	  0.000%	 65.602%	     0.000	        1	Delegate/Add (ND):80
	          Fully Connected (NC, F32) GEMM	    0.041	    0.042	  2.958%	 68.560%	     0.000	        1	Delegate/Fully Connected (NC, F32) GEMM:81
	                          HardSwish (NC)	    0.002	    0.002	  0.170%	 68.730%	     0.000	        1	Delegate/HardSwish (NC):82
	          Convolution (NHWC, F32) DWConv	    0.013	    0.013	  0.948%	 69.678%	     0.000	        1	Delegate/Convolution (NHWC, F32) DWConv:83
	                          HardSwish (NC)	    0.000	    0.000	  0.002%	 69.680%	     0.000	        1	Delegate/HardSwish (NC):84
	                         Sum (ND) Reduce	    0.000	    0.000	  0.000%	 69.680%	     0.000	        1	Delegate/Sum (ND) Reduce:85
	                           Multiply (ND)	    0.000	    0.000	  0.000%	 69.680%	     0.000	        1	Delegate/Multiply (ND):86
	                     Static Reshape (NC)	    0.000	    0.000	  0.000%	 69.680%	     0.000	        1	Delegate/Static Reshape (NC):87
	          Fully Connected (NC, F32) GEMM	    0.001	    0.001	  0.101%	 69.782%	     0.000	        1	Delegate/Fully Connected (NC, F32) GEMM:88
	          Fully Connected (NC, F32) GEMM	    0.001	    0.001	  0.074%	 69.856%	     0.000	        1	Delegate/Fully Connected (NC, F32) GEMM:89
	                           Multiply (ND)	    0.000	    0.000	  0.000%	 69.856%	     0.000	        1	Delegate/Multiply (ND):90
	                           Multiply (ND)	    0.000	    0.000	  0.003%	 69.858%	     0.000	        1	Delegate/Multiply (ND):91
	          Fully Connected (NC, F32) GEMM	    0.022	    0.022	  1.583%	 71.442%	     0.000	        1	Delegate/Fully Connected (NC, F32) GEMM:92
	          Fully Connected (NC, F32) GEMM	    0.044	    0.045	  3.174%	 74.615%	     0.000	        1	Delegate/Fully Connected (NC, F32) GEMM:93
	                          HardSwish (NC)	    0.001	    0.001	  0.077%	 74.692%	     0.000	        1	Delegate/HardSwish (NC):94
	          Convolution (NHWC, F32) DWConv	    0.025	    0.026	  1.830%	 76.522%	     0.000	        1	Delegate/Convolution (NHWC, F32) DWConv:95
	                          HardSwish (NC)	    0.001	    0.001	  0.074%	 76.596%	     0.000	        1	Delegate/HardSwish (NC):96
	                         Sum (ND) Reduce	    0.000	    0.000	  0.002%	 76.598%	     0.000	        1	Delegate/Sum (ND) Reduce:97
	                           Multiply (ND)	    0.000	    0.000	  0.000%	 76.598%	     0.000	        1	Delegate/Multiply (ND):98
	                     Static Reshape (NC)	    0.000	    0.000	  0.000%	 76.598%	     0.000	        1	Delegate/Static Reshape (NC):99
	          Fully Connected (NC, F32) GEMM	    0.005	    0.005	  0.344%	 76.942%	     0.000	        1	Delegate/Fully Connected (NC, F32) GEMM:100
	          Fully Connected (NC, F32) GEMM	    0.005	    0.005	  0.342%	 77.283%	     0.000	        1	Delegate/Fully Connected (NC, F32) GEMM:101
	                           Multiply (ND)	    0.000	    0.000	  0.000%	 77.283%	     0.000	        1	Delegate/Multiply (ND):102
	                           Multiply (ND)	    0.002	    0.002	  0.136%	 77.420%	     0.000	        1	Delegate/Multiply (ND):103
	          Fully Connected (NC, F32) GEMM	    0.044	    0.045	  3.172%	 80.592%	     0.000	        1	Delegate/Fully Connected (NC, F32) GEMM:104
	                                Add (ND)	    0.000	    0.000	  0.000%	 80.592%	     0.000	        1	Delegate/Add (ND):105
	          Fully Connected (NC, F32) GEMM	    0.050	    0.044	  3.138%	 83.730%	     0.000	        1	Delegate/Fully Connected (NC, F32) GEMM:106
	                          HardSwish (NC)	    0.001	    0.001	  0.072%	 83.802%	     0.000	        1	Delegate/HardSwish (NC):107
	          Convolution (NHWC, F32) DWConv	    0.025	    0.026	  1.804%	 85.606%	     0.000	        1	Delegate/Convolution (NHWC, F32) DWConv:108
	                          HardSwish (NC)	    0.001	    0.001	  0.072%	 85.678%	     0.000	        1	Delegate/HardSwish (NC):109
	                         Sum (ND) Reduce	    0.000	    0.000	  0.006%	 85.685%	     0.000	        1	Delegate/Sum (ND) Reduce:110
	                           Multiply (ND)	    0.000	    0.000	  0.000%	 85.685%	     0.000	        1	Delegate/Multiply (ND):111
	                     Static Reshape (NC)	    0.000	    0.000	  0.000%	 85.685%	     0.000	        1	Delegate/Static Reshape (NC):112
	          Fully Connected (NC, F32) GEMM	    0.005	    0.005	  0.338%	 86.023%	     0.000	        1	Delegate/Fully Connected (NC, F32) GEMM:113
	          Fully Connected (NC, F32) GEMM	    0.005	    0.005	  0.333%	 86.356%	     0.000	        1	Delegate/Fully Connected (NC, F32) GEMM:114
	                           Multiply (ND)	    0.000	    0.000	  0.000%	 86.356%	     0.000	        1	Delegate/Multiply (ND):115
	                           Multiply (ND)	    0.001	    0.001	  0.077%	 86.433%	     0.000	        1	Delegate/Multiply (ND):116
	          Fully Connected (NC, F32) GEMM	    0.045	    0.045	  3.162%	 89.595%	     0.000	        1	Delegate/Fully Connected (NC, F32) GEMM:117
	                                Add (ND)	    0.000	    0.000	  0.002%	 89.597%	     0.000	        1	Delegate/Add (ND):118
	          Fully Connected (NC, F32) GEMM	    0.067	    0.045	  3.163%	 92.760%	     0.000	        1	Delegate/Fully Connected (NC, F32) GEMM:119
	                          HardSwish (NC)	    0.001	    0.001	  0.074%	 92.834%	     0.000	        1	Delegate/HardSwish (NC):120
	                         Sum (ND) Reduce	    0.000	    0.000	  0.013%	 92.847%	     0.000	        1	Delegate/Sum (ND) Reduce:121
	                           Multiply (ND)	    0.000	    0.000	  0.000%	 92.847%	     0.000	        1	Delegate/Multiply (ND):122
	                     Static Reshape (NC)	    0.000	    0.000	  0.000%	 92.847%	     0.000	        1	Delegate/Static Reshape (NC):123
	          Fully Connected (NC, F32) GEMM	    0.039	    0.037	  2.583%	 95.430%	     0.000	        1	Delegate/Fully Connected (NC, F32) GEMM:124
	                          HardSwish (NC)	    0.000	    0.000	  0.000%	 95.430%	     0.000	        1	Delegate/HardSwish (NC):125
	                     Static Reshape (NC)	    0.000	    0.000	  0.000%	 95.430%	     0.000	        1	Delegate/Static Reshape (NC):126
	          Fully Connected (NC, F32) GEMM	    0.088	    0.065	  4.570%	100.000%	     0.000	        1	Delegate/Fully Connected (NC, F32) GEMM:127

============================== Top by Computation Time ==============================
	                             [node type]	  [first]	 [avg ms]	     [%]	  [cdf%]	  [mem KB]	[times called]	[Name]
	           Convolution (NHWC, F32) IGEMM	    0.125	    0.128	  9.062%	  9.062%	     0.000	        1	Delegate/Convolution (NHWC, F32) IGEMM:0
	          Fully Connected (NC, F32) GEMM	    0.107	    0.109	  7.679%	 16.741%	     0.000	        1	Delegate/Fully Connected (NC, F32) GEMM:11
	          Fully Connected (NC, F32) GEMM	    0.088	    0.065	  4.570%	 21.311%	     0.000	        1	Delegate/Fully Connected (NC, F32) GEMM:127
	          Fully Connected (NC, F32) GEMM	    0.051	    0.049	  3.470%	 24.781%	     0.000	        1	Delegate/Fully Connected (NC, F32) GEMM:54
	          Fully Connected (NC, F32) GEMM	    0.049	    0.049	  3.459%	 28.240%	     0.000	        1	Delegate/Fully Connected (NC, F32) GEMM:41
	          Fully Connected (NC, F32) GEMM	    0.046	    0.048	  3.356%	 31.596%	     0.000	        1	Delegate/Fully Connected (NC, F32) GEMM:14
	          Fully Connected (NC, F32) GEMM	    0.044	    0.045	  3.174%	 34.769%	     0.000	        1	Delegate/Fully Connected (NC, F32) GEMM:93
	          Fully Connected (NC, F32) GEMM	    0.044	    0.045	  3.172%	 37.941%	     0.000	        1	Delegate/Fully Connected (NC, F32) GEMM:104
	          Fully Connected (NC, F32) GEMM	    0.067	    0.045	  3.163%	 41.105%	     0.000	        1	Delegate/Fully Connected (NC, F32) GEMM:119
	          Fully Connected (NC, F32) GEMM	    0.045	    0.045	  3.162%	 44.266%	     0.000	        1	Delegate/Fully Connected (NC, F32) GEMM:117

Number of nodes executed: 128
============================== Summary by node type ==============================
	                             [Node type]	  [count]	  [avg ms]	    [avg %]	    [cdf %]	  [mem KB]	[times called]
	          Fully Connected (NC, F32) GEMM	       42	     0.932	    67.195%	    67.195%	     0.000	       42
	          Convolution (NHWC, F32) DWConv	       11	     0.273	    19.683%	    86.878%	     0.000	       11
	           Convolution (NHWC, F32) IGEMM	        1	     0.128	     9.229%	    96.107%	     0.000	        1
	                          HardSwish (NC)	       19	     0.034	     2.451%	    98.558%	     0.000	       19
	                           Multiply (ND)	       28	     0.015	     1.081%	    99.640%	     0.000	       28
	                         Sum (ND) Reduce	       10	     0.004	     0.288%	    99.928%	     0.000	       10
	                                Add (ND)	        6	     0.001	     0.072%	   100.000%	     0.000	        6
	                     Static Reshape (NC)	       11	     0.000	     0.000%	   100.000%	     0.000	       11

Timings (microseconds): count=500 first=1455 curr=1545 min=1318 max=2062 avg=1417.6 std=61
Memory (bytes): count=0
128 nodes observed



