Running main profile with model ./models/mobilenetv3_small.tflite and image ./images/dog.jpg (threads: 1, delegate: xnnpack, warmup: 100, profiling: 500)

====== main_cpu with profiling ====
[INFO] Model path: ./models/mobilenetv3_small.tflite
[INFO] Image path: ./images/dog.jpg
[INFO] Label path: ./labels.json
[INFO] Profiling result path: ./log/output_main_profile_mobilenetv3_small_xnnpack_1threads.csv
[INFO] Profiling enabled: YES
[INFO] Number of threads: 1
[INFO] Delegate type: xnnpack
[INFO] Warmup runs: 100
[INFO] Profiling runs: 500
[INFO] Model type detected: FP32
[INFO] Initializing profiler...
[INFO] Loading model from: ./models/mobilenetv3_small.tflite
[INFO] Model signature keys:The Model contains 1 signature key(s).They are listed below: -> Signature Key: serving_default
INFO: Created TensorFlow Lite XNNPACK delegate for CPU.
[INFO] XNNPACK delegate applied successfully (threads: 1)

[INFO] Model Summary 
📥 Input tensor count  : 1
📤 Output tensor count : 1
📦 Total tensor count  : 256
🔧 Node (op) count     : 133
🧩 Delegate applied    : Yes ✅

[INFO] Shape of input_tensor: [1, 224, 224, 3]
[INFO] Processing FP32 input path

[INFO] Running 100 warm-up iterations...
[INFO] warm-up completed

[INFO] Running 500 run and profile iterations...
[INFO] run and profile completed

[INFO] Shape of output_tensor: [1, 1000]
[INFO] Processing FP32 output path

[INFO] Top 5 predictions:
- Class 207 (golden_retriever): 0.790361
- Class 208 (Labrador_retriever): 0.0509196
- Class 244 (Tibetan_mastiff): 0.0145071
- Class 257 (Great_Pyrenees): 0.0122607
- Class 219 (cocker_spaniel): 0.0110343

[INFO] Elapsed time summary
- Load Model took 0.019 ms (19 us)
- Build Interpreter took 0.854 ms (854 us)
- Apply Delegate took 3.954 ms (3954 us)
- Allocate Tensor took 1.089 ms (1089 us)
- Load Input Image took 9.496 ms (9496 us)
- Preprocessing took 0.861 ms (861 us)
- Inference_0 took 1.642 ms (1642 us)
- Inference_1 took 1.788 ms (1788 us)
- Inference_2 took 1.67 ms (1670 us)
- Inference_3 took 1.751 ms (1751 us)
- Inference_4 took 1.691 ms (1691 us)
- Inference_5 took 2.081 ms (2081 us)
- Inference_6 took 1.981 ms (1981 us)
- Inference_7 took 2.116 ms (2116 us)
- Inference_8 took 1.935 ms (1935 us)
- Inference_9 took 1.88 ms (1880 us)
- Inference_10 took 1.677 ms (1677 us)
- Inference_11 took 1.611 ms (1611 us)
- Inference_12 took 1.589 ms (1589 us)
- Inference_13 took 1.566 ms (1566 us)
- Inference_14 took 1.644 ms (1644 us)
- Inference_15 took 1.651 ms (1651 us)
- Inference_16 took 1.945 ms (1945 us)
- Inference_17 took 2.249 ms (2249 us)
- Inference_18 took 1.734 ms (1734 us)
- Inference_19 took 1.66 ms (1660 us)
- Inference_20 took 1.614 ms (1614 us)
- Inference_21 took 1.686 ms (1686 us)
- Inference_22 took 1.703 ms (1703 us)
- Inference_23 took 1.674 ms (1674 us)
- Inference_24 took 1.609 ms (1609 us)
- Inference_25 took 1.669 ms (1669 us)
- Inference_26 took 1.714 ms (1714 us)
- Inference_27 took 1.68 ms (1680 us)
- Inference_28 took 1.684 ms (1684 us)
- Inference_29 took 1.594 ms (1594 us)
- Inference_30 took 1.627 ms (1627 us)
- Inference_31 took 1.658 ms (1658 us)
- Inference_32 took 1.664 ms (1664 us)
- Inference_33 took 1.677 ms (1677 us)
- Inference_34 took 1.697 ms (1697 us)
- Inference_35 took 1.754 ms (1754 us)
- Inference_36 took 1.658 ms (1658 us)
- Inference_37 took 1.635 ms (1635 us)
- Inference_38 took 1.693 ms (1693 us)
- Inference_39 took 1.667 ms (1667 us)
- Inference_40 took 1.605 ms (1605 us)
- Inference_41 took 1.681 ms (1681 us)
- Inference_42 took 1.635 ms (1635 us)
- Inference_43 took 1.618 ms (1618 us)
- Inference_44 took 1.676 ms (1676 us)
- Inference_45 took 1.691 ms (1691 us)
- Inference_46 took 1.77 ms (1770 us)
- Inference_47 took 1.764 ms (1764 us)
- Inference_48 took 1.726 ms (1726 us)
- Inference_49 took 1.833 ms (1833 us)
- Inference_50 took 1.689 ms (1689 us)
- Inference_51 took 1.69 ms (1690 us)
- Inference_52 took 1.645 ms (1645 us)
- Inference_53 took 1.662 ms (1662 us)
- Inference_54 took 1.775 ms (1775 us)
- Inference_55 took 1.777 ms (1777 us)
- Inference_56 took 1.683 ms (1683 us)
- Inference_57 took 1.657 ms (1657 us)
- Inference_58 took 1.646 ms (1646 us)
- Inference_59 took 1.769 ms (1769 us)
- Inference_60 took 1.744 ms (1744 us)
- Inference_61 took 1.759 ms (1759 us)
- Inference_62 took 1.695 ms (1695 us)
- Inference_63 took 1.663 ms (1663 us)
- Inference_64 took 1.69 ms (1690 us)
- Inference_65 took 1.666 ms (1666 us)
- Inference_66 took 1.611 ms (1611 us)
- Inference_67 took 1.603 ms (1603 us)
- Inference_68 took 1.619 ms (1619 us)
- Inference_69 took 1.69 ms (1690 us)
- Inference_70 took 1.697 ms (1697 us)
- Inference_71 took 1.777 ms (1777 us)
- Inference_72 took 1.694 ms (1694 us)
- Inference_73 took 1.718 ms (1718 us)
- Inference_74 took 1.727 ms (1727 us)
- Inference_75 took 1.646 ms (1646 us)
- Inference_76 took 1.639 ms (1639 us)
- Inference_77 took 1.636 ms (1636 us)
- Inference_78 took 1.635 ms (1635 us)
- Inference_79 took 1.61 ms (1610 us)
- Inference_80 took 1.63 ms (1630 us)
- Inference_81 took 1.696 ms (1696 us)
- Inference_82 took 1.691 ms (1691 us)
- Inference_83 took 1.67 ms (1670 us)
- Inference_84 took 1.679 ms (1679 us)
- Inference_85 took 1.639 ms (1639 us)
- Inference_86 took 1.669 ms (1669 us)
- Inference_87 took 1.728 ms (1728 us)
- Inference_88 took 1.669 ms (1669 us)
- Inference_89 took 1.644 ms (1644 us)
- Inference_90 took 1.688 ms (1688 us)
- Inference_91 took 1.661 ms (1661 us)
- Inference_92 took 1.675 ms (1675 us)
- Inference_93 took 1.674 ms (1674 us)
- Inference_94 took 1.655 ms (1655 us)
- Inference_95 took 1.657 ms (1657 us)
- Inference_96 took 1.761 ms (1761 us)
- Inference_97 took 1.656 ms (1656 us)
- Inference_98 took 1.665 ms (1665 us)
- Inference_99 took 1.707 ms (1707 us)
- Inference_100 took 1.673 ms (1673 us)
- Inference_101 took 1.7 ms (1700 us)
- Inference_102 took 1.691 ms (1691 us)
- Inference_103 took 1.709 ms (1709 us)
- Inference_104 took 1.728 ms (1728 us)
- Inference_105 took 1.69 ms (1690 us)
- Inference_106 took 1.726 ms (1726 us)
- Inference_107 took 1.703 ms (1703 us)
- Inference_108 took 1.691 ms (1691 us)
- Inference_109 took 1.667 ms (1667 us)
- Inference_110 took 1.686 ms (1686 us)
- Inference_111 took 1.671 ms (1671 us)
- Inference_112 took 1.691 ms (1691 us)
- Inference_113 took 1.721 ms (1721 us)
- Inference_114 took 1.692 ms (1692 us)
- Inference_115 took 1.669 ms (1669 us)
- Inference_116 took 1.69 ms (1690 us)
- Inference_117 took 1.711 ms (1711 us)
- Inference_118 took 1.688 ms (1688 us)
- Inference_119 took 1.674 ms (1674 us)
- Inference_120 took 1.688 ms (1688 us)
- Inference_121 took 1.611 ms (1611 us)
- Inference_122 took 1.706 ms (1706 us)
- Inference_123 took 1.66 ms (1660 us)
- Inference_124 took 1.625 ms (1625 us)
- Inference_125 took 1.678 ms (1678 us)
- Inference_126 took 1.667 ms (1667 us)
- Inference_127 took 1.676 ms (1676 us)
- Inference_128 took 1.725 ms (1725 us)
- Inference_129 took 1.676 ms (1676 us)
- Inference_130 took 1.71 ms (1710 us)
- Inference_131 took 1.691 ms (1691 us)
- Inference_132 took 1.666 ms (1666 us)
- Inference_133 took 1.675 ms (1675 us)
- Inference_134 took 1.669 ms (1669 us)
- Inference_135 took 1.668 ms (1668 us)
- Inference_136 took 1.673 ms (1673 us)
- Inference_137 took 1.67 ms (1670 us)
- Inference_138 took 1.635 ms (1635 us)
- Inference_139 took 1.651 ms (1651 us)
- Inference_140 took 1.715 ms (1715 us)
- Inference_141 took 1.721 ms (1721 us)
- Inference_142 took 1.67 ms (1670 us)
- Inference_143 took 1.745 ms (1745 us)
- Inference_144 took 1.84 ms (1840 us)
- Inference_145 took 1.663 ms (1663 us)
- Inference_146 took 1.703 ms (1703 us)
- Inference_147 took 1.697 ms (1697 us)
- Inference_148 took 1.671 ms (1671 us)
- Inference_149 took 1.607 ms (1607 us)
- Inference_150 took 1.638 ms (1638 us)
- Inference_151 took 1.687 ms (1687 us)
- Inference_152 took 1.737 ms (1737 us)
- Inference_153 took 1.757 ms (1757 us)
- Inference_154 took 1.641 ms (1641 us)
- Inference_155 took 1.629 ms (1629 us)
- Inference_156 took 1.641 ms (1641 us)
- Inference_157 took 1.62 ms (1620 us)
- Inference_158 took 1.759 ms (1759 us)
- Inference_159 took 1.684 ms (1684 us)
- Inference_160 took 1.646 ms (1646 us)
- Inference_161 took 1.688 ms (1688 us)
- Inference_162 took 2.562 ms (2562 us)
- Inference_163 took 3.196 ms (3196 us)
- Inference_164 took 2.631 ms (2631 us)
- Inference_165 took 2.365 ms (2365 us)
- Inference_166 took 2.588 ms (2588 us)
- Inference_167 took 2.607 ms (2607 us)
- Inference_168 took 2.503 ms (2503 us)
- Inference_169 took 2.607 ms (2607 us)
- Inference_170 took 2.557 ms (2557 us)
- Inference_171 took 2.619 ms (2619 us)
- Inference_172 took 2.625 ms (2625 us)
- Inference_173 took 2.555 ms (2555 us)
- Inference_174 took 2.536 ms (2536 us)
- Inference_175 took 2.559 ms (2559 us)
- Inference_176 took 2.132 ms (2132 us)
- Inference_177 took 1.722 ms (1722 us)
- Inference_178 took 1.657 ms (1657 us)
- Inference_179 took 1.839 ms (1839 us)
- Inference_180 took 2.426 ms (2426 us)
- Inference_181 took 2.489 ms (2489 us)
- Inference_182 took 2.538 ms (2538 us)
- Inference_183 took 2.049 ms (2049 us)
- Inference_184 took 1.545 ms (1545 us)
- Inference_185 took 1.543 ms (1543 us)
- Inference_186 took 1.393 ms (1393 us)
- Inference_187 took 1.494 ms (1494 us)
- Inference_188 took 1.484 ms (1484 us)
- Inference_189 took 1.61 ms (1610 us)
- Inference_190 took 1.723 ms (1723 us)
- Inference_191 took 1.753 ms (1753 us)
- Inference_192 took 1.719 ms (1719 us)
- Inference_193 took 1.826 ms (1826 us)
- Inference_194 took 1.944 ms (1944 us)
- Inference_195 took 1.82 ms (1820 us)
- Inference_196 took 1.647 ms (1647 us)
- Inference_197 took 1.695 ms (1695 us)
- Inference_198 took 1.677 ms (1677 us)
- Inference_199 took 1.931 ms (1931 us)
- Inference_200 took 2.128 ms (2128 us)
- Inference_201 took 1.899 ms (1899 us)
- Inference_202 took 1.745 ms (1745 us)
- Inference_203 took 1.709 ms (1709 us)
- Inference_204 took 1.682 ms (1682 us)
- Inference_205 took 1.656 ms (1656 us)
- Inference_206 took 1.668 ms (1668 us)
- Inference_207 took 1.777 ms (1777 us)
- Inference_208 took 1.926 ms (1926 us)
- Inference_209 took 2.074 ms (2074 us)
- Inference_210 took 2.093 ms (2093 us)
- Inference_211 took 1.84 ms (1840 us)
- Inference_212 took 1.671 ms (1671 us)
- Inference_213 took 1.656 ms (1656 us)
- Inference_214 took 1.811 ms (1811 us)
- Inference_215 took 1.612 ms (1612 us)
- Inference_216 took 1.619 ms (1619 us)
- Inference_217 took 1.895 ms (1895 us)
- Inference_218 took 2.415 ms (2415 us)
- Inference_219 took 1.996 ms (1996 us)
- Inference_220 took 1.776 ms (1776 us)
- Inference_221 took 1.676 ms (1676 us)
- Inference_222 took 1.642 ms (1642 us)
- Inference_223 took 1.65 ms (1650 us)
- Inference_224 took 1.756 ms (1756 us)
- Inference_225 took 1.65 ms (1650 us)
- Inference_226 took 1.823 ms (1823 us)
- Inference_227 took 2.19 ms (2190 us)
- Inference_228 took 1.946 ms (1946 us)
- Inference_229 took 1.764 ms (1764 us)
- Inference_230 took 1.754 ms (1754 us)
- Inference_231 took 1.758 ms (1758 us)
- Inference_232 took 1.766 ms (1766 us)
- Inference_233 took 1.8 ms (1800 us)
- Inference_234 took 1.83 ms (1830 us)
- Inference_235 took 2.163 ms (2163 us)
- Inference_236 took 2.423 ms (2423 us)
- Inference_237 took 2.024 ms (2024 us)
- Inference_238 took 1.744 ms (1744 us)
- Inference_239 took 1.592 ms (1592 us)
- Inference_240 took 1.68 ms (1680 us)
- Inference_241 took 1.736 ms (1736 us)
- Inference_242 took 1.771 ms (1771 us)
- Inference_243 took 1.965 ms (1965 us)
- Inference_244 took 2.423 ms (2423 us)
- Inference_245 took 2.221 ms (2221 us)
- Inference_246 took 2.499 ms (2499 us)
- Inference_247 took 1.818 ms (1818 us)
- Inference_248 took 1.585 ms (1585 us)
- Inference_249 took 1.647 ms (1647 us)
- Inference_250 took 1.573 ms (1573 us)
- Inference_251 took 1.63 ms (1630 us)
- Inference_252 took 1.839 ms (1839 us)
- Inference_253 took 1.919 ms (1919 us)
- Inference_254 took 2.101 ms (2101 us)
- Inference_255 took 1.692 ms (1692 us)
- Inference_256 took 1.71 ms (1710 us)
- Inference_257 took 1.643 ms (1643 us)
- Inference_258 took 1.625 ms (1625 us)
- Inference_259 took 1.63 ms (1630 us)
- Inference_260 took 1.633 ms (1633 us)
- Inference_261 took 1.798 ms (1798 us)
- Inference_262 took 2.181 ms (2181 us)
- Inference_263 took 2.308 ms (2308 us)
- Inference_264 took 1.785 ms (1785 us)
- Inference_265 took 1.626 ms (1626 us)
- Inference_266 took 1.664 ms (1664 us)
- Inference_267 took 1.646 ms (1646 us)
- Inference_268 took 1.687 ms (1687 us)
- Inference_269 took 1.658 ms (1658 us)
- Inference_270 took 1.843 ms (1843 us)
- Inference_271 took 1.907 ms (1907 us)
- Inference_272 took 1.954 ms (1954 us)
- Inference_273 took 1.886 ms (1886 us)
- Inference_274 took 1.768 ms (1768 us)
- Inference_275 took 1.796 ms (1796 us)
- Inference_276 took 1.725 ms (1725 us)
- Inference_277 took 1.674 ms (1674 us)
- Inference_278 took 1.696 ms (1696 us)
- Inference_279 took 1.972 ms (1972 us)
- Inference_280 took 2.402 ms (2402 us)
- Inference_281 took 1.855 ms (1855 us)
- Inference_282 took 1.749 ms (1749 us)
- Inference_283 took 1.675 ms (1675 us)
- Inference_284 took 1.717 ms (1717 us)
- Inference_285 took 1.698 ms (1698 us)
- Inference_286 took 1.708 ms (1708 us)
- Inference_287 took 1.786 ms (1786 us)
- Inference_288 took 2.1 ms (2100 us)
- Inference_289 took 2.159 ms (2159 us)
- Inference_290 took 1.63 ms (1630 us)
- Inference_291 took 1.719 ms (1719 us)
- Inference_292 took 1.657 ms (1657 us)
- Inference_293 took 1.612 ms (1612 us)
- Inference_294 took 1.591 ms (1591 us)
- Inference_295 took 1.657 ms (1657 us)
- Inference_296 took 1.818 ms (1818 us)
- Inference_297 took 2.116 ms (2116 us)
- Inference_298 took 2.239 ms (2239 us)
- Inference_299 took 1.783 ms (1783 us)
- Inference_300 took 1.728 ms (1728 us)
- Inference_301 took 1.681 ms (1681 us)
- Inference_302 took 1.748 ms (1748 us)
- Inference_303 took 1.671 ms (1671 us)
- Inference_304 took 1.651 ms (1651 us)
- Inference_305 took 1.835 ms (1835 us)
- Inference_306 took 2.027 ms (2027 us)
- Inference_307 took 2.145 ms (2145 us)
- Inference_308 took 1.699 ms (1699 us)
- Inference_309 took 1.653 ms (1653 us)
- Inference_310 took 1.641 ms (1641 us)
- Inference_311 took 1.76 ms (1760 us)
- Inference_312 took 1.737 ms (1737 us)
- Inference_313 took 1.755 ms (1755 us)
- Inference_314 took 2.018 ms (2018 us)
- Inference_315 took 2.102 ms (2102 us)
- Inference_316 took 1.932 ms (1932 us)
- Inference_317 took 1.95 ms (1950 us)
- Inference_318 took 1.896 ms (1896 us)
- Inference_319 took 1.719 ms (1719 us)
- Inference_320 took 1.64 ms (1640 us)
- Inference_321 took 1.693 ms (1693 us)
- Inference_322 took 1.647 ms (1647 us)
- Inference_323 took 2.137 ms (2137 us)
- Inference_324 took 2.315 ms (2315 us)
- Inference_325 took 2.259 ms (2259 us)
- Inference_326 took 2.197 ms (2197 us)
- Inference_327 took 1.733 ms (1733 us)
- Inference_328 took 1.616 ms (1616 us)
- Inference_329 took 1.594 ms (1594 us)
- Inference_330 took 1.558 ms (1558 us)
- Inference_331 took 1.704 ms (1704 us)
- Inference_332 took 2.276 ms (2276 us)
- Inference_333 took 2.591 ms (2591 us)
- Inference_334 took 1.789 ms (1789 us)
- Inference_335 took 1.632 ms (1632 us)
- Inference_336 took 1.542 ms (1542 us)
- Inference_337 took 1.593 ms (1593 us)
- Inference_338 took 1.657 ms (1657 us)
- Inference_339 took 1.629 ms (1629 us)
- Inference_340 took 1.893 ms (1893 us)
- Inference_341 took 1.984 ms (1984 us)
- Inference_342 took 2.104 ms (2104 us)
- Inference_343 took 2.054 ms (2054 us)
- Inference_344 took 1.574 ms (1574 us)
- Inference_345 took 1.669 ms (1669 us)
- Inference_346 took 1.626 ms (1626 us)
- Inference_347 took 1.608 ms (1608 us)
- Inference_348 took 1.673 ms (1673 us)
- Inference_349 took 1.694 ms (1694 us)
- Inference_350 took 1.964 ms (1964 us)
- Inference_351 took 1.948 ms (1948 us)
- Inference_352 took 2.191 ms (2191 us)
- Inference_353 took 1.77 ms (1770 us)
- Inference_354 took 1.68 ms (1680 us)
- Inference_355 took 1.68 ms (1680 us)
- Inference_356 took 1.69 ms (1690 us)
- Inference_357 took 1.7 ms (1700 us)
- Inference_358 took 1.727 ms (1727 us)
- Inference_359 took 1.979 ms (1979 us)
- Inference_360 took 1.958 ms (1958 us)
- Inference_361 took 2.128 ms (2128 us)
- Inference_362 took 1.885 ms (1885 us)
- Inference_363 took 1.675 ms (1675 us)
- Inference_364 took 1.638 ms (1638 us)
- Inference_365 took 1.621 ms (1621 us)
- Inference_366 took 1.725 ms (1725 us)
- Inference_367 took 1.821 ms (1821 us)
- Inference_368 took 2.134 ms (2134 us)
- Inference_369 took 2.113 ms (2113 us)
- Inference_370 took 2.083 ms (2083 us)
- Inference_371 took 1.697 ms (1697 us)
- Inference_372 took 1.601 ms (1601 us)
- Inference_373 took 1.574 ms (1574 us)
- Inference_374 took 1.657 ms (1657 us)
- Inference_375 took 1.692 ms (1692 us)
- Inference_376 took 1.708 ms (1708 us)
- Inference_377 took 1.874 ms (1874 us)
- Inference_378 took 1.881 ms (1881 us)
- Inference_379 took 1.831 ms (1831 us)
- Inference_380 took 2.277 ms (2277 us)
- Inference_381 took 2.211 ms (2211 us)
- Inference_382 took 1.74 ms (1740 us)
- Inference_383 took 1.622 ms (1622 us)
- Inference_384 took 1.783 ms (1783 us)
- Inference_385 took 1.789 ms (1789 us)
- Inference_386 took 1.918 ms (1918 us)
- Inference_387 took 1.983 ms (1983 us)
- Inference_388 took 1.901 ms (1901 us)
- Inference_389 took 1.757 ms (1757 us)
- Inference_390 took 1.626 ms (1626 us)
- Inference_391 took 1.657 ms (1657 us)
- Inference_392 took 1.586 ms (1586 us)
- Inference_393 took 1.663 ms (1663 us)
- Inference_394 took 1.803 ms (1803 us)
- Inference_395 took 1.995 ms (1995 us)
- Inference_396 took 2.021 ms (2021 us)
- Inference_397 took 1.734 ms (1734 us)
- Inference_398 took 1.727 ms (1727 us)
- Inference_399 took 1.775 ms (1775 us)
- Inference_400 took 1.737 ms (1737 us)
- Inference_401 took 1.793 ms (1793 us)
- Inference_402 took 1.72 ms (1720 us)
- Inference_403 took 2.034 ms (2034 us)
- Inference_404 took 1.947 ms (1947 us)
- Inference_405 took 1.904 ms (1904 us)
- Inference_406 took 1.651 ms (1651 us)
- Inference_407 took 1.776 ms (1776 us)
- Inference_408 took 1.757 ms (1757 us)
- Inference_409 took 1.742 ms (1742 us)
- Inference_410 took 1.763 ms (1763 us)
- Inference_411 took 1.711 ms (1711 us)
- Inference_412 took 1.98 ms (1980 us)
- Inference_413 took 2.4 ms (2400 us)
- Inference_414 took 2.133 ms (2133 us)
- Inference_415 took 2.068 ms (2068 us)
- Inference_416 took 1.875 ms (1875 us)
- Inference_417 took 1.992 ms (1992 us)
- Inference_418 took 1.964 ms (1964 us)
- Inference_419 took 2.373 ms (2373 us)
- Inference_420 took 2.164 ms (2164 us)
- Inference_421 took 2.445 ms (2445 us)
- Inference_422 took 2.027 ms (2027 us)
- Inference_423 took 1.699 ms (1699 us)
- Inference_424 took 1.721 ms (1721 us)
- Inference_425 took 1.713 ms (1713 us)
- Inference_426 took 1.677 ms (1677 us)
- Inference_427 took 1.703 ms (1703 us)
- Inference_428 took 1.887 ms (1887 us)
- Inference_429 took 2.432 ms (2432 us)
- Inference_430 took 2.187 ms (2187 us)
- Inference_431 took 1.786 ms (1786 us)
- Inference_432 took 1.522 ms (1522 us)
- Inference_433 took 1.672 ms (1672 us)
- Inference_434 took 1.569 ms (1569 us)
- Inference_435 took 1.7 ms (1700 us)
- Inference_436 took 2.008 ms (2008 us)
- Inference_437 took 2.136 ms (2136 us)
- Inference_438 took 2.415 ms (2415 us)
- Inference_439 took 2.126 ms (2126 us)
- Inference_440 took 1.644 ms (1644 us)
- Inference_441 took 1.683 ms (1683 us)
- Inference_442 took 1.623 ms (1623 us)
- Inference_443 took 1.73 ms (1730 us)
- Inference_444 took 1.646 ms (1646 us)
- Inference_445 took 1.849 ms (1849 us)
- Inference_446 took 2.442 ms (2442 us)
- Inference_447 took 1.91 ms (1910 us)
- Inference_448 took 1.678 ms (1678 us)
- Inference_449 took 1.587 ms (1587 us)
- Inference_450 took 1.625 ms (1625 us)
- Inference_451 took 1.63 ms (1630 us)
- Inference_452 took 1.639 ms (1639 us)
- Inference_453 took 1.652 ms (1652 us)
- Inference_454 took 1.734 ms (1734 us)
- Inference_455 took 1.817 ms (1817 us)
- Inference_456 took 2.105 ms (2105 us)
- Inference_457 took 1.844 ms (1844 us)
- Inference_458 took 1.724 ms (1724 us)
- Inference_459 took 1.709 ms (1709 us)
- Inference_460 took 1.71 ms (1710 us)
- Inference_461 took 1.696 ms (1696 us)
- Inference_462 took 1.637 ms (1637 us)
- Inference_463 took 1.816 ms (1816 us)
- Inference_464 took 1.897 ms (1897 us)
- Inference_465 took 2.058 ms (2058 us)
- Inference_466 took 1.741 ms (1741 us)
- Inference_467 took 1.682 ms (1682 us)
- Inference_468 took 1.632 ms (1632 us)
- Inference_469 took 1.694 ms (1694 us)
- Inference_470 took 1.651 ms (1651 us)
- Inference_471 took 1.691 ms (1691 us)
- Inference_472 took 1.757 ms (1757 us)
- Inference_473 took 1.916 ms (1916 us)
- Inference_474 took 2.522 ms (2522 us)
- Inference_475 took 1.798 ms (1798 us)
- Inference_476 took 1.654 ms (1654 us)
- Inference_477 took 1.635 ms (1635 us)
- Inference_478 took 1.631 ms (1631 us)
- Inference_479 took 1.631 ms (1631 us)
- Inference_480 took 1.694 ms (1694 us)
- Inference_481 took 1.707 ms (1707 us)
- Inference_482 took 2.575 ms (2575 us)
- Inference_483 took 2.018 ms (2018 us)
- Inference_484 took 1.661 ms (1661 us)
- Inference_485 took 1.478 ms (1478 us)
- Inference_486 took 1.585 ms (1585 us)
- Inference_487 took 1.48 ms (1480 us)
- Inference_488 took 1.533 ms (1533 us)
- Inference_489 took 1.529 ms (1529 us)
- Inference_490 took 1.561 ms (1561 us)
- Inference_491 took 1.986 ms (1986 us)
- Inference_492 took 2.249 ms (2249 us)
- Inference_493 took 2.367 ms (2367 us)
- Inference_494 took 1.646 ms (1646 us)
- Inference_495 took 1.538 ms (1538 us)
- Inference_496 took 1.477 ms (1477 us)
- Inference_497 took 1.415 ms (1415 us)
- Inference_498 took 1.396 ms (1396 us)
- Inference_499 took 1.381 ms (1381 us)
- Postprocessing took 0.006 ms (6 us)


[INFO] Generating Ops-level profiling (log)

INFO: Profiling Info for Benchmark Initialization:
============================== Run Order ==============================
	                             [node type]	  [first]	 [avg ms]	     [%]	  [cdf%]	  [mem KB]	[times called]	[Name]
	                 ModifyGraphWithDelegate	    3.923	    3.923	 78.319%	 78.319%	 18944.000	        1	ModifyGraphWithDelegate/0
	                         AllocateTensors	    1.086	    1.086	 21.681%	100.000%	  2560.000	        1	AllocateTensors/0

============================== Top by Computation Time ==============================
	                             [node type]	  [first]	 [avg ms]	     [%]	  [cdf%]	  [mem KB]	[times called]	[Name]
	                 ModifyGraphWithDelegate	    3.923	    3.923	 78.319%	 78.319%	 18944.000	        1	ModifyGraphWithDelegate/0
	                         AllocateTensors	    1.086	    1.086	 21.681%	100.000%	  2560.000	        1	AllocateTensors/0

Number of nodes executed: 2
============================== Summary by node type ==============================
	                             [Node type]	  [count]	  [avg ms]	    [avg %]	    [cdf %]	  [mem KB]	[times called]
	                 ModifyGraphWithDelegate	        1	     3.923	    78.319%	    78.319%	 18944.000	        1
	                         AllocateTensors	        1	     1.086	    21.681%	   100.000%	  2560.000	        1

Timings (microseconds): count=2 curr=5009(all same)
Memory (bytes): count=0
2 nodes observed



INFO: Operator-wise Profiling Info for Regular Benchmark Runs:
============================== Run Order ==============================
	                             [node type]	  [first]	 [avg ms]	     [%]	  [cdf%]	  [mem KB]	[times called]	[Name]
	           Convolution (NHWC, F32) IGEMM	    0.122	    0.138	  7.936%	  7.936%	     0.000	        1	Delegate/Convolution (NHWC, F32) IGEMM:0
	                          HardSwish (NC)	    0.011	    0.012	  0.668%	  8.604%	     0.000	        1	Delegate/HardSwish (NC):1
	          Convolution (NHWC, F32) DWConv	    0.022	    0.025	  1.438%	 10.042%	     0.000	        1	Delegate/Convolution (NHWC, F32) DWConv:2
	                         Sum (ND) Reduce	    0.002	    0.002	  0.115%	 10.157%	     0.000	        1	Delegate/Sum (ND) Reduce:3
	                           Multiply (ND)	    0.000	    0.000	  0.000%	 10.157%	     0.000	        1	Delegate/Multiply (ND):4
	                     Static Reshape (NC)	    0.000	    0.000	  0.000%	 10.157%	     0.000	        1	Delegate/Static Reshape (NC):5
	          Fully Connected (NC, F32) GEMM	    0.000	    0.000	  0.001%	 10.158%	     0.000	        1	Delegate/Fully Connected (NC, F32) GEMM:6
	          Fully Connected (NC, F32) GEMM	    0.000	    0.000	  0.000%	 10.158%	     0.000	        1	Delegate/Fully Connected (NC, F32) GEMM:7
	                           Multiply (ND)	    0.000	    0.000	  0.000%	 10.158%	     0.000	        1	Delegate/Multiply (ND):8
	                           Multiply (ND)	    0.005	    0.006	  0.329%	 10.487%	     0.000	        1	Delegate/Multiply (ND):9
	          Fully Connected (NC, F32) GEMM	    0.016	    0.019	  1.072%	 11.559%	     0.000	        1	Delegate/Fully Connected (NC, F32) GEMM:10
	          Fully Connected (NC, F32) GEMM	    0.119	    0.114	  6.569%	 18.128%	     0.000	        1	Delegate/Fully Connected (NC, F32) GEMM:11
	          Convolution (NHWC, F32) DWConv	    0.020	    0.021	  1.233%	 19.361%	     0.000	        1	Delegate/Convolution (NHWC, F32) DWConv:12
	          Fully Connected (NC, F32) GEMM	    0.036	    0.038	  2.158%	 21.519%	     0.000	        1	Delegate/Fully Connected (NC, F32) GEMM:13
	          Fully Connected (NC, F32) GEMM	    0.050	    0.052	  2.976%	 24.494%	     0.000	        1	Delegate/Fully Connected (NC, F32) GEMM:14
	          Convolution (NHWC, F32) DWConv	    0.021	    0.023	  1.336%	 25.830%	     0.000	        1	Delegate/Convolution (NHWC, F32) DWConv:15
	          Fully Connected (NC, F32) GEMM	    0.042	    0.046	  2.628%	 28.459%	     0.000	        1	Delegate/Fully Connected (NC, F32) GEMM:16
	                                Add (ND)	    0.001	    0.001	  0.068%	 28.527%	     0.000	        1	Delegate/Add (ND):17
	          Fully Connected (NC, F32) GEMM	    0.030	    0.034	  1.973%	 30.500%	     0.000	        1	Delegate/Fully Connected (NC, F32) GEMM:18
	                          HardSwish (NC)	    0.003	    0.004	  0.220%	 30.720%	     0.000	        1	Delegate/HardSwish (NC):19
	          Convolution (NHWC, F32) DWConv	    0.017	    0.019	  1.066%	 31.786%	     0.000	        1	Delegate/Convolution (NHWC, F32) DWConv:20
	                          HardSwish (NC)	    0.001	    0.001	  0.056%	 31.842%	     0.000	        1	Delegate/HardSwish (NC):21
	                         Sum (ND) Reduce	    0.000	    0.000	  0.008%	 31.851%	     0.000	        1	Delegate/Sum (ND) Reduce:22
	                           Multiply (ND)	    0.000	    0.000	  0.000%	 31.851%	     0.000	        1	Delegate/Multiply (ND):23
	                     Static Reshape (NC)	    0.000	    0.000	  0.000%	 31.851%	     0.000	        1	Delegate/Static Reshape (NC):24
	          Fully Connected (NC, F32) GEMM	    0.000	    0.000	  0.004%	 31.854%	     0.000	        1	Delegate/Fully Connected (NC, F32) GEMM:25
	          Fully Connected (NC, F32) GEMM	    0.000	    0.000	  0.000%	 31.854%	     0.000	        1	Delegate/Fully Connected (NC, F32) GEMM:26
	                           Multiply (ND)	    0.000	    0.000	  0.000%	 31.854%	     0.000	        1	Delegate/Multiply (ND):27
	                           Multiply (ND)	    0.001	    0.001	  0.058%	 31.913%	     0.000	        1	Delegate/Multiply (ND):28
	          Fully Connected (NC, F32) GEMM	    0.019	    0.021	  1.194%	 33.106%	     0.000	        1	Delegate/Fully Connected (NC, F32) GEMM:29
	          Fully Connected (NC, F32) GEMM	    0.035	    0.039	  2.232%	 35.338%	     0.000	        1	Delegate/Fully Connected (NC, F32) GEMM:30
	                          HardSwish (NC)	    0.002	    0.002	  0.124%	 35.463%	     0.000	        1	Delegate/HardSwish (NC):31
	          Convolution (NHWC, F32) DWConv	    0.041	    0.044	  2.532%	 37.994%	     0.000	        1	Delegate/Convolution (NHWC, F32) DWConv:32
	                          HardSwish (NC)	    0.002	    0.003	  0.145%	 38.140%	     0.000	        1	Delegate/HardSwish (NC):33
	                         Sum (ND) Reduce	    0.001	    0.001	  0.063%	 38.202%	     0.000	        1	Delegate/Sum (ND) Reduce:34
	                           Multiply (ND)	    0.000	    0.000	  0.001%	 38.203%	     0.000	        1	Delegate/Multiply (ND):35
	                     Static Reshape (NC)	    0.000	    0.000	  0.001%	 38.204%	     0.000	        1	Delegate/Static Reshape (NC):36
	          Fully Connected (NC, F32) GEMM	    0.001	    0.001	  0.062%	 38.266%	     0.000	        1	Delegate/Fully Connected (NC, F32) GEMM:37
	          Fully Connected (NC, F32) GEMM	    0.001	    0.001	  0.051%	 38.318%	     0.000	        1	Delegate/Fully Connected (NC, F32) GEMM:38
	                           Multiply (ND)	    0.000	    0.000	  0.000%	 38.318%	     0.000	        1	Delegate/Multiply (ND):39
	                           Multiply (ND)	    0.003	    0.003	  0.177%	 38.495%	     0.000	        1	Delegate/Multiply (ND):40
	          Fully Connected (NC, F32) GEMM	    0.049	    0.052	  2.966%	 41.461%	     0.000	        1	Delegate/Fully Connected (NC, F32) GEMM:41
	                                Add (ND)	    0.000	    0.000	  0.009%	 41.470%	     0.000	        1	Delegate/Add (ND):42
	          Fully Connected (NC, F32) GEMM	    0.035	    0.040	  2.278%	 43.747%	     0.000	        1	Delegate/Fully Connected (NC, F32) GEMM:43
	                          HardSwish (NC)	    0.002	    0.002	  0.131%	 43.878%	     0.000	        1	Delegate/HardSwish (NC):44
	          Convolution (NHWC, F32) DWConv	    0.041	    0.044	  2.545%	 46.423%	     0.000	        1	Delegate/Convolution (NHWC, F32) DWConv:45
	                          HardSwish (NC)	    0.002	    0.002	  0.138%	 46.561%	     0.000	        1	Delegate/HardSwish (NC):46
	                         Sum (ND) Reduce	    0.001	    0.001	  0.065%	 46.625%	     0.000	        1	Delegate/Sum (ND) Reduce:47
	                           Multiply (ND)	    0.000	    0.000	  0.000%	 46.626%	     0.000	        1	Delegate/Multiply (ND):48
	                     Static Reshape (NC)	    0.000	    0.000	  0.000%	 46.626%	     0.000	        1	Delegate/Static Reshape (NC):49
	          Fully Connected (NC, F32) GEMM	    0.001	    0.001	  0.053%	 46.679%	     0.000	        1	Delegate/Fully Connected (NC, F32) GEMM:50
	          Fully Connected (NC, F32) GEMM	    0.000	    0.001	  0.046%	 46.725%	     0.000	        1	Delegate/Fully Connected (NC, F32) GEMM:51
	                           Multiply (ND)	    0.000	    0.000	  0.001%	 46.725%	     0.000	        1	Delegate/Multiply (ND):52
	                           Multiply (ND)	    0.003	    0.003	  0.171%	 46.896%	     0.000	        1	Delegate/Multiply (ND):53
	          Fully Connected (NC, F32) GEMM	    0.047	    0.051	  2.936%	 49.832%	     0.000	        1	Delegate/Fully Connected (NC, F32) GEMM:54
	                                Add (ND)	    0.000	    0.000	  0.003%	 49.835%	     0.000	        1	Delegate/Add (ND):55
	          Fully Connected (NC, F32) GEMM	    0.025	    0.027	  1.552%	 51.387%	     0.000	        1	Delegate/Fully Connected (NC, F32) GEMM:56
	                          HardSwish (NC)	    0.001	    0.001	  0.058%	 51.445%	     0.000	        1	Delegate/HardSwish (NC):57
	          Convolution (NHWC, F32) DWConv	    0.021	    0.022	  1.289%	 52.734%	     0.000	        1	Delegate/Convolution (NHWC, F32) DWConv:58
	                          HardSwish (NC)	    0.001	    0.001	  0.062%	 52.796%	     0.000	        1	Delegate/HardSwish (NC):59
	                         Sum (ND) Reduce	    0.000	    0.000	  0.003%	 52.799%	     0.000	        1	Delegate/Sum (ND) Reduce:60
	                           Multiply (ND)	    0.000	    0.000	  0.000%	 52.800%	     0.000	        1	Delegate/Multiply (ND):61
	                     Static Reshape (NC)	    0.000	    0.000	  0.002%	 52.801%	     0.000	        1	Delegate/Static Reshape (NC):62
	          Fully Connected (NC, F32) GEMM	    0.000	    0.000	  0.011%	 52.812%	     0.000	        1	Delegate/Fully Connected (NC, F32) GEMM:63
	          Fully Connected (NC, F32) GEMM	    0.000	    0.000	  0.002%	 52.814%	     0.000	        1	Delegate/Fully Connected (NC, F32) GEMM:64
	                           Multiply (ND)	    0.000	    0.000	  0.000%	 52.814%	     0.000	        1	Delegate/Multiply (ND):65
	                           Multiply (ND)	    0.002	    0.002	  0.119%	 52.932%	     0.000	        1	Delegate/Multiply (ND):66
	          Fully Connected (NC, F32) GEMM	    0.025	    0.028	  1.613%	 54.545%	     0.000	        1	Delegate/Fully Connected (NC, F32) GEMM:67
	          Fully Connected (NC, F32) GEMM	    0.026	    0.029	  1.645%	 56.190%	     0.000	        1	Delegate/Fully Connected (NC, F32) GEMM:68
	                          HardSwish (NC)	    0.001	    0.001	  0.062%	 56.253%	     0.000	        1	Delegate/HardSwish (NC):69
	          Convolution (NHWC, F32) DWConv	    0.023	    0.025	  1.446%	 57.699%	     0.000	        1	Delegate/Convolution (NHWC, F32) DWConv:70
	                          HardSwish (NC)	    0.001	    0.001	  0.070%	 57.769%	     0.000	        1	Delegate/HardSwish (NC):71
	                         Sum (ND) Reduce	    0.000	    0.000	  0.008%	 57.776%	     0.000	        1	Delegate/Sum (ND) Reduce:72
	                           Multiply (ND)	    0.000	    0.000	  0.000%	 57.776%	     0.000	        1	Delegate/Multiply (ND):73
	                     Static Reshape (NC)	    0.000	    0.000	  0.000%	 57.777%	     0.000	        1	Delegate/Static Reshape (NC):74
	          Fully Connected (NC, F32) GEMM	    0.000	    0.000	  0.013%	 57.789%	     0.000	        1	Delegate/Fully Connected (NC, F32) GEMM:75
	          Fully Connected (NC, F32) GEMM	    0.000	    0.000	  0.005%	 57.794%	     0.000	        1	Delegate/Fully Connected (NC, F32) GEMM:76
	                           Multiply (ND)	    0.000	    0.000	  0.000%	 57.794%	     0.000	        1	Delegate/Multiply (ND):77
	                           Multiply (ND)	    0.001	    0.001	  0.072%	 57.866%	     0.000	        1	Delegate/Multiply (ND):78
	          Fully Connected (NC, F32) GEMM	    0.031	    0.035	  1.981%	 59.847%	     0.000	        1	Delegate/Fully Connected (NC, F32) GEMM:79
	                                Add (ND)	    0.000	    0.000	  0.001%	 59.849%	     0.000	        1	Delegate/Add (ND):80
	          Fully Connected (NC, F32) GEMM	    0.058	    0.062	  3.565%	 63.414%	     0.000	        1	Delegate/Fully Connected (NC, F32) GEMM:81
	                          HardSwish (NC)	    0.002	    0.003	  0.150%	 63.564%	     0.000	        1	Delegate/HardSwish (NC):82
	          Convolution (NHWC, F32) DWConv	    0.013	    0.014	  0.818%	 64.382%	     0.000	        1	Delegate/Convolution (NHWC, F32) DWConv:83
	                          HardSwish (NC)	    0.000	    0.000	  0.011%	 64.393%	     0.000	        1	Delegate/HardSwish (NC):84
	                         Sum (ND) Reduce	    0.000	    0.000	  0.001%	 64.394%	     0.000	        1	Delegate/Sum (ND) Reduce:85
	                           Multiply (ND)	    0.000	    0.000	  0.000%	 64.394%	     0.000	        1	Delegate/Multiply (ND):86
	                     Static Reshape (NC)	    0.000	    0.000	  0.000%	 64.394%	     0.000	        1	Delegate/Static Reshape (NC):87
	          Fully Connected (NC, F32) GEMM	    0.001	    0.002	  0.098%	 64.492%	     0.000	        1	Delegate/Fully Connected (NC, F32) GEMM:88
	          Fully Connected (NC, F32) GEMM	    0.001	    0.001	  0.077%	 64.570%	     0.000	        1	Delegate/Fully Connected (NC, F32) GEMM:89
	                           Multiply (ND)	    0.000	    0.000	  0.000%	 64.570%	     0.000	        1	Delegate/Multiply (ND):90
	                           Multiply (ND)	    0.000	    0.000	  0.012%	 64.582%	     0.000	        1	Delegate/Multiply (ND):91
	          Fully Connected (NC, F32) GEMM	    0.034	    0.038	  2.205%	 66.787%	     0.000	        1	Delegate/Fully Connected (NC, F32) GEMM:92
	          Fully Connected (NC, F32) GEMM	    0.062	    0.070	  4.011%	 70.798%	     0.000	        1	Delegate/Fully Connected (NC, F32) GEMM:93
	                          HardSwish (NC)	    0.001	    0.001	  0.065%	 70.862%	     0.000	        1	Delegate/HardSwish (NC):94
	          Convolution (NHWC, F32) DWConv	    0.025	    0.027	  1.555%	 72.417%	     0.000	        1	Delegate/Convolution (NHWC, F32) DWConv:95
	                          HardSwish (NC)	    0.001	    0.001	  0.073%	 72.490%	     0.000	        1	Delegate/HardSwish (NC):96
	                         Sum (ND) Reduce	    0.000	    0.000	  0.008%	 72.498%	     0.000	        1	Delegate/Sum (ND) Reduce:97
	                           Multiply (ND)	    0.000	    0.000	  0.000%	 72.498%	     0.000	        1	Delegate/Multiply (ND):98
	                     Static Reshape (NC)	    0.000	    0.000	  0.000%	 72.498%	     0.000	        1	Delegate/Static Reshape (NC):99
	          Fully Connected (NC, F32) GEMM	    0.004	    0.006	  0.366%	 72.864%	     0.000	        1	Delegate/Fully Connected (NC, F32) GEMM:100
	          Fully Connected (NC, F32) GEMM	    0.007	    0.006	  0.352%	 73.216%	     0.000	        1	Delegate/Fully Connected (NC, F32) GEMM:101
	                           Multiply (ND)	    0.000	    0.000	  0.000%	 73.216%	     0.000	        1	Delegate/Multiply (ND):102
	                           Multiply (ND)	    0.001	    0.001	  0.076%	 73.292%	     0.000	        1	Delegate/Multiply (ND):103
	          Fully Connected (NC, F32) GEMM	    0.070	    0.077	  4.428%	 77.720%	     0.000	        1	Delegate/Fully Connected (NC, F32) GEMM:104
	                                Add (ND)	    0.000	    0.000	  0.006%	 77.726%	     0.000	        1	Delegate/Add (ND):105
	          Fully Connected (NC, F32) GEMM	    0.066	    0.070	  4.002%	 81.728%	     0.000	        1	Delegate/Fully Connected (NC, F32) GEMM:106
	                          HardSwish (NC)	    0.002	    0.001	  0.065%	 81.792%	     0.000	        1	Delegate/HardSwish (NC):107
	          Convolution (NHWC, F32) DWConv	    0.032	    0.028	  1.616%	 83.408%	     0.000	        1	Delegate/Convolution (NHWC, F32) DWConv:108
	                          HardSwish (NC)	    0.001	    0.001	  0.068%	 83.476%	     0.000	        1	Delegate/HardSwish (NC):109
	                         Sum (ND) Reduce	    0.001	    0.000	  0.010%	 83.486%	     0.000	        1	Delegate/Sum (ND) Reduce:110
	                           Multiply (ND)	    0.000	    0.000	  0.003%	 83.490%	     0.000	        1	Delegate/Multiply (ND):111
	                     Static Reshape (NC)	    0.000	    0.000	  0.000%	 83.490%	     0.000	        1	Delegate/Static Reshape (NC):112
	          Fully Connected (NC, F32) GEMM	    0.004	    0.006	  0.355%	 83.844%	     0.000	        1	Delegate/Fully Connected (NC, F32) GEMM:113
	          Fully Connected (NC, F32) GEMM	    0.004	    0.006	  0.354%	 84.198%	     0.000	        1	Delegate/Fully Connected (NC, F32) GEMM:114
	                           Multiply (ND)	    0.000	    0.000	  0.000%	 84.198%	     0.000	        1	Delegate/Multiply (ND):115
	                           Multiply (ND)	    0.001	    0.001	  0.080%	 84.277%	     0.000	        1	Delegate/Multiply (ND):116
	          Fully Connected (NC, F32) GEMM	    0.069	    0.077	  4.428%	 88.705%	     0.000	        1	Delegate/Fully Connected (NC, F32) GEMM:117
	                                Add (ND)	    0.000	    0.000	  0.005%	 88.711%	     0.000	        1	Delegate/Add (ND):118
	          Fully Connected (NC, F32) GEMM	    0.061	    0.069	  3.988%	 92.699%	     0.000	        1	Delegate/Fully Connected (NC, F32) GEMM:119
	                          HardSwish (NC)	    0.001	    0.001	  0.067%	 92.766%	     0.000	        1	Delegate/HardSwish (NC):120
	                         Sum (ND) Reduce	    0.000	    0.000	  0.023%	 92.789%	     0.000	        1	Delegate/Sum (ND) Reduce:121
	                           Multiply (ND)	    0.000	    0.000	  0.001%	 92.790%	     0.000	        1	Delegate/Multiply (ND):122
	                     Static Reshape (NC)	    0.000	    0.000	  0.000%	 92.790%	     0.000	        1	Delegate/Static Reshape (NC):123
	          Fully Connected (NC, F32) GEMM	    0.034	    0.046	  2.623%	 95.412%	     0.000	        1	Delegate/Fully Connected (NC, F32) GEMM:124
	                          HardSwish (NC)	    0.000	    0.000	  0.000%	 95.413%	     0.000	        1	Delegate/HardSwish (NC):125
	                     Static Reshape (NC)	    0.000	    0.000	  0.000%	 95.413%	     0.000	        1	Delegate/Static Reshape (NC):126
	          Fully Connected (NC, F32) GEMM	    0.057	    0.080	  4.587%	100.000%	     0.000	        1	Delegate/Fully Connected (NC, F32) GEMM:127

============================== Top by Computation Time ==============================
	                             [node type]	  [first]	 [avg ms]	     [%]	  [cdf%]	  [mem KB]	[times called]	[Name]
	           Convolution (NHWC, F32) IGEMM	    0.122	    0.138	  7.936%	  7.936%	     0.000	        1	Delegate/Convolution (NHWC, F32) IGEMM:0
	          Fully Connected (NC, F32) GEMM	    0.119	    0.114	  6.569%	 14.504%	     0.000	        1	Delegate/Fully Connected (NC, F32) GEMM:11
	          Fully Connected (NC, F32) GEMM	    0.057	    0.080	  4.587%	 19.092%	     0.000	        1	Delegate/Fully Connected (NC, F32) GEMM:127
	          Fully Connected (NC, F32) GEMM	    0.070	    0.077	  4.428%	 23.520%	     0.000	        1	Delegate/Fully Connected (NC, F32) GEMM:104
	          Fully Connected (NC, F32) GEMM	    0.069	    0.077	  4.428%	 27.948%	     0.000	        1	Delegate/Fully Connected (NC, F32) GEMM:117
	          Fully Connected (NC, F32) GEMM	    0.062	    0.070	  4.011%	 31.958%	     0.000	        1	Delegate/Fully Connected (NC, F32) GEMM:93
	          Fully Connected (NC, F32) GEMM	    0.066	    0.070	  4.002%	 35.960%	     0.000	        1	Delegate/Fully Connected (NC, F32) GEMM:106
	          Fully Connected (NC, F32) GEMM	    0.061	    0.069	  3.988%	 39.948%	     0.000	        1	Delegate/Fully Connected (NC, F32) GEMM:119
	          Fully Connected (NC, F32) GEMM	    0.058	    0.062	  3.565%	 43.513%	     0.000	        1	Delegate/Fully Connected (NC, F32) GEMM:81
	          Fully Connected (NC, F32) GEMM	    0.050	    0.052	  2.976%	 46.489%	     0.000	        1	Delegate/Fully Connected (NC, F32) GEMM:14

Number of nodes executed: 128
============================== Summary by node type ==============================
	                             [Node type]	  [count]	  [avg ms]	    [avg %]	    [cdf %]	  [mem KB]	[times called]
	          Fully Connected (NC, F32) GEMM	       42	     1.227	    71.754%	    71.754%	     0.000	       42
	          Convolution (NHWC, F32) DWConv	       11	     0.291	    17.018%	    88.772%	     0.000	       11
	           Convolution (NHWC, F32) IGEMM	        1	     0.138	     8.070%	    96.842%	     0.000	        1
	                          HardSwish (NC)	       19	     0.033	     1.930%	    98.772%	     0.000	       19
	                           Multiply (ND)	       28	     0.016	     0.936%	    99.708%	     0.000	       28
	                         Sum (ND) Reduce	       10	     0.004	     0.234%	    99.942%	     0.000	       10
	                                Add (ND)	        6	     0.001	     0.058%	   100.000%	     0.000	        6
	                     Static Reshape (NC)	       11	     0.000	     0.000%	   100.000%	     0.000	       11

Timings (microseconds): count=500 first=1576 curr=1326 min=1326 max=3126 avg=1742.38 std=248
Memory (bytes): count=0
128 nodes observed



