Running main profile with model ./models/mobilenetv3_small.tflite and image ./images/dog.jpg (threads: 1, delegate: xnnpack, warmup: 100, profiling: 500)

====== main_cpu with profiling ====
[INFO] Model path: ./models/mobilenetv3_small.tflite
[INFO] Image path: ./images/dog.jpg
[INFO] Label path: ./labels.json
[INFO] Profiling result path: ./log/output_main_profile_mobilenetv3_small_xnnpack_1threads.csv
[INFO] Profiling enabled: YES
[INFO] Number of threads: 1
[INFO] Delegate type: xnnpack
[INFO] Warmup runs: 100
[INFO] Profiling runs: 500
[INFO] Model type detected: FP32
[INFO] Initializing profiler...
[INFO] Loading model from: ./models/mobilenetv3_small.tflite
[INFO] Model signature keys:The Model contains 1 signature key(s).They are listed below: -> Signature Key: serving_default
INFO: Created TensorFlow Lite XNNPACK delegate for CPU.
[INFO] XNNPACK delegate applied successfully (threads: 1)

[INFO] Model Summary 
📥 Input tensor count  : 1
📤 Output tensor count : 1
📦 Total tensor count  : 256
🔧 Node (op) count     : 133
🧩 Delegate applied    : Yes ✅

[INFO] Shape of input_tensor: [1, 224, 224, 3]
[INFO] Processing FP32 input path

[INFO] Running 100 warm-up iterations...
[INFO] warm-up completed

[INFO] Running 500 run and profile iterations...
[INFO] run and profile completed

[INFO] Shape of output_tensor: [1, 1000]
[INFO] Processing FP32 output path

[INFO] Top 5 predictions:
- Class 207 (golden_retriever): 0.790361
- Class 208 (Labrador_retriever): 0.0509196
- Class 244 (Tibetan_mastiff): 0.0145071
- Class 257 (Great_Pyrenees): 0.0122607
- Class 219 (cocker_spaniel): 0.0110343

[INFO] Elapsed time summary
- Load Model took 0.024 ms (24 us)
- Build Interpreter took 0.754 ms (754 us)
- Apply Delegate took 4.624 ms (4624 us)
- Allocate Tensor took 1.234 ms (1234 us)
- Load Input Image took 6.738 ms (6738 us)
- Preprocessing took 0.895 ms (895 us)
- Inference_0 took 1.752 ms (1752 us)
- Inference_1 took 1.723 ms (1723 us)
- Inference_2 took 1.682 ms (1682 us)
- Inference_3 took 1.864 ms (1864 us)
- Inference_4 took 1.895 ms (1895 us)
- Inference_5 took 2.122 ms (2122 us)
- Inference_6 took 2.54 ms (2540 us)
- Inference_7 took 2.394 ms (2394 us)
- Inference_8 took 2.138 ms (2138 us)
- Inference_9 took 1.719 ms (1719 us)
- Inference_10 took 1.575 ms (1575 us)
- Inference_11 took 1.567 ms (1567 us)
- Inference_12 took 1.672 ms (1672 us)
- Inference_13 took 1.515 ms (1515 us)
- Inference_14 took 1.586 ms (1586 us)
- Inference_15 took 1.732 ms (1732 us)
- Inference_16 took 1.752 ms (1752 us)
- Inference_17 took 1.641 ms (1641 us)
- Inference_18 took 1.607 ms (1607 us)
- Inference_19 took 1.62 ms (1620 us)
- Inference_20 took 1.719 ms (1719 us)
- Inference_21 took 1.682 ms (1682 us)
- Inference_22 took 1.619 ms (1619 us)
- Inference_23 took 1.624 ms (1624 us)
- Inference_24 took 1.71 ms (1710 us)
- Inference_25 took 1.959 ms (1959 us)
- Inference_26 took 1.65 ms (1650 us)
- Inference_27 took 1.659 ms (1659 us)
- Inference_28 took 1.71 ms (1710 us)
- Inference_29 took 1.711 ms (1711 us)
- Inference_30 took 1.711 ms (1711 us)
- Inference_31 took 1.675 ms (1675 us)
- Inference_32 took 1.679 ms (1679 us)
- Inference_33 took 1.714 ms (1714 us)
- Inference_34 took 1.705 ms (1705 us)
- Inference_35 took 1.709 ms (1709 us)
- Inference_36 took 1.691 ms (1691 us)
- Inference_37 took 1.672 ms (1672 us)
- Inference_38 took 1.623 ms (1623 us)
- Inference_39 took 1.631 ms (1631 us)
- Inference_40 took 1.693 ms (1693 us)
- Inference_41 took 1.665 ms (1665 us)
- Inference_42 took 1.627 ms (1627 us)
- Inference_43 took 1.646 ms (1646 us)
- Inference_44 took 1.676 ms (1676 us)
- Inference_45 took 1.752 ms (1752 us)
- Inference_46 took 1.668 ms (1668 us)
- Inference_47 took 1.664 ms (1664 us)
- Inference_48 took 1.656 ms (1656 us)
- Inference_49 took 1.717 ms (1717 us)
- Inference_50 took 1.699 ms (1699 us)
- Inference_51 took 1.663 ms (1663 us)
- Inference_52 took 1.671 ms (1671 us)
- Inference_53 took 1.668 ms (1668 us)
- Inference_54 took 1.667 ms (1667 us)
- Inference_55 took 1.651 ms (1651 us)
- Inference_56 took 1.632 ms (1632 us)
- Inference_57 took 1.733 ms (1733 us)
- Inference_58 took 1.663 ms (1663 us)
- Inference_59 took 1.635 ms (1635 us)
- Inference_60 took 1.678 ms (1678 us)
- Inference_61 took 1.648 ms (1648 us)
- Inference_62 took 1.739 ms (1739 us)
- Inference_63 took 1.649 ms (1649 us)
- Inference_64 took 1.665 ms (1665 us)
- Inference_65 took 1.733 ms (1733 us)
- Inference_66 took 1.688 ms (1688 us)
- Inference_67 took 1.656 ms (1656 us)
- Inference_68 took 1.657 ms (1657 us)
- Inference_69 took 1.74 ms (1740 us)
- Inference_70 took 1.739 ms (1739 us)
- Inference_71 took 1.739 ms (1739 us)
- Inference_72 took 1.793 ms (1793 us)
- Inference_73 took 1.674 ms (1674 us)
- Inference_74 took 1.734 ms (1734 us)
- Inference_75 took 1.862 ms (1862 us)
- Inference_76 took 1.641 ms (1641 us)
- Inference_77 took 1.696 ms (1696 us)
- Inference_78 took 1.708 ms (1708 us)
- Inference_79 took 1.636 ms (1636 us)
- Inference_80 took 1.635 ms (1635 us)
- Inference_81 took 1.689 ms (1689 us)
- Inference_82 took 1.751 ms (1751 us)
- Inference_83 took 1.707 ms (1707 us)
- Inference_84 took 1.689 ms (1689 us)
- Inference_85 took 1.674 ms (1674 us)
- Inference_86 took 1.669 ms (1669 us)
- Inference_87 took 1.629 ms (1629 us)
- Inference_88 took 1.623 ms (1623 us)
- Inference_89 took 1.707 ms (1707 us)
- Inference_90 took 1.728 ms (1728 us)
- Inference_91 took 1.706 ms (1706 us)
- Inference_92 took 1.768 ms (1768 us)
- Inference_93 took 1.657 ms (1657 us)
- Inference_94 took 1.655 ms (1655 us)
- Inference_95 took 1.666 ms (1666 us)
- Inference_96 took 1.678 ms (1678 us)
- Inference_97 took 1.741 ms (1741 us)
- Inference_98 took 1.685 ms (1685 us)
- Inference_99 took 1.706 ms (1706 us)
- Inference_100 took 1.689 ms (1689 us)
- Inference_101 took 1.645 ms (1645 us)
- Inference_102 took 1.731 ms (1731 us)
- Inference_103 took 1.701 ms (1701 us)
- Inference_104 took 1.664 ms (1664 us)
- Inference_105 took 1.694 ms (1694 us)
- Inference_106 took 1.693 ms (1693 us)
- Inference_107 took 1.672 ms (1672 us)
- Inference_108 took 1.693 ms (1693 us)
- Inference_109 took 1.661 ms (1661 us)
- Inference_110 took 1.659 ms (1659 us)
- Inference_111 took 1.639 ms (1639 us)
- Inference_112 took 1.682 ms (1682 us)
- Inference_113 took 1.68 ms (1680 us)
- Inference_114 took 1.676 ms (1676 us)
- Inference_115 took 1.628 ms (1628 us)
- Inference_116 took 1.63 ms (1630 us)
- Inference_117 took 1.641 ms (1641 us)
- Inference_118 took 1.688 ms (1688 us)
- Inference_119 took 1.732 ms (1732 us)
- Inference_120 took 1.706 ms (1706 us)
- Inference_121 took 1.751 ms (1751 us)
- Inference_122 took 1.655 ms (1655 us)
- Inference_123 took 1.711 ms (1711 us)
- Inference_124 took 1.695 ms (1695 us)
- Inference_125 took 1.765 ms (1765 us)
- Inference_126 took 1.654 ms (1654 us)
- Inference_127 took 1.689 ms (1689 us)
- Inference_128 took 1.805 ms (1805 us)
- Inference_129 took 1.664 ms (1664 us)
- Inference_130 took 1.678 ms (1678 us)
- Inference_131 took 1.712 ms (1712 us)
- Inference_132 took 1.887 ms (1887 us)
- Inference_133 took 1.757 ms (1757 us)
- Inference_134 took 1.786 ms (1786 us)
- Inference_135 took 1.749 ms (1749 us)
- Inference_136 took 1.993 ms (1993 us)
- Inference_137 took 1.848 ms (1848 us)
- Inference_138 took 1.813 ms (1813 us)
- Inference_139 took 1.734 ms (1734 us)
- Inference_140 took 1.749 ms (1749 us)
- Inference_141 took 1.672 ms (1672 us)
- Inference_142 took 1.681 ms (1681 us)
- Inference_143 took 1.675 ms (1675 us)
- Inference_144 took 1.764 ms (1764 us)
- Inference_145 took 1.697 ms (1697 us)
- Inference_146 took 1.651 ms (1651 us)
- Inference_147 took 1.737 ms (1737 us)
- Inference_148 took 1.701 ms (1701 us)
- Inference_149 took 1.702 ms (1702 us)
- Inference_150 took 1.758 ms (1758 us)
- Inference_151 took 1.645 ms (1645 us)
- Inference_152 took 1.711 ms (1711 us)
- Inference_153 took 1.665 ms (1665 us)
- Inference_154 took 1.759 ms (1759 us)
- Inference_155 took 1.718 ms (1718 us)
- Inference_156 took 1.633 ms (1633 us)
- Inference_157 took 1.639 ms (1639 us)
- Inference_158 took 1.641 ms (1641 us)
- Inference_159 took 1.762 ms (1762 us)
- Inference_160 took 1.812 ms (1812 us)
- Inference_161 took 1.668 ms (1668 us)
- Inference_162 took 1.734 ms (1734 us)
- Inference_163 took 1.666 ms (1666 us)
- Inference_164 took 1.688 ms (1688 us)
- Inference_165 took 1.643 ms (1643 us)
- Inference_166 took 1.634 ms (1634 us)
- Inference_167 took 1.752 ms (1752 us)
- Inference_168 took 1.753 ms (1753 us)
- Inference_169 took 1.723 ms (1723 us)
- Inference_170 took 1.656 ms (1656 us)
- Inference_171 took 1.668 ms (1668 us)
- Inference_172 took 1.695 ms (1695 us)
- Inference_173 took 1.621 ms (1621 us)
- Inference_174 took 1.758 ms (1758 us)
- Inference_175 took 1.657 ms (1657 us)
- Inference_176 took 1.718 ms (1718 us)
- Inference_177 took 1.711 ms (1711 us)
- Inference_178 took 1.685 ms (1685 us)
- Inference_179 took 1.688 ms (1688 us)
- Inference_180 took 1.699 ms (1699 us)
- Inference_181 took 1.622 ms (1622 us)
- Inference_182 took 1.674 ms (1674 us)
- Inference_183 took 1.651 ms (1651 us)
- Inference_184 took 1.641 ms (1641 us)
- Inference_185 took 1.687 ms (1687 us)
- Inference_186 took 1.732 ms (1732 us)
- Inference_187 took 1.698 ms (1698 us)
- Inference_188 took 1.711 ms (1711 us)
- Inference_189 took 1.659 ms (1659 us)
- Inference_190 took 1.725 ms (1725 us)
- Inference_191 took 1.631 ms (1631 us)
- Inference_192 took 1.732 ms (1732 us)
- Inference_193 took 1.671 ms (1671 us)
- Inference_194 took 1.631 ms (1631 us)
- Inference_195 took 1.675 ms (1675 us)
- Inference_196 took 1.685 ms (1685 us)
- Inference_197 took 1.627 ms (1627 us)
- Inference_198 took 1.661 ms (1661 us)
- Inference_199 took 1.802 ms (1802 us)
- Inference_200 took 1.654 ms (1654 us)
- Inference_201 took 1.653 ms (1653 us)
- Inference_202 took 1.711 ms (1711 us)
- Inference_203 took 1.833 ms (1833 us)
- Inference_204 took 1.903 ms (1903 us)
- Inference_205 took 1.883 ms (1883 us)
- Inference_206 took 2.219 ms (2219 us)
- Inference_207 took 1.827 ms (1827 us)
- Inference_208 took 1.781 ms (1781 us)
- Inference_209 took 1.649 ms (1649 us)
- Inference_210 took 1.783 ms (1783 us)
- Inference_211 took 1.749 ms (1749 us)
- Inference_212 took 1.679 ms (1679 us)
- Inference_213 took 1.62 ms (1620 us)
- Inference_214 took 1.905 ms (1905 us)
- Inference_215 took 1.718 ms (1718 us)
- Inference_216 took 1.689 ms (1689 us)
- Inference_217 took 1.677 ms (1677 us)
- Inference_218 took 1.749 ms (1749 us)
- Inference_219 took 2.023 ms (2023 us)
- Inference_220 took 1.958 ms (1958 us)
- Inference_221 took 2.03 ms (2030 us)
- Inference_222 took 1.689 ms (1689 us)
- Inference_223 took 1.709 ms (1709 us)
- Inference_224 took 1.847 ms (1847 us)
- Inference_225 took 1.817 ms (1817 us)
- Inference_226 took 1.66 ms (1660 us)
- Inference_227 took 1.69 ms (1690 us)
- Inference_228 took 1.7 ms (1700 us)
- Inference_229 took 1.663 ms (1663 us)
- Inference_230 took 1.637 ms (1637 us)
- Inference_231 took 1.694 ms (1694 us)
- Inference_232 took 1.688 ms (1688 us)
- Inference_233 took 1.934 ms (1934 us)
- Inference_234 took 2.448 ms (2448 us)
- Inference_235 took 1.931 ms (1931 us)
- Inference_236 took 1.613 ms (1613 us)
- Inference_237 took 1.749 ms (1749 us)
- Inference_238 took 1.618 ms (1618 us)
- Inference_239 took 1.742 ms (1742 us)
- Inference_240 took 1.696 ms (1696 us)
- Inference_241 took 1.65 ms (1650 us)
- Inference_242 took 1.798 ms (1798 us)
- Inference_243 took 2.275 ms (2275 us)
- Inference_244 took 2.437 ms (2437 us)
- Inference_245 took 1.759 ms (1759 us)
- Inference_246 took 1.66 ms (1660 us)
- Inference_247 took 1.74 ms (1740 us)
- Inference_248 took 1.643 ms (1643 us)
- Inference_249 took 1.614 ms (1614 us)
- Inference_250 took 1.737 ms (1737 us)
- Inference_251 took 2.036 ms (2036 us)
- Inference_252 took 2.257 ms (2257 us)
- Inference_253 took 1.909 ms (1909 us)
- Inference_254 took 1.725 ms (1725 us)
- Inference_255 took 1.702 ms (1702 us)
- Inference_256 took 1.695 ms (1695 us)
- Inference_257 took 1.866 ms (1866 us)
- Inference_258 took 1.839 ms (1839 us)
- Inference_259 took 1.842 ms (1842 us)
- Inference_260 took 2.283 ms (2283 us)
- Inference_261 took 2.54 ms (2540 us)
- Inference_262 took 2.306 ms (2306 us)
- Inference_263 took 1.965 ms (1965 us)
- Inference_264 took 1.627 ms (1627 us)
- Inference_265 took 1.783 ms (1783 us)
- Inference_266 took 1.693 ms (1693 us)
- Inference_267 took 1.668 ms (1668 us)
- Inference_268 took 1.839 ms (1839 us)
- Inference_269 took 1.886 ms (1886 us)
- Inference_270 took 2.055 ms (2055 us)
- Inference_271 took 1.948 ms (1948 us)
- Inference_272 took 1.846 ms (1846 us)
- Inference_273 took 1.578 ms (1578 us)
- Inference_274 took 1.531 ms (1531 us)
- Inference_275 took 1.528 ms (1528 us)
- Inference_276 took 1.763 ms (1763 us)
- Inference_277 took 1.789 ms (1789 us)
- Inference_278 took 1.91 ms (1910 us)
- Inference_279 took 2.17 ms (2170 us)
- Inference_280 took 2.069 ms (2069 us)
- Inference_281 took 1.887 ms (1887 us)
- Inference_282 took 1.677 ms (1677 us)
- Inference_283 took 1.726 ms (1726 us)
- Inference_284 took 1.771 ms (1771 us)
- Inference_285 took 1.962 ms (1962 us)
- Inference_286 took 1.817 ms (1817 us)
- Inference_287 took 1.703 ms (1703 us)
- Inference_288 took 1.702 ms (1702 us)
- Inference_289 took 1.631 ms (1631 us)
- Inference_290 took 1.667 ms (1667 us)
- Inference_291 took 1.671 ms (1671 us)
- Inference_292 took 1.699 ms (1699 us)
- Inference_293 took 1.67 ms (1670 us)
- Inference_294 took 1.663 ms (1663 us)
- Inference_295 took 1.71 ms (1710 us)
- Inference_296 took 1.714 ms (1714 us)
- Inference_297 took 1.737 ms (1737 us)
- Inference_298 took 1.682 ms (1682 us)
- Inference_299 took 1.678 ms (1678 us)
- Inference_300 took 1.665 ms (1665 us)
- Inference_301 took 1.701 ms (1701 us)
- Inference_302 took 1.662 ms (1662 us)
- Inference_303 took 1.653 ms (1653 us)
- Inference_304 took 1.727 ms (1727 us)
- Inference_305 took 1.7 ms (1700 us)
- Inference_306 took 1.662 ms (1662 us)
- Inference_307 took 1.695 ms (1695 us)
- Inference_308 took 1.665 ms (1665 us)
- Inference_309 took 1.721 ms (1721 us)
- Inference_310 took 1.689 ms (1689 us)
- Inference_311 took 1.703 ms (1703 us)
- Inference_312 took 1.648 ms (1648 us)
- Inference_313 took 1.667 ms (1667 us)
- Inference_314 took 1.673 ms (1673 us)
- Inference_315 took 1.69 ms (1690 us)
- Inference_316 took 1.677 ms (1677 us)
- Inference_317 took 1.663 ms (1663 us)
- Inference_318 took 1.694 ms (1694 us)
- Inference_319 took 1.676 ms (1676 us)
- Inference_320 took 1.638 ms (1638 us)
- Inference_321 took 1.683 ms (1683 us)
- Inference_322 took 1.739 ms (1739 us)
- Inference_323 took 1.671 ms (1671 us)
- Inference_324 took 1.699 ms (1699 us)
- Inference_325 took 1.723 ms (1723 us)
- Inference_326 took 1.657 ms (1657 us)
- Inference_327 took 1.662 ms (1662 us)
- Inference_328 took 1.658 ms (1658 us)
- Inference_329 took 1.727 ms (1727 us)
- Inference_330 took 1.707 ms (1707 us)
- Inference_331 took 1.67 ms (1670 us)
- Inference_332 took 1.635 ms (1635 us)
- Inference_333 took 1.733 ms (1733 us)
- Inference_334 took 1.64 ms (1640 us)
- Inference_335 took 1.749 ms (1749 us)
- Inference_336 took 1.702 ms (1702 us)
- Inference_337 took 1.653 ms (1653 us)
- Inference_338 took 1.731 ms (1731 us)
- Inference_339 took 1.656 ms (1656 us)
- Inference_340 took 1.662 ms (1662 us)
- Inference_341 took 1.654 ms (1654 us)
- Inference_342 took 1.696 ms (1696 us)
- Inference_343 took 1.745 ms (1745 us)
- Inference_344 took 1.646 ms (1646 us)
- Inference_345 took 1.646 ms (1646 us)
- Inference_346 took 1.723 ms (1723 us)
- Inference_347 took 1.695 ms (1695 us)
- Inference_348 took 1.627 ms (1627 us)
- Inference_349 took 1.744 ms (1744 us)
- Inference_350 took 1.626 ms (1626 us)
- Inference_351 took 1.653 ms (1653 us)
- Inference_352 took 1.865 ms (1865 us)
- Inference_353 took 1.73 ms (1730 us)
- Inference_354 took 1.742 ms (1742 us)
- Inference_355 took 1.731 ms (1731 us)
- Inference_356 took 1.636 ms (1636 us)
- Inference_357 took 1.658 ms (1658 us)
- Inference_358 took 1.695 ms (1695 us)
- Inference_359 took 1.71 ms (1710 us)
- Inference_360 took 1.654 ms (1654 us)
- Inference_361 took 1.663 ms (1663 us)
- Inference_362 took 1.721 ms (1721 us)
- Inference_363 took 1.692 ms (1692 us)
- Inference_364 took 1.705 ms (1705 us)
- Inference_365 took 1.648 ms (1648 us)
- Inference_366 took 1.754 ms (1754 us)
- Inference_367 took 1.661 ms (1661 us)
- Inference_368 took 1.678 ms (1678 us)
- Inference_369 took 1.682 ms (1682 us)
- Inference_370 took 1.734 ms (1734 us)
- Inference_371 took 1.676 ms (1676 us)
- Inference_372 took 1.775 ms (1775 us)
- Inference_373 took 1.733 ms (1733 us)
- Inference_374 took 1.702 ms (1702 us)
- Inference_375 took 1.706 ms (1706 us)
- Inference_376 took 1.652 ms (1652 us)
- Inference_377 took 1.696 ms (1696 us)
- Inference_378 took 1.66 ms (1660 us)
- Inference_379 took 1.627 ms (1627 us)
- Inference_380 took 1.668 ms (1668 us)
- Inference_381 took 1.72 ms (1720 us)
- Inference_382 took 1.695 ms (1695 us)
- Inference_383 took 1.667 ms (1667 us)
- Inference_384 took 1.697 ms (1697 us)
- Inference_385 took 1.716 ms (1716 us)
- Inference_386 took 1.656 ms (1656 us)
- Inference_387 took 1.733 ms (1733 us)
- Inference_388 took 1.695 ms (1695 us)
- Inference_389 took 1.676 ms (1676 us)
- Inference_390 took 1.686 ms (1686 us)
- Inference_391 took 1.651 ms (1651 us)
- Inference_392 took 1.708 ms (1708 us)
- Inference_393 took 1.706 ms (1706 us)
- Inference_394 took 1.623 ms (1623 us)
- Inference_395 took 1.659 ms (1659 us)
- Inference_396 took 1.66 ms (1660 us)
- Inference_397 took 1.639 ms (1639 us)
- Inference_398 took 1.669 ms (1669 us)
- Inference_399 took 1.674 ms (1674 us)
- Inference_400 took 1.67 ms (1670 us)
- Inference_401 took 1.657 ms (1657 us)
- Inference_402 took 1.659 ms (1659 us)
- Inference_403 took 1.789 ms (1789 us)
- Inference_404 took 1.668 ms (1668 us)
- Inference_405 took 1.656 ms (1656 us)
- Inference_406 took 1.719 ms (1719 us)
- Inference_407 took 1.726 ms (1726 us)
- Inference_408 took 1.687 ms (1687 us)
- Inference_409 took 1.705 ms (1705 us)
- Inference_410 took 1.698 ms (1698 us)
- Inference_411 took 1.679 ms (1679 us)
- Inference_412 took 1.662 ms (1662 us)
- Inference_413 took 1.683 ms (1683 us)
- Inference_414 took 1.689 ms (1689 us)
- Inference_415 took 1.659 ms (1659 us)
- Inference_416 took 1.679 ms (1679 us)
- Inference_417 took 1.687 ms (1687 us)
- Inference_418 took 1.674 ms (1674 us)
- Inference_419 took 1.66 ms (1660 us)
- Inference_420 took 1.65 ms (1650 us)
- Inference_421 took 1.622 ms (1622 us)
- Inference_422 took 1.629 ms (1629 us)
- Inference_423 took 1.628 ms (1628 us)
- Inference_424 took 1.663 ms (1663 us)
- Inference_425 took 1.739 ms (1739 us)
- Inference_426 took 1.685 ms (1685 us)
- Inference_427 took 1.689 ms (1689 us)
- Inference_428 took 1.695 ms (1695 us)
- Inference_429 took 1.673 ms (1673 us)
- Inference_430 took 1.721 ms (1721 us)
- Inference_431 took 1.667 ms (1667 us)
- Inference_432 took 1.697 ms (1697 us)
- Inference_433 took 1.669 ms (1669 us)
- Inference_434 took 1.718 ms (1718 us)
- Inference_435 took 1.825 ms (1825 us)
- Inference_436 took 2.264 ms (2264 us)
- Inference_437 took 1.784 ms (1784 us)
- Inference_438 took 1.717 ms (1717 us)
- Inference_439 took 1.821 ms (1821 us)
- Inference_440 took 1.845 ms (1845 us)
- Inference_441 took 1.68 ms (1680 us)
- Inference_442 took 1.736 ms (1736 us)
- Inference_443 took 1.662 ms (1662 us)
- Inference_444 took 1.721 ms (1721 us)
- Inference_445 took 1.87 ms (1870 us)
- Inference_446 took 1.71 ms (1710 us)
- Inference_447 took 1.693 ms (1693 us)
- Inference_448 took 1.768 ms (1768 us)
- Inference_449 took 1.797 ms (1797 us)
- Inference_450 took 1.923 ms (1923 us)
- Inference_451 took 1.763 ms (1763 us)
- Inference_452 took 1.691 ms (1691 us)
- Inference_453 took 1.689 ms (1689 us)
- Inference_454 took 1.729 ms (1729 us)
- Inference_455 took 1.702 ms (1702 us)
- Inference_456 took 1.766 ms (1766 us)
- Inference_457 took 1.773 ms (1773 us)
- Inference_458 took 1.86 ms (1860 us)
- Inference_459 took 1.762 ms (1762 us)
- Inference_460 took 1.757 ms (1757 us)
- Inference_461 took 1.67 ms (1670 us)
- Inference_462 took 1.725 ms (1725 us)
- Inference_463 took 1.678 ms (1678 us)
- Inference_464 took 1.775 ms (1775 us)
- Inference_465 took 1.678 ms (1678 us)
- Inference_466 took 1.783 ms (1783 us)
- Inference_467 took 1.817 ms (1817 us)
- Inference_468 took 1.906 ms (1906 us)
- Inference_469 took 1.73 ms (1730 us)
- Inference_470 took 1.664 ms (1664 us)
- Inference_471 took 1.645 ms (1645 us)
- Inference_472 took 1.672 ms (1672 us)
- Inference_473 took 1.782 ms (1782 us)
- Inference_474 took 1.68 ms (1680 us)
- Inference_475 took 1.77 ms (1770 us)
- Inference_476 took 1.828 ms (1828 us)
- Inference_477 took 1.81 ms (1810 us)
- Inference_478 took 1.805 ms (1805 us)
- Inference_479 took 1.699 ms (1699 us)
- Inference_480 took 1.71 ms (1710 us)
- Inference_481 took 1.703 ms (1703 us)
- Inference_482 took 1.703 ms (1703 us)
- Inference_483 took 1.825 ms (1825 us)
- Inference_484 took 1.735 ms (1735 us)
- Inference_485 took 1.872 ms (1872 us)
- Inference_486 took 1.727 ms (1727 us)
- Inference_487 took 1.713 ms (1713 us)
- Inference_488 took 1.77 ms (1770 us)
- Inference_489 took 1.631 ms (1631 us)
- Inference_490 took 1.642 ms (1642 us)
- Inference_491 took 1.663 ms (1663 us)
- Inference_492 took 1.748 ms (1748 us)
- Inference_493 took 1.718 ms (1718 us)
- Inference_494 took 1.84 ms (1840 us)
- Inference_495 took 1.759 ms (1759 us)
- Inference_496 took 1.721 ms (1721 us)
- Inference_497 took 1.707 ms (1707 us)
- Inference_498 took 1.726 ms (1726 us)
- Inference_499 took 1.732 ms (1732 us)
- Postprocessing took 0.012 ms (12 us)


[INFO] Generating Ops-level profiling (log)

INFO: Profiling Info for Benchmark Initialization:
============================== Run Order ==============================
	                             [node type]	  [first]	 [avg ms]	     [%]	  [cdf%]	  [mem KB]	[times called]	[Name]
	                 ModifyGraphWithDelegate	    4.581	    4.581	 78.820%	 78.820%	 18688.000	        1	ModifyGraphWithDelegate/0
	                         AllocateTensors	    1.231	    1.231	 21.180%	100.000%	  2304.000	        1	AllocateTensors/0

============================== Top by Computation Time ==============================
	                             [node type]	  [first]	 [avg ms]	     [%]	  [cdf%]	  [mem KB]	[times called]	[Name]
	                 ModifyGraphWithDelegate	    4.581	    4.581	 78.820%	 78.820%	 18688.000	        1	ModifyGraphWithDelegate/0
	                         AllocateTensors	    1.231	    1.231	 21.180%	100.000%	  2304.000	        1	AllocateTensors/0

Number of nodes executed: 2
============================== Summary by node type ==============================
	                             [Node type]	  [count]	  [avg ms]	    [avg %]	    [cdf %]	  [mem KB]	[times called]
	                 ModifyGraphWithDelegate	        1	     4.581	    78.820%	    78.820%	 18688.000	        1
	                         AllocateTensors	        1	     1.231	    21.180%	   100.000%	  2304.000	        1

Timings (microseconds): count=2 curr=5812(all same)
Memory (bytes): count=0
2 nodes observed



INFO: Operator-wise Profiling Info for Regular Benchmark Runs:
============================== Run Order ==============================
	                             [node type]	  [first]	 [avg ms]	     [%]	  [cdf%]	  [mem KB]	[times called]	[Name]
	           Convolution (NHWC, F32) IGEMM	    0.178	    0.132	  7.902%	  7.902%	     0.000	        1	Delegate/Convolution (NHWC, F32) IGEMM:0
	                          HardSwish (NC)	    0.011	    0.011	  0.665%	  8.567%	     0.000	        1	Delegate/HardSwish (NC):1
	          Convolution (NHWC, F32) DWConv	    0.024	    0.024	  1.423%	  9.991%	     0.000	        1	Delegate/Convolution (NHWC, F32) DWConv:2
	                         Sum (ND) Reduce	    0.002	    0.002	  0.125%	 10.116%	     0.000	        1	Delegate/Sum (ND) Reduce:3
	                           Multiply (ND)	    0.000	    0.000	  0.001%	 10.117%	     0.000	        1	Delegate/Multiply (ND):4
	                     Static Reshape (NC)	    0.000	    0.000	  0.000%	 10.117%	     0.000	        1	Delegate/Static Reshape (NC):5
	          Fully Connected (NC, F32) GEMM	    0.000	    0.000	  0.001%	 10.118%	     0.000	        1	Delegate/Fully Connected (NC, F32) GEMM:6
	          Fully Connected (NC, F32) GEMM	    0.000	    0.000	  0.000%	 10.118%	     0.000	        1	Delegate/Fully Connected (NC, F32) GEMM:7
	                           Multiply (ND)	    0.000	    0.000	  0.000%	 10.118%	     0.000	        1	Delegate/Multiply (ND):8
	                           Multiply (ND)	    0.005	    0.005	  0.322%	 10.440%	     0.000	        1	Delegate/Multiply (ND):9
	          Fully Connected (NC, F32) GEMM	    0.018	    0.018	  1.070%	 11.511%	     0.000	        1	Delegate/Fully Connected (NC, F32) GEMM:10
	          Fully Connected (NC, F32) GEMM	    0.076	    0.071	  4.245%	 15.756%	     0.000	        1	Delegate/Fully Connected (NC, F32) GEMM:11
	          Convolution (NHWC, F32) DWConv	    0.023	    0.021	  1.266%	 17.022%	     0.000	        1	Delegate/Convolution (NHWC, F32) DWConv:12
	          Fully Connected (NC, F32) GEMM	    0.029	    0.031	  1.857%	 18.880%	     0.000	        1	Delegate/Fully Connected (NC, F32) GEMM:13
	          Fully Connected (NC, F32) GEMM	    0.031	    0.032	  1.936%	 20.816%	     0.000	        1	Delegate/Fully Connected (NC, F32) GEMM:14
	          Convolution (NHWC, F32) DWConv	    0.021	    0.022	  1.319%	 22.134%	     0.000	        1	Delegate/Convolution (NHWC, F32) DWConv:15
	          Fully Connected (NC, F32) GEMM	    0.039	    0.039	  2.335%	 24.469%	     0.000	        1	Delegate/Fully Connected (NC, F32) GEMM:16
	                                Add (ND)	    0.003	    0.001	  0.061%	 24.530%	     0.000	        1	Delegate/Add (ND):17
	          Fully Connected (NC, F32) GEMM	    0.034	    0.035	  2.104%	 26.633%	     0.000	        1	Delegate/Fully Connected (NC, F32) GEMM:18
	                          HardSwish (NC)	    0.003	    0.003	  0.209%	 26.842%	     0.000	        1	Delegate/HardSwish (NC):19
	          Convolution (NHWC, F32) DWConv	    0.018	    0.017	  1.047%	 27.889%	     0.000	        1	Delegate/Convolution (NHWC, F32) DWConv:20
	                          HardSwish (NC)	    0.001	    0.001	  0.060%	 27.949%	     0.000	        1	Delegate/HardSwish (NC):21
	                         Sum (ND) Reduce	    0.000	    0.000	  0.001%	 27.951%	     0.000	        1	Delegate/Sum (ND) Reduce:22
	                           Multiply (ND)	    0.000	    0.000	  0.000%	 27.951%	     0.000	        1	Delegate/Multiply (ND):23
	                     Static Reshape (NC)	    0.000	    0.000	  0.000%	 27.951%	     0.000	        1	Delegate/Static Reshape (NC):24
	          Fully Connected (NC, F32) GEMM	    0.000	    0.000	  0.005%	 27.956%	     0.000	        1	Delegate/Fully Connected (NC, F32) GEMM:25
	          Fully Connected (NC, F32) GEMM	    0.000	    0.000	  0.001%	 27.957%	     0.000	        1	Delegate/Fully Connected (NC, F32) GEMM:26
	                           Multiply (ND)	    0.000	    0.000	  0.000%	 27.957%	     0.000	        1	Delegate/Multiply (ND):27
	                           Multiply (ND)	    0.001	    0.001	  0.060%	 28.017%	     0.000	        1	Delegate/Multiply (ND):28
	          Fully Connected (NC, F32) GEMM	    0.018	    0.018	  1.055%	 29.073%	     0.000	        1	Delegate/Fully Connected (NC, F32) GEMM:29
	          Fully Connected (NC, F32) GEMM	    0.040	    0.039	  2.348%	 31.421%	     0.000	        1	Delegate/Fully Connected (NC, F32) GEMM:30
	                          HardSwish (NC)	    0.002	    0.002	  0.126%	 31.547%	     0.000	        1	Delegate/HardSwish (NC):31
	          Convolution (NHWC, F32) DWConv	    0.046	    0.043	  2.563%	 34.109%	     0.000	        1	Delegate/Convolution (NHWC, F32) DWConv:32
	                          HardSwish (NC)	    0.003	    0.002	  0.134%	 34.243%	     0.000	        1	Delegate/HardSwish (NC):33
	                         Sum (ND) Reduce	    0.001	    0.001	  0.062%	 34.305%	     0.000	        1	Delegate/Sum (ND) Reduce:34
	                           Multiply (ND)	    0.000	    0.000	  0.000%	 34.305%	     0.000	        1	Delegate/Multiply (ND):35
	                     Static Reshape (NC)	    0.000	    0.000	  0.000%	 34.305%	     0.000	        1	Delegate/Static Reshape (NC):36
	          Fully Connected (NC, F32) GEMM	    0.001	    0.001	  0.077%	 34.382%	     0.000	        1	Delegate/Fully Connected (NC, F32) GEMM:37
	          Fully Connected (NC, F32) GEMM	    0.001	    0.001	  0.062%	 34.444%	     0.000	        1	Delegate/Fully Connected (NC, F32) GEMM:38
	                           Multiply (ND)	    0.000	    0.000	  0.000%	 34.444%	     0.000	        1	Delegate/Multiply (ND):39
	                           Multiply (ND)	    0.006	    0.003	  0.183%	 34.628%	     0.000	        1	Delegate/Multiply (ND):40
	          Fully Connected (NC, F32) GEMM	    0.046	    0.048	  2.901%	 37.528%	     0.000	        1	Delegate/Fully Connected (NC, F32) GEMM:41
	                                Add (ND)	    0.000	    0.000	  0.003%	 37.532%	     0.000	        1	Delegate/Add (ND):42
	          Fully Connected (NC, F32) GEMM	    0.037	    0.039	  2.346%	 39.878%	     0.000	        1	Delegate/Fully Connected (NC, F32) GEMM:43
	                          HardSwish (NC)	    0.002	    0.002	  0.124%	 40.002%	     0.000	        1	Delegate/HardSwish (NC):44
	          Convolution (NHWC, F32) DWConv	    0.041	    0.042	  2.545%	 42.547%	     0.000	        1	Delegate/Convolution (NHWC, F32) DWConv:45
	                          HardSwish (NC)	    0.002	    0.002	  0.129%	 42.676%	     0.000	        1	Delegate/HardSwish (NC):46
	                         Sum (ND) Reduce	    0.001	    0.001	  0.062%	 42.739%	     0.000	        1	Delegate/Sum (ND) Reduce:47
	                           Multiply (ND)	    0.000	    0.000	  0.000%	 42.739%	     0.000	        1	Delegate/Multiply (ND):48
	                     Static Reshape (NC)	    0.000	    0.000	  0.000%	 42.739%	     0.000	        1	Delegate/Static Reshape (NC):49
	          Fully Connected (NC, F32) GEMM	    0.001	    0.001	  0.070%	 42.809%	     0.000	        1	Delegate/Fully Connected (NC, F32) GEMM:50
	          Fully Connected (NC, F32) GEMM	    0.000	    0.001	  0.057%	 42.866%	     0.000	        1	Delegate/Fully Connected (NC, F32) GEMM:51
	                           Multiply (ND)	    0.000	    0.000	  0.000%	 42.866%	     0.000	        1	Delegate/Multiply (ND):52
	                           Multiply (ND)	    0.002	    0.003	  0.157%	 43.023%	     0.000	        1	Delegate/Multiply (ND):53
	          Fully Connected (NC, F32) GEMM	    0.046	    0.048	  2.894%	 45.917%	     0.000	        1	Delegate/Fully Connected (NC, F32) GEMM:54
	                                Add (ND)	    0.000	    0.000	  0.000%	 45.917%	     0.000	        1	Delegate/Add (ND):55
	          Fully Connected (NC, F32) GEMM	    0.018	    0.020	  1.171%	 47.088%	     0.000	        1	Delegate/Fully Connected (NC, F32) GEMM:56
	                          HardSwish (NC)	    0.001	    0.001	  0.061%	 47.148%	     0.000	        1	Delegate/HardSwish (NC):57
	          Convolution (NHWC, F32) DWConv	    0.021	    0.022	  1.292%	 48.441%	     0.000	        1	Delegate/Convolution (NHWC, F32) DWConv:58
	                          HardSwish (NC)	    0.001	    0.001	  0.064%	 48.504%	     0.000	        1	Delegate/HardSwish (NC):59
	                         Sum (ND) Reduce	    0.000	    0.000	  0.002%	 48.506%	     0.000	        1	Delegate/Sum (ND) Reduce:60
	                           Multiply (ND)	    0.000	    0.000	  0.000%	 48.506%	     0.000	        1	Delegate/Multiply (ND):61
	                     Static Reshape (NC)	    0.000	    0.000	  0.000%	 48.506%	     0.000	        1	Delegate/Static Reshape (NC):62
	          Fully Connected (NC, F32) GEMM	    0.000	    0.000	  0.021%	 48.527%	     0.000	        1	Delegate/Fully Connected (NC, F32) GEMM:63
	          Fully Connected (NC, F32) GEMM	    0.000	    0.000	  0.001%	 48.528%	     0.000	        1	Delegate/Fully Connected (NC, F32) GEMM:64
	                           Multiply (ND)	    0.000	    0.000	  0.000%	 48.528%	     0.000	        1	Delegate/Multiply (ND):65
	                           Multiply (ND)	    0.002	    0.002	  0.121%	 48.650%	     0.000	        1	Delegate/Multiply (ND):66
	          Fully Connected (NC, F32) GEMM	    0.026	    0.027	  1.618%	 50.267%	     0.000	        1	Delegate/Fully Connected (NC, F32) GEMM:67
	          Fully Connected (NC, F32) GEMM	    0.027	    0.029	  1.729%	 51.997%	     0.000	        1	Delegate/Fully Connected (NC, F32) GEMM:68
	                          HardSwish (NC)	    0.001	    0.001	  0.061%	 52.058%	     0.000	        1	Delegate/HardSwish (NC):69
	          Convolution (NHWC, F32) DWConv	    0.024	    0.024	  1.453%	 53.510%	     0.000	        1	Delegate/Convolution (NHWC, F32) DWConv:70
	                          HardSwish (NC)	    0.001	    0.001	  0.065%	 53.575%	     0.000	        1	Delegate/HardSwish (NC):71
	                         Sum (ND) Reduce	    0.000	    0.000	  0.004%	 53.579%	     0.000	        1	Delegate/Sum (ND) Reduce:72
	                           Multiply (ND)	    0.000	    0.000	  0.000%	 53.579%	     0.000	        1	Delegate/Multiply (ND):73
	                     Static Reshape (NC)	    0.000	    0.000	  0.000%	 53.579%	     0.000	        1	Delegate/Static Reshape (NC):74
	          Fully Connected (NC, F32) GEMM	    0.000	    0.000	  0.009%	 53.588%	     0.000	        1	Delegate/Fully Connected (NC, F32) GEMM:75
	          Fully Connected (NC, F32) GEMM	    0.000	    0.000	  0.002%	 53.590%	     0.000	        1	Delegate/Fully Connected (NC, F32) GEMM:76
	                           Multiply (ND)	    0.000	    0.000	  0.000%	 53.590%	     0.000	        1	Delegate/Multiply (ND):77
	                           Multiply (ND)	    0.001	    0.001	  0.071%	 53.661%	     0.000	        1	Delegate/Multiply (ND):78
	          Fully Connected (NC, F32) GEMM	    0.032	    0.033	  2.006%	 55.667%	     0.000	        1	Delegate/Fully Connected (NC, F32) GEMM:79
	                                Add (ND)	    0.000	    0.000	  0.005%	 55.672%	     0.000	        1	Delegate/Add (ND):80
	          Fully Connected (NC, F32) GEMM	    0.055	    0.058	  3.493%	 59.165%	     0.000	        1	Delegate/Fully Connected (NC, F32) GEMM:81
	                          HardSwish (NC)	    0.002	    0.002	  0.148%	 59.313%	     0.000	        1	Delegate/HardSwish (NC):82
	          Convolution (NHWC, F32) DWConv	    0.012	    0.013	  0.798%	 60.111%	     0.000	        1	Delegate/Convolution (NHWC, F32) DWConv:83
	                          HardSwish (NC)	    0.000	    0.000	  0.006%	 60.117%	     0.000	        1	Delegate/HardSwish (NC):84
	                         Sum (ND) Reduce	    0.000	    0.000	  0.001%	 60.118%	     0.000	        1	Delegate/Sum (ND) Reduce:85
	                           Multiply (ND)	    0.000	    0.000	  0.001%	 60.119%	     0.000	        1	Delegate/Multiply (ND):86
	                     Static Reshape (NC)	    0.000	    0.000	  0.000%	 60.119%	     0.000	        1	Delegate/Static Reshape (NC):87
	          Fully Connected (NC, F32) GEMM	    0.001	    0.002	  0.097%	 60.216%	     0.000	        1	Delegate/Fully Connected (NC, F32) GEMM:88
	          Fully Connected (NC, F32) GEMM	    0.001	    0.001	  0.070%	 60.286%	     0.000	        1	Delegate/Fully Connected (NC, F32) GEMM:89
	                           Multiply (ND)	    0.000	    0.000	  0.000%	 60.286%	     0.000	        1	Delegate/Multiply (ND):90
	                           Multiply (ND)	    0.000	    0.000	  0.005%	 60.292%	     0.000	        1	Delegate/Multiply (ND):91
	          Fully Connected (NC, F32) GEMM	    0.038	    0.037	  2.234%	 62.526%	     0.000	        1	Delegate/Fully Connected (NC, F32) GEMM:92
	          Fully Connected (NC, F32) GEMM	    0.064	    0.068	  4.106%	 66.632%	     0.000	        1	Delegate/Fully Connected (NC, F32) GEMM:93
	                          HardSwish (NC)	    0.001	    0.001	  0.062%	 66.693%	     0.000	        1	Delegate/HardSwish (NC):94
	          Convolution (NHWC, F32) DWConv	    0.024	    0.027	  1.592%	 68.285%	     0.000	        1	Delegate/Convolution (NHWC, F32) DWConv:95
	                          HardSwish (NC)	    0.001	    0.001	  0.068%	 68.352%	     0.000	        1	Delegate/HardSwish (NC):96
	                         Sum (ND) Reduce	    0.000	    0.000	  0.003%	 68.355%	     0.000	        1	Delegate/Sum (ND) Reduce:97
	                           Multiply (ND)	    0.000	    0.000	  0.000%	 68.355%	     0.000	        1	Delegate/Multiply (ND):98
	                     Static Reshape (NC)	    0.000	    0.000	  0.000%	 68.355%	     0.000	        1	Delegate/Static Reshape (NC):99
	          Fully Connected (NC, F32) GEMM	    0.008	    0.009	  0.516%	 68.871%	     0.000	        1	Delegate/Fully Connected (NC, F32) GEMM:100
	          Fully Connected (NC, F32) GEMM	    0.006	    0.007	  0.443%	 69.314%	     0.000	        1	Delegate/Fully Connected (NC, F32) GEMM:101
	                           Multiply (ND)	    0.000	    0.000	  0.000%	 69.314%	     0.000	        1	Delegate/Multiply (ND):102
	                           Multiply (ND)	    0.001	    0.002	  0.106%	 69.420%	     0.000	        1	Delegate/Multiply (ND):103
	          Fully Connected (NC, F32) GEMM	    0.073	    0.076	  4.572%	 73.993%	     0.000	        1	Delegate/Fully Connected (NC, F32) GEMM:104
	                                Add (ND)	    0.003	    0.000	  0.004%	 73.996%	     0.000	        1	Delegate/Add (ND):105
	          Fully Connected (NC, F32) GEMM	    0.069	    0.068	  4.078%	 78.075%	     0.000	        1	Delegate/Fully Connected (NC, F32) GEMM:106
	                          HardSwish (NC)	    0.001	    0.001	  0.062%	 78.136%	     0.000	        1	Delegate/HardSwish (NC):107
	          Convolution (NHWC, F32) DWConv	    0.024	    0.026	  1.573%	 79.709%	     0.000	        1	Delegate/Convolution (NHWC, F32) DWConv:108
	                          HardSwish (NC)	    0.001	    0.001	  0.065%	 79.774%	     0.000	        1	Delegate/HardSwish (NC):109
	                         Sum (ND) Reduce	    0.000	    0.000	  0.003%	 79.777%	     0.000	        1	Delegate/Sum (ND) Reduce:110
	                           Multiply (ND)	    0.000	    0.000	  0.000%	 79.778%	     0.000	        1	Delegate/Multiply (ND):111
	                     Static Reshape (NC)	    0.000	    0.000	  0.000%	 79.778%	     0.000	        1	Delegate/Static Reshape (NC):112
	          Fully Connected (NC, F32) GEMM	    0.008	    0.009	  0.510%	 80.288%	     0.000	        1	Delegate/Fully Connected (NC, F32) GEMM:113
	          Fully Connected (NC, F32) GEMM	    0.006	    0.007	  0.398%	 80.686%	     0.000	        1	Delegate/Fully Connected (NC, F32) GEMM:114
	                           Multiply (ND)	    0.000	    0.000	  0.000%	 80.686%	     0.000	        1	Delegate/Multiply (ND):115
	                           Multiply (ND)	    0.001	    0.002	  0.097%	 80.783%	     0.000	        1	Delegate/Multiply (ND):116
	          Fully Connected (NC, F32) GEMM	    0.072	    0.076	  4.559%	 85.341%	     0.000	        1	Delegate/Fully Connected (NC, F32) GEMM:117
	                                Add (ND)	    0.000	    0.000	  0.003%	 85.344%	     0.000	        1	Delegate/Add (ND):118
	          Fully Connected (NC, F32) GEMM	    0.065	    0.068	  4.078%	 89.422%	     0.000	        1	Delegate/Fully Connected (NC, F32) GEMM:119
	                          HardSwish (NC)	    0.001	    0.001	  0.066%	 89.488%	     0.000	        1	Delegate/HardSwish (NC):120
	                         Sum (ND) Reduce	    0.000	    0.000	  0.018%	 89.506%	     0.000	        1	Delegate/Sum (ND) Reduce:121
	                           Multiply (ND)	    0.000	    0.000	  0.001%	 89.506%	     0.000	        1	Delegate/Multiply (ND):122
	                     Static Reshape (NC)	    0.000	    0.000	  0.000%	 89.506%	     0.000	        1	Delegate/Static Reshape (NC):123
	          Fully Connected (NC, F32) GEMM	    0.057	    0.062	  3.727%	 93.233%	     0.000	        1	Delegate/Fully Connected (NC, F32) GEMM:124
	                          HardSwish (NC)	    0.000	    0.000	  0.001%	 93.234%	     0.000	        1	Delegate/HardSwish (NC):125
	                     Static Reshape (NC)	    0.000	    0.000	  0.000%	 93.234%	     0.000	        1	Delegate/Static Reshape (NC):126
	          Fully Connected (NC, F32) GEMM	    0.121	    0.113	  6.766%	100.000%	     0.000	        1	Delegate/Fully Connected (NC, F32) GEMM:127

============================== Top by Computation Time ==============================
	                             [node type]	  [first]	 [avg ms]	     [%]	  [cdf%]	  [mem KB]	[times called]	[Name]
	           Convolution (NHWC, F32) IGEMM	    0.178	    0.132	  7.902%	  7.902%	     0.000	        1	Delegate/Convolution (NHWC, F32) IGEMM:0
	          Fully Connected (NC, F32) GEMM	    0.121	    0.113	  6.766%	 14.668%	     0.000	        1	Delegate/Fully Connected (NC, F32) GEMM:127
	          Fully Connected (NC, F32) GEMM	    0.073	    0.076	  4.572%	 19.240%	     0.000	        1	Delegate/Fully Connected (NC, F32) GEMM:104
	          Fully Connected (NC, F32) GEMM	    0.072	    0.076	  4.559%	 23.799%	     0.000	        1	Delegate/Fully Connected (NC, F32) GEMM:117
	          Fully Connected (NC, F32) GEMM	    0.076	    0.071	  4.245%	 28.044%	     0.000	        1	Delegate/Fully Connected (NC, F32) GEMM:11
	          Fully Connected (NC, F32) GEMM	    0.064	    0.068	  4.106%	 32.150%	     0.000	        1	Delegate/Fully Connected (NC, F32) GEMM:93
	          Fully Connected (NC, F32) GEMM	    0.065	    0.068	  4.078%	 36.228%	     0.000	        1	Delegate/Fully Connected (NC, F32) GEMM:119
	          Fully Connected (NC, F32) GEMM	    0.069	    0.068	  4.078%	 40.307%	     0.000	        1	Delegate/Fully Connected (NC, F32) GEMM:106
	          Fully Connected (NC, F32) GEMM	    0.057	    0.062	  3.727%	 44.034%	     0.000	        1	Delegate/Fully Connected (NC, F32) GEMM:124
	          Fully Connected (NC, F32) GEMM	    0.055	    0.058	  3.493%	 47.527%	     0.000	        1	Delegate/Fully Connected (NC, F32) GEMM:81

Number of nodes executed: 128
============================== Summary by node type ==============================
	                             [Node type]	  [count]	  [avg ms]	    [avg %]	    [cdf %]	  [mem KB]	[times called]
	          Fully Connected (NC, F32) GEMM	       42	     1.178	    71.829%	    71.829%	     0.000	       42
	          Convolution (NHWC, F32) DWConv	       11	     0.276	    16.829%	    88.659%	     0.000	       11
	           Convolution (NHWC, F32) IGEMM	        1	     0.131	     7.988%	    96.646%	     0.000	        1
	                          HardSwish (NC)	       19	     0.034	     2.073%	    98.720%	     0.000	       19
	                           Multiply (ND)	       28	     0.016	     0.976%	    99.695%	     0.000	       28
	                         Sum (ND) Reduce	       10	     0.004	     0.244%	    99.939%	     0.000	       10
	                                Add (ND)	        6	     0.001	     0.061%	   100.000%	     0.000	        6
	                     Static Reshape (NC)	       11	     0.000	     0.000%	   100.000%	     0.000	       11

Timings (microseconds): count=500 first=1684 curr=1677 min=1458 max=2472 avg=1667.59 std=125
Memory (bytes): count=0
128 nodes observed



