Running main profile with model ./models/deit_tiny_distilled_patch16_224.fb_in1k.tflite and image ./images/dog.jpg (threads: 4, delegate: xnnpack, warmup: 10, profiling: 50)

====== main_cpu with profiling ====
[INFO] Model path: ./models/deit_tiny_distilled_patch16_224.fb_in1k.tflite
[INFO] Image path: ./images/dog.jpg
[INFO] Label path: ./labels.json
[INFO] Profiling result path: ./log/cortex-a53-autotuning/output_main_profile_deit_tiny_distilled_patch16_224.fb_in1k_xnnpack_4threads_auto_tuning.csv
[INFO] Profiling enabled: YES
[INFO] Number of threads: 4
[INFO] Delegate type: xnnpack
[INFO] Warmup runs: 10
[INFO] Profiling runs: 50
[INFO] Model type detected: FP32
[INFO] Initializing profiler...
[INFO] Loading model from: ./models/deit_tiny_distilled_patch16_224.fb_in1k.tflite
INFO: Initialized TensorFlow Lite runtime.
[INFO] Model signature keys:The Model contains 1 signature key(s).They are listed below: -> Signature Key: serving_default
INFO: Created TensorFlow Lite XNNPACK delegate for CPU.
VERBOSE: XNNPack weight cache not enabled.
VERBOSE: Replacing 650 out of 650 node(s) with delegate (TfLiteXNNPackDelegate) node, yielding 1 partitions for subgraph 0.
VERBOSE: SubgraphInit called with params: 0x558e0e37b0, length: 0
VERBOSE: SubgraphCreate: called
VERBOSE: SubgraphCreate: created XNNPACK subgraph with 762 external values
VERBOSE: SubgraphCreate: creating XNNPACK runtime with flags: 24
VERBOSE: SubgraphCreate: created XNNPACK runtime 
[INFO] XNNPACK delegate applied successfully (threads: 4)

[INFO] Model Summary 
📥 Input tensor count  : 1
📤 Output tensor count : 1
📦 Total tensor count  : 784
🔧 Node (op) count     : 651
🧩 Delegate applied    : Yes ✅

[INFO] Shape of input_tensor: [1, 224, 224, 3]
[INFO] Processing FP32 input path

[INFO] Running 10 warm-up iterations...
[INFO] warm-up completed

[INFO] Running 50 run and profile iterations...
[INFO] run and profile completed

[INFO] Shape of output_tensor: [1, 1000]
[INFO] Processing FP32 output path

[INFO] Top 5 predictions:
- Class 907 (wine_bottle): 0.0501398
- Class 668 (mosque): 0.024654
- Class 440 (beer_bottle): 0.0200565
- Class 427 (barrel): 0.0187107
- Class 740 (power_drill): 0.0170439

[INFO] Elapsed time summary
- Load Model took 0.185 ms (185 us)
- Build Interpreter took 6.915 ms (6915 us)
- Apply Delegate took 81.858 ms (81858 us)
- Allocate Tensor took 74.494 ms (74494 us)
- Load Input Image took 42.389 ms (42389 us)
- Preprocessing took 10.619 ms (10619 us)
- Inference_0 took 140.961 ms (140961 us)
- Inference_1 took 141.2 ms (141200 us)
- Inference_2 took 142.141 ms (142141 us)
- Inference_3 took 143.292 ms (143292 us)
- Inference_4 took 140.744 ms (140744 us)
- Inference_5 took 142.375 ms (142375 us)
- Inference_6 took 141.043 ms (141043 us)
- Inference_7 took 141.939 ms (141939 us)
- Inference_8 took 141.487 ms (141487 us)
- Inference_9 took 141.482 ms (141482 us)
- Inference_10 took 141.333 ms (141333 us)
- Inference_11 took 141.649 ms (141649 us)
- Inference_12 took 141.058 ms (141058 us)
- Inference_13 took 141.144 ms (141144 us)
- Inference_14 took 142.559 ms (142559 us)
- Inference_15 took 141.348 ms (141348 us)
- Inference_16 took 142.646 ms (142646 us)
- Inference_17 took 142.102 ms (142102 us)
- Inference_18 took 142.88 ms (142880 us)
- Inference_19 took 141.945 ms (141945 us)
- Inference_20 took 143.049 ms (143049 us)
- Inference_21 took 141.111 ms (141111 us)
- Inference_22 took 142 ms (142000 us)
- Inference_23 took 140.973 ms (140973 us)
- Inference_24 took 143.749 ms (143749 us)
- Inference_25 took 140.868 ms (140868 us)
- Inference_26 took 141.093 ms (141093 us)
- Inference_27 took 140.751 ms (140751 us)
- Inference_28 took 140.261 ms (140261 us)
- Inference_29 took 141.41 ms (141410 us)
- Inference_30 took 140.981 ms (140981 us)
- Inference_31 took 141.366 ms (141366 us)
- Inference_32 took 141.303 ms (141303 us)
- Inference_33 took 141.523 ms (141523 us)
- Inference_34 took 141.097 ms (141097 us)
- Inference_35 took 141.155 ms (141155 us)
- Inference_36 took 140.795 ms (140795 us)
- Inference_37 took 140.749 ms (140749 us)
- Inference_38 took 140.488 ms (140488 us)
- Inference_39 took 140.59 ms (140590 us)
- Inference_40 took 140.754 ms (140754 us)
- Inference_41 took 141.096 ms (141096 us)
- Inference_42 took 141.32 ms (141320 us)
- Inference_43 took 141.24 ms (141240 us)
- Inference_44 took 141.67 ms (141670 us)
- Inference_45 took 141.369 ms (141369 us)
- Inference_46 took 140.536 ms (140536 us)
- Inference_47 took 140.821 ms (140821 us)
- Inference_48 took 141.097 ms (141097 us)
- Inference_49 took 140.783 ms (140783 us)
- Postprocessing took 0.107 ms (107 us)


[INFO] Generating Ops-level profiling (log)

INFO: Profiling Info for Benchmark Initialization:
============================== Run Order ==============================
	                             [node type]	  [first]	 [avg ms]	     [%]	  [cdf%]	  [mem KB]	[times called]	[Name]
	                 ModifyGraphWithDelegate	   81.314	   81.314	 52.199%	 52.199%	 44924.000	        1	ModifyGraphWithDelegate/0
	                         AllocateTensors	   74.464	   74.464	 47.801%	100.000%	  1400.000	        1	AllocateTensors/0

============================== Top by Computation Time ==============================
	                             [node type]	  [first]	 [avg ms]	     [%]	  [cdf%]	  [mem KB]	[times called]	[Name]
	                 ModifyGraphWithDelegate	   81.314	   81.314	 52.199%	 52.199%	 44924.000	        1	ModifyGraphWithDelegate/0
	                         AllocateTensors	   74.464	   74.464	 47.801%	100.000%	  1400.000	        1	AllocateTensors/0

Number of nodes executed: 2
============================== Summary by node type ==============================
	                             [Node type]	  [count]	  [avg ms]	    [avg %]	    [cdf %]	  [mem KB]	[times called]
	                 ModifyGraphWithDelegate	        1	    81.314	    52.199%	    52.199%	 44924.000	        1
	                         AllocateTensors	        1	    74.464	    47.801%	   100.000%	  1400.000	        1

Timings (microseconds): count=2 curr=155778(all same)
Memory (bytes): count=0
2 nodes observed



INFO: Operator-wise Profiling Info for Regular Benchmark Runs:
============================== Run Order ==============================
	                             [node type]	  [first]	 [avg ms]	     [%]	  [cdf%]	  [mem KB]	[times called]	[Name]
	           Convolution (NHWC, F32) IGEMM	    6.187	    6.244	  4.466%	  4.466%	     0.000	        1	Delegate/Convolution (NHWC, F32) IGEMM:0
	           Transpose (ND, X32) Transpose	    0.173	    0.211	  0.151%	  4.617%	     0.000	        1	Delegate/Transpose (ND, X32) Transpose:1
	                     Static Reshape (NC)	    0.001	    0.001	  0.001%	  4.618%	     0.000	        1	Delegate/Static Reshape (NC):2
	           Transpose (ND, X32) Transpose	    0.105	    0.112	  0.080%	  4.698%	     0.000	        1	Delegate/Transpose (ND, X32) Transpose:3
	                          Copy (NC, X32)	    0.042	    0.041	  0.030%	  4.728%	     0.000	        1	Delegate/Copy (NC, X32):4
	                                Add (ND)	    0.063	    0.066	  0.047%	  4.775%	     0.000	        1	Delegate/Add (ND):5
	                        Mean (ND) Reduce	    0.023	    0.029	  0.020%	  4.795%	     0.000	        1	Delegate/Mean (ND) Reduce:6
	                     Static Reshape (NC)	    0.002	    0.002	  0.001%	  4.797%	     0.000	        1	Delegate/Static Reshape (NC):7
	                 Squared Difference (ND)	    0.037	    0.039	  0.028%	  4.824%	     0.000	        1	Delegate/Squared Difference (ND):8
	                        Mean (ND) Reduce	    0.024	    0.023	  0.017%	  4.841%	     0.000	        1	Delegate/Mean (ND) Reduce:9
	                                Add (ND)	    0.003	    0.004	  0.003%	  4.844%	     0.000	        1	Delegate/Add (ND):10
	             Reciprocal Square Root (NC)	    0.005	    0.005	  0.004%	  4.847%	     0.000	        1	Delegate/Reciprocal Square Root (NC):11
	                           Multiply (ND)	    0.038	    0.034	  0.024%	  4.872%	     0.000	        1	Delegate/Multiply (ND):12
	                           Subtract (ND)	    0.015	    0.015	  0.011%	  4.882%	     0.000	        1	Delegate/Subtract (ND):13
	                     Static Reshape (NC)	    0.002	    0.002	  0.002%	  4.884%	     0.000	        1	Delegate/Static Reshape (NC):14
	                           Multiply (ND)	    0.038	    0.039	  0.028%	  4.912%	     0.000	        1	Delegate/Multiply (ND):15
	                     Static Reshape (NC)	    0.001	    0.001	  0.001%	  4.913%	     0.000	        1	Delegate/Static Reshape (NC):16
	                                Add (ND)	    0.030	    0.025	  0.018%	  4.930%	     0.000	        1	Delegate/Add (ND):17
	          Fully Connected (NC, F32) GEMM	    1.720	    1.749	  1.251%	  6.181%	     0.000	        1	Delegate/Fully Connected (NC, F32) GEMM:18
	                     Static Reshape (NC)	    0.001	    0.002	  0.001%	  6.183%	     0.000	        1	Delegate/Static Reshape (NC):19
	           Transpose (ND, X32) Transpose	    0.213	    0.194	  0.139%	  6.322%	     0.000	        1	Delegate/Transpose (ND, X32) Transpose:20
	                         Slice (ND, X32)	    0.040	    0.042	  0.030%	  6.352%	     0.000	        1	Delegate/Slice (ND, X32):21
	                         Slice (ND, X32)	    0.045	    0.044	  0.031%	  6.383%	     0.000	        1	Delegate/Slice (ND, X32):22
	                         Slice (ND, X32)	    0.042	    0.043	  0.031%	  6.414%	     0.000	        1	Delegate/Slice (ND, X32):23
	                     Static Reshape (NC)	    0.001	    0.001	  0.001%	  6.415%	     0.000	        1	Delegate/Static Reshape (NC):24
	                     Static Reshape (NC)	    0.001	    0.001	  0.001%	  6.416%	     0.000	        1	Delegate/Static Reshape (NC):25
	                           Multiply (ND)	    0.064	    0.068	  0.049%	  6.465%	     0.000	        1	Delegate/Multiply (ND):26
	                           Multiply (ND)	    0.058	    0.067	  0.048%	  6.512%	     0.000	        1	Delegate/Multiply (ND):27
	           Transpose (ND, X32) Transpose	    0.059	    0.061	  0.043%	  6.556%	     0.000	        1	Delegate/Transpose (ND, X32) Transpose:28
	                     Static Reshape (NC)	    0.001	    0.001	  0.001%	  6.557%	     0.000	        1	Delegate/Static Reshape (NC):29
	                     Static Reshape (NC)	    0.000	    0.001	  0.001%	  6.557%	     0.000	        1	Delegate/Static Reshape (NC):30
	    Batch Matrix Multiply (NC, F32) GEMM	    0.679	    0.652	  0.467%	  7.024%	     0.000	        1	Delegate/Batch Matrix Multiply (NC, F32) GEMM:31
	                     Static Reshape (NC)	    0.002	    0.002	  0.002%	  7.025%	     0.000	        1	Delegate/Static Reshape (NC):32
	                       Softmax (NC, F32)	    0.314	    0.317	  0.227%	  7.252%	     0.000	        1	Delegate/Softmax (NC, F32):33
	                     Static Reshape (NC)	    0.001	    0.001	  0.001%	  7.253%	     0.000	        1	Delegate/Static Reshape (NC):34
	                     Static Reshape (NC)	    0.001	    0.001	  0.001%	  7.254%	     0.000	        1	Delegate/Static Reshape (NC):35
	    Batch Matrix Multiply (NC, F32) GEMM	    0.724	    0.744	  0.532%	  7.785%	     0.000	        1	Delegate/Batch Matrix Multiply (NC, F32) GEMM:36
	                     Static Reshape (NC)	    0.001	    0.001	  0.001%	  7.786%	     0.000	        1	Delegate/Static Reshape (NC):37
	           Transpose (ND, X32) Transpose	    0.042	    0.049	  0.035%	  7.822%	     0.000	        1	Delegate/Transpose (ND, X32) Transpose:38
	                     Static Reshape (NC)	    0.001	    0.001	  0.001%	  7.822%	     0.000	        1	Delegate/Static Reshape (NC):39
	          Fully Connected (NC, F32) GEMM	    0.631	    0.658	  0.470%	  8.293%	     0.000	        1	Delegate/Fully Connected (NC, F32) GEMM:40
	                                Add (ND)	    0.061	    0.066	  0.047%	  8.340%	     0.000	        1	Delegate/Add (ND):41
	                        Mean (ND) Reduce	    0.024	    0.037	  0.027%	  8.366%	     0.000	        1	Delegate/Mean (ND) Reduce:42
	                     Static Reshape (NC)	    0.003	    0.003	  0.002%	  8.369%	     0.000	        1	Delegate/Static Reshape (NC):43
	                 Squared Difference (ND)	    0.052	    0.040	  0.029%	  8.397%	     0.000	        1	Delegate/Squared Difference (ND):44
	                        Mean (ND) Reduce	    0.019	    0.020	  0.014%	  8.412%	     0.000	        1	Delegate/Mean (ND) Reduce:45
	                                Add (ND)	    0.003	    0.003	  0.002%	  8.414%	     0.000	        1	Delegate/Add (ND):46
	             Reciprocal Square Root (NC)	    0.005	    0.005	  0.004%	  8.417%	     0.000	        1	Delegate/Reciprocal Square Root (NC):47
	                           Multiply (ND)	    0.015	    0.031	  0.022%	  8.439%	     0.000	        1	Delegate/Multiply (ND):48
	                           Subtract (ND)	    0.004	    0.018	  0.013%	  8.452%	     0.000	        1	Delegate/Subtract (ND):49
	                     Static Reshape (NC)	    0.002	    0.002	  0.001%	  8.453%	     0.000	        1	Delegate/Static Reshape (NC):50
	                           Multiply (ND)	    0.029	    0.034	  0.024%	  8.478%	     0.000	        1	Delegate/Multiply (ND):51
	                     Static Reshape (NC)	    0.003	    0.001	  0.001%	  8.479%	     0.000	        1	Delegate/Static Reshape (NC):52
	                                Add (ND)	    0.024	    0.022	  0.016%	  8.494%	     0.000	        1	Delegate/Add (ND):53
	          Fully Connected (NC, F32) GEMM	    2.340	    2.333	  1.669%	 10.164%	     0.000	        1	Delegate/Fully Connected (NC, F32) GEMM:54
	                               GELU (NC)	    0.412	    0.427	  0.305%	 10.469%	     0.000	        1	Delegate/GELU (NC):55
	                     Static Reshape (NC)	    0.001	    0.001	  0.001%	 10.470%	     0.000	        1	Delegate/Static Reshape (NC):56
	          Fully Connected (NC, F32) GEMM	    2.583	    2.646	  1.893%	 12.363%	     0.000	        1	Delegate/Fully Connected (NC, F32) GEMM:57
	                                Add (ND)	    0.146	    0.118	  0.084%	 12.448%	     0.000	        1	Delegate/Add (ND):58
	                        Mean (ND) Reduce	    0.032	    0.035	  0.025%	 12.473%	     0.000	        1	Delegate/Mean (ND) Reduce:59
	                     Static Reshape (NC)	    0.004	    0.003	  0.002%	 12.475%	     0.000	        1	Delegate/Static Reshape (NC):60
	                 Squared Difference (ND)	    0.036	    0.031	  0.022%	 12.497%	     0.000	        1	Delegate/Squared Difference (ND):61
	                        Mean (ND) Reduce	    0.018	    0.029	  0.021%	 12.518%	     0.000	        1	Delegate/Mean (ND) Reduce:62
	                                Add (ND)	    0.003	    0.004	  0.003%	 12.521%	     0.000	        1	Delegate/Add (ND):63
	             Reciprocal Square Root (NC)	    0.005	    0.005	  0.004%	 12.525%	     0.000	        1	Delegate/Reciprocal Square Root (NC):64
	                           Multiply (ND)	    0.027	    0.030	  0.022%	 12.546%	     0.000	        1	Delegate/Multiply (ND):65
	                           Subtract (ND)	    0.013	    0.016	  0.012%	 12.558%	     0.000	        1	Delegate/Subtract (ND):66
	                     Static Reshape (NC)	    0.002	    0.002	  0.001%	 12.559%	     0.000	        1	Delegate/Static Reshape (NC):67
	                           Multiply (ND)	    0.032	    0.034	  0.024%	 12.584%	     0.000	        1	Delegate/Multiply (ND):68
	                     Static Reshape (NC)	    0.001	    0.001	  0.000%	 12.584%	     0.000	        1	Delegate/Static Reshape (NC):69
	                                Add (ND)	    0.020	    0.021	  0.015%	 12.599%	     0.000	        1	Delegate/Add (ND):70
	          Fully Connected (NC, F32) GEMM	    1.793	    1.824	  1.305%	 13.904%	     0.000	        1	Delegate/Fully Connected (NC, F32) GEMM:71
	                     Static Reshape (NC)	    0.002	    0.002	  0.002%	 13.905%	     0.000	        1	Delegate/Static Reshape (NC):72
	           Transpose (ND, X32) Transpose	    0.198	    0.199	  0.142%	 14.048%	     0.000	        1	Delegate/Transpose (ND, X32) Transpose:73
	                         Slice (ND, X32)	    0.044	    0.042	  0.030%	 14.077%	     0.000	        1	Delegate/Slice (ND, X32):74
	                         Slice (ND, X32)	    0.042	    0.046	  0.033%	 14.110%	     0.000	        1	Delegate/Slice (ND, X32):75
	                         Slice (ND, X32)	    0.044	    0.044	  0.031%	 14.141%	     0.000	        1	Delegate/Slice (ND, X32):76
	                     Static Reshape (NC)	    0.001	    0.001	  0.001%	 14.142%	     0.000	        1	Delegate/Static Reshape (NC):77
	                     Static Reshape (NC)	    0.000	    0.001	  0.001%	 14.142%	     0.000	        1	Delegate/Static Reshape (NC):78
	                           Multiply (ND)	    0.060	    0.063	  0.045%	 14.187%	     0.000	        1	Delegate/Multiply (ND):79
	                           Multiply (ND)	    0.054	    0.057	  0.041%	 14.228%	     0.000	        1	Delegate/Multiply (ND):80
	           Transpose (ND, X32) Transpose	    0.056	    0.059	  0.042%	 14.270%	     0.000	        1	Delegate/Transpose (ND, X32) Transpose:81
	                     Static Reshape (NC)	    0.000	    0.000	  0.000%	 14.270%	     0.000	        1	Delegate/Static Reshape (NC):82
	                     Static Reshape (NC)	    0.000	    0.000	  0.000%	 14.270%	     0.000	        1	Delegate/Static Reshape (NC):83
	    Batch Matrix Multiply (NC, F32) GEMM	    0.648	    0.652	  0.466%	 14.737%	     0.000	        1	Delegate/Batch Matrix Multiply (NC, F32) GEMM:84
	                     Static Reshape (NC)	    0.002	    0.002	  0.001%	 14.738%	     0.000	        1	Delegate/Static Reshape (NC):85
	                       Softmax (NC, F32)	    0.306	    0.316	  0.226%	 14.964%	     0.000	        1	Delegate/Softmax (NC, F32):86
	                     Static Reshape (NC)	    0.001	    0.001	  0.001%	 14.965%	     0.000	        1	Delegate/Static Reshape (NC):87
	                     Static Reshape (NC)	    0.001	    0.001	  0.001%	 14.965%	     0.000	        1	Delegate/Static Reshape (NC):88
	    Batch Matrix Multiply (NC, F32) GEMM	    0.810	    0.736	  0.526%	 15.492%	     0.000	        1	Delegate/Batch Matrix Multiply (NC, F32) GEMM:89
	                     Static Reshape (NC)	    0.002	    0.001	  0.001%	 15.493%	     0.000	        1	Delegate/Static Reshape (NC):90
	           Transpose (ND, X32) Transpose	    0.063	    0.049	  0.035%	 15.528%	     0.000	        1	Delegate/Transpose (ND, X32) Transpose:91
	                     Static Reshape (NC)	    0.001	    0.001	  0.001%	 15.529%	     0.000	        1	Delegate/Static Reshape (NC):92
	          Fully Connected (NC, F32) GEMM	    0.637	    0.636	  0.455%	 15.984%	     0.000	        1	Delegate/Fully Connected (NC, F32) GEMM:93
	                                Add (ND)	    0.060	    0.066	  0.047%	 16.031%	     0.000	        1	Delegate/Add (ND):94
	                        Mean (ND) Reduce	    0.023	    0.036	  0.026%	 16.056%	     0.000	        1	Delegate/Mean (ND) Reduce:95
	                     Static Reshape (NC)	    0.003	    0.003	  0.002%	 16.058%	     0.000	        1	Delegate/Static Reshape (NC):96
	                 Squared Difference (ND)	    0.026	    0.041	  0.029%	 16.088%	     0.000	        1	Delegate/Squared Difference (ND):97
	                        Mean (ND) Reduce	    0.017	    0.021	  0.015%	 16.103%	     0.000	        1	Delegate/Mean (ND) Reduce:98
	                                Add (ND)	    0.003	    0.004	  0.003%	 16.105%	     0.000	        1	Delegate/Add (ND):99
	             Reciprocal Square Root (NC)	    0.005	    0.005	  0.004%	 16.109%	     0.000	        1	Delegate/Reciprocal Square Root (NC):100
	                           Multiply (ND)	    0.027	    0.035	  0.025%	 16.134%	     0.000	        1	Delegate/Multiply (ND):101
	                           Subtract (ND)	    0.021	    0.018	  0.013%	 16.147%	     0.000	        1	Delegate/Subtract (ND):102
	                     Static Reshape (NC)	    0.002	    0.002	  0.001%	 16.148%	     0.000	        1	Delegate/Static Reshape (NC):103
	                           Multiply (ND)	    0.034	    0.034	  0.024%	 16.172%	     0.000	        1	Delegate/Multiply (ND):104
	                     Static Reshape (NC)	    0.001	    0.001	  0.001%	 16.173%	     0.000	        1	Delegate/Static Reshape (NC):105
	                                Add (ND)	    0.019	    0.020	  0.014%	 16.188%	     0.000	        1	Delegate/Add (ND):106
	          Fully Connected (NC, F32) GEMM	    2.406	    2.447	  1.750%	 17.938%	     0.000	        1	Delegate/Fully Connected (NC, F32) GEMM:107
	                               GELU (NC)	    0.458	    0.442	  0.316%	 18.254%	     0.000	        1	Delegate/GELU (NC):108
	                     Static Reshape (NC)	    0.001	    0.001	  0.001%	 18.255%	     0.000	        1	Delegate/Static Reshape (NC):109
	          Fully Connected (NC, F32) GEMM	    2.626	    2.656	  1.900%	 20.155%	     0.000	        1	Delegate/Fully Connected (NC, F32) GEMM:110
	                                Add (ND)	    0.105	    0.107	  0.077%	 20.231%	     0.000	        1	Delegate/Add (ND):111
	                        Mean (ND) Reduce	    0.033	    0.036	  0.026%	 20.257%	     0.000	        1	Delegate/Mean (ND) Reduce:112
	                     Static Reshape (NC)	    0.003	    0.003	  0.002%	 20.259%	     0.000	        1	Delegate/Static Reshape (NC):113
	                 Squared Difference (ND)	    0.030	    0.030	  0.022%	 20.281%	     0.000	        1	Delegate/Squared Difference (ND):114
	                        Mean (ND) Reduce	    0.019	    0.030	  0.022%	 20.303%	     0.000	        1	Delegate/Mean (ND) Reduce:115
	                                Add (ND)	    0.003	    0.003	  0.002%	 20.305%	     0.000	        1	Delegate/Add (ND):116
	             Reciprocal Square Root (NC)	    0.005	    0.005	  0.004%	 20.309%	     0.000	        1	Delegate/Reciprocal Square Root (NC):117
	                           Multiply (ND)	    0.032	    0.033	  0.023%	 20.332%	     0.000	        1	Delegate/Multiply (ND):118
	                           Subtract (ND)	    0.015	    0.015	  0.011%	 20.343%	     0.000	        1	Delegate/Subtract (ND):119
	                     Static Reshape (NC)	    0.002	    0.002	  0.001%	 20.345%	     0.000	        1	Delegate/Static Reshape (NC):120
	                           Multiply (ND)	    0.036	    0.033	  0.024%	 20.368%	     0.000	        1	Delegate/Multiply (ND):121
	                     Static Reshape (NC)	    0.000	    0.000	  0.000%	 20.369%	     0.000	        1	Delegate/Static Reshape (NC):122
	                                Add (ND)	    0.019	    0.020	  0.014%	 20.383%	     0.000	        1	Delegate/Add (ND):123
	          Fully Connected (NC, F32) GEMM	    1.826	    1.814	  1.298%	 21.680%	     0.000	        1	Delegate/Fully Connected (NC, F32) GEMM:124
	                     Static Reshape (NC)	    0.003	    0.002	  0.002%	 21.682%	     0.000	        1	Delegate/Static Reshape (NC):125
	           Transpose (ND, X32) Transpose	    0.196	    0.181	  0.129%	 21.811%	     0.000	        1	Delegate/Transpose (ND, X32) Transpose:126
	                         Slice (ND, X32)	    0.042	    0.045	  0.032%	 21.844%	     0.000	        1	Delegate/Slice (ND, X32):127
	                         Slice (ND, X32)	    0.046	    0.045	  0.032%	 21.876%	     0.000	        1	Delegate/Slice (ND, X32):128
	                         Slice (ND, X32)	    0.044	    0.044	  0.031%	 21.907%	     0.000	        1	Delegate/Slice (ND, X32):129
	                     Static Reshape (NC)	    0.002	    0.000	  0.000%	 21.907%	     0.000	        1	Delegate/Static Reshape (NC):130
	                     Static Reshape (NC)	    0.001	    0.001	  0.001%	 21.908%	     0.000	        1	Delegate/Static Reshape (NC):131
	                           Multiply (ND)	    0.061	    0.068	  0.049%	 21.956%	     0.000	        1	Delegate/Multiply (ND):132
	                           Multiply (ND)	    0.054	    0.057	  0.041%	 21.997%	     0.000	        1	Delegate/Multiply (ND):133
	           Transpose (ND, X32) Transpose	    0.061	    0.062	  0.044%	 22.042%	     0.000	        1	Delegate/Transpose (ND, X32) Transpose:134
	                     Static Reshape (NC)	    0.001	    0.001	  0.001%	 22.042%	     0.000	        1	Delegate/Static Reshape (NC):135
	                     Static Reshape (NC)	    0.001	    0.001	  0.001%	 22.043%	     0.000	        1	Delegate/Static Reshape (NC):136
	    Batch Matrix Multiply (NC, F32) GEMM	    0.646	    0.686	  0.491%	 22.534%	     0.000	        1	Delegate/Batch Matrix Multiply (NC, F32) GEMM:137
	                     Static Reshape (NC)	    0.001	    0.001	  0.001%	 22.535%	     0.000	        1	Delegate/Static Reshape (NC):138
	                       Softmax (NC, F32)	    0.304	    0.311	  0.222%	 22.757%	     0.000	        1	Delegate/Softmax (NC, F32):139
	                     Static Reshape (NC)	    0.001	    0.001	  0.001%	 22.758%	     0.000	        1	Delegate/Static Reshape (NC):140
	                     Static Reshape (NC)	    0.001	    0.001	  0.001%	 22.759%	     0.000	        1	Delegate/Static Reshape (NC):141
	    Batch Matrix Multiply (NC, F32) GEMM	    0.710	    0.727	  0.520%	 23.278%	     0.000	        1	Delegate/Batch Matrix Multiply (NC, F32) GEMM:142
	                     Static Reshape (NC)	    0.001	    0.001	  0.001%	 23.279%	     0.000	        1	Delegate/Static Reshape (NC):143
	           Transpose (ND, X32) Transpose	    0.080	    0.050	  0.036%	 23.315%	     0.000	        1	Delegate/Transpose (ND, X32) Transpose:144
	                     Static Reshape (NC)	    0.001	    0.001	  0.001%	 23.316%	     0.000	        1	Delegate/Static Reshape (NC):145
	          Fully Connected (NC, F32) GEMM	    0.631	    0.637	  0.456%	 23.772%	     0.000	        1	Delegate/Fully Connected (NC, F32) GEMM:146
	                                Add (ND)	    0.058	    0.067	  0.048%	 23.820%	     0.000	        1	Delegate/Add (ND):147
	                        Mean (ND) Reduce	    0.024	    0.039	  0.028%	 23.847%	     0.000	        1	Delegate/Mean (ND) Reduce:148
	                     Static Reshape (NC)	    0.002	    0.003	  0.002%	 23.850%	     0.000	        1	Delegate/Static Reshape (NC):149
	                 Squared Difference (ND)	    0.025	    0.033	  0.024%	 23.873%	     0.000	        1	Delegate/Squared Difference (ND):150
	                        Mean (ND) Reduce	    0.018	    0.019	  0.014%	 23.887%	     0.000	        1	Delegate/Mean (ND) Reduce:151
	                                Add (ND)	    0.003	    0.003	  0.002%	 23.889%	     0.000	        1	Delegate/Add (ND):152
	             Reciprocal Square Root (NC)	    0.040	    0.006	  0.004%	 23.894%	     0.000	        1	Delegate/Reciprocal Square Root (NC):153
	                           Multiply (ND)	    0.036	    0.037	  0.026%	 23.920%	     0.000	        1	Delegate/Multiply (ND):154
	                           Subtract (ND)	    0.022	    0.018	  0.013%	 23.933%	     0.000	        1	Delegate/Subtract (ND):155
	                     Static Reshape (NC)	    0.002	    0.002	  0.001%	 23.934%	     0.000	        1	Delegate/Static Reshape (NC):156
	                           Multiply (ND)	    0.036	    0.033	  0.024%	 23.958%	     0.000	        1	Delegate/Multiply (ND):157
	                     Static Reshape (NC)	    0.000	    0.000	  0.000%	 23.958%	     0.000	        1	Delegate/Static Reshape (NC):158
	                                Add (ND)	    0.018	    0.020	  0.014%	 23.972%	     0.000	        1	Delegate/Add (ND):159
	          Fully Connected (NC, F32) GEMM	    2.418	    2.457	  1.758%	 25.730%	     0.000	        1	Delegate/Fully Connected (NC, F32) GEMM:160
	                               GELU (NC)	    0.429	    0.446	  0.319%	 26.049%	     0.000	        1	Delegate/GELU (NC):161
	                     Static Reshape (NC)	    0.001	    0.001	  0.001%	 26.050%	     0.000	        1	Delegate/Static Reshape (NC):162
	          Fully Connected (NC, F32) GEMM	    2.616	    2.628	  1.880%	 27.930%	     0.000	        1	Delegate/Fully Connected (NC, F32) GEMM:163
	                                Add (ND)	    0.103	    0.106	  0.076%	 28.006%	     0.000	        1	Delegate/Add (ND):164
	                        Mean (ND) Reduce	    0.032	    0.036	  0.026%	 28.032%	     0.000	        1	Delegate/Mean (ND) Reduce:165
	                     Static Reshape (NC)	    0.003	    0.003	  0.002%	 28.034%	     0.000	        1	Delegate/Static Reshape (NC):166
	                 Squared Difference (ND)	    0.036	    0.033	  0.023%	 28.057%	     0.000	        1	Delegate/Squared Difference (ND):167
	                        Mean (ND) Reduce	    0.023	    0.019	  0.013%	 28.070%	     0.000	        1	Delegate/Mean (ND) Reduce:168
	                                Add (ND)	    0.003	    0.003	  0.002%	 28.072%	     0.000	        1	Delegate/Add (ND):169
	             Reciprocal Square Root (NC)	    0.005	    0.005	  0.004%	 28.076%	     0.000	        1	Delegate/Reciprocal Square Root (NC):170
	                           Multiply (ND)	    0.029	    0.032	  0.023%	 28.099%	     0.000	        1	Delegate/Multiply (ND):171
	                           Subtract (ND)	    0.014	    0.018	  0.013%	 28.112%	     0.000	        1	Delegate/Subtract (ND):172
	                     Static Reshape (NC)	    0.002	    0.002	  0.001%	 28.114%	     0.000	        1	Delegate/Static Reshape (NC):173
	                           Multiply (ND)	    0.030	    0.034	  0.024%	 28.138%	     0.000	        1	Delegate/Multiply (ND):174
	                     Static Reshape (NC)	    0.001	    0.001	  0.001%	 28.138%	     0.000	        1	Delegate/Static Reshape (NC):175
	                                Add (ND)	    0.020	    0.020	  0.014%	 28.152%	     0.000	        1	Delegate/Add (ND):176
	          Fully Connected (NC, F32) GEMM	    1.792	    1.814	  1.298%	 29.450%	     0.000	        1	Delegate/Fully Connected (NC, F32) GEMM:177
	                     Static Reshape (NC)	    0.001	    0.002	  0.001%	 29.451%	     0.000	        1	Delegate/Static Reshape (NC):178
	           Transpose (ND, X32) Transpose	    0.178	    0.184	  0.132%	 29.583%	     0.000	        1	Delegate/Transpose (ND, X32) Transpose:179
	                         Slice (ND, X32)	    0.042	    0.045	  0.032%	 29.615%	     0.000	        1	Delegate/Slice (ND, X32):180
	                         Slice (ND, X32)	    0.046	    0.047	  0.034%	 29.649%	     0.000	        1	Delegate/Slice (ND, X32):181
	                         Slice (ND, X32)	    0.086	    0.047	  0.034%	 29.683%	     0.000	        1	Delegate/Slice (ND, X32):182
	                     Static Reshape (NC)	    0.001	    0.001	  0.000%	 29.683%	     0.000	        1	Delegate/Static Reshape (NC):183
	                     Static Reshape (NC)	    0.001	    0.001	  0.001%	 29.684%	     0.000	        1	Delegate/Static Reshape (NC):184
	                           Multiply (ND)	    0.072	    0.069	  0.049%	 29.733%	     0.000	        1	Delegate/Multiply (ND):185
	                           Multiply (ND)	    0.054	    0.056	  0.040%	 29.774%	     0.000	        1	Delegate/Multiply (ND):186
	           Transpose (ND, X32) Transpose	    0.055	    0.061	  0.043%	 29.817%	     0.000	        1	Delegate/Transpose (ND, X32) Transpose:187
	                     Static Reshape (NC)	    0.001	    0.001	  0.001%	 29.818%	     0.000	        1	Delegate/Static Reshape (NC):188
	                     Static Reshape (NC)	    0.001	    0.000	  0.000%	 29.818%	     0.000	        1	Delegate/Static Reshape (NC):189
	    Batch Matrix Multiply (NC, F32) GEMM	    0.641	    0.653	  0.467%	 30.285%	     0.000	        1	Delegate/Batch Matrix Multiply (NC, F32) GEMM:190
	                     Static Reshape (NC)	    0.001	    0.002	  0.001%	 30.286%	     0.000	        1	Delegate/Static Reshape (NC):191
	                       Softmax (NC, F32)	    0.318	    0.312	  0.223%	 30.510%	     0.000	        1	Delegate/Softmax (NC, F32):192
	                     Static Reshape (NC)	    0.001	    0.001	  0.001%	 30.511%	     0.000	        1	Delegate/Static Reshape (NC):193
	                     Static Reshape (NC)	    0.001	    0.001	  0.001%	 30.511%	     0.000	        1	Delegate/Static Reshape (NC):194
	    Batch Matrix Multiply (NC, F32) GEMM	    0.738	    0.727	  0.520%	 31.031%	     0.000	        1	Delegate/Batch Matrix Multiply (NC, F32) GEMM:195
	                     Static Reshape (NC)	    0.001	    0.001	  0.001%	 31.032%	     0.000	        1	Delegate/Static Reshape (NC):196
	           Transpose (ND, X32) Transpose	    0.039	    0.053	  0.038%	 31.070%	     0.000	        1	Delegate/Transpose (ND, X32) Transpose:197
	                     Static Reshape (NC)	    0.001	    0.001	  0.001%	 31.070%	     0.000	        1	Delegate/Static Reshape (NC):198
	          Fully Connected (NC, F32) GEMM	    0.627	    0.639	  0.457%	 31.528%	     0.000	        1	Delegate/Fully Connected (NC, F32) GEMM:199
	                                Add (ND)	    0.062	    0.070	  0.050%	 31.578%	     0.000	        1	Delegate/Add (ND):200
	                        Mean (ND) Reduce	    0.024	    0.033	  0.024%	 31.601%	     0.000	        1	Delegate/Mean (ND) Reduce:201
	                     Static Reshape (NC)	    0.002	    0.003	  0.002%	 31.603%	     0.000	        1	Delegate/Static Reshape (NC):202
	                 Squared Difference (ND)	    0.067	    0.037	  0.027%	 31.630%	     0.000	        1	Delegate/Squared Difference (ND):203
	                        Mean (ND) Reduce	    0.031	    0.021	  0.015%	 31.645%	     0.000	        1	Delegate/Mean (ND) Reduce:204
	                                Add (ND)	    0.004	    0.003	  0.002%	 31.647%	     0.000	        1	Delegate/Add (ND):205
	             Reciprocal Square Root (NC)	    0.005	    0.005	  0.004%	 31.651%	     0.000	        1	Delegate/Reciprocal Square Root (NC):206
	                           Multiply (ND)	    0.022	    0.030	  0.022%	 31.672%	     0.000	        1	Delegate/Multiply (ND):207
	                           Subtract (ND)	    0.014	    0.016	  0.011%	 31.684%	     0.000	        1	Delegate/Subtract (ND):208
	                     Static Reshape (NC)	    0.002	    0.002	  0.001%	 31.685%	     0.000	        1	Delegate/Static Reshape (NC):209
	                           Multiply (ND)	    0.032	    0.032	  0.023%	 31.708%	     0.000	        1	Delegate/Multiply (ND):210
	                     Static Reshape (NC)	    0.001	    0.001	  0.001%	 31.708%	     0.000	        1	Delegate/Static Reshape (NC):211
	                                Add (ND)	    0.024	    0.021	  0.015%	 31.724%	     0.000	        1	Delegate/Add (ND):212
	          Fully Connected (NC, F32) GEMM	    2.448	    2.451	  1.754%	 33.477%	     0.000	        1	Delegate/Fully Connected (NC, F32) GEMM:213
	                               GELU (NC)	    0.410	    0.430	  0.308%	 33.785%	     0.000	        1	Delegate/GELU (NC):214
	                     Static Reshape (NC)	    0.001	    0.001	  0.001%	 33.786%	     0.000	        1	Delegate/Static Reshape (NC):215
	          Fully Connected (NC, F32) GEMM	    3.309	    2.622	  1.876%	 35.662%	     0.000	        1	Delegate/Fully Connected (NC, F32) GEMM:216
	                                Add (ND)	    0.109	    0.114	  0.081%	 35.743%	     0.000	        1	Delegate/Add (ND):217
	                        Mean (ND) Reduce	    0.030	    0.037	  0.026%	 35.770%	     0.000	        1	Delegate/Mean (ND) Reduce:218
	                     Static Reshape (NC)	    0.002	    0.003	  0.002%	 35.772%	     0.000	        1	Delegate/Static Reshape (NC):219
	                 Squared Difference (ND)	    0.033	    0.035	  0.025%	 35.797%	     0.000	        1	Delegate/Squared Difference (ND):220
	                        Mean (ND) Reduce	    0.018	    0.018	  0.013%	 35.810%	     0.000	        1	Delegate/Mean (ND) Reduce:221
	                                Add (ND)	    0.003	    0.003	  0.002%	 35.812%	     0.000	        1	Delegate/Add (ND):222
	             Reciprocal Square Root (NC)	    0.005	    0.005	  0.004%	 35.815%	     0.000	        1	Delegate/Reciprocal Square Root (NC):223
	                           Multiply (ND)	    0.029	    0.035	  0.025%	 35.840%	     0.000	        1	Delegate/Multiply (ND):224
	                           Subtract (ND)	    0.021	    0.018	  0.013%	 35.853%	     0.000	        1	Delegate/Subtract (ND):225
	                     Static Reshape (NC)	    0.001	    0.001	  0.001%	 35.854%	     0.000	        1	Delegate/Static Reshape (NC):226
	                           Multiply (ND)	    0.033	    0.034	  0.024%	 35.879%	     0.000	        1	Delegate/Multiply (ND):227
	                     Static Reshape (NC)	    0.001	    0.002	  0.001%	 35.880%	     0.000	        1	Delegate/Static Reshape (NC):228
	                                Add (ND)	    0.019	    0.020	  0.014%	 35.894%	     0.000	        1	Delegate/Add (ND):229
	          Fully Connected (NC, F32) GEMM	    1.787	    1.825	  1.306%	 37.200%	     0.000	        1	Delegate/Fully Connected (NC, F32) GEMM:230
	                     Static Reshape (NC)	    0.002	    0.002	  0.001%	 37.201%	     0.000	        1	Delegate/Static Reshape (NC):231
	           Transpose (ND, X32) Transpose	    0.153	    0.194	  0.139%	 37.340%	     0.000	        1	Delegate/Transpose (ND, X32) Transpose:232
	                         Slice (ND, X32)	    0.042	    0.041	  0.029%	 37.370%	     0.000	        1	Delegate/Slice (ND, X32):233
	                         Slice (ND, X32)	    0.044	    0.045	  0.033%	 37.402%	     0.000	        1	Delegate/Slice (ND, X32):234
	                         Slice (ND, X32)	    0.043	    0.045	  0.032%	 37.434%	     0.000	        1	Delegate/Slice (ND, X32):235
	                     Static Reshape (NC)	    0.001	    0.001	  0.001%	 37.435%	     0.000	        1	Delegate/Static Reshape (NC):236
	                     Static Reshape (NC)	    0.001	    0.001	  0.001%	 37.436%	     0.000	        1	Delegate/Static Reshape (NC):237
	                           Multiply (ND)	    0.067	    0.065	  0.047%	 37.483%	     0.000	        1	Delegate/Multiply (ND):238
	                           Multiply (ND)	    0.055	    0.056	  0.040%	 37.523%	     0.000	        1	Delegate/Multiply (ND):239
	           Transpose (ND, X32) Transpose	    0.058	    0.058	  0.042%	 37.564%	     0.000	        1	Delegate/Transpose (ND, X32) Transpose:240
	                     Static Reshape (NC)	    0.001	    0.001	  0.001%	 37.565%	     0.000	        1	Delegate/Static Reshape (NC):241
	                     Static Reshape (NC)	    0.000	    0.000	  0.000%	 37.565%	     0.000	        1	Delegate/Static Reshape (NC):242
	    Batch Matrix Multiply (NC, F32) GEMM	    0.690	    0.687	  0.492%	 38.057%	     0.000	        1	Delegate/Batch Matrix Multiply (NC, F32) GEMM:243
	                     Static Reshape (NC)	    0.002	    0.002	  0.001%	 38.058%	     0.000	        1	Delegate/Static Reshape (NC):244
	                       Softmax (NC, F32)	    0.314	    0.314	  0.225%	 38.283%	     0.000	        1	Delegate/Softmax (NC, F32):245
	                     Static Reshape (NC)	    0.001	    0.001	  0.001%	 38.284%	     0.000	        1	Delegate/Static Reshape (NC):246
	                     Static Reshape (NC)	    0.001	    0.001	  0.001%	 38.285%	     0.000	        1	Delegate/Static Reshape (NC):247
	    Batch Matrix Multiply (NC, F32) GEMM	    0.717	    0.729	  0.522%	 38.806%	     0.000	        1	Delegate/Batch Matrix Multiply (NC, F32) GEMM:248
	                     Static Reshape (NC)	    0.001	    0.001	  0.001%	 38.807%	     0.000	        1	Delegate/Static Reshape (NC):249
	           Transpose (ND, X32) Transpose	    0.040	    0.049	  0.035%	 38.843%	     0.000	        1	Delegate/Transpose (ND, X32) Transpose:250
	                     Static Reshape (NC)	    0.001	    0.001	  0.001%	 38.843%	     0.000	        1	Delegate/Static Reshape (NC):251
	          Fully Connected (NC, F32) GEMM	    0.626	    0.635	  0.454%	 39.297%	     0.000	        1	Delegate/Fully Connected (NC, F32) GEMM:252
	                                Add (ND)	    0.066	    0.066	  0.047%	 39.344%	     0.000	        1	Delegate/Add (ND):253
	                        Mean (ND) Reduce	    0.074	    0.042	  0.030%	 39.374%	     0.000	        1	Delegate/Mean (ND) Reduce:254
	                     Static Reshape (NC)	    0.003	    0.003	  0.002%	 39.376%	     0.000	        1	Delegate/Static Reshape (NC):255
	                 Squared Difference (ND)	    0.037	    0.043	  0.031%	 39.407%	     0.000	        1	Delegate/Squared Difference (ND):256
	                        Mean (ND) Reduce	    0.017	    0.020	  0.014%	 39.421%	     0.000	        1	Delegate/Mean (ND) Reduce:257
	                                Add (ND)	    0.003	    0.003	  0.002%	 39.423%	     0.000	        1	Delegate/Add (ND):258
	             Reciprocal Square Root (NC)	    0.005	    0.005	  0.004%	 39.427%	     0.000	        1	Delegate/Reciprocal Square Root (NC):259
	                           Multiply (ND)	    0.022	    0.032	  0.023%	 39.450%	     0.000	        1	Delegate/Multiply (ND):260
	                           Subtract (ND)	    0.015	    0.015	  0.011%	 39.461%	     0.000	        1	Delegate/Subtract (ND):261
	                     Static Reshape (NC)	    0.001	    0.001	  0.001%	 39.462%	     0.000	        1	Delegate/Static Reshape (NC):262
	                           Multiply (ND)	    0.036	    0.033	  0.024%	 39.486%	     0.000	        1	Delegate/Multiply (ND):263
	                     Static Reshape (NC)	    0.001	    0.001	  0.001%	 39.487%	     0.000	        1	Delegate/Static Reshape (NC):264
	                                Add (ND)	    0.021	    0.021	  0.015%	 39.501%	     0.000	        1	Delegate/Add (ND):265
	          Fully Connected (NC, F32) GEMM	    2.449	    2.438	  1.744%	 41.246%	     0.000	        1	Delegate/Fully Connected (NC, F32) GEMM:266
	                               GELU (NC)	    0.408	    0.458	  0.328%	 41.573%	     0.000	        1	Delegate/GELU (NC):267
	                     Static Reshape (NC)	    0.001	    0.001	  0.001%	 41.574%	     0.000	        1	Delegate/Static Reshape (NC):268
	          Fully Connected (NC, F32) GEMM	    2.570	    2.627	  1.879%	 43.453%	     0.000	        1	Delegate/Fully Connected (NC, F32) GEMM:269
	                                Add (ND)	    0.113	    0.112	  0.080%	 43.534%	     0.000	        1	Delegate/Add (ND):270
	                        Mean (ND) Reduce	    0.037	    0.034	  0.025%	 43.558%	     0.000	        1	Delegate/Mean (ND) Reduce:271
	                     Static Reshape (NC)	    0.003	    0.003	  0.002%	 43.560%	     0.000	        1	Delegate/Static Reshape (NC):272
	                 Squared Difference (ND)	    0.036	    0.033	  0.024%	 43.584%	     0.000	        1	Delegate/Squared Difference (ND):273
	                        Mean (ND) Reduce	    0.042	    0.019	  0.014%	 43.598%	     0.000	        1	Delegate/Mean (ND) Reduce:274
	                                Add (ND)	    0.005	    0.003	  0.002%	 43.600%	     0.000	        1	Delegate/Add (ND):275
	             Reciprocal Square Root (NC)	    0.005	    0.006	  0.004%	 43.604%	     0.000	        1	Delegate/Reciprocal Square Root (NC):276
	                           Multiply (ND)	    0.027	    0.031	  0.022%	 43.626%	     0.000	        1	Delegate/Multiply (ND):277
	                           Subtract (ND)	    0.021	    0.019	  0.013%	 43.639%	     0.000	        1	Delegate/Subtract (ND):278
	                     Static Reshape (NC)	    0.002	    0.002	  0.001%	 43.641%	     0.000	        1	Delegate/Static Reshape (NC):279
	                           Multiply (ND)	    0.037	    0.035	  0.025%	 43.666%	     0.000	        1	Delegate/Multiply (ND):280
	                     Static Reshape (NC)	    0.001	    0.001	  0.001%	 43.666%	     0.000	        1	Delegate/Static Reshape (NC):281
	                                Add (ND)	    0.018	    0.020	  0.014%	 43.680%	     0.000	        1	Delegate/Add (ND):282
	          Fully Connected (NC, F32) GEMM	    1.796	    1.818	  1.301%	 44.981%	     0.000	        1	Delegate/Fully Connected (NC, F32) GEMM:283
	                     Static Reshape (NC)	    0.002	    0.002	  0.002%	 44.983%	     0.000	        1	Delegate/Static Reshape (NC):284
	           Transpose (ND, X32) Transpose	    0.153	    0.183	  0.131%	 45.114%	     0.000	        1	Delegate/Transpose (ND, X32) Transpose:285
	                         Slice (ND, X32)	    0.046	    0.043	  0.031%	 45.145%	     0.000	        1	Delegate/Slice (ND, X32):286
	                         Slice (ND, X32)	    0.044	    0.044	  0.032%	 45.176%	     0.000	        1	Delegate/Slice (ND, X32):287
	                         Slice (ND, X32)	    0.045	    0.046	  0.033%	 45.210%	     0.000	        1	Delegate/Slice (ND, X32):288
	                     Static Reshape (NC)	    0.001	    0.001	  0.001%	 45.210%	     0.000	        1	Delegate/Static Reshape (NC):289
	                     Static Reshape (NC)	    0.001	    0.001	  0.001%	 45.211%	     0.000	        1	Delegate/Static Reshape (NC):290
	                           Multiply (ND)	    0.071	    0.067	  0.048%	 45.259%	     0.000	        1	Delegate/Multiply (ND):291
	                           Multiply (ND)	    0.054	    0.057	  0.041%	 45.300%	     0.000	        1	Delegate/Multiply (ND):292
	           Transpose (ND, X32) Transpose	    0.057	    0.070	  0.050%	 45.350%	     0.000	        1	Delegate/Transpose (ND, X32) Transpose:293
	                     Static Reshape (NC)	    0.001	    0.001	  0.000%	 45.351%	     0.000	        1	Delegate/Static Reshape (NC):294
	                     Static Reshape (NC)	    0.001	    0.001	  0.001%	 45.351%	     0.000	        1	Delegate/Static Reshape (NC):295
	    Batch Matrix Multiply (NC, F32) GEMM	    0.653	    0.683	  0.489%	 45.840%	     0.000	        1	Delegate/Batch Matrix Multiply (NC, F32) GEMM:296
	                     Static Reshape (NC)	    0.001	    0.002	  0.001%	 45.841%	     0.000	        1	Delegate/Static Reshape (NC):297
	                       Softmax (NC, F32)	    0.302	    0.311	  0.222%	 46.063%	     0.000	        1	Delegate/Softmax (NC, F32):298
	                     Static Reshape (NC)	    0.001	    0.001	  0.001%	 46.064%	     0.000	        1	Delegate/Static Reshape (NC):299
	                     Static Reshape (NC)	    0.001	    0.001	  0.001%	 46.065%	     0.000	        1	Delegate/Static Reshape (NC):300
	    Batch Matrix Multiply (NC, F32) GEMM	    0.750	    0.745	  0.533%	 46.598%	     0.000	        1	Delegate/Batch Matrix Multiply (NC, F32) GEMM:301
	                     Static Reshape (NC)	    0.001	    0.001	  0.001%	 46.599%	     0.000	        1	Delegate/Static Reshape (NC):302
	           Transpose (ND, X32) Transpose	    0.044	    0.048	  0.034%	 46.633%	     0.000	        1	Delegate/Transpose (ND, X32) Transpose:303
	                     Static Reshape (NC)	    0.001	    0.001	  0.001%	 46.634%	     0.000	        1	Delegate/Static Reshape (NC):304
	          Fully Connected (NC, F32) GEMM	    0.627	    0.630	  0.451%	 47.085%	     0.000	        1	Delegate/Fully Connected (NC, F32) GEMM:305
	                                Add (ND)	    0.059	    0.065	  0.046%	 47.131%	     0.000	        1	Delegate/Add (ND):306
	                        Mean (ND) Reduce	    0.049	    0.032	  0.023%	 47.154%	     0.000	        1	Delegate/Mean (ND) Reduce:307
	                     Static Reshape (NC)	    0.004	    0.003	  0.002%	 47.156%	     0.000	        1	Delegate/Static Reshape (NC):308
	                 Squared Difference (ND)	    0.037	    0.043	  0.031%	 47.187%	     0.000	        1	Delegate/Squared Difference (ND):309
	                        Mean (ND) Reduce	    0.017	    0.020	  0.014%	 47.201%	     0.000	        1	Delegate/Mean (ND) Reduce:310
	                                Add (ND)	    0.003	    0.003	  0.002%	 47.203%	     0.000	        1	Delegate/Add (ND):311
	             Reciprocal Square Root (NC)	    0.005	    0.005	  0.004%	 47.207%	     0.000	        1	Delegate/Reciprocal Square Root (NC):312
	                           Multiply (ND)	    0.047	    0.032	  0.023%	 47.230%	     0.000	        1	Delegate/Multiply (ND):313
	                           Subtract (ND)	    0.023	    0.016	  0.012%	 47.242%	     0.000	        1	Delegate/Subtract (ND):314
	                     Static Reshape (NC)	    0.001	    0.001	  0.001%	 47.243%	     0.000	        1	Delegate/Static Reshape (NC):315
	                           Multiply (ND)	    0.034	    0.032	  0.023%	 47.266%	     0.000	        1	Delegate/Multiply (ND):316
	                     Static Reshape (NC)	    0.001	    0.001	  0.001%	 47.266%	     0.000	        1	Delegate/Static Reshape (NC):317
	                                Add (ND)	    0.019	    0.020	  0.015%	 47.281%	     0.000	        1	Delegate/Add (ND):318
	          Fully Connected (NC, F32) GEMM	    2.406	    2.445	  1.749%	 49.030%	     0.000	        1	Delegate/Fully Connected (NC, F32) GEMM:319
	                               GELU (NC)	    0.423	    0.431	  0.309%	 49.339%	     0.000	        1	Delegate/GELU (NC):320
	                     Static Reshape (NC)	    0.001	    0.002	  0.001%	 49.340%	     0.000	        1	Delegate/Static Reshape (NC):321
	          Fully Connected (NC, F32) GEMM	    2.623	    2.627	  1.879%	 51.219%	     0.000	        1	Delegate/Fully Connected (NC, F32) GEMM:322
	                                Add (ND)	    0.113	    0.117	  0.084%	 51.303%	     0.000	        1	Delegate/Add (ND):323
	                        Mean (ND) Reduce	    0.031	    0.035	  0.025%	 51.328%	     0.000	        1	Delegate/Mean (ND) Reduce:324
	                     Static Reshape (NC)	    0.003	    0.003	  0.002%	 51.330%	     0.000	        1	Delegate/Static Reshape (NC):325
	                 Squared Difference (ND)	    0.027	    0.032	  0.023%	 51.352%	     0.000	        1	Delegate/Squared Difference (ND):326
	                        Mean (ND) Reduce	    0.019	    0.020	  0.014%	 51.367%	     0.000	        1	Delegate/Mean (ND) Reduce:327
	                                Add (ND)	    0.003	    0.003	  0.002%	 51.369%	     0.000	        1	Delegate/Add (ND):328
	             Reciprocal Square Root (NC)	    0.006	    0.005	  0.004%	 51.372%	     0.000	        1	Delegate/Reciprocal Square Root (NC):329
	                           Multiply (ND)	    0.035	    0.033	  0.023%	 51.396%	     0.000	        1	Delegate/Multiply (ND):330
	                           Subtract (ND)	    0.014	    0.017	  0.012%	 51.408%	     0.000	        1	Delegate/Subtract (ND):331
	                     Static Reshape (NC)	    0.002	    0.002	  0.001%	 51.410%	     0.000	        1	Delegate/Static Reshape (NC):332
	                           Multiply (ND)	    0.031	    0.034	  0.024%	 51.434%	     0.000	        1	Delegate/Multiply (ND):333
	                     Static Reshape (NC)	    0.000	    0.000	  0.000%	 51.434%	     0.000	        1	Delegate/Static Reshape (NC):334
	                                Add (ND)	    0.020	    0.020	  0.014%	 51.448%	     0.000	        1	Delegate/Add (ND):335
	          Fully Connected (NC, F32) GEMM	    1.832	    1.819	  1.301%	 52.749%	     0.000	        1	Delegate/Fully Connected (NC, F32) GEMM:336
	                     Static Reshape (NC)	    0.002	    0.002	  0.001%	 52.750%	     0.000	        1	Delegate/Static Reshape (NC):337
	           Transpose (ND, X32) Transpose	    0.203	    0.176	  0.126%	 52.876%	     0.000	        1	Delegate/Transpose (ND, X32) Transpose:338
	                         Slice (ND, X32)	    0.041	    0.043	  0.031%	 52.907%	     0.000	        1	Delegate/Slice (ND, X32):339
	                         Slice (ND, X32)	    0.044	    0.043	  0.031%	 52.938%	     0.000	        1	Delegate/Slice (ND, X32):340
	                         Slice (ND, X32)	    0.040	    0.042	  0.030%	 52.968%	     0.000	        1	Delegate/Slice (ND, X32):341
	                     Static Reshape (NC)	    0.001	    0.000	  0.000%	 52.968%	     0.000	        1	Delegate/Static Reshape (NC):342
	                     Static Reshape (NC)	    0.001	    0.001	  0.001%	 52.969%	     0.000	        1	Delegate/Static Reshape (NC):343
	                           Multiply (ND)	    0.060	    0.067	  0.048%	 53.017%	     0.000	        1	Delegate/Multiply (ND):344
	                           Multiply (ND)	    0.057	    0.058	  0.041%	 53.058%	     0.000	        1	Delegate/Multiply (ND):345
	           Transpose (ND, X32) Transpose	    0.064	    0.058	  0.042%	 53.100%	     0.000	        1	Delegate/Transpose (ND, X32) Transpose:346
	                     Static Reshape (NC)	    0.001	    0.001	  0.001%	 53.101%	     0.000	        1	Delegate/Static Reshape (NC):347
	                     Static Reshape (NC)	    0.001	    0.001	  0.001%	 53.102%	     0.000	        1	Delegate/Static Reshape (NC):348
	    Batch Matrix Multiply (NC, F32) GEMM	    0.649	    0.664	  0.475%	 53.577%	     0.000	        1	Delegate/Batch Matrix Multiply (NC, F32) GEMM:349
	                     Static Reshape (NC)	    0.001	    0.001	  0.001%	 53.578%	     0.000	        1	Delegate/Static Reshape (NC):350
	                       Softmax (NC, F32)	    0.302	    0.312	  0.223%	 53.801%	     0.000	        1	Delegate/Softmax (NC, F32):351
	                     Static Reshape (NC)	    0.001	    0.001	  0.001%	 53.801%	     0.000	        1	Delegate/Static Reshape (NC):352
	                     Static Reshape (NC)	    0.001	    0.001	  0.001%	 53.802%	     0.000	        1	Delegate/Static Reshape (NC):353
	    Batch Matrix Multiply (NC, F32) GEMM	    0.706	    0.727	  0.520%	 54.322%	     0.000	        1	Delegate/Batch Matrix Multiply (NC, F32) GEMM:354
	                     Static Reshape (NC)	    0.001	    0.001	  0.001%	 54.323%	     0.000	        1	Delegate/Static Reshape (NC):355
	           Transpose (ND, X32) Transpose	    0.034	    0.047	  0.034%	 54.357%	     0.000	        1	Delegate/Transpose (ND, X32) Transpose:356
	                     Static Reshape (NC)	    0.001	    0.001	  0.001%	 54.357%	     0.000	        1	Delegate/Static Reshape (NC):357
	          Fully Connected (NC, F32) GEMM	    0.622	    0.635	  0.454%	 54.811%	     0.000	        1	Delegate/Fully Connected (NC, F32) GEMM:358
	                                Add (ND)	    0.080	    0.067	  0.048%	 54.860%	     0.000	        1	Delegate/Add (ND):359
	                        Mean (ND) Reduce	    0.033	    0.040	  0.029%	 54.888%	     0.000	        1	Delegate/Mean (ND) Reduce:360
	                     Static Reshape (NC)	    0.003	    0.003	  0.002%	 54.891%	     0.000	        1	Delegate/Static Reshape (NC):361
	                 Squared Difference (ND)	    0.033	    0.039	  0.028%	 54.919%	     0.000	        1	Delegate/Squared Difference (ND):362
	                        Mean (ND) Reduce	    0.018	    0.020	  0.015%	 54.933%	     0.000	        1	Delegate/Mean (ND) Reduce:363
	                                Add (ND)	    0.003	    0.003	  0.002%	 54.936%	     0.000	        1	Delegate/Add (ND):364
	             Reciprocal Square Root (NC)	    0.005	    0.005	  0.004%	 54.939%	     0.000	        1	Delegate/Reciprocal Square Root (NC):365
	                           Multiply (ND)	    0.015	    0.032	  0.023%	 54.962%	     0.000	        1	Delegate/Multiply (ND):366
	                           Subtract (ND)	    0.003	    0.017	  0.012%	 54.974%	     0.000	        1	Delegate/Subtract (ND):367
	                     Static Reshape (NC)	    0.002	    0.002	  0.001%	 54.975%	     0.000	        1	Delegate/Static Reshape (NC):368
	                           Multiply (ND)	    0.028	    0.034	  0.024%	 55.000%	     0.000	        1	Delegate/Multiply (ND):369
	                     Static Reshape (NC)	    0.000	    0.001	  0.000%	 55.000%	     0.000	        1	Delegate/Static Reshape (NC):370
	                                Add (ND)	    0.025	    0.020	  0.014%	 55.015%	     0.000	        1	Delegate/Add (ND):371
	          Fully Connected (NC, F32) GEMM	    2.452	    2.455	  1.756%	 56.771%	     0.000	        1	Delegate/Fully Connected (NC, F32) GEMM:372
	                               GELU (NC)	    0.413	    0.436	  0.312%	 57.083%	     0.000	        1	Delegate/GELU (NC):373
	                     Static Reshape (NC)	    0.001	    0.001	  0.001%	 57.083%	     0.000	        1	Delegate/Static Reshape (NC):374
	          Fully Connected (NC, F32) GEMM	    2.639	    2.626	  1.878%	 58.962%	     0.000	        1	Delegate/Fully Connected (NC, F32) GEMM:375
	                                Add (ND)	    0.097	    0.113	  0.081%	 59.042%	     0.000	        1	Delegate/Add (ND):376
	                        Mean (ND) Reduce	    0.036	    0.036	  0.026%	 59.068%	     0.000	        1	Delegate/Mean (ND) Reduce:377
	                     Static Reshape (NC)	    0.003	    0.003	  0.002%	 59.070%	     0.000	        1	Delegate/Static Reshape (NC):378
	                 Squared Difference (ND)	    0.031	    0.033	  0.024%	 59.094%	     0.000	        1	Delegate/Squared Difference (ND):379
	                        Mean (ND) Reduce	    0.017	    0.020	  0.014%	 59.108%	     0.000	        1	Delegate/Mean (ND) Reduce:380
	                                Add (ND)	    0.003	    0.003	  0.002%	 59.110%	     0.000	        1	Delegate/Add (ND):381
	             Reciprocal Square Root (NC)	    0.004	    0.005	  0.003%	 59.113%	     0.000	        1	Delegate/Reciprocal Square Root (NC):382
	                           Multiply (ND)	    0.029	    0.030	  0.022%	 59.135%	     0.000	        1	Delegate/Multiply (ND):383
	                           Subtract (ND)	    0.021	    0.017	  0.012%	 59.147%	     0.000	        1	Delegate/Subtract (ND):384
	                     Static Reshape (NC)	    0.001	    0.001	  0.001%	 59.148%	     0.000	        1	Delegate/Static Reshape (NC):385
	                           Multiply (ND)	    0.037	    0.034	  0.024%	 59.172%	     0.000	        1	Delegate/Multiply (ND):386
	                     Static Reshape (NC)	    0.001	    0.001	  0.001%	 59.173%	     0.000	        1	Delegate/Static Reshape (NC):387
	                                Add (ND)	    0.021	    0.019	  0.014%	 59.187%	     0.000	        1	Delegate/Add (ND):388
	          Fully Connected (NC, F32) GEMM	    1.793	    1.817	  1.300%	 60.487%	     0.000	        1	Delegate/Fully Connected (NC, F32) GEMM:389
	                     Static Reshape (NC)	    0.001	    0.002	  0.001%	 60.488%	     0.000	        1	Delegate/Static Reshape (NC):390
	           Transpose (ND, X32) Transpose	    0.155	    0.186	  0.133%	 60.621%	     0.000	        1	Delegate/Transpose (ND, X32) Transpose:391
	                         Slice (ND, X32)	    0.046	    0.046	  0.033%	 60.654%	     0.000	        1	Delegate/Slice (ND, X32):392
	                         Slice (ND, X32)	    0.046	    0.047	  0.033%	 60.687%	     0.000	        1	Delegate/Slice (ND, X32):393
	                         Slice (ND, X32)	    0.047	    0.049	  0.035%	 60.722%	     0.000	        1	Delegate/Slice (ND, X32):394
	                     Static Reshape (NC)	    0.001	    0.001	  0.001%	 60.723%	     0.000	        1	Delegate/Static Reshape (NC):395
	                     Static Reshape (NC)	    0.003	    0.001	  0.001%	 60.724%	     0.000	        1	Delegate/Static Reshape (NC):396
	                           Multiply (ND)	    0.069	    0.069	  0.049%	 60.773%	     0.000	        1	Delegate/Multiply (ND):397
	                           Multiply (ND)	    0.052	    0.054	  0.039%	 60.812%	     0.000	        1	Delegate/Multiply (ND):398
	           Transpose (ND, X32) Transpose	    0.056	    0.060	  0.043%	 60.855%	     0.000	        1	Delegate/Transpose (ND, X32) Transpose:399
	                     Static Reshape (NC)	    0.001	    0.001	  0.001%	 60.856%	     0.000	        1	Delegate/Static Reshape (NC):400
	                     Static Reshape (NC)	    0.000	    0.001	  0.000%	 60.856%	     0.000	        1	Delegate/Static Reshape (NC):401
	    Batch Matrix Multiply (NC, F32) GEMM	    0.681	    0.650	  0.465%	 61.321%	     0.000	        1	Delegate/Batch Matrix Multiply (NC, F32) GEMM:402
	                     Static Reshape (NC)	    0.002	    0.002	  0.001%	 61.323%	     0.000	        1	Delegate/Static Reshape (NC):403
	                       Softmax (NC, F32)	    0.322	    0.313	  0.224%	 61.546%	     0.000	        1	Delegate/Softmax (NC, F32):404
	                     Static Reshape (NC)	    0.001	    0.001	  0.001%	 61.547%	     0.000	        1	Delegate/Static Reshape (NC):405
	                     Static Reshape (NC)	    0.001	    0.001	  0.000%	 61.548%	     0.000	        1	Delegate/Static Reshape (NC):406
	    Batch Matrix Multiply (NC, F32) GEMM	    0.719	    0.730	  0.522%	 62.070%	     0.000	        1	Delegate/Batch Matrix Multiply (NC, F32) GEMM:407
	                     Static Reshape (NC)	    0.001	    0.001	  0.001%	 62.071%	     0.000	        1	Delegate/Static Reshape (NC):408
	           Transpose (ND, X32) Transpose	    0.042	    0.051	  0.036%	 62.107%	     0.000	        1	Delegate/Transpose (ND, X32) Transpose:409
	                     Static Reshape (NC)	    0.001	    0.001	  0.001%	 62.107%	     0.000	        1	Delegate/Static Reshape (NC):410
	          Fully Connected (NC, F32) GEMM	    0.623	    0.638	  0.456%	 62.564%	     0.000	        1	Delegate/Fully Connected (NC, F32) GEMM:411
	                                Add (ND)	    0.066	    0.066	  0.047%	 62.611%	     0.000	        1	Delegate/Add (ND):412
	                        Mean (ND) Reduce	    0.069	    0.032	  0.023%	 62.633%	     0.000	        1	Delegate/Mean (ND) Reduce:413
	                     Static Reshape (NC)	    0.003	    0.002	  0.002%	 62.635%	     0.000	        1	Delegate/Static Reshape (NC):414
	                 Squared Difference (ND)	    0.038	    0.038	  0.027%	 62.662%	     0.000	        1	Delegate/Squared Difference (ND):415
	                        Mean (ND) Reduce	    0.018	    0.022	  0.015%	 62.678%	     0.000	        1	Delegate/Mean (ND) Reduce:416
	                                Add (ND)	    0.003	    0.003	  0.002%	 62.680%	     0.000	        1	Delegate/Add (ND):417
	             Reciprocal Square Root (NC)	    0.005	    0.005	  0.004%	 62.684%	     0.000	        1	Delegate/Reciprocal Square Root (NC):418
	                           Multiply (ND)	    0.023	    0.033	  0.023%	 62.707%	     0.000	        1	Delegate/Multiply (ND):419
	                           Subtract (ND)	    0.014	    0.015	  0.010%	 62.717%	     0.000	        1	Delegate/Subtract (ND):420
	                     Static Reshape (NC)	    0.002	    0.002	  0.001%	 62.719%	     0.000	        1	Delegate/Static Reshape (NC):421
	                           Multiply (ND)	    0.032	    0.034	  0.024%	 62.743%	     0.000	        1	Delegate/Multiply (ND):422
	                     Static Reshape (NC)	    0.003	    0.001	  0.001%	 62.744%	     0.000	        1	Delegate/Static Reshape (NC):423
	                                Add (ND)	    0.027	    0.022	  0.016%	 62.760%	     0.000	        1	Delegate/Add (ND):424
	          Fully Connected (NC, F32) GEMM	    2.456	    2.444	  1.748%	 64.508%	     0.000	        1	Delegate/Fully Connected (NC, F32) GEMM:425
	                               GELU (NC)	    0.415	    0.443	  0.317%	 64.825%	     0.000	        1	Delegate/GELU (NC):426
	                     Static Reshape (NC)	    0.002	    0.001	  0.001%	 64.826%	     0.000	        1	Delegate/Static Reshape (NC):427
	          Fully Connected (NC, F32) GEMM	    2.955	    2.952	  2.112%	 66.938%	     0.000	        1	Delegate/Fully Connected (NC, F32) GEMM:428
	                                Add (ND)	    0.115	    0.117	  0.083%	 67.021%	     0.000	        1	Delegate/Add (ND):429
	                        Mean (ND) Reduce	    0.032	    0.038	  0.027%	 67.048%	     0.000	        1	Delegate/Mean (ND) Reduce:430
	                     Static Reshape (NC)	    0.003	    0.003	  0.002%	 67.050%	     0.000	        1	Delegate/Static Reshape (NC):431
	                 Squared Difference (ND)	    0.035	    0.033	  0.023%	 67.074%	     0.000	        1	Delegate/Squared Difference (ND):432
	                        Mean (ND) Reduce	    0.018	    0.019	  0.014%	 67.088%	     0.000	        1	Delegate/Mean (ND) Reduce:433
	                                Add (ND)	    0.003	    0.003	  0.002%	 67.090%	     0.000	        1	Delegate/Add (ND):434
	             Reciprocal Square Root (NC)	    0.005	    0.005	  0.004%	 67.093%	     0.000	        1	Delegate/Reciprocal Square Root (NC):435
	                           Multiply (ND)	    0.029	    0.032	  0.023%	 67.116%	     0.000	        1	Delegate/Multiply (ND):436
	                           Subtract (ND)	    0.022	    0.020	  0.014%	 67.130%	     0.000	        1	Delegate/Subtract (ND):437
	                     Static Reshape (NC)	    0.001	    0.001	  0.001%	 67.131%	     0.000	        1	Delegate/Static Reshape (NC):438
	                           Multiply (ND)	    0.035	    0.033	  0.023%	 67.155%	     0.000	        1	Delegate/Multiply (ND):439
	                     Static Reshape (NC)	    0.001	    0.001	  0.001%	 67.155%	     0.000	        1	Delegate/Static Reshape (NC):440
	                                Add (ND)	    0.019	    0.020	  0.014%	 67.169%	     0.000	        1	Delegate/Add (ND):441
	          Fully Connected (NC, F32) GEMM	    1.787	    1.810	  1.295%	 68.464%	     0.000	        1	Delegate/Fully Connected (NC, F32) GEMM:442
	                     Static Reshape (NC)	    0.002	    0.003	  0.002%	 68.466%	     0.000	        1	Delegate/Static Reshape (NC):443
	           Transpose (ND, X32) Transpose	    0.132	    0.196	  0.140%	 68.607%	     0.000	        1	Delegate/Transpose (ND, X32) Transpose:444
	                         Slice (ND, X32)	    0.050	    0.044	  0.032%	 68.638%	     0.000	        1	Delegate/Slice (ND, X32):445
	                         Slice (ND, X32)	    0.044	    0.046	  0.033%	 68.671%	     0.000	        1	Delegate/Slice (ND, X32):446
	                         Slice (ND, X32)	    0.049	    0.050	  0.036%	 68.707%	     0.000	        1	Delegate/Slice (ND, X32):447
	                     Static Reshape (NC)	    0.001	    0.001	  0.001%	 68.707%	     0.000	        1	Delegate/Static Reshape (NC):448
	                     Static Reshape (NC)	    0.001	    0.001	  0.001%	 68.708%	     0.000	        1	Delegate/Static Reshape (NC):449
	                           Multiply (ND)	    0.079	    0.067	  0.048%	 68.756%	     0.000	        1	Delegate/Multiply (ND):450
	                           Multiply (ND)	    0.057	    0.056	  0.040%	 68.796%	     0.000	        1	Delegate/Multiply (ND):451
	           Transpose (ND, X32) Transpose	    0.056	    0.060	  0.043%	 68.839%	     0.000	        1	Delegate/Transpose (ND, X32) Transpose:452
	                     Static Reshape (NC)	    0.001	    0.001	  0.000%	 68.839%	     0.000	        1	Delegate/Static Reshape (NC):453
	                     Static Reshape (NC)	    0.000	    0.000	  0.000%	 68.839%	     0.000	        1	Delegate/Static Reshape (NC):454
	    Batch Matrix Multiply (NC, F32) GEMM	    0.648	    0.650	  0.465%	 69.304%	     0.000	        1	Delegate/Batch Matrix Multiply (NC, F32) GEMM:455
	                     Static Reshape (NC)	    0.001	    0.002	  0.001%	 69.305%	     0.000	        1	Delegate/Static Reshape (NC):456
	                       Softmax (NC, F32)	    0.314	    0.316	  0.226%	 69.531%	     0.000	        1	Delegate/Softmax (NC, F32):457
	                     Static Reshape (NC)	    0.001	    0.001	  0.001%	 69.532%	     0.000	        1	Delegate/Static Reshape (NC):458
	                     Static Reshape (NC)	    0.001	    0.001	  0.001%	 69.532%	     0.000	        1	Delegate/Static Reshape (NC):459
	    Batch Matrix Multiply (NC, F32) GEMM	    0.763	    0.732	  0.523%	 70.056%	     0.000	        1	Delegate/Batch Matrix Multiply (NC, F32) GEMM:460
	                     Static Reshape (NC)	    0.002	    0.001	  0.001%	 70.057%	     0.000	        1	Delegate/Static Reshape (NC):461
	           Transpose (ND, X32) Transpose	    0.040	    0.048	  0.034%	 70.091%	     0.000	        1	Delegate/Transpose (ND, X32) Transpose:462
	                     Static Reshape (NC)	    0.001	    0.001	  0.001%	 70.092%	     0.000	        1	Delegate/Static Reshape (NC):463
	          Fully Connected (NC, F32) GEMM	    0.635	    0.647	  0.463%	 70.554%	     0.000	        1	Delegate/Fully Connected (NC, F32) GEMM:464
	                                Add (ND)	    0.065	    0.067	  0.048%	 70.602%	     0.000	        1	Delegate/Add (ND):465
	                        Mean (ND) Reduce	    0.024	    0.034	  0.024%	 70.626%	     0.000	        1	Delegate/Mean (ND) Reduce:466
	                     Static Reshape (NC)	    0.003	    0.003	  0.002%	 70.628%	     0.000	        1	Delegate/Static Reshape (NC):467
	                 Squared Difference (ND)	    0.054	    0.043	  0.031%	 70.659%	     0.000	        1	Delegate/Squared Difference (ND):468
	                        Mean (ND) Reduce	    0.017	    0.022	  0.015%	 70.674%	     0.000	        1	Delegate/Mean (ND) Reduce:469
	                                Add (ND)	    0.003	    0.004	  0.003%	 70.677%	     0.000	        1	Delegate/Add (ND):470
	             Reciprocal Square Root (NC)	    0.005	    0.005	  0.004%	 70.680%	     0.000	        1	Delegate/Reciprocal Square Root (NC):471
	                           Multiply (ND)	    0.039	    0.032	  0.023%	 70.704%	     0.000	        1	Delegate/Multiply (ND):472
	                           Subtract (ND)	    0.014	    0.018	  0.013%	 70.716%	     0.000	        1	Delegate/Subtract (ND):473
	                     Static Reshape (NC)	    0.001	    0.001	  0.001%	 70.717%	     0.000	        1	Delegate/Static Reshape (NC):474
	                           Multiply (ND)	    0.031	    0.035	  0.025%	 70.742%	     0.000	        1	Delegate/Multiply (ND):475
	                     Static Reshape (NC)	    0.001	    0.001	  0.001%	 70.743%	     0.000	        1	Delegate/Static Reshape (NC):476
	                                Add (ND)	    0.021	    0.023	  0.016%	 70.759%	     0.000	        1	Delegate/Add (ND):477
	          Fully Connected (NC, F32) GEMM	    2.456	    2.472	  1.768%	 72.527%	     0.000	        1	Delegate/Fully Connected (NC, F32) GEMM:478
	                               GELU (NC)	    0.426	    0.429	  0.307%	 72.834%	     0.000	        1	Delegate/GELU (NC):479
	                     Static Reshape (NC)	    0.002	    0.001	  0.001%	 72.835%	     0.000	        1	Delegate/Static Reshape (NC):480
	          Fully Connected (NC, F32) GEMM	    3.278	    3.326	  2.379%	 75.214%	     0.000	        1	Delegate/Fully Connected (NC, F32) GEMM:481
	                                Add (ND)	    0.123	    0.159	  0.114%	 75.328%	     0.000	        1	Delegate/Add (ND):482
	                        Mean (ND) Reduce	    0.061	    0.040	  0.029%	 75.357%	     0.000	        1	Delegate/Mean (ND) Reduce:483
	                     Static Reshape (NC)	    0.004	    0.004	  0.003%	 75.360%	     0.000	        1	Delegate/Static Reshape (NC):484
	                 Squared Difference (ND)	    0.038	    0.034	  0.025%	 75.384%	     0.000	        1	Delegate/Squared Difference (ND):485
	                        Mean (ND) Reduce	    0.018	    0.019	  0.014%	 75.398%	     0.000	        1	Delegate/Mean (ND) Reduce:486
	                                Add (ND)	    0.003	    0.003	  0.002%	 75.400%	     0.000	        1	Delegate/Add (ND):487
	             Reciprocal Square Root (NC)	    0.005	    0.005	  0.004%	 75.404%	     0.000	        1	Delegate/Reciprocal Square Root (NC):488
	                           Multiply (ND)	    0.030	    0.033	  0.024%	 75.428%	     0.000	        1	Delegate/Multiply (ND):489
	                           Subtract (ND)	    0.013	    0.018	  0.013%	 75.441%	     0.000	        1	Delegate/Subtract (ND):490
	                     Static Reshape (NC)	    0.002	    0.002	  0.001%	 75.442%	     0.000	        1	Delegate/Static Reshape (NC):491
	                           Multiply (ND)	    0.033	    0.036	  0.026%	 75.468%	     0.000	        1	Delegate/Multiply (ND):492
	                     Static Reshape (NC)	    0.003	    0.001	  0.001%	 75.469%	     0.000	        1	Delegate/Static Reshape (NC):493
	                                Add (ND)	    0.020	    0.022	  0.016%	 75.485%	     0.000	        1	Delegate/Add (ND):494
	          Fully Connected (NC, F32) GEMM	    1.803	    1.812	  1.296%	 76.781%	     0.000	        1	Delegate/Fully Connected (NC, F32) GEMM:495
	                     Static Reshape (NC)	    0.002	    0.002	  0.001%	 76.782%	     0.000	        1	Delegate/Static Reshape (NC):496
	           Transpose (ND, X32) Transpose	    0.194	    0.195	  0.139%	 76.922%	     0.000	        1	Delegate/Transpose (ND, X32) Transpose:497
	                         Slice (ND, X32)	    0.047	    0.045	  0.032%	 76.954%	     0.000	        1	Delegate/Slice (ND, X32):498
	                         Slice (ND, X32)	    0.045	    0.046	  0.033%	 76.987%	     0.000	        1	Delegate/Slice (ND, X32):499
	                         Slice (ND, X32)	    0.052	    0.048	  0.034%	 77.021%	     0.000	        1	Delegate/Slice (ND, X32):500
	                     Static Reshape (NC)	    0.001	    0.001	  0.001%	 77.022%	     0.000	        1	Delegate/Static Reshape (NC):501
	                     Static Reshape (NC)	    0.001	    0.001	  0.001%	 77.023%	     0.000	        1	Delegate/Static Reshape (NC):502
	                           Multiply (ND)	    0.062	    0.068	  0.049%	 77.071%	     0.000	        1	Delegate/Multiply (ND):503
	                           Multiply (ND)	    0.053	    0.055	  0.040%	 77.111%	     0.000	        1	Delegate/Multiply (ND):504
	           Transpose (ND, X32) Transpose	    0.059	    0.059	  0.042%	 77.153%	     0.000	        1	Delegate/Transpose (ND, X32) Transpose:505
	                     Static Reshape (NC)	    0.001	    0.001	  0.001%	 77.154%	     0.000	        1	Delegate/Static Reshape (NC):506
	                     Static Reshape (NC)	    0.001	    0.001	  0.001%	 77.155%	     0.000	        1	Delegate/Static Reshape (NC):507
	    Batch Matrix Multiply (NC, F32) GEMM	    0.652	    0.656	  0.469%	 77.624%	     0.000	        1	Delegate/Batch Matrix Multiply (NC, F32) GEMM:508
	                     Static Reshape (NC)	    0.002	    0.002	  0.001%	 77.625%	     0.000	        1	Delegate/Static Reshape (NC):509
	                       Softmax (NC, F32)	    0.310	    0.312	  0.223%	 77.848%	     0.000	        1	Delegate/Softmax (NC, F32):510
	                     Static Reshape (NC)	    0.001	    0.001	  0.001%	 77.849%	     0.000	        1	Delegate/Static Reshape (NC):511
	                     Static Reshape (NC)	    0.001	    0.001	  0.001%	 77.850%	     0.000	        1	Delegate/Static Reshape (NC):512
	    Batch Matrix Multiply (NC, F32) GEMM	    0.751	    0.743	  0.531%	 78.381%	     0.000	        1	Delegate/Batch Matrix Multiply (NC, F32) GEMM:513
	                     Static Reshape (NC)	    0.002	    0.001	  0.001%	 78.382%	     0.000	        1	Delegate/Static Reshape (NC):514
	           Transpose (ND, X32) Transpose	    0.045	    0.049	  0.035%	 78.417%	     0.000	        1	Delegate/Transpose (ND, X32) Transpose:515
	                     Static Reshape (NC)	    0.001	    0.001	  0.001%	 78.418%	     0.000	        1	Delegate/Static Reshape (NC):516
	          Fully Connected (NC, F32) GEMM	    0.631	    0.635	  0.454%	 78.872%	     0.000	        1	Delegate/Fully Connected (NC, F32) GEMM:517
	                                Add (ND)	    0.067	    0.066	  0.047%	 78.920%	     0.000	        1	Delegate/Add (ND):518
	                        Mean (ND) Reduce	    0.022	    0.038	  0.027%	 78.947%	     0.000	        1	Delegate/Mean (ND) Reduce:519
	                     Static Reshape (NC)	    0.003	    0.004	  0.003%	 78.950%	     0.000	        1	Delegate/Static Reshape (NC):520
	                 Squared Difference (ND)	    0.070	    0.042	  0.030%	 78.980%	     0.000	        1	Delegate/Squared Difference (ND):521
	                        Mean (ND) Reduce	    0.030	    0.020	  0.014%	 78.994%	     0.000	        1	Delegate/Mean (ND) Reduce:522
	                                Add (ND)	    0.003	    0.003	  0.002%	 78.997%	     0.000	        1	Delegate/Add (ND):523
	             Reciprocal Square Root (NC)	    0.005	    0.005	  0.004%	 79.000%	     0.000	        1	Delegate/Reciprocal Square Root (NC):524
	                           Multiply (ND)	    0.023	    0.030	  0.021%	 79.022%	     0.000	        1	Delegate/Multiply (ND):525
	                           Subtract (ND)	    0.020	    0.016	  0.011%	 79.033%	     0.000	        1	Delegate/Subtract (ND):526
	                     Static Reshape (NC)	    0.002	    0.002	  0.001%	 79.034%	     0.000	        1	Delegate/Static Reshape (NC):527
	                           Multiply (ND)	    0.037	    0.035	  0.025%	 79.059%	     0.000	        1	Delegate/Multiply (ND):528
	                     Static Reshape (NC)	    0.001	    0.001	  0.001%	 79.060%	     0.000	        1	Delegate/Static Reshape (NC):529
	                                Add (ND)	    0.021	    0.051	  0.036%	 79.096%	     0.000	        1	Delegate/Add (ND):530
	          Fully Connected (NC, F32) GEMM	    2.410	    2.466	  1.764%	 80.860%	     0.000	        1	Delegate/Fully Connected (NC, F32) GEMM:531
	                               GELU (NC)	    0.472	    0.433	  0.310%	 81.170%	     0.000	        1	Delegate/GELU (NC):532
	                     Static Reshape (NC)	    0.004	    0.001	  0.001%	 81.170%	     0.000	        1	Delegate/Static Reshape (NC):533
	          Fully Connected (NC, F32) GEMM	    2.999	    3.068	  2.195%	 83.365%	     0.000	        1	Delegate/Fully Connected (NC, F32) GEMM:534
	                                Add (ND)	    0.111	    0.116	  0.083%	 83.448%	     0.000	        1	Delegate/Add (ND):535
	                        Mean (ND) Reduce	    0.034	    0.034	  0.024%	 83.473%	     0.000	        1	Delegate/Mean (ND) Reduce:536
	                     Static Reshape (NC)	    0.002	    0.003	  0.002%	 83.475%	     0.000	        1	Delegate/Static Reshape (NC):537
	                 Squared Difference (ND)	    0.026	    0.029	  0.021%	 83.495%	     0.000	        1	Delegate/Squared Difference (ND):538
	                        Mean (ND) Reduce	    0.019	    0.020	  0.014%	 83.510%	     0.000	        1	Delegate/Mean (ND) Reduce:539
	                                Add (ND)	    0.003	    0.003	  0.002%	 83.512%	     0.000	        1	Delegate/Add (ND):540
	             Reciprocal Square Root (NC)	    0.005	    0.005	  0.004%	 83.515%	     0.000	        1	Delegate/Reciprocal Square Root (NC):541
	                           Multiply (ND)	    0.031	    0.034	  0.024%	 83.540%	     0.000	        1	Delegate/Multiply (ND):542
	                           Subtract (ND)	    0.015	    0.016	  0.011%	 83.551%	     0.000	        1	Delegate/Subtract (ND):543
	                     Static Reshape (NC)	    0.002	    0.002	  0.001%	 83.553%	     0.000	        1	Delegate/Static Reshape (NC):544
	                           Multiply (ND)	    0.041	    0.038	  0.027%	 83.580%	     0.000	        1	Delegate/Multiply (ND):545
	                     Static Reshape (NC)	    0.001	    0.001	  0.001%	 83.580%	     0.000	        1	Delegate/Static Reshape (NC):546
	                                Add (ND)	    0.022	    0.021	  0.015%	 83.595%	     0.000	        1	Delegate/Add (ND):547
	          Fully Connected (NC, F32) GEMM	    1.825	    1.821	  1.303%	 84.898%	     0.000	        1	Delegate/Fully Connected (NC, F32) GEMM:548
	                     Static Reshape (NC)	    0.002	    0.002	  0.001%	 84.900%	     0.000	        1	Delegate/Static Reshape (NC):549
	           Transpose (ND, X32) Transpose	    0.202	    0.175	  0.125%	 85.025%	     0.000	        1	Delegate/Transpose (ND, X32) Transpose:550
	                         Slice (ND, X32)	    0.044	    0.043	  0.031%	 85.056%	     0.000	        1	Delegate/Slice (ND, X32):551
	                         Slice (ND, X32)	    0.048	    0.044	  0.031%	 85.087%	     0.000	        1	Delegate/Slice (ND, X32):552
	                         Slice (ND, X32)	    0.042	    0.044	  0.031%	 85.119%	     0.000	        1	Delegate/Slice (ND, X32):553
	                     Static Reshape (NC)	    0.001	    0.001	  0.000%	 85.119%	     0.000	        1	Delegate/Static Reshape (NC):554
	                     Static Reshape (NC)	    0.001	    0.001	  0.001%	 85.120%	     0.000	        1	Delegate/Static Reshape (NC):555
	                           Multiply (ND)	    0.064	    0.078	  0.056%	 85.175%	     0.000	        1	Delegate/Multiply (ND):556
	                           Multiply (ND)	    0.053	    0.057	  0.041%	 85.216%	     0.000	        1	Delegate/Multiply (ND):557
	           Transpose (ND, X32) Transpose	    0.056	    0.059	  0.042%	 85.258%	     0.000	        1	Delegate/Transpose (ND, X32) Transpose:558
	                     Static Reshape (NC)	    0.001	    0.001	  0.001%	 85.259%	     0.000	        1	Delegate/Static Reshape (NC):559
	                     Static Reshape (NC)	    0.001	    0.001	  0.001%	 85.260%	     0.000	        1	Delegate/Static Reshape (NC):560
	    Batch Matrix Multiply (NC, F32) GEMM	    0.642	    0.654	  0.468%	 85.728%	     0.000	        1	Delegate/Batch Matrix Multiply (NC, F32) GEMM:561
	                     Static Reshape (NC)	    0.001	    0.001	  0.001%	 85.729%	     0.000	        1	Delegate/Static Reshape (NC):562
	                       Softmax (NC, F32)	    0.304	    0.316	  0.226%	 85.955%	     0.000	        1	Delegate/Softmax (NC, F32):563
	                     Static Reshape (NC)	    0.001	    0.001	  0.001%	 85.956%	     0.000	        1	Delegate/Static Reshape (NC):564
	                     Static Reshape (NC)	    0.001	    0.001	  0.001%	 85.957%	     0.000	        1	Delegate/Static Reshape (NC):565
	    Batch Matrix Multiply (NC, F32) GEMM	    0.730	    0.739	  0.529%	 86.485%	     0.000	        1	Delegate/Batch Matrix Multiply (NC, F32) GEMM:566
	                     Static Reshape (NC)	    0.001	    0.001	  0.001%	 86.487%	     0.000	        1	Delegate/Static Reshape (NC):567
	           Transpose (ND, X32) Transpose	    0.084	    0.051	  0.036%	 86.523%	     0.000	        1	Delegate/Transpose (ND, X32) Transpose:568
	                     Static Reshape (NC)	    0.002	    0.001	  0.001%	 86.524%	     0.000	        1	Delegate/Static Reshape (NC):569
	          Fully Connected (NC, F32) GEMM	    0.664	    0.636	  0.455%	 86.978%	     0.000	        1	Delegate/Fully Connected (NC, F32) GEMM:570
	                                Add (ND)	    0.072	    0.065	  0.046%	 87.025%	     0.000	        1	Delegate/Add (ND):571
	                        Mean (ND) Reduce	    0.028	    0.038	  0.027%	 87.052%	     0.000	        1	Delegate/Mean (ND) Reduce:572
	                     Static Reshape (NC)	    0.003	    0.003	  0.002%	 87.054%	     0.000	        1	Delegate/Static Reshape (NC):573
	                 Squared Difference (ND)	    0.026	    0.037	  0.026%	 87.081%	     0.000	        1	Delegate/Squared Difference (ND):574
	                        Mean (ND) Reduce	    0.017	    0.020	  0.014%	 87.095%	     0.000	        1	Delegate/Mean (ND) Reduce:575
	                                Add (ND)	    0.003	    0.004	  0.003%	 87.098%	     0.000	        1	Delegate/Add (ND):576
	             Reciprocal Square Root (NC)	    0.006	    0.005	  0.004%	 87.102%	     0.000	        1	Delegate/Reciprocal Square Root (NC):577
	                           Multiply (ND)	    0.029	    0.032	  0.023%	 87.125%	     0.000	        1	Delegate/Multiply (ND):578
	                           Subtract (ND)	    0.015	    0.017	  0.012%	 87.137%	     0.000	        1	Delegate/Subtract (ND):579
	                     Static Reshape (NC)	    0.002	    0.002	  0.001%	 87.138%	     0.000	        1	Delegate/Static Reshape (NC):580
	                           Multiply (ND)	    0.029	    0.032	  0.023%	 87.161%	     0.000	        1	Delegate/Multiply (ND):581
	                     Static Reshape (NC)	    0.000	    0.000	  0.000%	 87.161%	     0.000	        1	Delegate/Static Reshape (NC):582
	                                Add (ND)	    0.018	    0.020	  0.014%	 87.176%	     0.000	        1	Delegate/Add (ND):583
	          Fully Connected (NC, F32) GEMM	    2.397	    2.455	  1.756%	 88.932%	     0.000	        1	Delegate/Fully Connected (NC, F32) GEMM:584
	                               GELU (NC)	    0.456	    0.428	  0.306%	 89.238%	     0.000	        1	Delegate/GELU (NC):585
	                     Static Reshape (NC)	    0.001	    0.001	  0.001%	 89.239%	     0.000	        1	Delegate/Static Reshape (NC):586
	          Fully Connected (NC, F32) GEMM	    3.038	    3.048	  2.181%	 91.419%	     0.000	        1	Delegate/Fully Connected (NC, F32) GEMM:587
	                                Add (ND)	    0.104	    0.106	  0.076%	 91.495%	     0.000	        1	Delegate/Add (ND):588
	                        Mean (ND) Reduce	    0.023	    0.033	  0.023%	 91.518%	     0.000	        1	Delegate/Mean (ND) Reduce:589
	                     Static Reshape (NC)	    0.003	    0.003	  0.002%	 91.520%	     0.000	        1	Delegate/Static Reshape (NC):590
	                 Squared Difference (ND)	    0.037	    0.031	  0.022%	 91.543%	     0.000	        1	Delegate/Squared Difference (ND):591
	                        Mean (ND) Reduce	    0.018	    0.019	  0.014%	 91.556%	     0.000	        1	Delegate/Mean (ND) Reduce:592
	                                Add (ND)	    0.004	    0.003	  0.002%	 91.558%	     0.000	        1	Delegate/Add (ND):593
	             Reciprocal Square Root (NC)	    0.004	    0.005	  0.003%	 91.562%	     0.000	        1	Delegate/Reciprocal Square Root (NC):594
	                           Multiply (ND)	    0.019	    0.031	  0.022%	 91.584%	     0.000	        1	Delegate/Multiply (ND):595
	                           Subtract (ND)	    0.004	    0.018	  0.013%	 91.597%	     0.000	        1	Delegate/Subtract (ND):596
	                     Static Reshape (NC)	    0.001	    0.002	  0.001%	 91.598%	     0.000	        1	Delegate/Static Reshape (NC):597
	                           Multiply (ND)	    0.034	    0.038	  0.027%	 91.626%	     0.000	        1	Delegate/Multiply (ND):598
	                     Static Reshape (NC)	    0.001	    0.001	  0.001%	 91.626%	     0.000	        1	Delegate/Static Reshape (NC):599
	                                Add (ND)	    0.020	    0.021	  0.015%	 91.641%	     0.000	        1	Delegate/Add (ND):600
	          Fully Connected (NC, F32) GEMM	    1.836	    1.813	  1.297%	 92.939%	     0.000	        1	Delegate/Fully Connected (NC, F32) GEMM:601
	                     Static Reshape (NC)	    0.003	    0.002	  0.001%	 92.940%	     0.000	        1	Delegate/Static Reshape (NC):602
	           Transpose (ND, X32) Transpose	    0.197	    0.171	  0.122%	 93.062%	     0.000	        1	Delegate/Transpose (ND, X32) Transpose:603
	                         Slice (ND, X32)	    0.044	    0.047	  0.034%	 93.096%	     0.000	        1	Delegate/Slice (ND, X32):604
	                         Slice (ND, X32)	    0.046	    0.045	  0.032%	 93.128%	     0.000	        1	Delegate/Slice (ND, X32):605
	                         Slice (ND, X32)	    0.046	    0.047	  0.034%	 93.162%	     0.000	        1	Delegate/Slice (ND, X32):606
	                     Static Reshape (NC)	    0.001	    0.001	  0.001%	 93.162%	     0.000	        1	Delegate/Static Reshape (NC):607
	                     Static Reshape (NC)	    0.001	    0.001	  0.001%	 93.163%	     0.000	        1	Delegate/Static Reshape (NC):608
	                           Multiply (ND)	    0.066	    0.074	  0.053%	 93.216%	     0.000	        1	Delegate/Multiply (ND):609
	                           Multiply (ND)	    0.052	    0.088	  0.063%	 93.279%	     0.000	        1	Delegate/Multiply (ND):610
	           Transpose (ND, X32) Transpose	    0.056	    0.059	  0.042%	 93.321%	     0.000	        1	Delegate/Transpose (ND, X32) Transpose:611
	                     Static Reshape (NC)	    0.001	    0.001	  0.001%	 93.322%	     0.000	        1	Delegate/Static Reshape (NC):612
	                     Static Reshape (NC)	    0.000	    0.001	  0.000%	 93.322%	     0.000	        1	Delegate/Static Reshape (NC):613
	    Batch Matrix Multiply (NC, F32) GEMM	    0.646	    0.656	  0.469%	 93.792%	     0.000	        1	Delegate/Batch Matrix Multiply (NC, F32) GEMM:614
	                     Static Reshape (NC)	    0.001	    0.002	  0.001%	 93.793%	     0.000	        1	Delegate/Static Reshape (NC):615
	                       Softmax (NC, F32)	    0.315	    0.312	  0.223%	 94.016%	     0.000	        1	Delegate/Softmax (NC, F32):616
	                     Static Reshape (NC)	    0.001	    0.001	  0.001%	 94.017%	     0.000	        1	Delegate/Static Reshape (NC):617
	                     Static Reshape (NC)	    0.001	    0.001	  0.001%	 94.017%	     0.000	        1	Delegate/Static Reshape (NC):618
	    Batch Matrix Multiply (NC, F32) GEMM	    0.713	    0.727	  0.520%	 94.537%	     0.000	        1	Delegate/Batch Matrix Multiply (NC, F32) GEMM:619
	                     Static Reshape (NC)	    0.001	    0.002	  0.001%	 94.538%	     0.000	        1	Delegate/Static Reshape (NC):620
	           Transpose (ND, X32) Transpose	    0.068	    0.050	  0.036%	 94.574%	     0.000	        1	Delegate/Transpose (ND, X32) Transpose:621
	                     Static Reshape (NC)	    0.001	    0.001	  0.001%	 94.575%	     0.000	        1	Delegate/Static Reshape (NC):622
	          Fully Connected (NC, F32) GEMM	    0.630	    0.636	  0.455%	 95.030%	     0.000	        1	Delegate/Fully Connected (NC, F32) GEMM:623
	                                Add (ND)	    0.060	    0.067	  0.048%	 95.078%	     0.000	        1	Delegate/Add (ND):624
	                        Mean (ND) Reduce	    0.023	    0.038	  0.027%	 95.105%	     0.000	        1	Delegate/Mean (ND) Reduce:625
	                     Static Reshape (NC)	    0.002	    0.003	  0.002%	 95.106%	     0.000	        1	Delegate/Static Reshape (NC):626
	                 Squared Difference (ND)	    0.035	    0.038	  0.027%	 95.133%	     0.000	        1	Delegate/Squared Difference (ND):627
	                        Mean (ND) Reduce	    0.032	    0.021	  0.015%	 95.148%	     0.000	        1	Delegate/Mean (ND) Reduce:628
	                                Add (ND)	    0.004	    0.003	  0.002%	 95.151%	     0.000	        1	Delegate/Add (ND):629
	             Reciprocal Square Root (NC)	    0.005	    0.005	  0.004%	 95.154%	     0.000	        1	Delegate/Reciprocal Square Root (NC):630
	                           Multiply (ND)	    0.042	    0.031	  0.022%	 95.176%	     0.000	        1	Delegate/Multiply (ND):631
	                           Subtract (ND)	    0.014	    0.015	  0.011%	 95.187%	     0.000	        1	Delegate/Subtract (ND):632
	                     Static Reshape (NC)	    0.001	    0.002	  0.001%	 95.189%	     0.000	        1	Delegate/Static Reshape (NC):633
	                           Multiply (ND)	    0.028	    0.031	  0.022%	 95.211%	     0.000	        1	Delegate/Multiply (ND):634
	                     Static Reshape (NC)	    0.001	    0.001	  0.001%	 95.211%	     0.000	        1	Delegate/Static Reshape (NC):635
	                                Add (ND)	    0.020	    0.020	  0.015%	 95.226%	     0.000	        1	Delegate/Add (ND):636
	          Fully Connected (NC, F32) GEMM	    2.437	    2.452	  1.754%	 96.980%	     0.000	        1	Delegate/Fully Connected (NC, F32) GEMM:637
	                               GELU (NC)	    0.458	    0.429	  0.307%	 97.287%	     0.000	        1	Delegate/GELU (NC):638
	                     Static Reshape (NC)	    0.002	    0.001	  0.001%	 97.288%	     0.000	        1	Delegate/Static Reshape (NC):639
	          Fully Connected (NC, F32) GEMM	    3.084	    3.049	  2.181%	 99.469%	     0.000	        1	Delegate/Fully Connected (NC, F32) GEMM:640
	                                Add (ND)	    0.115	    0.120	  0.086%	 99.555%	     0.000	        1	Delegate/Add (ND):641
	                        Mean (ND) Reduce	    0.030	    0.034	  0.025%	 99.579%	     0.000	        1	Delegate/Mean (ND) Reduce:642
	                     Static Reshape (NC)	    0.002	    0.003	  0.002%	 99.581%	     0.000	        1	Delegate/Static Reshape (NC):643
	                 Squared Difference (ND)	    0.042	    0.040	  0.029%	 99.610%	     0.000	        1	Delegate/Squared Difference (ND):644
	                        Mean (ND) Reduce	    0.024	    0.022	  0.016%	 99.626%	     0.000	        1	Delegate/Mean (ND) Reduce:645
	                                Add (ND)	    0.003	    0.003	  0.002%	 99.628%	     0.000	        1	Delegate/Add (ND):646
	             Reciprocal Square Root (NC)	    0.005	    0.005	  0.004%	 99.632%	     0.000	        1	Delegate/Reciprocal Square Root (NC):647
	                           Multiply (ND)	    0.032	    0.034	  0.024%	 99.656%	     0.000	        1	Delegate/Multiply (ND):648
	                           Subtract (ND)	    0.013	    0.019	  0.013%	 99.669%	     0.000	        1	Delegate/Subtract (ND):649
	                     Static Reshape (NC)	    0.001	    0.001	  0.001%	 99.670%	     0.000	        1	Delegate/Static Reshape (NC):650
	                           Multiply (ND)	    0.024	    0.028	  0.020%	 99.690%	     0.000	        1	Delegate/Multiply (ND):651
	                     Static Reshape (NC)	    0.001	    0.001	  0.001%	 99.691%	     0.000	        1	Delegate/Static Reshape (NC):652
	                                Add (ND)	    0.016	    0.017	  0.012%	 99.703%	     0.000	        1	Delegate/Add (ND):653
	                           Multiply (ND)	    0.023	    0.023	  0.017%	 99.720%	     0.000	        1	Delegate/Multiply (ND):654
	                                Add (ND)	    0.026	    0.027	  0.019%	 99.739%	     0.000	        1	Delegate/Add (ND):655
	                         Slice (ND, X32)	    0.002	    0.002	  0.002%	 99.740%	     0.000	        1	Delegate/Slice (ND, X32):656
	                         Slice (ND, X32)	    0.002	    0.002	  0.001%	 99.742%	     0.000	        1	Delegate/Slice (ND, X32):657
	                     Static Reshape (NC)	    0.000	    0.000	  0.000%	 99.742%	     0.000	        1	Delegate/Static Reshape (NC):658
	          Fully Connected (NC, F32) GEMM	    0.149	    0.152	  0.109%	 99.851%	     0.000	        1	Delegate/Fully Connected (NC, F32) GEMM:659
	                     Static Reshape (NC)	    0.001	    0.001	  0.001%	 99.851%	     0.000	        1	Delegate/Static Reshape (NC):660
	          Fully Connected (NC, F32) GEMM	    0.180	    0.186	  0.133%	 99.984%	     0.000	        1	Delegate/Fully Connected (NC, F32) GEMM:661
	                                Add (ND)	    0.015	    0.017	  0.012%	 99.996%	     0.000	        1	Delegate/Add (ND):662
	                           Multiply (ND)	    0.005	    0.005	  0.004%	100.000%	     0.000	        1	Delegate/Multiply (ND):663

============================== Top by Computation Time ==============================
	                             [node type]	  [first]	 [avg ms]	     [%]	  [cdf%]	  [mem KB]	[times called]	[Name]
	           Convolution (NHWC, F32) IGEMM	    6.187	    6.244	  4.466%	  4.466%	     0.000	        1	Delegate/Convolution (NHWC, F32) IGEMM:0
	          Fully Connected (NC, F32) GEMM	    3.278	    3.326	  2.379%	  6.846%	     0.000	        1	Delegate/Fully Connected (NC, F32) GEMM:481
	          Fully Connected (NC, F32) GEMM	    2.999	    3.068	  2.195%	  9.041%	     0.000	        1	Delegate/Fully Connected (NC, F32) GEMM:534
	          Fully Connected (NC, F32) GEMM	    3.084	    3.049	  2.181%	 11.222%	     0.000	        1	Delegate/Fully Connected (NC, F32) GEMM:640
	          Fully Connected (NC, F32) GEMM	    3.038	    3.048	  2.181%	 13.402%	     0.000	        1	Delegate/Fully Connected (NC, F32) GEMM:587
	          Fully Connected (NC, F32) GEMM	    2.955	    2.952	  2.112%	 15.514%	     0.000	        1	Delegate/Fully Connected (NC, F32) GEMM:428
	          Fully Connected (NC, F32) GEMM	    2.626	    2.656	  1.900%	 17.414%	     0.000	        1	Delegate/Fully Connected (NC, F32) GEMM:110
	          Fully Connected (NC, F32) GEMM	    2.583	    2.646	  1.893%	 19.307%	     0.000	        1	Delegate/Fully Connected (NC, F32) GEMM:57
	          Fully Connected (NC, F32) GEMM	    2.616	    2.628	  1.880%	 21.187%	     0.000	        1	Delegate/Fully Connected (NC, F32) GEMM:163
	          Fully Connected (NC, F32) GEMM	    2.570	    2.627	  1.879%	 23.066%	     0.000	        1	Delegate/Fully Connected (NC, F32) GEMM:269

Number of nodes executed: 664
============================== Summary by node type ==============================
	                             [Node type]	  [count]	  [avg ms]	    [avg %]	    [cdf %]	  [mem KB]	[times called]
	          Fully Connected (NC, F32) GEMM	       50	    92.900	    66.593%	    66.593%	     0.000	       50
	    Batch Matrix Multiply (NC, F32) GEMM	       24	    16.736	    11.997%	    78.589%	     0.000	       24
	           Convolution (NHWC, F32) IGEMM	        1	     6.243	     4.475%	    83.064%	     0.000	        1
	                               GELU (NC)	       12	     5.227	     3.747%	    86.811%	     0.000	       12
	           Transpose (ND, X32) Transpose	       38	     3.860	     2.767%	    89.578%	     0.000	       38
	                       Softmax (NC, F32)	       12	     3.756	     2.692%	    92.271%	     0.000	       12
	                           Multiply (ND)	       76	     3.192	     2.288%	    94.559%	     0.000	       76
	                                Add (ND)	       77	     2.909	     2.085%	    96.644%	     0.000	       77
	                         Slice (ND, X32)	       38	     1.604	     1.150%	    97.794%	     0.000	       38
	                        Mean (ND) Reduce	       50	     1.394	     0.999%	    98.793%	     0.000	       50
	                 Squared Difference (ND)	       25	     0.894	     0.641%	    99.434%	     0.000	       25
	                           Subtract (ND)	       25	     0.411	     0.295%	    99.728%	     0.000	       25
	                     Static Reshape (NC)	      210	     0.217	     0.156%	    99.884%	     0.000	      210
	             Reciprocal Square Root (NC)	       25	     0.121	     0.087%	    99.971%	     0.000	       25
	                          Copy (NC, X32)	        1	     0.041	     0.029%	   100.000%	     0.000	        1

Timings (microseconds): count=50 first=139177 curr=139161 min=138639 max=142093 avg=139787 std=751
Memory (bytes): count=0
664 nodes observed



