Running main profile with model ./models/swiftformer_xs.dist_in1k.tflite and image ./images/dog.jpg (threads: 4, delegate: xnnpack, warmup: 10, profiling: 50)

====== main_cpu with profiling ====
[INFO] Model path: ./models/swiftformer_xs.dist_in1k.tflite
[INFO] Image path: ./images/dog.jpg
[INFO] Label path: ./labels.json
[INFO] Profiling result path: ./log/cortex-a53-autotuning/output_main_profile_swiftformer_xs.dist_in1k_xnnpack_4threads_auto_tuning.csv
[INFO] Profiling enabled: YES
[INFO] Number of threads: 4
[INFO] Delegate type: xnnpack
[INFO] Warmup runs: 10
[INFO] Profiling runs: 50
[INFO] Model type detected: FP32
[INFO] Initializing profiler...
[INFO] Loading model from: ./models/swiftformer_xs.dist_in1k.tflite
INFO: Initialized TensorFlow Lite runtime.
[INFO] Model signature keys:The Model contains 1 signature key(s).They are listed below: -> Signature Key: serving_default
INFO: Created TensorFlow Lite XNNPACK delegate for CPU.
VERBOSE: XNNPack weight cache not enabled.
VERBOSE: Replacing 290 out of 290 node(s) with delegate (TfLiteXNNPackDelegate) node, yielding 1 partitions for subgraph 0.
VERBOSE: SubgraphInit called with params: 0x55be503b40, length: 0
VERBOSE: SubgraphCreate: called
VERBOSE: SubgraphCreate: created XNNPACK subgraph with 480 external values
VERBOSE: SubgraphCreate: creating XNNPACK runtime with flags: 24
VERBOSE: SubgraphCreate: created XNNPACK runtime 
[INFO] XNNPACK delegate applied successfully (threads: 4)

[INFO] Model Summary 
📥 Input tensor count  : 1
📤 Output tensor count : 1
📦 Total tensor count  : 500
🔧 Node (op) count     : 291
🧩 Delegate applied    : Yes ✅

[INFO] Shape of input_tensor: [1, 224, 224, 3]
[INFO] Processing FP32 input path

[INFO] Running 10 warm-up iterations...
[INFO] warm-up completed

[INFO] Running 50 run and profile iterations...
[INFO] run and profile completed

[INFO] Shape of output_tensor: [1, 1000]
[INFO] Processing FP32 output path

[INFO] Top 5 predictions:
- Class 561 (forklift): 1
- Class 1 (goldfish): 0
- Class 3 (tiger_shark): 0
- Class 4 (hammerhead): 0
- Class 0 (tench): 0

[INFO] Elapsed time summary
- Load Model took 0.182 ms (182 us)
- Build Interpreter took 5.245 ms (5245 us)
- Apply Delegate took 55.285 ms (55285 us)
- Allocate Tensor took 117.367 ms (117367 us)
- Load Input Image took 41.806 ms (41806 us)
- Preprocessing took 10.829 ms (10829 us)
- Inference_0 took 87.95 ms (87950 us)
- Inference_1 took 86.144 ms (86144 us)
- Inference_2 took 85.814 ms (85814 us)
- Inference_3 took 86.172 ms (86172 us)
- Inference_4 took 84.727 ms (84727 us)
- Inference_5 took 85.694 ms (85694 us)
- Inference_6 took 86.288 ms (86288 us)
- Inference_7 took 86.691 ms (86691 us)
- Inference_8 took 86.353 ms (86353 us)
- Inference_9 took 86.115 ms (86115 us)
- Inference_10 took 85.957 ms (85957 us)
- Inference_11 took 86.018 ms (86018 us)
- Inference_12 took 84.646 ms (84646 us)
- Inference_13 took 84.843 ms (84843 us)
- Inference_14 took 85.455 ms (85455 us)
- Inference_15 took 86.07 ms (86070 us)
- Inference_16 took 86.082 ms (86082 us)
- Inference_17 took 85.784 ms (85784 us)
- Inference_18 took 86.434 ms (86434 us)
- Inference_19 took 85.604 ms (85604 us)
- Inference_20 took 84.835 ms (84835 us)
- Inference_21 took 85.265 ms (85265 us)
- Inference_22 took 85.476 ms (85476 us)
- Inference_23 took 86.311 ms (86311 us)
- Inference_24 took 85.284 ms (85284 us)
- Inference_25 took 86.116 ms (86116 us)
- Inference_26 took 85.924 ms (85924 us)
- Inference_27 took 85.923 ms (85923 us)
- Inference_28 took 84.738 ms (84738 us)
- Inference_29 took 84.954 ms (84954 us)
- Inference_30 took 85.41 ms (85410 us)
- Inference_31 took 85.479 ms (85479 us)
- Inference_32 took 85.282 ms (85282 us)
- Inference_33 took 85.404 ms (85404 us)
- Inference_34 took 85.084 ms (85084 us)
- Inference_35 took 85.114 ms (85114 us)
- Inference_36 took 84.674 ms (84674 us)
- Inference_37 took 84.92 ms (84920 us)
- Inference_38 took 84.714 ms (84714 us)
- Inference_39 took 85.296 ms (85296 us)
- Inference_40 took 84.955 ms (84955 us)
- Inference_41 took 84.768 ms (84768 us)
- Inference_42 took 84.86 ms (84860 us)
- Inference_43 took 85.084 ms (85084 us)
- Inference_44 took 84.488 ms (84488 us)
- Inference_45 took 85.21 ms (85210 us)
- Inference_46 took 85.088 ms (85088 us)
- Inference_47 took 84.779 ms (84779 us)
- Inference_48 took 85.609 ms (85609 us)
- Inference_49 took 85.283 ms (85283 us)
- Postprocessing took 0.097 ms (97 us)


[INFO] Generating Ops-level profiling (log)

INFO: Profiling Info for Benchmark Initialization:
============================== Run Order ==============================
	                             [node type]	  [first]	 [avg ms]	     [%]	  [cdf%]	  [mem KB]	[times called]	[Name]
	                 ModifyGraphWithDelegate	   54.770	   54.770	 31.823%	 31.823%	 25564.000	        1	ModifyGraphWithDelegate/0
	                         AllocateTensors	  117.340	  117.340	 68.177%	100.000%	  7976.000	        1	AllocateTensors/0

============================== Top by Computation Time ==============================
	                             [node type]	  [first]	 [avg ms]	     [%]	  [cdf%]	  [mem KB]	[times called]	[Name]
	                         AllocateTensors	  117.340	  117.340	 68.177%	 68.177%	  7976.000	        1	AllocateTensors/0
	                 ModifyGraphWithDelegate	   54.770	   54.770	 31.823%	100.000%	 25564.000	        1	ModifyGraphWithDelegate/0

Number of nodes executed: 2
============================== Summary by node type ==============================
	                             [Node type]	  [count]	  [avg ms]	    [avg %]	    [cdf %]	  [mem KB]	[times called]
	                         AllocateTensors	        1	   117.340	    68.177%	    68.177%	  7976.000	        1
	                 ModifyGraphWithDelegate	        1	    54.770	    31.823%	   100.000%	 25564.000	        1

Timings (microseconds): count=2 curr=172110(all same)
Memory (bytes): count=0
2 nodes observed



INFO: Operator-wise Profiling Info for Regular Benchmark Runs:
============================== Run Order ==============================
	                             [node type]	  [first]	 [avg ms]	     [%]	  [cdf%]	  [mem KB]	[times called]	[Name]
	           Convolution (NHWC, F32) IGEMM	    2.661	    1.900	  2.243%	  2.243%	     0.000	        1	Delegate/Convolution (NHWC, F32) IGEMM:0
	           Convolution (NHWC, F32) IGEMM	    4.580	    3.224	  3.805%	  6.048%	     0.000	        1	Delegate/Convolution (NHWC, F32) IGEMM:1
	          Convolution (NHWC, F32) DWConv	    0.696	    0.698	  0.824%	  6.871%	     0.000	        1	Delegate/Convolution (NHWC, F32) DWConv:2
	          Fully Connected (NC, F32) GEMM	    2.671	    2.651	  3.129%	 10.000%	     0.000	        1	Delegate/Fully Connected (NC, F32) GEMM:3
	                               GELU (NC)	    1.715	    1.706	  2.014%	 12.014%	     0.000	        1	Delegate/GELU (NC):4
	          Fully Connected (NC, F32) GEMM	    3.604	    3.686	  4.350%	 16.364%	     0.000	        1	Delegate/Fully Connected (NC, F32) GEMM:5
	                                Add (ND)	    0.408	    0.410	  0.483%	 16.847%	     0.000	        1	Delegate/Add (ND):6
	          Convolution (NHWC, F32) DWConv	    0.636	    0.635	  0.749%	 17.596%	     0.000	        1	Delegate/Convolution (NHWC, F32) DWConv:7
	          Fully Connected (NC, F32) GEMM	    2.741	    2.709	  3.198%	 20.794%	     0.000	        1	Delegate/Fully Connected (NC, F32) GEMM:8
	                               GELU (NC)	    1.649	    1.683	  1.987%	 22.781%	     0.000	        1	Delegate/GELU (NC):9
	          Fully Connected (NC, F32) GEMM	    3.603	    3.617	  4.268%	 27.049%	     0.000	        1	Delegate/Fully Connected (NC, F32) GEMM:10
	                                Add (ND)	    0.437	    0.438	  0.517%	 27.566%	     0.000	        1	Delegate/Add (ND):11
	          Convolution (NHWC, F32) DWConv	    0.641	    0.625	  0.738%	 28.303%	     0.000	        1	Delegate/Convolution (NHWC, F32) DWConv:12
	          Fully Connected (NC, F32) GEMM	    0.675	    0.698	  0.824%	 29.128%	     0.000	        1	Delegate/Fully Connected (NC, F32) GEMM:13
	                               GELU (NC)	    0.395	    0.456	  0.538%	 29.666%	     0.000	        1	Delegate/GELU (NC):14
	          Fully Connected (NC, F32) GEMM	    0.585	    0.639	  0.754%	 30.420%	     0.000	        1	Delegate/Fully Connected (NC, F32) GEMM:15
	                                Add (ND)	    0.447	    0.419	  0.495%	 30.915%	     0.000	        1	Delegate/Add (ND):16
	           Transpose (ND, X32) Transpose	    0.519	    0.500	  0.590%	 31.505%	     0.000	        1	Delegate/Transpose (ND, X32) Transpose:17
	                     Static Reshape (NC)	    0.273	    0.264	  0.312%	 31.817%	     0.000	        1	Delegate/Static Reshape (NC):18
	           Transpose (ND, X32) Transpose	    0.753	    0.795	  0.939%	 32.756%	     0.000	        1	Delegate/Transpose (ND, X32) Transpose:19
	          Fully Connected (NC, F32) GEMM	    0.646	    0.619	  0.730%	 33.486%	     0.000	        1	Delegate/Fully Connected (NC, F32) GEMM:20
	                                Abs (NC)	    0.190	    0.193	  0.228%	 33.714%	     0.000	        1	Delegate/Abs (NC):21
	                           Multiply (ND)	    0.176	    0.183	  0.217%	 33.931%	     0.000	        1	Delegate/Multiply (ND):22
	                         Sum (ND) Reduce	    0.143	    0.145	  0.171%	 34.101%	     0.000	        1	Delegate/Sum (ND) Reduce:23
	                        Square Root (NC)	    0.071	    0.010	  0.011%	 34.113%	     0.000	        1	Delegate/Square Root (NC):24
	                            Maximum (ND)	    0.015	    0.032	  0.038%	 34.150%	     0.000	        1	Delegate/Maximum (ND):25
	                     Static Reshape (NC)	    0.001	    0.001	  0.001%	 34.151%	     0.000	        1	Delegate/Static Reshape (NC):26
	                             Divide (ND)	    0.225	    0.228	  0.269%	 34.420%	     0.000	        1	Delegate/Divide (ND):27
	          Fully Connected (NC, F32) GEMM	    0.639	    0.654	  0.772%	 35.192%	     0.000	        1	Delegate/Fully Connected (NC, F32) GEMM:28
	                                Abs (NC)	    0.207	    0.196	  0.232%	 35.424%	     0.000	        1	Delegate/Abs (NC):29
	                           Multiply (ND)	    0.113	    0.104	  0.123%	 35.547%	     0.000	        1	Delegate/Multiply (ND):30
	                         Sum (ND) Reduce	    0.129	    0.136	  0.161%	 35.708%	     0.000	        1	Delegate/Sum (ND) Reduce:31
	                        Square Root (NC)	    0.008	    0.007	  0.009%	 35.716%	     0.000	        1	Delegate/Square Root (NC):32
	                            Maximum (ND)	    0.048	    0.014	  0.017%	 35.733%	     0.000	        1	Delegate/Maximum (ND):33
	                     Static Reshape (NC)	    0.001	    0.000	  0.000%	 35.733%	     0.000	        1	Delegate/Static Reshape (NC):34
	                             Divide (ND)	    0.206	    0.193	  0.227%	 35.961%	     0.000	        1	Delegate/Divide (ND):35
	          Fully Connected (NC, F32) GEMM	    0.195	    0.199	  0.235%	 36.195%	     0.000	        1	Delegate/Fully Connected (NC, F32) GEMM:36
	                                Abs (NC)	    0.009	    0.014	  0.017%	 36.212%	     0.000	        1	Delegate/Abs (NC):37
	                           Multiply (ND)	    0.005	    0.021	  0.025%	 36.237%	     0.000	        1	Delegate/Multiply (ND):38
	                         Sum (ND) Reduce	    0.023	    0.024	  0.028%	 36.264%	     0.000	        1	Delegate/Sum (ND) Reduce:39
	                        Square Root (NC)	    0.004	    0.003	  0.004%	 36.268%	     0.000	        1	Delegate/Square Root (NC):40
	                     Static Reshape (NC)	    0.001	    0.001	  0.001%	 36.269%	     0.000	        1	Delegate/Static Reshape (NC):41
	                            Maximum (ND)	    0.002	    0.003	  0.003%	 36.272%	     0.000	        1	Delegate/Maximum (ND):42
	                             Divide (ND)	    0.061	    0.049	  0.058%	 36.330%	     0.000	        1	Delegate/Divide (ND):43
	                           Multiply (ND)	    0.247	    0.248	  0.292%	 36.622%	     0.000	        1	Delegate/Multiply (ND):44
	                         Sum (ND) Reduce	    0.374	    0.385	  0.454%	 37.077%	     0.000	        1	Delegate/Sum (ND) Reduce:45
	                           Multiply (ND)	    0.212	    0.216	  0.255%	 37.332%	     0.000	        1	Delegate/Multiply (ND):46
	                     Static Reshape (NC)	    0.001	    0.001	  0.002%	 37.333%	     0.000	        1	Delegate/Static Reshape (NC):47
	          Fully Connected (NC, F32) GEMM	    0.647	    0.624	  0.736%	 38.069%	     0.000	        1	Delegate/Fully Connected (NC, F32) GEMM:48
	                                Add (ND)	    0.279	    0.291	  0.344%	 38.413%	     0.000	        1	Delegate/Add (ND):49
	          Fully Connected (NC, F32) GEMM	    0.592	    0.603	  0.711%	 39.124%	     0.000	        1	Delegate/Fully Connected (NC, F32) GEMM:50
	           Transpose (ND, X32) Transpose	    0.297	    0.339	  0.401%	 39.524%	     0.000	        1	Delegate/Transpose (ND, X32) Transpose:51
	                     Static Reshape (NC)	    0.003	    0.002	  0.002%	 39.526%	     0.000	        1	Delegate/Static Reshape (NC):52
	                           Multiply (ND)	    0.161	    0.132	  0.155%	 39.682%	     0.000	        1	Delegate/Multiply (ND):53
	                                Add (ND)	    0.391	    0.395	  0.466%	 40.148%	     0.000	        1	Delegate/Add (ND):54
	                           Subtract (ND)	    0.257	    0.242	  0.286%	 40.433%	     0.000	        1	Delegate/Subtract (ND):55
	                           Multiply (ND)	    0.147	    0.154	  0.182%	 40.615%	     0.000	        1	Delegate/Multiply (ND):56
	                           Multiply (ND)	    0.082	    0.075	  0.088%	 40.704%	     0.000	        1	Delegate/Multiply (ND):57
	                                Add (ND)	    0.062	    0.055	  0.065%	 40.769%	     0.000	        1	Delegate/Add (ND):58
	           Transpose (ND, X32) Transpose	    0.479	    0.485	  0.572%	 41.341%	     0.000	        1	Delegate/Transpose (ND, X32) Transpose:59
	          Fully Connected (NC, F32) GEMM	    2.701	    2.781	  3.282%	 44.624%	     0.000	        1	Delegate/Fully Connected (NC, F32) GEMM:60
	                               GELU (NC)	    1.653	    1.702	  2.009%	 46.632%	     0.000	        1	Delegate/GELU (NC):61
	          Fully Connected (NC, F32) GEMM	    4.299	    3.618	  4.270%	 50.902%	     0.000	        1	Delegate/Fully Connected (NC, F32) GEMM:62
	           Transpose (ND, X32) Transpose	    0.560	    0.564	  0.666%	 51.568%	     0.000	        1	Delegate/Transpose (ND, X32) Transpose:63
	                                Add (ND)	    0.351	    0.350	  0.413%	 51.981%	     0.000	        1	Delegate/Add (ND):64
	           Transpose (ND, X32) Transpose	    0.644	    0.631	  0.744%	 52.726%	     0.000	        1	Delegate/Transpose (ND, X32) Transpose:65
	           Convolution (NHWC, F32) IGEMM	    1.646	    1.656	  1.954%	 54.680%	     0.000	        1	Delegate/Convolution (NHWC, F32) IGEMM:66
	          Convolution (NHWC, F32) DWConv	    0.207	    0.199	  0.235%	 54.915%	     0.000	        1	Delegate/Convolution (NHWC, F32) DWConv:67
	          Fully Connected (NC, F32) GEMM	    0.826	    0.796	  0.939%	 55.853%	     0.000	        1	Delegate/Fully Connected (NC, F32) GEMM:68
	                               GELU (NC)	    0.466	    0.488	  0.575%	 56.429%	     0.000	        1	Delegate/GELU (NC):69
	          Fully Connected (NC, F32) GEMM	    0.800	    0.803	  0.948%	 57.377%	     0.000	        1	Delegate/Fully Connected (NC, F32) GEMM:70
	                                Add (ND)	    0.099	    0.104	  0.122%	 57.499%	     0.000	        1	Delegate/Add (ND):71
	          Convolution (NHWC, F32) DWConv	    0.230	    0.223	  0.263%	 57.762%	     0.000	        1	Delegate/Convolution (NHWC, F32) DWConv:72
	          Fully Connected (NC, F32) GEMM	    0.786	    0.871	  1.028%	 58.790%	     0.000	        1	Delegate/Fully Connected (NC, F32) GEMM:73
	                               GELU (NC)	    0.462	    0.483	  0.569%	 59.360%	     0.000	        1	Delegate/GELU (NC):74
	          Fully Connected (NC, F32) GEMM	    0.790	    0.812	  0.958%	 60.318%	     0.000	        1	Delegate/Fully Connected (NC, F32) GEMM:75
	                                Add (ND)	    0.152	    0.116	  0.137%	 60.454%	     0.000	        1	Delegate/Add (ND):76
	          Convolution (NHWC, F32) DWConv	    0.239	    0.221	  0.261%	 60.716%	     0.000	        1	Delegate/Convolution (NHWC, F32) DWConv:77
	          Fully Connected (NC, F32) GEMM	    0.223	    0.224	  0.264%	 60.980%	     0.000	        1	Delegate/Fully Connected (NC, F32) GEMM:78
	                               GELU (NC)	    0.125	    0.128	  0.151%	 61.131%	     0.000	        1	Delegate/GELU (NC):79
	          Fully Connected (NC, F32) GEMM	    0.195	    0.204	  0.241%	 61.371%	     0.000	        1	Delegate/Fully Connected (NC, F32) GEMM:80
	                                Add (ND)	    0.031	    0.034	  0.040%	 61.411%	     0.000	        1	Delegate/Add (ND):81
	           Transpose (ND, X32) Transpose	    0.055	    0.085	  0.100%	 61.512%	     0.000	        1	Delegate/Transpose (ND, X32) Transpose:82
	                     Static Reshape (NC)	    0.043	    0.043	  0.051%	 61.563%	     0.000	        1	Delegate/Static Reshape (NC):83
	           Transpose (ND, X32) Transpose	    0.154	    0.147	  0.174%	 61.736%	     0.000	        1	Delegate/Transpose (ND, X32) Transpose:84
	          Fully Connected (NC, F32) GEMM	    0.210	    0.215	  0.254%	 61.990%	     0.000	        1	Delegate/Fully Connected (NC, F32) GEMM:85
	                                Abs (NC)	    0.042	    0.045	  0.053%	 62.043%	     0.000	        1	Delegate/Abs (NC):86
	                           Multiply (ND)	    0.032	    0.034	  0.040%	 62.083%	     0.000	        1	Delegate/Multiply (ND):87
	                         Sum (ND) Reduce	    0.037	    0.039	  0.046%	 62.129%	     0.000	        1	Delegate/Sum (ND) Reduce:88
	                        Square Root (NC)	    0.004	    0.004	  0.005%	 62.134%	     0.000	        1	Delegate/Square Root (NC):89
	                            Maximum (ND)	    0.016	    0.032	  0.037%	 62.172%	     0.000	        1	Delegate/Maximum (ND):90
	                     Static Reshape (NC)	    0.001	    0.001	  0.001%	 62.173%	     0.000	        1	Delegate/Static Reshape (NC):91
	                             Divide (ND)	    0.043	    0.048	  0.056%	 62.229%	     0.000	        1	Delegate/Divide (ND):92
	          Fully Connected (NC, F32) GEMM	    0.197	    0.200	  0.236%	 62.465%	     0.000	        1	Delegate/Fully Connected (NC, F32) GEMM:93
	                                Abs (NC)	    0.025	    0.027	  0.032%	 62.497%	     0.000	        1	Delegate/Abs (NC):94
	                           Multiply (ND)	    0.021	    0.021	  0.025%	 62.522%	     0.000	        1	Delegate/Multiply (ND):95
	                         Sum (ND) Reduce	    0.032	    0.032	  0.038%	 62.560%	     0.000	        1	Delegate/Sum (ND) Reduce:96
	                        Square Root (NC)	    0.003	    0.004	  0.005%	 62.564%	     0.000	        1	Delegate/Square Root (NC):97
	                            Maximum (ND)	    0.028	    0.018	  0.021%	 62.586%	     0.000	        1	Delegate/Maximum (ND):98
	                     Static Reshape (NC)	    0.001	    0.001	  0.001%	 62.587%	     0.000	        1	Delegate/Static Reshape (NC):99
	                             Divide (ND)	    0.048	    0.045	  0.053%	 62.640%	     0.000	        1	Delegate/Divide (ND):100
	          Fully Connected (NC, F32) GEMM	    0.034	    0.035	  0.042%	 62.682%	     0.000	        1	Delegate/Fully Connected (NC, F32) GEMM:101
	                                Abs (NC)	    0.002	    0.002	  0.003%	 62.684%	     0.000	        1	Delegate/Abs (NC):102
	                           Multiply (ND)	    0.022	    0.021	  0.025%	 62.709%	     0.000	        1	Delegate/Multiply (ND):103
	                         Sum (ND) Reduce	    0.010	    0.010	  0.012%	 62.721%	     0.000	        1	Delegate/Sum (ND) Reduce:104
	                        Square Root (NC)	    0.001	    0.001	  0.001%	 62.722%	     0.000	        1	Delegate/Square Root (NC):105
	                     Static Reshape (NC)	    0.000	    0.001	  0.001%	 62.723%	     0.000	        1	Delegate/Static Reshape (NC):106
	                            Maximum (ND)	    0.002	    0.002	  0.002%	 62.725%	     0.000	        1	Delegate/Maximum (ND):107
	                             Divide (ND)	    0.014	    0.014	  0.016%	 62.742%	     0.000	        1	Delegate/Divide (ND):108
	                           Multiply (ND)	    0.027	    0.027	  0.032%	 62.773%	     0.000	        1	Delegate/Multiply (ND):109
	                         Sum (ND) Reduce	    0.084	    0.085	  0.100%	 62.874%	     0.000	        1	Delegate/Sum (ND) Reduce:110
	                           Multiply (ND)	    0.033	    0.034	  0.040%	 62.914%	     0.000	        1	Delegate/Multiply (ND):111
	                     Static Reshape (NC)	    0.000	    0.000	  0.000%	 62.914%	     0.000	        1	Delegate/Static Reshape (NC):112
	          Fully Connected (NC, F32) GEMM	    0.194	    0.197	  0.233%	 63.147%	     0.000	        1	Delegate/Fully Connected (NC, F32) GEMM:113
	                                Add (ND)	    0.033	    0.035	  0.041%	 63.188%	     0.000	        1	Delegate/Add (ND):114
	          Fully Connected (NC, F32) GEMM	    0.194	    0.199	  0.234%	 63.422%	     0.000	        1	Delegate/Fully Connected (NC, F32) GEMM:115
	           Transpose (ND, X32) Transpose	    0.054	    0.056	  0.066%	 63.488%	     0.000	        1	Delegate/Transpose (ND, X32) Transpose:116
	                     Static Reshape (NC)	    0.000	    0.000	  0.000%	 63.488%	     0.000	        1	Delegate/Static Reshape (NC):117
	                           Multiply (ND)	    0.023	    0.021	  0.025%	 63.514%	     0.000	        1	Delegate/Multiply (ND):118
	                                Add (ND)	    0.065	    0.067	  0.079%	 63.593%	     0.000	        1	Delegate/Add (ND):119
	                           Subtract (ND)	    0.054	    0.054	  0.064%	 63.657%	     0.000	        1	Delegate/Subtract (ND):120
	                           Multiply (ND)	    0.027	    0.028	  0.033%	 63.690%	     0.000	        1	Delegate/Multiply (ND):121
	                           Multiply (ND)	    0.019	    0.020	  0.024%	 63.714%	     0.000	        1	Delegate/Multiply (ND):122
	                                Add (ND)	    0.018	    0.019	  0.022%	 63.736%	     0.000	        1	Delegate/Add (ND):123
	           Transpose (ND, X32) Transpose	    0.082	    0.081	  0.096%	 63.831%	     0.000	        1	Delegate/Transpose (ND, X32) Transpose:124
	          Fully Connected (NC, F32) GEMM	    0.799	    0.815	  0.962%	 64.794%	     0.000	        1	Delegate/Fully Connected (NC, F32) GEMM:125
	                               GELU (NC)	    0.531	    0.503	  0.594%	 65.388%	     0.000	        1	Delegate/GELU (NC):126
	          Fully Connected (NC, F32) GEMM	    0.865	    0.846	  0.999%	 66.386%	     0.000	        1	Delegate/Fully Connected (NC, F32) GEMM:127
	           Transpose (ND, X32) Transpose	    0.128	    0.123	  0.146%	 66.532%	     0.000	        1	Delegate/Transpose (ND, X32) Transpose:128
	                                Add (ND)	    0.103	    0.116	  0.137%	 66.668%	     0.000	        1	Delegate/Add (ND):129
	           Transpose (ND, X32) Transpose	    0.090	    0.103	  0.122%	 66.790%	     0.000	        1	Delegate/Transpose (ND, X32) Transpose:130
	           Convolution (NHWC, F32) IGEMM	    1.022	    1.029	  1.214%	 68.004%	     0.000	        1	Delegate/Convolution (NHWC, F32) IGEMM:131
	          Convolution (NHWC, F32) DWConv	    0.095	    0.096	  0.114%	 68.118%	     0.000	        1	Delegate/Convolution (NHWC, F32) DWConv:132
	          Fully Connected (NC, F32) GEMM	    0.775	    0.785	  0.927%	 69.045%	     0.000	        1	Delegate/Fully Connected (NC, F32) GEMM:133
	                               GELU (NC)	    0.272	    0.243	  0.287%	 69.332%	     0.000	        1	Delegate/GELU (NC):134
	          Fully Connected (NC, F32) GEMM	    0.912	    0.893	  1.054%	 70.386%	     0.000	        1	Delegate/Fully Connected (NC, F32) GEMM:135
	                                Add (ND)	    0.046	    0.046	  0.054%	 70.440%	     0.000	        1	Delegate/Add (ND):136
	          Convolution (NHWC, F32) DWConv	    0.090	    0.094	  0.111%	 70.551%	     0.000	        1	Delegate/Convolution (NHWC, F32) DWConv:137
	          Fully Connected (NC, F32) GEMM	    0.751	    0.760	  0.897%	 71.448%	     0.000	        1	Delegate/Fully Connected (NC, F32) GEMM:138
	                               GELU (NC)	    0.244	    0.236	  0.279%	 71.727%	     0.000	        1	Delegate/GELU (NC):139
	          Fully Connected (NC, F32) GEMM	    0.874	    0.971	  1.146%	 72.873%	     0.000	        1	Delegate/Fully Connected (NC, F32) GEMM:140
	                                Add (ND)	    0.040	    0.042	  0.050%	 72.923%	     0.000	        1	Delegate/Add (ND):141
	          Convolution (NHWC, F32) DWConv	    0.088	    0.100	  0.118%	 73.041%	     0.000	        1	Delegate/Convolution (NHWC, F32) DWConv:142
	          Fully Connected (NC, F32) GEMM	    0.750	    0.759	  0.896%	 73.936%	     0.000	        1	Delegate/Fully Connected (NC, F32) GEMM:143
	                               GELU (NC)	    0.260	    0.235	  0.277%	 74.214%	     0.000	        1	Delegate/GELU (NC):144
	          Fully Connected (NC, F32) GEMM	    0.892	    0.871	  1.028%	 75.242%	     0.000	        1	Delegate/Fully Connected (NC, F32) GEMM:145
	                                Add (ND)	    0.046	    0.043	  0.050%	 75.292%	     0.000	        1	Delegate/Add (ND):146
	          Convolution (NHWC, F32) DWConv	    0.104	    0.093	  0.110%	 75.402%	     0.000	        1	Delegate/Convolution (NHWC, F32) DWConv:147
	          Fully Connected (NC, F32) GEMM	    0.755	    0.790	  0.933%	 76.334%	     0.000	        1	Delegate/Fully Connected (NC, F32) GEMM:148
	                               GELU (NC)	    0.230	    0.239	  0.283%	 76.617%	     0.000	        1	Delegate/GELU (NC):149
	          Fully Connected (NC, F32) GEMM	    0.856	    0.871	  1.028%	 77.645%	     0.000	        1	Delegate/Fully Connected (NC, F32) GEMM:150
	                                Add (ND)	    0.039	    0.040	  0.048%	 77.693%	     0.000	        1	Delegate/Add (ND):151
	          Convolution (NHWC, F32) DWConv	    0.092	    0.092	  0.108%	 77.801%	     0.000	        1	Delegate/Convolution (NHWC, F32) DWConv:152
	          Fully Connected (NC, F32) GEMM	    0.806	    0.762	  0.899%	 78.700%	     0.000	        1	Delegate/Fully Connected (NC, F32) GEMM:153
	                               GELU (NC)	    0.238	    0.236	  0.278%	 78.978%	     0.000	        1	Delegate/GELU (NC):154
	          Fully Connected (NC, F32) GEMM	    0.887	    0.874	  1.032%	 80.010%	     0.000	        1	Delegate/Fully Connected (NC, F32) GEMM:155
	                                Add (ND)	    0.044	    0.043	  0.051%	 80.061%	     0.000	        1	Delegate/Add (ND):156
	          Convolution (NHWC, F32) DWConv	    0.083	    0.084	  0.099%	 80.160%	     0.000	        1	Delegate/Convolution (NHWC, F32) DWConv:157
	          Fully Connected (NC, F32) GEMM	    0.202	    0.205	  0.242%	 80.402%	     0.000	        1	Delegate/Fully Connected (NC, F32) GEMM:158
	                               GELU (NC)	    0.082	    0.078	  0.092%	 80.494%	     0.000	        1	Delegate/GELU (NC):159
	          Fully Connected (NC, F32) GEMM	    0.201	    0.202	  0.238%	 80.732%	     0.000	        1	Delegate/Fully Connected (NC, F32) GEMM:160
	                                Add (ND)	    0.019	    0.019	  0.023%	 80.755%	     0.000	        1	Delegate/Add (ND):161
	           Transpose (ND, X32) Transpose	    0.027	    0.027	  0.032%	 80.787%	     0.000	        1	Delegate/Transpose (ND, X32) Transpose:162
	                     Static Reshape (NC)	    0.024	    0.023	  0.027%	 80.814%	     0.000	        1	Delegate/Static Reshape (NC):163
	           Transpose (ND, X32) Transpose	    0.059	    0.064	  0.075%	 80.889%	     0.000	        1	Delegate/Transpose (ND, X32) Transpose:164
	          Fully Connected (NC, F32) GEMM	    0.199	    0.201	  0.237%	 81.126%	     0.000	        1	Delegate/Fully Connected (NC, F32) GEMM:165
	                                Abs (NC)	    0.021	    0.023	  0.027%	 81.153%	     0.000	        1	Delegate/Abs (NC):166
	                           Multiply (ND)	    0.012	    0.013	  0.015%	 81.168%	     0.000	        1	Delegate/Multiply (ND):167
	                         Sum (ND) Reduce	    0.016	    0.016	  0.019%	 81.187%	     0.000	        1	Delegate/Sum (ND) Reduce:168
	                        Square Root (NC)	    0.002	    0.002	  0.002%	 81.190%	     0.000	        1	Delegate/Square Root (NC):169
	                            Maximum (ND)	    0.036	    0.025	  0.029%	 81.219%	     0.000	        1	Delegate/Maximum (ND):170
	                     Static Reshape (NC)	    0.000	    0.001	  0.001%	 81.220%	     0.000	        1	Delegate/Static Reshape (NC):171
	                             Divide (ND)	    0.029	    0.029	  0.034%	 81.254%	     0.000	        1	Delegate/Divide (ND):172
	          Fully Connected (NC, F32) GEMM	    0.195	    0.194	  0.230%	 81.483%	     0.000	        1	Delegate/Fully Connected (NC, F32) GEMM:173
	                                Abs (NC)	    0.014	    0.015	  0.017%	 81.501%	     0.000	        1	Delegate/Abs (NC):174
	                           Multiply (ND)	    0.012	    0.012	  0.014%	 81.515%	     0.000	        1	Delegate/Multiply (ND):175
	                         Sum (ND) Reduce	    0.012	    0.012	  0.015%	 81.529%	     0.000	        1	Delegate/Sum (ND) Reduce:176
	                        Square Root (NC)	    0.002	    0.002	  0.002%	 81.532%	     0.000	        1	Delegate/Square Root (NC):177
	                            Maximum (ND)	    0.003	    0.007	  0.008%	 81.540%	     0.000	        1	Delegate/Maximum (ND):178
	                     Static Reshape (NC)	    0.001	    0.001	  0.001%	 81.540%	     0.000	        1	Delegate/Static Reshape (NC):179
	                             Divide (ND)	    0.020	    0.021	  0.025%	 81.565%	     0.000	        1	Delegate/Divide (ND):180
	          Fully Connected (NC, F32) GEMM	    0.022	    0.021	  0.025%	 81.590%	     0.000	        1	Delegate/Fully Connected (NC, F32) GEMM:181
	                                Abs (NC)	    0.001	    0.001	  0.001%	 81.591%	     0.000	        1	Delegate/Abs (NC):182
	                           Multiply (ND)	    0.026	    0.004	  0.004%	 81.596%	     0.000	        1	Delegate/Multiply (ND):183
	                         Sum (ND) Reduce	    0.004	    0.004	  0.005%	 81.600%	     0.000	        1	Delegate/Sum (ND) Reduce:184
	                        Square Root (NC)	    0.001	    0.001	  0.001%	 81.601%	     0.000	        1	Delegate/Square Root (NC):185
	                     Static Reshape (NC)	    0.000	    0.000	  0.000%	 81.601%	     0.000	        1	Delegate/Static Reshape (NC):186
	                            Maximum (ND)	    0.001	    0.001	  0.001%	 81.603%	     0.000	        1	Delegate/Maximum (ND):187
	                             Divide (ND)	    0.023	    0.023	  0.027%	 81.630%	     0.000	        1	Delegate/Divide (ND):188
	                           Multiply (ND)	    0.022	    0.021	  0.025%	 81.654%	     0.000	        1	Delegate/Multiply (ND):189
	                         Sum (ND) Reduce	    0.038	    0.038	  0.045%	 81.699%	     0.000	        1	Delegate/Sum (ND) Reduce:190
	                           Multiply (ND)	    0.022	    0.023	  0.027%	 81.726%	     0.000	        1	Delegate/Multiply (ND):191
	                     Static Reshape (NC)	    0.001	    0.000	  0.000%	 81.726%	     0.000	        1	Delegate/Static Reshape (NC):192
	          Fully Connected (NC, F32) GEMM	    0.192	    0.194	  0.229%	 81.955%	     0.000	        1	Delegate/Fully Connected (NC, F32) GEMM:193
	                                Add (ND)	    0.018	    0.018	  0.022%	 81.977%	     0.000	        1	Delegate/Add (ND):194
	          Fully Connected (NC, F32) GEMM	    0.191	    0.196	  0.232%	 82.208%	     0.000	        1	Delegate/Fully Connected (NC, F32) GEMM:195
	           Transpose (ND, X32) Transpose	    0.027	    0.028	  0.034%	 82.242%	     0.000	        1	Delegate/Transpose (ND, X32) Transpose:196
	                     Static Reshape (NC)	    0.000	    0.000	  0.000%	 82.242%	     0.000	        1	Delegate/Static Reshape (NC):197
	                           Multiply (ND)	    0.011	    0.014	  0.017%	 82.258%	     0.000	        1	Delegate/Multiply (ND):198
	                                Add (ND)	    0.025	    0.025	  0.030%	 82.288%	     0.000	        1	Delegate/Add (ND):199
	                           Subtract (ND)	    0.024	    0.024	  0.028%	 82.317%	     0.000	        1	Delegate/Subtract (ND):200
	                           Multiply (ND)	    0.012	    0.013	  0.015%	 82.332%	     0.000	        1	Delegate/Multiply (ND):201
	                           Multiply (ND)	    0.011	    0.011	  0.013%	 82.345%	     0.000	        1	Delegate/Multiply (ND):202
	                                Add (ND)	    0.011	    0.011	  0.013%	 82.358%	     0.000	        1	Delegate/Add (ND):203
	           Transpose (ND, X32) Transpose	    0.026	    0.026	  0.031%	 82.389%	     0.000	        1	Delegate/Transpose (ND, X32) Transpose:204
	          Fully Connected (NC, F32) GEMM	    0.762	    0.780	  0.920%	 83.309%	     0.000	        1	Delegate/Fully Connected (NC, F32) GEMM:205
	                               GELU (NC)	    0.264	    0.259	  0.306%	 83.615%	     0.000	        1	Delegate/GELU (NC):206
	          Fully Connected (NC, F32) GEMM	    0.931	    0.909	  1.073%	 84.688%	     0.000	        1	Delegate/Fully Connected (NC, F32) GEMM:207
	           Transpose (ND, X32) Transpose	    0.044	    0.042	  0.049%	 84.737%	     0.000	        1	Delegate/Transpose (ND, X32) Transpose:208
	                                Add (ND)	    0.032	    0.027	  0.032%	 84.769%	     0.000	        1	Delegate/Add (ND):209
	           Transpose (ND, X32) Transpose	    0.051	    0.051	  0.061%	 84.830%	     0.000	        1	Delegate/Transpose (ND, X32) Transpose:210
	           Convolution (NHWC, F32) IGEMM	    1.311	    1.310	  1.546%	 86.376%	     0.000	        1	Delegate/Convolution (NHWC, F32) IGEMM:211
	          Convolution (NHWC, F32) DWConv	    0.075	    0.077	  0.090%	 86.466%	     0.000	        1	Delegate/Convolution (NHWC, F32) DWConv:212
	          Fully Connected (NC, F32) GEMM	    0.831	    0.910	  1.074%	 87.540%	     0.000	        1	Delegate/Fully Connected (NC, F32) GEMM:213
	                               GELU (NC)	    0.161	    0.150	  0.177%	 87.717%	     0.000	        1	Delegate/GELU (NC):214
	          Fully Connected (NC, F32) GEMM	    1.253	    1.217	  1.436%	 89.154%	     0.000	        1	Delegate/Fully Connected (NC, F32) GEMM:215
	                                Add (ND)	    0.035	    0.039	  0.046%	 89.199%	     0.000	        1	Delegate/Add (ND):216
	          Convolution (NHWC, F32) DWConv	    0.053	    0.057	  0.067%	 89.266%	     0.000	        1	Delegate/Convolution (NHWC, F32) DWConv:217
	          Fully Connected (NC, F32) GEMM	    0.814	    0.856	  1.010%	 90.276%	     0.000	        1	Delegate/Fully Connected (NC, F32) GEMM:218
	                               GELU (NC)	    0.165	    0.145	  0.171%	 90.447%	     0.000	        1	Delegate/GELU (NC):219
	          Fully Connected (NC, F32) GEMM	    1.171	    1.198	  1.414%	 91.861%	     0.000	        1	Delegate/Fully Connected (NC, F32) GEMM:220
	                                Add (ND)	    0.052	    0.052	  0.061%	 91.922%	     0.000	        1	Delegate/Add (ND):221
	          Convolution (NHWC, F32) DWConv	    0.060	    0.060	  0.071%	 91.993%	     0.000	        1	Delegate/Convolution (NHWC, F32) DWConv:222
	          Fully Connected (NC, F32) GEMM	    0.835	    0.828	  0.977%	 92.970%	     0.000	        1	Delegate/Fully Connected (NC, F32) GEMM:223
	                               GELU (NC)	    0.136	    0.145	  0.171%	 93.141%	     0.000	        1	Delegate/GELU (NC):224
	          Fully Connected (NC, F32) GEMM	    1.200	    1.199	  1.415%	 94.556%	     0.000	        1	Delegate/Fully Connected (NC, F32) GEMM:225
	                                Add (ND)	    0.060	    0.056	  0.066%	 94.622%	     0.000	        1	Delegate/Add (ND):226
	          Convolution (NHWC, F32) DWConv	    0.060	    0.060	  0.071%	 94.692%	     0.000	        1	Delegate/Convolution (NHWC, F32) DWConv:227
	          Fully Connected (NC, F32) GEMM	    0.221	    0.220	  0.259%	 94.952%	     0.000	        1	Delegate/Fully Connected (NC, F32) GEMM:228
	                               GELU (NC)	    0.072	    0.042	  0.049%	 95.001%	     0.000	        1	Delegate/GELU (NC):229
	          Fully Connected (NC, F32) GEMM	    0.228	    0.225	  0.265%	 95.265%	     0.000	        1	Delegate/Fully Connected (NC, F32) GEMM:230
	                                Add (ND)	    0.010	    0.014	  0.016%	 95.282%	     0.000	        1	Delegate/Add (ND):231
	           Transpose (ND, X32) Transpose	    0.016	    0.017	  0.020%	 95.302%	     0.000	        1	Delegate/Transpose (ND, X32) Transpose:232
	                     Static Reshape (NC)	    0.010	    0.017	  0.020%	 95.322%	     0.000	        1	Delegate/Static Reshape (NC):233
	           Transpose (ND, X32) Transpose	    0.023	    0.030	  0.035%	 95.357%	     0.000	        1	Delegate/Transpose (ND, X32) Transpose:234
	          Fully Connected (NC, F32) GEMM	    0.216	    0.218	  0.258%	 95.615%	     0.000	        1	Delegate/Fully Connected (NC, F32) GEMM:235
	                                Abs (NC)	    0.013	    0.016	  0.019%	 95.634%	     0.000	        1	Delegate/Abs (NC):236
	                           Multiply (ND)	    0.009	    0.010	  0.011%	 95.645%	     0.000	        1	Delegate/Multiply (ND):237
	                         Sum (ND) Reduce	    0.010	    0.010	  0.012%	 95.657%	     0.000	        1	Delegate/Sum (ND) Reduce:238
	                        Square Root (NC)	    0.002	    0.002	  0.002%	 95.660%	     0.000	        1	Delegate/Square Root (NC):239
	                            Maximum (ND)	    0.003	    0.004	  0.005%	 95.665%	     0.000	        1	Delegate/Maximum (ND):240
	                     Static Reshape (NC)	    0.001	    0.001	  0.001%	 95.666%	     0.000	        1	Delegate/Static Reshape (NC):241
	                             Divide (ND)	    0.013	    0.013	  0.016%	 95.682%	     0.000	        1	Delegate/Divide (ND):242
	          Fully Connected (NC, F32) GEMM	    0.222	    0.223	  0.263%	 95.945%	     0.000	        1	Delegate/Fully Connected (NC, F32) GEMM:243
	                                Abs (NC)	    0.007	    0.010	  0.011%	 95.956%	     0.000	        1	Delegate/Abs (NC):244
	                           Multiply (ND)	    0.008	    0.009	  0.011%	 95.967%	     0.000	        1	Delegate/Multiply (ND):245
	                         Sum (ND) Reduce	    0.008	    0.008	  0.009%	 95.977%	     0.000	        1	Delegate/Sum (ND) Reduce:246
	                        Square Root (NC)	    0.001	    0.001	  0.001%	 95.978%	     0.000	        1	Delegate/Square Root (NC):247
	                            Maximum (ND)	    0.040	    0.012	  0.014%	 95.992%	     0.000	        1	Delegate/Maximum (ND):248
	                     Static Reshape (NC)	    0.001	    0.001	  0.001%	 95.993%	     0.000	        1	Delegate/Static Reshape (NC):249
	                             Divide (ND)	    0.022	    0.014	  0.016%	 96.010%	     0.000	        1	Delegate/Divide (ND):250
	          Fully Connected (NC, F32) GEMM	    0.017	    0.015	  0.018%	 96.028%	     0.000	        1	Delegate/Fully Connected (NC, F32) GEMM:251
	                                Abs (NC)	    0.001	    0.001	  0.001%	 96.029%	     0.000	        1	Delegate/Abs (NC):252
	                           Multiply (ND)	    0.024	    0.011	  0.013%	 96.042%	     0.000	        1	Delegate/Multiply (ND):253
	                         Sum (ND) Reduce	    0.003	    0.003	  0.004%	 96.046%	     0.000	        1	Delegate/Sum (ND) Reduce:254
	                        Square Root (NC)	    0.000	    0.000	  0.000%	 96.046%	     0.000	        1	Delegate/Square Root (NC):255
	                     Static Reshape (NC)	    0.000	    0.000	  0.000%	 96.046%	     0.000	        1	Delegate/Static Reshape (NC):256
	                            Maximum (ND)	    0.000	    0.001	  0.001%	 96.047%	     0.000	        1	Delegate/Maximum (ND):257
	                             Divide (ND)	    0.021	    0.028	  0.033%	 96.080%	     0.000	        1	Delegate/Divide (ND):258
	                           Multiply (ND)	    0.015	    0.016	  0.018%	 96.098%	     0.000	        1	Delegate/Multiply (ND):259
	                         Sum (ND) Reduce	    0.020	    0.019	  0.022%	 96.120%	     0.000	        1	Delegate/Sum (ND) Reduce:260
	                           Multiply (ND)	    0.016	    0.016	  0.019%	 96.140%	     0.000	        1	Delegate/Multiply (ND):261
	                     Static Reshape (NC)	    0.000	    0.000	  0.000%	 96.140%	     0.000	        1	Delegate/Static Reshape (NC):262
	          Fully Connected (NC, F32) GEMM	    0.227	    0.224	  0.264%	 96.404%	     0.000	        1	Delegate/Fully Connected (NC, F32) GEMM:263
	                                Add (ND)	    0.014	    0.011	  0.012%	 96.416%	     0.000	        1	Delegate/Add (ND):264
	          Fully Connected (NC, F32) GEMM	    0.213	    0.215	  0.254%	 96.670%	     0.000	        1	Delegate/Fully Connected (NC, F32) GEMM:265
	           Transpose (ND, X32) Transpose	    0.016	    0.017	  0.020%	 96.690%	     0.000	        1	Delegate/Transpose (ND, X32) Transpose:266
	                     Static Reshape (NC)	    0.000	    0.000	  0.000%	 96.690%	     0.000	        1	Delegate/Static Reshape (NC):267
	                           Multiply (ND)	    0.017	    0.015	  0.017%	 96.708%	     0.000	        1	Delegate/Multiply (ND):268
	                                Add (ND)	    0.019	    0.017	  0.020%	 96.728%	     0.000	        1	Delegate/Add (ND):269
	                           Subtract (ND)	    0.014	    0.014	  0.016%	 96.744%	     0.000	        1	Delegate/Subtract (ND):270
	                           Multiply (ND)	    0.010	    0.009	  0.011%	 96.754%	     0.000	        1	Delegate/Multiply (ND):271
	                           Multiply (ND)	    0.009	    0.009	  0.011%	 96.765%	     0.000	        1	Delegate/Multiply (ND):272
	                                Add (ND)	    0.009	    0.009	  0.011%	 96.776%	     0.000	        1	Delegate/Add (ND):273
	           Transpose (ND, X32) Transpose	    0.016	    0.015	  0.018%	 96.794%	     0.000	        1	Delegate/Transpose (ND, X32) Transpose:274
	          Fully Connected (NC, F32) GEMM	    0.821	    0.836	  0.987%	 97.781%	     0.000	        1	Delegate/Fully Connected (NC, F32) GEMM:275
	                               GELU (NC)	    0.150	    0.151	  0.179%	 97.959%	     0.000	        1	Delegate/GELU (NC):276
	          Fully Connected (NC, F32) GEMM	    1.210	    1.197	  1.412%	 99.372%	     0.000	        1	Delegate/Fully Connected (NC, F32) GEMM:277
	           Transpose (ND, X32) Transpose	    0.075	    0.081	  0.095%	 99.467%	     0.000	        1	Delegate/Transpose (ND, X32) Transpose:278
	                                Add (ND)	    0.027	    0.026	  0.031%	 99.498%	     0.000	        1	Delegate/Add (ND):279
	                           Subtract (ND)	    0.011	    0.011	  0.013%	 99.510%	     0.000	        1	Delegate/Subtract (ND):280
	                           Multiply (ND)	    0.010	    0.009	  0.011%	 99.521%	     0.000	        1	Delegate/Multiply (ND):281
	                           Multiply (ND)	    0.009	    0.009	  0.010%	 99.532%	     0.000	        1	Delegate/Multiply (ND):282
	                                Add (ND)	    0.008	    0.008	  0.010%	 99.542%	     0.000	        1	Delegate/Add (ND):283
	                         Sum (ND) Reduce	    0.015	    0.014	  0.017%	 99.559%	     0.000	        1	Delegate/Sum (ND) Reduce:284
	          Fully Connected (NC, F32) GEMM	    0.192	    0.191	  0.225%	 99.784%	     0.000	        1	Delegate/Fully Connected (NC, F32) GEMM:285
	          Fully Connected (NC, F32) GEMM	    0.162	    0.164	  0.193%	 99.977%	     0.000	        1	Delegate/Fully Connected (NC, F32) GEMM:286
	                                Add (ND)	    0.015	    0.015	  0.018%	 99.995%	     0.000	        1	Delegate/Add (ND):287
	                           Multiply (ND)	    0.004	    0.004	  0.005%	100.000%	     0.000	        1	Delegate/Multiply (ND):288

============================== Top by Computation Time ==============================
	                             [node type]	  [first]	 [avg ms]	     [%]	  [cdf%]	  [mem KB]	[times called]	[Name]
	          Fully Connected (NC, F32) GEMM	    3.604	    3.686	  4.350%	  4.350%	     0.000	        1	Delegate/Fully Connected (NC, F32) GEMM:5
	          Fully Connected (NC, F32) GEMM	    4.299	    3.618	  4.270%	  8.620%	     0.000	        1	Delegate/Fully Connected (NC, F32) GEMM:62
	          Fully Connected (NC, F32) GEMM	    3.603	    3.617	  4.268%	 12.888%	     0.000	        1	Delegate/Fully Connected (NC, F32) GEMM:10
	           Convolution (NHWC, F32) IGEMM	    4.580	    3.224	  3.805%	 16.693%	     0.000	        1	Delegate/Convolution (NHWC, F32) IGEMM:1
	          Fully Connected (NC, F32) GEMM	    2.701	    2.781	  3.282%	 19.975%	     0.000	        1	Delegate/Fully Connected (NC, F32) GEMM:60
	          Fully Connected (NC, F32) GEMM	    2.741	    2.709	  3.198%	 23.173%	     0.000	        1	Delegate/Fully Connected (NC, F32) GEMM:8
	          Fully Connected (NC, F32) GEMM	    2.671	    2.651	  3.129%	 26.302%	     0.000	        1	Delegate/Fully Connected (NC, F32) GEMM:3
	           Convolution (NHWC, F32) IGEMM	    2.661	    1.900	  2.243%	 28.545%	     0.000	        1	Delegate/Convolution (NHWC, F32) IGEMM:0
	                               GELU (NC)	    1.715	    1.706	  2.014%	 30.558%	     0.000	        1	Delegate/GELU (NC):4
	                               GELU (NC)	    1.653	    1.702	  2.009%	 32.567%	     0.000	        1	Delegate/GELU (NC):61

Number of nodes executed: 289
============================== Summary by node type ==============================
	                             [Node type]	  [count]	  [avg ms]	    [avg %]	    [cdf %]	  [mem KB]	[times called]
	          Fully Connected (NC, F32) GEMM	       62	    50.456	    59.641%	    59.641%	     0.000	       62
	                               GELU (NC)	       20	     9.300	    10.993%	    70.634%	     0.000	       20
	           Convolution (NHWC, F32) IGEMM	        5	     9.117	    10.777%	    81.410%	     0.000	        5
	           Transpose (ND, X32) Transpose	       23	     4.300	     5.083%	    86.493%	     0.000	       23
	          Convolution (NHWC, F32) DWConv	       16	     3.403	     4.022%	    90.515%	     0.000	       16
	                                Add (ND)	       34	     3.394	     4.012%	    94.527%	     0.000	       34
	                           Multiply (ND)	       35	     1.553	     1.836%	    96.363%	     0.000	       35
	                         Sum (ND) Reduce	       17	     0.971	     1.148%	    97.511%	     0.000	       17
	                             Divide (ND)	       12	     0.699	     0.826%	    98.337%	     0.000	       12
	                                Abs (NC)	       12	     0.538	     0.636%	    98.973%	     0.000	       12
	                     Static Reshape (NC)	       24	     0.349	     0.413%	    99.385%	     0.000	       24
	                           Subtract (ND)	        5	     0.342	     0.404%	    99.790%	     0.000	        5
	                            Maximum (ND)	       12	     0.145	     0.171%	    99.961%	     0.000	       12
	                        Square Root (NC)	       12	     0.033	     0.039%	   100.000%	     0.000	       12

Timings (microseconds): count=50 first=87113 curr=84531 min=83659 max=87113 avg=84731.9 std=670
Memory (bytes): count=0
289 nodes observed



