Running main profile with model ./models/mobilenetv4_conv_small.e2400_r224_in1k.tflite and image ./images/dog.jpg (threads: 4, delegate: xnnpack, warmup: 10, profiling: 50)

====== main_cpu with profiling ====
[INFO] Model path: ./models/mobilenetv4_conv_small.e2400_r224_in1k.tflite
[INFO] Image path: ./images/dog.jpg
[INFO] Label path: ./labels.json
[INFO] Profiling result path: ./log/cortex-a53-autotuning/output_main_profile_mobilenetv4_conv_small.e2400_r224_in1k_xnnpack_4threads_auto_tuning.csv
[INFO] Profiling enabled: YES
[INFO] Number of threads: 4
[INFO] Delegate type: xnnpack
[INFO] Warmup runs: 10
[INFO] Profiling runs: 50
[INFO] Model type detected: FP32
[INFO] Initializing profiler...
[INFO] Loading model from: ./models/mobilenetv4_conv_small.e2400_r224_in1k.tflite
INFO: Initialized TensorFlow Lite runtime.
[INFO] Model signature keys:The Model contains 1 signature key(s).They are listed below: -> Signature Key: serving_default
INFO: Created TensorFlow Lite XNNPACK delegate for CPU.
VERBOSE: XNNPack weight cache not enabled.
VERBOSE: Replacing 65 out of 65 node(s) with delegate (TfLiteXNNPackDelegate) node, yielding 1 partitions for subgraph 0.
VERBOSE: SubgraphInit called with params: 0x55924f84a0, length: 0
VERBOSE: SubgraphCreate: called
VERBOSE: SubgraphCreate: created XNNPACK subgraph with 161 external values
VERBOSE: SubgraphCreate: creating XNNPACK runtime with flags: 24
VERBOSE: SubgraphCreate: created XNNPACK runtime 
[INFO] XNNPACK delegate applied successfully (threads: 4)

[INFO] Model Summary 
📥 Input tensor count  : 1
📤 Output tensor count : 1
📦 Total tensor count  : 165
🔧 Node (op) count     : 66
🧩 Delegate applied    : Yes ✅

[INFO] Shape of input_tensor: [1, 224, 224, 3]
[INFO] Processing FP32 input path

[INFO] Running 10 warm-up iterations...
[INFO] warm-up completed

[INFO] Running 50 run and profile iterations...
[INFO] run and profile completed

[INFO] Shape of output_tensor: [1, 1000]
[INFO] Processing FP32 output path

[INFO] Top 5 predictions:
- Class 714 (pick): 1
- Class 1 (goldfish): 0
- Class 3 (tiger_shark): 0
- Class 4 (hammerhead): 0
- Class 0 (tench): 0

[INFO] Elapsed time summary
- Load Model took 0.155 ms (155 us)
- Build Interpreter took 3.609 ms (3609 us)
- Apply Delegate took 46.391 ms (46391 us)
- Allocate Tensor took 30.895 ms (30895 us)
- Load Input Image took 41.909 ms (41909 us)
- Preprocessing took 10.834 ms (10834 us)
- Inference_0 took 23.768 ms (23768 us)
- Inference_1 took 23.854 ms (23854 us)
- Inference_2 took 23.757 ms (23757 us)
- Inference_3 took 24.874 ms (24874 us)
- Inference_4 took 23.812 ms (23812 us)
- Inference_5 took 23.649 ms (23649 us)
- Inference_6 took 23.754 ms (23754 us)
- Inference_7 took 24.504 ms (24504 us)
- Inference_8 took 23.717 ms (23717 us)
- Inference_9 took 23.614 ms (23614 us)
- Inference_10 took 23.81 ms (23810 us)
- Inference_11 took 25.132 ms (25132 us)
- Inference_12 took 23.647 ms (23647 us)
- Inference_13 took 23.786 ms (23786 us)
- Inference_14 took 23.75 ms (23750 us)
- Inference_15 took 25.388 ms (25388 us)
- Inference_16 took 23.674 ms (23674 us)
- Inference_17 took 23.696 ms (23696 us)
- Inference_18 took 23.71 ms (23710 us)
- Inference_19 took 25.331 ms (25331 us)
- Inference_20 took 23.825 ms (23825 us)
- Inference_21 took 23.734 ms (23734 us)
- Inference_22 took 23.699 ms (23699 us)
- Inference_23 took 23.978 ms (23978 us)
- Inference_24 took 23.65 ms (23650 us)
- Inference_25 took 23.581 ms (23581 us)
- Inference_26 took 23.64 ms (23640 us)
- Inference_27 took 24.294 ms (24294 us)
- Inference_28 took 23.623 ms (23623 us)
- Inference_29 took 23.7 ms (23700 us)
- Inference_30 took 23.61 ms (23610 us)
- Inference_31 took 24.375 ms (24375 us)
- Inference_32 took 23.651 ms (23651 us)
- Inference_33 took 23.721 ms (23721 us)
- Inference_34 took 23.594 ms (23594 us)
- Inference_35 took 23.637 ms (23637 us)
- Inference_36 took 24.781 ms (24781 us)
- Inference_37 took 23.686 ms (23686 us)
- Inference_38 took 23.69 ms (23690 us)
- Inference_39 took 23.722 ms (23722 us)
- Inference_40 took 25.113 ms (25113 us)
- Inference_41 took 23.773 ms (23773 us)
- Inference_42 took 23.705 ms (23705 us)
- Inference_43 took 23.711 ms (23711 us)
- Inference_44 took 24.669 ms (24669 us)
- Inference_45 took 23.67 ms (23670 us)
- Inference_46 took 23.662 ms (23662 us)
- Inference_47 took 23.773 ms (23773 us)
- Inference_48 took 24.803 ms (24803 us)
- Inference_49 took 23.599 ms (23599 us)
- Postprocessing took 0.1 ms (100 us)


[INFO] Generating Ops-level profiling (log)

INFO: Profiling Info for Benchmark Initialization:
============================== Run Order ==============================
	                             [node type]	  [first]	 [avg ms]	     [%]	  [cdf%]	  [mem KB]	[times called]	[Name]
	                 ModifyGraphWithDelegate	   45.872	   45.872	 59.776%	 59.776%	 28028.000	        1	ModifyGraphWithDelegate/0
	                         AllocateTensors	   30.868	   30.868	 40.224%	100.000%	  4344.000	        1	AllocateTensors/0

============================== Top by Computation Time ==============================
	                             [node type]	  [first]	 [avg ms]	     [%]	  [cdf%]	  [mem KB]	[times called]	[Name]
	                 ModifyGraphWithDelegate	   45.872	   45.872	 59.776%	 59.776%	 28028.000	        1	ModifyGraphWithDelegate/0
	                         AllocateTensors	   30.868	   30.868	 40.224%	100.000%	  4344.000	        1	AllocateTensors/0

Number of nodes executed: 2
============================== Summary by node type ==============================
	                             [Node type]	  [count]	  [avg ms]	    [avg %]	    [cdf %]	  [mem KB]	[times called]
	                 ModifyGraphWithDelegate	        1	    45.872	    59.776%	    59.776%	 28028.000	        1
	                         AllocateTensors	        1	    30.868	    40.224%	   100.000%	  4344.000	        1

Timings (microseconds): count=2 curr=76740(all same)
Memory (bytes): count=0
2 nodes observed



INFO: Operator-wise Profiling Info for Regular Benchmark Runs:
============================== Run Order ==============================
	                             [node type]	  [first]	 [avg ms]	     [%]	  [cdf%]	  [mem KB]	[times called]	[Name]
	           Convolution (NHWC, F32) IGEMM	    2.284	    2.276	  9.601%	  9.601%	     0.000	        1	Delegate/Convolution (NHWC, F32) IGEMM:0
	           Convolution (NHWC, F32) IGEMM	    2.736	    2.848	 12.012%	 21.614%	     0.000	        1	Delegate/Convolution (NHWC, F32) IGEMM:1
	          Fully Connected (NC, F32) GEMM	    0.376	    0.343	  1.446%	 23.060%	     0.000	        1	Delegate/Fully Connected (NC, F32) GEMM:2
	           Convolution (NHWC, F32) IGEMM	    1.879	    1.903	  8.027%	 31.087%	     0.000	        1	Delegate/Convolution (NHWC, F32) IGEMM:3
	          Fully Connected (NC, F32) GEMM	    0.399	    0.398	  1.679%	 32.766%	     0.000	        1	Delegate/Fully Connected (NC, F32) GEMM:4
	          Convolution (NHWC, F32) DWConv	    0.608	    0.616	  2.600%	 35.366%	     0.000	        1	Delegate/Convolution (NHWC, F32) DWConv:5
	          Fully Connected (NC, F32) GEMM	    0.781	    0.816	  3.444%	 38.810%	     0.000	        1	Delegate/Fully Connected (NC, F32) GEMM:6
	          Convolution (NHWC, F32) DWConv	    0.930	    0.888	  3.746%	 42.556%	     0.000	        1	Delegate/Convolution (NHWC, F32) DWConv:7
	          Fully Connected (NC, F32) GEMM	    0.311	    0.311	  1.314%	 43.870%	     0.000	        1	Delegate/Fully Connected (NC, F32) GEMM:8
	          Fully Connected (NC, F32) GEMM	    0.281	    0.283	  1.193%	 45.063%	     0.000	        1	Delegate/Fully Connected (NC, F32) GEMM:9
	          Convolution (NHWC, F32) DWConv	    0.144	    0.188	  0.792%	 45.855%	     0.000	        1	Delegate/Convolution (NHWC, F32) DWConv:10
	          Fully Connected (NC, F32) GEMM	    0.303	    0.305	  1.288%	 47.143%	     0.000	        1	Delegate/Fully Connected (NC, F32) GEMM:11
	                                Add (ND)	    0.026	    0.028	  0.118%	 47.260%	     0.000	        1	Delegate/Add (ND):12
	          Fully Connected (NC, F32) GEMM	    0.280	    0.284	  1.197%	 48.458%	     0.000	        1	Delegate/Fully Connected (NC, F32) GEMM:13
	          Convolution (NHWC, F32) DWConv	    0.144	    0.148	  0.624%	 49.082%	     0.000	        1	Delegate/Convolution (NHWC, F32) DWConv:14
	          Fully Connected (NC, F32) GEMM	    0.297	    0.300	  1.266%	 50.348%	     0.000	        1	Delegate/Fully Connected (NC, F32) GEMM:15
	                                Add (ND)	    0.020	    0.021	  0.087%	 50.435%	     0.000	        1	Delegate/Add (ND):16
	          Fully Connected (NC, F32) GEMM	    0.282	    0.282	  1.188%	 51.622%	     0.000	        1	Delegate/Fully Connected (NC, F32) GEMM:17
	          Convolution (NHWC, F32) DWConv	    0.140	    0.145	  0.611%	 52.234%	     0.000	        1	Delegate/Convolution (NHWC, F32) DWConv:18
	          Fully Connected (NC, F32) GEMM	    0.298	    0.331	  1.395%	 53.629%	     0.000	        1	Delegate/Fully Connected (NC, F32) GEMM:19
	                                Add (ND)	    0.019	    0.020	  0.086%	 53.715%	     0.000	        1	Delegate/Add (ND):20
	          Fully Connected (NC, F32) GEMM	    0.281	    0.281	  1.184%	 54.898%	     0.000	        1	Delegate/Fully Connected (NC, F32) GEMM:21
	          Convolution (NHWC, F32) DWConv	    0.151	    0.157	  0.661%	 55.560%	     0.000	        1	Delegate/Convolution (NHWC, F32) DWConv:22
	          Fully Connected (NC, F32) GEMM	    0.328	    0.303	  1.279%	 56.838%	     0.000	        1	Delegate/Fully Connected (NC, F32) GEMM:23
	                                Add (ND)	    0.024	    0.021	  0.090%	 56.928%	     0.000	        1	Delegate/Add (ND):24
	          Convolution (NHWC, F32) DWConv	    0.072	    0.077	  0.324%	 57.252%	     0.000	        1	Delegate/Convolution (NHWC, F32) DWConv:25
	          Fully Connected (NC, F32) GEMM	    0.558	    0.560	  2.362%	 59.614%	     0.000	        1	Delegate/Fully Connected (NC, F32) GEMM:26
	          Fully Connected (NC, F32) GEMM	    0.697	    0.691	  2.916%	 62.530%	     0.000	        1	Delegate/Fully Connected (NC, F32) GEMM:27
	                                Add (ND)	    0.030	    0.030	  0.126%	 62.656%	     0.000	        1	Delegate/Add (ND):28
	          Convolution (NHWC, F32) DWConv	    0.074	    0.082	  0.345%	 63.001%	     0.000	        1	Delegate/Convolution (NHWC, F32) DWConv:29
	          Fully Connected (NC, F32) GEMM	    0.831	    0.842	  3.551%	 66.552%	     0.000	        1	Delegate/Fully Connected (NC, F32) GEMM:30
	          Convolution (NHWC, F32) DWConv	    0.195	    0.187	  0.787%	 67.339%	     0.000	        1	Delegate/Convolution (NHWC, F32) DWConv:31
	          Fully Connected (NC, F32) GEMM	    0.453	    0.440	  1.857%	 69.196%	     0.000	        1	Delegate/Fully Connected (NC, F32) GEMM:32
	          Convolution (NHWC, F32) DWConv	    0.105	    0.109	  0.460%	 69.656%	     0.000	        1	Delegate/Convolution (NHWC, F32) DWConv:33
	          Fully Connected (NC, F32) GEMM	    0.291	    0.293	  1.234%	 70.890%	     0.000	        1	Delegate/Fully Connected (NC, F32) GEMM:34
	          Convolution (NHWC, F32) DWConv	    0.500	    0.497	  2.095%	 72.985%	     0.000	        1	Delegate/Convolution (NHWC, F32) DWConv:35
	          Fully Connected (NC, F32) GEMM	    0.382	    0.358	  1.512%	 74.497%	     0.000	        1	Delegate/Fully Connected (NC, F32) GEMM:36
	                                Add (ND)	    0.022	    0.022	  0.092%	 74.589%	     0.000	        1	Delegate/Add (ND):37
	          Fully Connected (NC, F32) GEMM	    0.284	    0.289	  1.218%	 75.808%	     0.000	        1	Delegate/Fully Connected (NC, F32) GEMM:38
	          Convolution (NHWC, F32) DWConv	    0.500	    0.496	  2.093%	 77.901%	     0.000	        1	Delegate/Convolution (NHWC, F32) DWConv:39
	          Fully Connected (NC, F32) GEMM	    0.349	    0.353	  1.489%	 79.390%	     0.000	        1	Delegate/Fully Connected (NC, F32) GEMM:40
	                                Add (ND)	    0.021	    0.021	  0.090%	 79.480%	     0.000	        1	Delegate/Add (ND):41
	          Fully Connected (NC, F32) GEMM	    0.215	    0.217	  0.916%	 80.397%	     0.000	        1	Delegate/Fully Connected (NC, F32) GEMM:42
	          Convolution (NHWC, F32) DWConv	    0.289	    0.286	  1.209%	 81.605%	     0.000	        1	Delegate/Convolution (NHWC, F32) DWConv:43
	          Fully Connected (NC, F32) GEMM	    0.256	    0.259	  1.091%	 82.697%	     0.000	        1	Delegate/Fully Connected (NC, F32) GEMM:44
	                                Add (ND)	    0.019	    0.019	  0.079%	 82.776%	     0.000	        1	Delegate/Add (ND):45
	          Fully Connected (NC, F32) GEMM	    0.277	    0.278	  1.174%	 83.949%	     0.000	        1	Delegate/Fully Connected (NC, F32) GEMM:46
	          Convolution (NHWC, F32) DWConv	    0.157	    0.155	  0.655%	 84.605%	     0.000	        1	Delegate/Convolution (NHWC, F32) DWConv:47
	          Fully Connected (NC, F32) GEMM	    0.340	    0.339	  1.428%	 86.033%	     0.000	        1	Delegate/Fully Connected (NC, F32) GEMM:48
	                                Add (ND)	    0.021	    0.021	  0.088%	 86.121%	     0.000	        1	Delegate/Add (ND):49
	          Fully Connected (NC, F32) GEMM	    0.281	    0.282	  1.190%	 87.311%	     0.000	        1	Delegate/Fully Connected (NC, F32) GEMM:50
	          Convolution (NHWC, F32) DWConv	    0.156	    0.161	  0.678%	 87.988%	     0.000	        1	Delegate/Convolution (NHWC, F32) DWConv:51
	          Fully Connected (NC, F32) GEMM	    0.343	    0.352	  1.486%	 89.475%	     0.000	        1	Delegate/Fully Connected (NC, F32) GEMM:52
	                                Add (ND)	    0.012	    0.019	  0.079%	 89.554%	     0.000	        1	Delegate/Add (ND):53
	          Fully Connected (NC, F32) GEMM	    0.541	    0.535	  2.259%	 91.813%	     0.000	        1	Delegate/Fully Connected (NC, F32) GEMM:54
	                         Sum (ND) Reduce	    0.112	    0.114	  0.480%	 92.292%	     0.000	        1	Delegate/Sum (ND) Reduce:55
	                           Multiply (ND)	    0.041	    0.039	  0.165%	 92.457%	     0.000	        1	Delegate/Multiply (ND):56
	                     Static Reshape (NC)	    0.001	    0.001	  0.004%	 92.462%	     0.000	        1	Delegate/Static Reshape (NC):57
	          Fully Connected (NC, F32) GEMM	    0.853	    0.897	  3.784%	 96.245%	     0.000	        1	Delegate/Fully Connected (NC, F32) GEMM:58
	                     Static Reshape (NC)	    0.002	    0.002	  0.009%	 96.254%	     0.000	        1	Delegate/Static Reshape (NC):59
	          Fully Connected (NC, F32) GEMM	    0.854	    0.888	  3.746%	100.000%	     0.000	        1	Delegate/Fully Connected (NC, F32) GEMM:60

============================== Top by Computation Time ==============================
	                             [node type]	  [first]	 [avg ms]	     [%]	  [cdf%]	  [mem KB]	[times called]	[Name]
	           Convolution (NHWC, F32) IGEMM	    2.736	    2.848	 12.012%	 12.012%	     0.000	        1	Delegate/Convolution (NHWC, F32) IGEMM:1
	           Convolution (NHWC, F32) IGEMM	    2.284	    2.276	  9.601%	 21.614%	     0.000	        1	Delegate/Convolution (NHWC, F32) IGEMM:0
	           Convolution (NHWC, F32) IGEMM	    1.879	    1.903	  8.027%	 29.641%	     0.000	        1	Delegate/Convolution (NHWC, F32) IGEMM:3
	          Fully Connected (NC, F32) GEMM	    0.853	    0.897	  3.784%	 33.424%	     0.000	        1	Delegate/Fully Connected (NC, F32) GEMM:58
	          Fully Connected (NC, F32) GEMM	    0.854	    0.888	  3.746%	 37.170%	     0.000	        1	Delegate/Fully Connected (NC, F32) GEMM:60
	          Convolution (NHWC, F32) DWConv	    0.930	    0.888	  3.746%	 40.916%	     0.000	        1	Delegate/Convolution (NHWC, F32) DWConv:7
	          Fully Connected (NC, F32) GEMM	    0.831	    0.842	  3.551%	 44.467%	     0.000	        1	Delegate/Fully Connected (NC, F32) GEMM:30
	          Fully Connected (NC, F32) GEMM	    0.781	    0.816	  3.444%	 47.911%	     0.000	        1	Delegate/Fully Connected (NC, F32) GEMM:6
	          Fully Connected (NC, F32) GEMM	    0.697	    0.691	  2.916%	 50.827%	     0.000	        1	Delegate/Fully Connected (NC, F32) GEMM:27
	          Convolution (NHWC, F32) DWConv	    0.608	    0.616	  2.600%	 53.427%	     0.000	        1	Delegate/Convolution (NHWC, F32) DWConv:5

Number of nodes executed: 61
============================== Summary by node type ==============================
	                             [Node type]	  [count]	  [avg ms]	    [avg %]	    [cdf %]	  [mem KB]	[times called]
	          Fully Connected (NC, F32) GEMM	       29	    12.096	    51.096%	    51.096%	     0.000	       29
	           Convolution (NHWC, F32) IGEMM	        3	     7.025	    29.675%	    80.771%	     0.000	        3
	          Convolution (NHWC, F32) DWConv	       15	     4.182	    17.666%	    98.437%	     0.000	       15
	                                Add (ND)	       10	     0.215	     0.908%	    99.345%	     0.000	       10
	                         Sum (ND) Reduce	        1	     0.113	     0.477%	    99.823%	     0.000	        1
	                           Multiply (ND)	        1	     0.039	     0.165%	    99.987%	     0.000	        1
	                     Static Reshape (NC)	        2	     0.003	     0.013%	   100.000%	     0.000	        2

Timings (microseconds): count=50 first=23456 curr=23348 min=23327 max=25139 avg=23705.7 std=502
Memory (bytes): count=0
61 nodes observed



