Running main profile with model ./models/mobileone_s1.apple_in1k.tflite and image ./images/dog.jpg (threads: 4, delegate: xnnpack, warmup: 10, profiling: 50)

====== main_cpu with profiling ====
[INFO] Model path: ./models/mobileone_s1.apple_in1k.tflite
[INFO] Image path: ./images/dog.jpg
[INFO] Label path: ./labels.json
[INFO] Profiling result path: ./log/cortex-a53-autotuning/output_main_profile_mobileone_s1.apple_in1k_xnnpack_4threads_auto_tuning.csv
[INFO] Profiling enabled: YES
[INFO] Number of threads: 4
[INFO] Delegate type: xnnpack
[INFO] Warmup runs: 10
[INFO] Profiling runs: 50
[INFO] Model type detected: FP32
[INFO] Initializing profiler...
[INFO] Loading model from: ./models/mobileone_s1.apple_in1k.tflite
INFO: Initialized TensorFlow Lite runtime.
[INFO] Model signature keys:The Model contains 1 signature key(s).They are listed below: -> Signature Key: serving_default
INFO: Created TensorFlow Lite XNNPACK delegate for CPU.
VERBOSE: XNNPack weight cache not enabled.
VERBOSE: Replacing 50 out of 50 node(s) with delegate (TfLiteXNNPackDelegate) node, yielding 1 partitions for subgraph 0.
VERBOSE: SubgraphInit called with params: 0x559f10a190, length: 0
VERBOSE: SubgraphCreate: called
VERBOSE: SubgraphCreate: created XNNPACK subgraph with 139 external values
VERBOSE: SubgraphCreate: creating XNNPACK runtime with flags: 24
VERBOSE: SubgraphCreate: created XNNPACK runtime 
[INFO] XNNPACK delegate applied successfully (threads: 4)

[INFO] Model Summary 
📥 Input tensor count  : 1
📤 Output tensor count : 1
📦 Total tensor count  : 141
🔧 Node (op) count     : 51
🧩 Delegate applied    : Yes ✅

[INFO] Shape of input_tensor: [1, 224, 224, 3]
[INFO] Processing FP32 input path

[INFO] Running 10 warm-up iterations...
[INFO] warm-up completed

[INFO] Running 50 run and profile iterations...
[INFO] run and profile completed

[INFO] Shape of output_tensor: [1, 1000]
[INFO] Processing FP32 output path

[INFO] Top 5 predictions:
- Class 984 (rapeseed): 0.999657
- Class 309 (bee): 4.84787e-05
- Class 697 (pajama): 3.25089e-05
- Class 411 (apron): 3.23818e-05
- Class 837 (sunglasses): 2.83411e-05

[INFO] Elapsed time summary
- Load Model took 0.169 ms (169 us)
- Build Interpreter took 3.446 ms (3446 us)
- Apply Delegate took 56.709 ms (56709 us)
- Allocate Tensor took 25.937 ms (25937 us)
- Load Input Image took 42.165 ms (42165 us)
- Preprocessing took 10.728 ms (10728 us)
- Inference_0 took 95.89 ms (95890 us)
- Inference_1 took 95.651 ms (95651 us)
- Inference_2 took 96.253 ms (96253 us)
- Inference_3 took 95.722 ms (95722 us)
- Inference_4 took 96.147 ms (96147 us)
- Inference_5 took 95.677 ms (95677 us)
- Inference_6 took 95.86 ms (95860 us)
- Inference_7 took 95.589 ms (95589 us)
- Inference_8 took 96.009 ms (96009 us)
- Inference_9 took 95.721 ms (95721 us)
- Inference_10 took 95.66 ms (95660 us)
- Inference_11 took 95.658 ms (95658 us)
- Inference_12 took 95.673 ms (95673 us)
- Inference_13 took 95.617 ms (95617 us)
- Inference_14 took 95.867 ms (95867 us)
- Inference_15 took 95.388 ms (95388 us)
- Inference_16 took 95.62 ms (95620 us)
- Inference_17 took 96.101 ms (96101 us)
- Inference_18 took 95.704 ms (95704 us)
- Inference_19 took 95.576 ms (95576 us)
- Inference_20 took 95.487 ms (95487 us)
- Inference_21 took 95.744 ms (95744 us)
- Inference_22 took 95.618 ms (95618 us)
- Inference_23 took 95.394 ms (95394 us)
- Inference_24 took 95.923 ms (95923 us)
- Inference_25 took 95.768 ms (95768 us)
- Inference_26 took 96.556 ms (96556 us)
- Inference_27 took 96.102 ms (96102 us)
- Inference_28 took 96.113 ms (96113 us)
- Inference_29 took 96.112 ms (96112 us)
- Inference_30 took 96.069 ms (96069 us)
- Inference_31 took 96.108 ms (96108 us)
- Inference_32 took 95.638 ms (95638 us)
- Inference_33 took 95.951 ms (95951 us)
- Inference_34 took 95.624 ms (95624 us)
- Inference_35 took 95.991 ms (95991 us)
- Inference_36 took 95.393 ms (95393 us)
- Inference_37 took 95.407 ms (95407 us)
- Inference_38 took 95.52 ms (95520 us)
- Inference_39 took 95.45 ms (95450 us)
- Inference_40 took 95.468 ms (95468 us)
- Inference_41 took 96.556 ms (96556 us)
- Inference_42 took 95.241 ms (95241 us)
- Inference_43 took 95.548 ms (95548 us)
- Inference_44 took 95.52 ms (95520 us)
- Inference_45 took 95.23 ms (95230 us)
- Inference_46 took 95.031 ms (95031 us)
- Inference_47 took 95.364 ms (95364 us)
- Inference_48 took 95.29 ms (95290 us)
- Inference_49 took 95.65 ms (95650 us)
- Postprocessing took 0.105 ms (105 us)


[INFO] Generating Ops-level profiling (log)

INFO: Profiling Info for Benchmark Initialization:
============================== Run Order ==============================
	                             [node type]	  [first]	 [avg ms]	     [%]	  [cdf%]	  [mem KB]	[times called]	[Name]
	                 ModifyGraphWithDelegate	   56.187	   56.187	 68.437%	 68.437%	 36540.000	        1	ModifyGraphWithDelegate/0
	                         AllocateTensors	   25.913	   25.913	 31.563%	100.000%	 10092.000	        1	AllocateTensors/0

============================== Top by Computation Time ==============================
	                             [node type]	  [first]	 [avg ms]	     [%]	  [cdf%]	  [mem KB]	[times called]	[Name]
	                 ModifyGraphWithDelegate	   56.187	   56.187	 68.437%	 68.437%	 36540.000	        1	ModifyGraphWithDelegate/0
	                         AllocateTensors	   25.913	   25.913	 31.563%	100.000%	 10092.000	        1	AllocateTensors/0

Number of nodes executed: 2
============================== Summary by node type ==============================
	                             [Node type]	  [count]	  [avg ms]	    [avg %]	    [cdf %]	  [mem KB]	[times called]
	                 ModifyGraphWithDelegate	        1	    56.187	    68.437%	    68.437%	 36540.000	        1
	                         AllocateTensors	        1	    25.913	    31.563%	   100.000%	 10092.000	        1

Timings (microseconds): count=2 curr=82100(all same)
Memory (bytes): count=0
2 nodes observed



INFO: Operator-wise Profiling Info for Regular Benchmark Runs:
============================== Run Order ==============================
	                             [node type]	  [first]	 [avg ms]	     [%]	  [cdf%]	  [mem KB]	[times called]	[Name]
	           Convolution (NHWC, F32) IGEMM	    3.925	    3.872	  4.054%	  4.054%	     0.000	        1	Delegate/Convolution (NHWC, F32) IGEMM:0
	          Convolution (NHWC, F32) DWConv	    4.085	    3.516	  3.682%	  7.735%	     0.000	        1	Delegate/Convolution (NHWC, F32) DWConv:1
	          Fully Connected (NC, F32) GEMM	    1.612	    1.631	  1.707%	  9.442%	     0.000	        1	Delegate/Fully Connected (NC, F32) GEMM:2
	          Convolution (NHWC, F32) DWConv	    1.407	    1.505	  1.576%	 11.018%	     0.000	        1	Delegate/Convolution (NHWC, F32) DWConv:3
	          Fully Connected (NC, F32) GEMM	    2.608	    2.581	  2.702%	 13.721%	     0.000	        1	Delegate/Fully Connected (NC, F32) GEMM:4
	          Convolution (NHWC, F32) DWConv	    1.066	    1.117	  1.170%	 14.890%	     0.000	        1	Delegate/Convolution (NHWC, F32) DWConv:5
	          Fully Connected (NC, F32) GEMM	    1.196	    1.177	  1.232%	 16.123%	     0.000	        1	Delegate/Fully Connected (NC, F32) GEMM:6
	          Convolution (NHWC, F32) DWConv	    0.644	    0.658	  0.689%	 16.812%	     0.000	        1	Delegate/Convolution (NHWC, F32) DWConv:7
	          Fully Connected (NC, F32) GEMM	    2.373	    2.444	  2.559%	 19.371%	     0.000	        1	Delegate/Fully Connected (NC, F32) GEMM:8
	          Convolution (NHWC, F32) DWConv	    0.839	    0.814	  0.852%	 20.223%	     0.000	        1	Delegate/Convolution (NHWC, F32) DWConv:9
	          Fully Connected (NC, F32) GEMM	    2.572	    2.616	  2.738%	 22.961%	     0.000	        1	Delegate/Fully Connected (NC, F32) GEMM:10
	          Convolution (NHWC, F32) DWConv	    0.782	    0.799	  0.837%	 23.798%	     0.000	        1	Delegate/Convolution (NHWC, F32) DWConv:11
	          Fully Connected (NC, F32) GEMM	    2.609	    2.607	  2.729%	 26.527%	     0.000	        1	Delegate/Fully Connected (NC, F32) GEMM:12
	          Convolution (NHWC, F32) DWConv	    0.738	    0.778	  0.815%	 27.341%	     0.000	        1	Delegate/Convolution (NHWC, F32) DWConv:13
	          Fully Connected (NC, F32) GEMM	    2.594	    2.598	  2.720%	 30.061%	     0.000	        1	Delegate/Fully Connected (NC, F32) GEMM:14
	          Convolution (NHWC, F32) DWConv	    0.733	    0.760	  0.795%	 30.856%	     0.000	        1	Delegate/Convolution (NHWC, F32) DWConv:15
	          Fully Connected (NC, F32) GEMM	    2.440	    2.417	  2.530%	 33.387%	     0.000	        1	Delegate/Fully Connected (NC, F32) GEMM:16
	          Convolution (NHWC, F32) DWConv	    0.785	    0.778	  0.814%	 34.201%	     0.000	        1	Delegate/Convolution (NHWC, F32) DWConv:17
	          Fully Connected (NC, F32) GEMM	    2.597	    2.585	  2.707%	 36.907%	     0.000	        1	Delegate/Fully Connected (NC, F32) GEMM:18
	          Convolution (NHWC, F32) DWConv	    0.755	    0.785	  0.822%	 37.729%	     0.000	        1	Delegate/Convolution (NHWC, F32) DWConv:19
	          Fully Connected (NC, F32) GEMM	    2.543	    2.613	  2.736%	 40.466%	     0.000	        1	Delegate/Fully Connected (NC, F32) GEMM:20
	          Convolution (NHWC, F32) DWConv	    0.603	    0.642	  0.672%	 41.138%	     0.000	        1	Delegate/Convolution (NHWC, F32) DWConv:21
	          Fully Connected (NC, F32) GEMM	    1.545	    1.536	  1.608%	 42.746%	     0.000	        1	Delegate/Fully Connected (NC, F32) GEMM:22
	          Convolution (NHWC, F32) DWConv	    0.658	    0.662	  0.693%	 43.438%	     0.000	        1	Delegate/Convolution (NHWC, F32) DWConv:23
	          Fully Connected (NC, F32) GEMM	    4.527	    4.582	  4.798%	 48.236%	     0.000	        1	Delegate/Fully Connected (NC, F32) GEMM:24
	          Convolution (NHWC, F32) DWConv	    0.884	    0.888	  0.930%	 49.166%	     0.000	        1	Delegate/Convolution (NHWC, F32) DWConv:25
	          Fully Connected (NC, F32) GEMM	    4.932	    4.851	  5.078%	 54.244%	     0.000	        1	Delegate/Fully Connected (NC, F32) GEMM:26
	          Convolution (NHWC, F32) DWConv	    0.815	    0.838	  0.877%	 55.121%	     0.000	        1	Delegate/Convolution (NHWC, F32) DWConv:27
	          Fully Connected (NC, F32) GEMM	    4.444	    4.441	  4.650%	 59.771%	     0.000	        1	Delegate/Fully Connected (NC, F32) GEMM:28
	          Convolution (NHWC, F32) DWConv	    0.876	    0.908	  0.951%	 60.722%	     0.000	        1	Delegate/Convolution (NHWC, F32) DWConv:29
	          Fully Connected (NC, F32) GEMM	    4.735	    4.739	  4.962%	 65.684%	     0.000	        1	Delegate/Fully Connected (NC, F32) GEMM:30
	          Convolution (NHWC, F32) DWConv	    0.906	    0.898	  0.941%	 66.625%	     0.000	        1	Delegate/Convolution (NHWC, F32) DWConv:31
	          Fully Connected (NC, F32) GEMM	    4.827	    4.859	  5.088%	 71.712%	     0.000	        1	Delegate/Fully Connected (NC, F32) GEMM:32
	          Convolution (NHWC, F32) DWConv	    0.897	    0.886	  0.927%	 72.639%	     0.000	        1	Delegate/Convolution (NHWC, F32) DWConv:33
	          Fully Connected (NC, F32) GEMM	    4.479	    4.468	  4.678%	 77.318%	     0.000	        1	Delegate/Fully Connected (NC, F32) GEMM:34
	          Convolution (NHWC, F32) DWConv	    0.882	    0.905	  0.948%	 78.266%	     0.000	        1	Delegate/Convolution (NHWC, F32) DWConv:35
	          Fully Connected (NC, F32) GEMM	    4.385	    4.412	  4.620%	 82.885%	     0.000	        1	Delegate/Fully Connected (NC, F32) GEMM:36
	          Convolution (NHWC, F32) DWConv	    0.943	    0.906	  0.949%	 83.834%	     0.000	        1	Delegate/Convolution (NHWC, F32) DWConv:37
	          Fully Connected (NC, F32) GEMM	    4.423	    4.450	  4.659%	 88.492%	     0.000	        1	Delegate/Fully Connected (NC, F32) GEMM:38
	          Convolution (NHWC, F32) DWConv	    0.887	    0.898	  0.940%	 89.433%	     0.000	        1	Delegate/Convolution (NHWC, F32) DWConv:39
	          Fully Connected (NC, F32) GEMM	    4.323	    4.355	  4.559%	 93.992%	     0.000	        1	Delegate/Fully Connected (NC, F32) GEMM:40
	          Convolution (NHWC, F32) DWConv	    0.557	    0.560	  0.586%	 94.578%	     0.000	        1	Delegate/Convolution (NHWC, F32) DWConv:41
	          Fully Connected (NC, F32) GEMM	    3.384	    3.374	  3.532%	 98.110%	     0.000	        1	Delegate/Fully Connected (NC, F32) GEMM:42
	                         Sum (ND) Reduce	    0.875	    0.889	  0.931%	 99.041%	     0.000	        1	Delegate/Sum (ND) Reduce:43
	          Fully Connected (NC, F32) GEMM	    0.939	    0.916	  0.959%	100.000%	     0.000	        1	Delegate/Fully Connected (NC, F32) GEMM:44

============================== Top by Computation Time ==============================
	                             [node type]	  [first]	 [avg ms]	     [%]	  [cdf%]	  [mem KB]	[times called]	[Name]
	          Fully Connected (NC, F32) GEMM	    4.827	    4.859	  5.088%	  5.088%	     0.000	        1	Delegate/Fully Connected (NC, F32) GEMM:32
	          Fully Connected (NC, F32) GEMM	    4.932	    4.851	  5.078%	 10.166%	     0.000	        1	Delegate/Fully Connected (NC, F32) GEMM:26
	          Fully Connected (NC, F32) GEMM	    4.735	    4.739	  4.962%	 15.128%	     0.000	        1	Delegate/Fully Connected (NC, F32) GEMM:30
	          Fully Connected (NC, F32) GEMM	    4.527	    4.582	  4.798%	 19.925%	     0.000	        1	Delegate/Fully Connected (NC, F32) GEMM:24
	          Fully Connected (NC, F32) GEMM	    4.479	    4.468	  4.678%	 24.603%	     0.000	        1	Delegate/Fully Connected (NC, F32) GEMM:34
	          Fully Connected (NC, F32) GEMM	    4.423	    4.450	  4.659%	 29.262%	     0.000	        1	Delegate/Fully Connected (NC, F32) GEMM:38
	          Fully Connected (NC, F32) GEMM	    4.444	    4.441	  4.650%	 33.912%	     0.000	        1	Delegate/Fully Connected (NC, F32) GEMM:28
	          Fully Connected (NC, F32) GEMM	    4.385	    4.412	  4.620%	 38.532%	     0.000	        1	Delegate/Fully Connected (NC, F32) GEMM:36
	          Fully Connected (NC, F32) GEMM	    4.323	    4.355	  4.559%	 43.091%	     0.000	        1	Delegate/Fully Connected (NC, F32) GEMM:40
	           Convolution (NHWC, F32) IGEMM	    3.925	    3.872	  4.054%	 47.145%	     0.000	        1	Delegate/Convolution (NHWC, F32) IGEMM:0

Number of nodes executed: 45
============================== Summary by node type ==============================
	                             [Node type]	  [count]	  [avg ms]	    [avg %]	    [cdf %]	  [mem KB]	[times called]
	          Fully Connected (NC, F32) GEMM	       22	    70.241	    73.556%	    73.556%	     0.000	       22
	          Convolution (NHWC, F32) DWConv	       21	    20.492	    21.459%	    95.015%	     0.000	       21
	           Convolution (NHWC, F32) IGEMM	        1	     3.871	     4.054%	    99.069%	     0.000	        1
	                         Sum (ND) Reduce	        1	     0.889	     0.931%	   100.000%	     0.000	        1

Timings (microseconds): count=50 first=95629 curr=95443 min=94821 max=96353 avg=95514.3 std=319
Memory (bytes): count=0
45 nodes observed



