Running main profile with model ./models/deit_small_distilled_patch16_224.fb_in1k.tflite and image ./images/dog.jpg (threads: 4, delegate: xnnpack, warmup: 10, profiling: 50)

====== main_cpu with profiling ====
[INFO] Model path: ./models/deit_small_distilled_patch16_224.fb_in1k.tflite
[INFO] Image path: ./images/dog.jpg
[INFO] Label path: ./labels.json
[INFO] Profiling result path: ./log/cortex-a53-autotuning/output_main_profile_deit_small_distilled_patch16_224.fb_in1k_xnnpack_4threads_auto_tuning.csv
[INFO] Profiling enabled: YES
[INFO] Number of threads: 4
[INFO] Delegate type: xnnpack
[INFO] Warmup runs: 10
[INFO] Profiling runs: 50
[INFO] Model type detected: FP32
[INFO] Initializing profiler...
[INFO] Loading model from: ./models/deit_small_distilled_patch16_224.fb_in1k.tflite
INFO: Initialized TensorFlow Lite runtime.
[INFO] Model signature keys:The Model contains 1 signature key(s).They are listed below: -> Signature Key: serving_default
INFO: Created TensorFlow Lite XNNPACK delegate for CPU.
VERBOSE: XNNPack weight cache not enabled.
VERBOSE: Replacing 650 out of 650 node(s) with delegate (TfLiteXNNPackDelegate) node, yielding 1 partitions for subgraph 0.
VERBOSE: SubgraphInit called with params: 0x55a08b27c0, length: 0
VERBOSE: SubgraphCreate: called
VERBOSE: SubgraphCreate: created XNNPACK subgraph with 762 external values
VERBOSE: SubgraphCreate: creating XNNPACK runtime with flags: 24
VERBOSE: SubgraphCreate: created XNNPACK runtime 
[INFO] XNNPACK delegate applied successfully (threads: 4)

[INFO] Model Summary 
📥 Input tensor count  : 1
📤 Output tensor count : 1
📦 Total tensor count  : 784
🔧 Node (op) count     : 651
🧩 Delegate applied    : Yes ✅

[INFO] Shape of input_tensor: [1, 224, 224, 3]
[INFO] Processing FP32 input path

[INFO] Running 10 warm-up iterations...
[INFO] warm-up completed

[INFO] Running 50 run and profile iterations...
[INFO] run and profile completed

[INFO] Shape of output_tensor: [1, 1000]
[INFO] Processing FP32 output path

[INFO] Top 5 predictions:
- Class 207 (golden_retriever): 0.97024
- Class 208 (Labrador_retriever): 0.0206798
- Class 205 (flat-coated_retriever): 0.000794898
- Class 215 (Brittany_spaniel): 0.00038122
- Class 222 (kuvasz): 0.000372251

[INFO] Elapsed time summary
- Load Model took 0.171 ms (171 us)
- Build Interpreter took 7.053 ms (7053 us)
- Apply Delegate took 271.359 ms (271359 us)
- Allocate Tensor took 76.316 ms (76316 us)
- Load Input Image took 42.325 ms (42325 us)
- Preprocessing took 10.462 ms (10462 us)
- Inference_0 took 487.301 ms (487301 us)
- Inference_1 took 487.882 ms (487882 us)
- Inference_2 took 486.787 ms (486787 us)
- Inference_3 took 491.795 ms (491795 us)
- Inference_4 took 490.75 ms (490750 us)
- Inference_5 took 487.454 ms (487454 us)
- Inference_6 took 487.009 ms (487009 us)
- Inference_7 took 487.651 ms (487651 us)
- Inference_8 took 486.962 ms (486962 us)
- Inference_9 took 488.163 ms (488163 us)
- Inference_10 took 487.096 ms (487096 us)
- Inference_11 took 487.064 ms (487064 us)
- Inference_12 took 486.563 ms (486563 us)
- Inference_13 took 486.632 ms (486632 us)
- Inference_14 took 485.696 ms (485696 us)
- Inference_15 took 487.254 ms (487254 us)
- Inference_16 took 487.437 ms (487437 us)
- Inference_17 took 486.514 ms (486514 us)
- Inference_18 took 487.024 ms (487024 us)
- Inference_19 took 487.303 ms (487303 us)
- Inference_20 took 486.852 ms (486852 us)
- Inference_21 took 486.244 ms (486244 us)
- Inference_22 took 486.847 ms (486847 us)
- Inference_23 took 487.717 ms (487717 us)
- Inference_24 took 486.837 ms (486837 us)
- Inference_25 took 486.932 ms (486932 us)
- Inference_26 took 486.461 ms (486461 us)
- Inference_27 took 486.518 ms (486518 us)
- Inference_28 took 486.502 ms (486502 us)
- Inference_29 took 487.719 ms (487719 us)
- Inference_30 took 489.609 ms (489609 us)
- Inference_31 took 489.558 ms (489558 us)
- Inference_32 took 489.264 ms (489264 us)
- Inference_33 took 490.421 ms (490421 us)
- Inference_34 took 487.729 ms (487729 us)
- Inference_35 took 487.971 ms (487971 us)
- Inference_36 took 490.425 ms (490425 us)
- Inference_37 took 487.075 ms (487075 us)
- Inference_38 took 488.658 ms (488658 us)
- Inference_39 took 486.874 ms (486874 us)
- Inference_40 took 487.824 ms (487824 us)
- Inference_41 took 488.81 ms (488810 us)
- Inference_42 took 488.001 ms (488001 us)
- Inference_43 took 490.218 ms (490218 us)
- Inference_44 took 490.511 ms (490511 us)
- Inference_45 took 488.629 ms (488629 us)
- Inference_46 took 488.444 ms (488444 us)
- Inference_47 took 492.367 ms (492367 us)
- Inference_48 took 489.677 ms (489677 us)
- Inference_49 took 488.891 ms (488891 us)
- Postprocessing took 0.108 ms (108 us)


[INFO] Generating Ops-level profiling (log)

INFO: Profiling Info for Benchmark Initialization:
============================== Run Order ==============================
	                             [node type]	  [first]	 [avg ms]	     [%]	  [cdf%]	  [mem KB]	[times called]	[Name]
	                 ModifyGraphWithDelegate	  270.838	  270.838	 78.024%	 78.024%	173608.000	        1	ModifyGraphWithDelegate/0
	                         AllocateTensors	   76.285	   76.285	 21.976%	100.000%	  3004.000	        1	AllocateTensors/0

============================== Top by Computation Time ==============================
	                             [node type]	  [first]	 [avg ms]	     [%]	  [cdf%]	  [mem KB]	[times called]	[Name]
	                 ModifyGraphWithDelegate	  270.838	  270.838	 78.024%	 78.024%	173608.000	        1	ModifyGraphWithDelegate/0
	                         AllocateTensors	   76.285	   76.285	 21.976%	100.000%	  3004.000	        1	AllocateTensors/0

Number of nodes executed: 2
============================== Summary by node type ==============================
	                             [Node type]	  [count]	  [avg ms]	    [avg %]	    [cdf %]	  [mem KB]	[times called]
	                 ModifyGraphWithDelegate	        1	   270.838	    78.024%	    78.024%	173608.000	        1
	                         AllocateTensors	        1	    76.285	    21.976%	   100.000%	  3004.000	        1

Timings (microseconds): count=2 curr=347123(all same)
Memory (bytes): count=0
2 nodes observed



INFO: Operator-wise Profiling Info for Regular Benchmark Runs:
============================== Run Order ==============================
	                             [node type]	  [first]	 [avg ms]	     [%]	  [cdf%]	  [mem KB]	[times called]	[Name]
	           Convolution (NHWC, F32) IGEMM	   12.675	   12.739	  2.619%	  2.619%	     0.000	        1	Delegate/Convolution (NHWC, F32) IGEMM:0
	           Transpose (ND, X32) Transpose	    0.365	    0.377	  0.077%	  2.697%	     0.000	        1	Delegate/Transpose (ND, X32) Transpose:1
	                     Static Reshape (NC)	    0.001	    0.001	  0.000%	  2.697%	     0.000	        1	Delegate/Static Reshape (NC):2
	           Transpose (ND, X32) Transpose	    0.250	    0.268	  0.055%	  2.752%	     0.000	        1	Delegate/Transpose (ND, X32) Transpose:3
	                          Copy (NC, X32)	    0.066	    0.097	  0.020%	  2.772%	     0.000	        1	Delegate/Copy (NC, X32):4
	                                Add (ND)	    0.165	    0.166	  0.034%	  2.806%	     0.000	        1	Delegate/Add (ND):5
	                        Mean (ND) Reduce	    0.059	    0.074	  0.015%	  2.821%	     0.000	        1	Delegate/Mean (ND) Reduce:6
	                     Static Reshape (NC)	    0.002	    0.003	  0.001%	  2.822%	     0.000	        1	Delegate/Static Reshape (NC):7
	                 Squared Difference (ND)	    0.081	    0.088	  0.018%	  2.840%	     0.000	        1	Delegate/Squared Difference (ND):8
	                        Mean (ND) Reduce	    0.076	    0.073	  0.015%	  2.855%	     0.000	        1	Delegate/Mean (ND) Reduce:9
	                                Add (ND)	    0.004	    0.006	  0.001%	  2.856%	     0.000	        1	Delegate/Add (ND):10
	             Reciprocal Square Root (NC)	    0.006	    0.006	  0.001%	  2.857%	     0.000	        1	Delegate/Reciprocal Square Root (NC):11
	                           Multiply (ND)	    0.070	    0.034	  0.007%	  2.864%	     0.000	        1	Delegate/Multiply (ND):12
	                           Subtract (ND)	    0.016	    0.013	  0.003%	  2.867%	     0.000	        1	Delegate/Subtract (ND):13
	                     Static Reshape (NC)	    0.003	    0.002	  0.000%	  2.867%	     0.000	        1	Delegate/Static Reshape (NC):14
	                           Multiply (ND)	    0.110	    0.078	  0.016%	  2.883%	     0.000	        1	Delegate/Multiply (ND):15
	                     Static Reshape (NC)	    0.001	    0.001	  0.000%	  2.884%	     0.000	        1	Delegate/Static Reshape (NC):16
	                                Add (ND)	    0.082	    0.073	  0.015%	  2.899%	     0.000	        1	Delegate/Add (ND):17
	          Fully Connected (NC, F32) GEMM	    7.370	    7.397	  1.521%	  4.419%	     0.000	        1	Delegate/Fully Connected (NC, F32) GEMM:18
	                     Static Reshape (NC)	    0.003	    0.003	  0.001%	  4.420%	     0.000	        1	Delegate/Static Reshape (NC):19
	           Transpose (ND, X32) Transpose	    0.569	    0.574	  0.118%	  4.538%	     0.000	        1	Delegate/Transpose (ND, X32) Transpose:20
	                         Slice (ND, X32)	    0.181	    0.182	  0.037%	  4.575%	     0.000	        1	Delegate/Slice (ND, X32):21
	                         Slice (ND, X32)	    0.146	    0.150	  0.031%	  4.606%	     0.000	        1	Delegate/Slice (ND, X32):22
	                         Slice (ND, X32)	    0.158	    0.166	  0.034%	  4.640%	     0.000	        1	Delegate/Slice (ND, X32):23
	                     Static Reshape (NC)	    0.001	    0.001	  0.000%	  4.641%	     0.000	        1	Delegate/Static Reshape (NC):24
	                     Static Reshape (NC)	    0.001	    0.001	  0.000%	  4.641%	     0.000	        1	Delegate/Static Reshape (NC):25
	                           Multiply (ND)	    0.096	    0.094	  0.019%	  4.660%	     0.000	        1	Delegate/Multiply (ND):26
	                           Multiply (ND)	    0.102	    0.104	  0.021%	  4.681%	     0.000	        1	Delegate/Multiply (ND):27
	           Transpose (ND, X32) Transpose	    0.126	    0.135	  0.028%	  4.709%	     0.000	        1	Delegate/Transpose (ND, X32) Transpose:28
	                     Static Reshape (NC)	    0.001	    0.001	  0.000%	  4.710%	     0.000	        1	Delegate/Static Reshape (NC):29
	                     Static Reshape (NC)	    0.000	    0.001	  0.000%	  4.710%	     0.000	        1	Delegate/Static Reshape (NC):30
	    Batch Matrix Multiply (NC, F32) GEMM	    1.448	    1.493	  0.307%	  5.017%	     0.000	        1	Delegate/Batch Matrix Multiply (NC, F32) GEMM:31
	                     Static Reshape (NC)	    0.002	    0.003	  0.001%	  5.017%	     0.000	        1	Delegate/Static Reshape (NC):32
	                       Softmax (NC, F32)	    0.682	    0.702	  0.144%	  5.162%	     0.000	        1	Delegate/Softmax (NC, F32):33
	                     Static Reshape (NC)	    0.001	    0.001	  0.000%	  5.162%	     0.000	        1	Delegate/Static Reshape (NC):34
	                     Static Reshape (NC)	    0.001	    0.001	  0.000%	  5.162%	     0.000	        1	Delegate/Static Reshape (NC):35
	    Batch Matrix Multiply (NC, F32) GEMM	    1.788	    1.809	  0.372%	  5.534%	     0.000	        1	Delegate/Batch Matrix Multiply (NC, F32) GEMM:36
	                     Static Reshape (NC)	    0.001	    0.002	  0.000%	  5.534%	     0.000	        1	Delegate/Static Reshape (NC):37
	           Transpose (ND, X32) Transpose	    0.190	    0.218	  0.045%	  5.579%	     0.000	        1	Delegate/Transpose (ND, X32) Transpose:38
	                     Static Reshape (NC)	    0.002	    0.002	  0.000%	  5.580%	     0.000	        1	Delegate/Static Reshape (NC):39
	          Fully Connected (NC, F32) GEMM	    2.377	    2.414	  0.496%	  6.076%	     0.000	        1	Delegate/Fully Connected (NC, F32) GEMM:40
	                                Add (ND)	    0.175	    0.175	  0.036%	  6.112%	     0.000	        1	Delegate/Add (ND):41
	                        Mean (ND) Reduce	    0.044	    0.048	  0.010%	  6.122%	     0.000	        1	Delegate/Mean (ND) Reduce:42
	                     Static Reshape (NC)	    0.004	    0.003	  0.001%	  6.122%	     0.000	        1	Delegate/Static Reshape (NC):43
	                 Squared Difference (ND)	    0.065	    0.056	  0.012%	  6.134%	     0.000	        1	Delegate/Squared Difference (ND):44
	                        Mean (ND) Reduce	    0.031	    0.035	  0.007%	  6.141%	     0.000	        1	Delegate/Mean (ND) Reduce:45
	                                Add (ND)	    0.003	    0.003	  0.001%	  6.142%	     0.000	        1	Delegate/Add (ND):46
	             Reciprocal Square Root (NC)	    0.006	    0.005	  0.001%	  6.143%	     0.000	        1	Delegate/Reciprocal Square Root (NC):47
	                           Multiply (ND)	    0.016	    0.034	  0.007%	  6.150%	     0.000	        1	Delegate/Multiply (ND):48
	                           Subtract (ND)	    0.036	    0.019	  0.004%	  6.154%	     0.000	        1	Delegate/Subtract (ND):49
	                     Static Reshape (NC)	    0.002	    0.002	  0.000%	  6.154%	     0.000	        1	Delegate/Static Reshape (NC):50
	                           Multiply (ND)	    0.073	    0.070	  0.014%	  6.168%	     0.000	        1	Delegate/Multiply (ND):51
	                     Static Reshape (NC)	    0.001	    0.001	  0.000%	  6.169%	     0.000	        1	Delegate/Static Reshape (NC):52
	                                Add (ND)	    0.047	    0.049	  0.010%	  6.179%	     0.000	        1	Delegate/Add (ND):53
	          Fully Connected (NC, F32) GEMM	   10.725	   10.829	  2.227%	  8.405%	     0.000	        1	Delegate/Fully Connected (NC, F32) GEMM:54
	                               GELU (NC)	    0.885	    0.869	  0.179%	  8.584%	     0.000	        1	Delegate/GELU (NC):55
	                     Static Reshape (NC)	    0.002	    0.002	  0.000%	  8.584%	     0.000	        1	Delegate/Static Reshape (NC):56
	          Fully Connected (NC, F32) GEMM	   12.302	   12.090	  2.486%	 11.070%	     0.000	        1	Delegate/Fully Connected (NC, F32) GEMM:57
	                                Add (ND)	    0.185	    0.201	  0.041%	 11.111%	     0.000	        1	Delegate/Add (ND):58
	                        Mean (ND) Reduce	    0.082	    0.059	  0.012%	 11.124%	     0.000	        1	Delegate/Mean (ND) Reduce:59
	                     Static Reshape (NC)	    0.004	    0.003	  0.001%	 11.124%	     0.000	        1	Delegate/Static Reshape (NC):60
	                 Squared Difference (ND)	    0.061	    0.061	  0.013%	 11.137%	     0.000	        1	Delegate/Squared Difference (ND):61
	                        Mean (ND) Reduce	    0.035	    0.035	  0.007%	 11.144%	     0.000	        1	Delegate/Mean (ND) Reduce:62
	                                Add (ND)	    0.004	    0.003	  0.001%	 11.145%	     0.000	        1	Delegate/Add (ND):63
	             Reciprocal Square Root (NC)	    0.005	    0.005	  0.001%	 11.146%	     0.000	        1	Delegate/Reciprocal Square Root (NC):64
	                           Multiply (ND)	    0.015	    0.033	  0.007%	 11.152%	     0.000	        1	Delegate/Multiply (ND):65
	                           Subtract (ND)	    0.003	    0.019	  0.004%	 11.156%	     0.000	        1	Delegate/Subtract (ND):66
	                     Static Reshape (NC)	    0.002	    0.002	  0.000%	 11.157%	     0.000	        1	Delegate/Static Reshape (NC):67
	                           Multiply (ND)	    0.063	    0.068	  0.014%	 11.171%	     0.000	        1	Delegate/Multiply (ND):68
	                     Static Reshape (NC)	    0.000	    0.001	  0.000%	 11.171%	     0.000	        1	Delegate/Static Reshape (NC):69
	                                Add (ND)	    0.052	    0.048	  0.010%	 11.181%	     0.000	        1	Delegate/Add (ND):70
	          Fully Connected (NC, F32) GEMM	    7.910	    7.667	  1.576%	 12.757%	     0.000	        1	Delegate/Fully Connected (NC, F32) GEMM:71
	                     Static Reshape (NC)	    0.002	    0.003	  0.001%	 12.758%	     0.000	        1	Delegate/Static Reshape (NC):72
	           Transpose (ND, X32) Transpose	    0.576	    0.583	  0.120%	 12.878%	     0.000	        1	Delegate/Transpose (ND, X32) Transpose:73
	                         Slice (ND, X32)	    0.180	    0.183	  0.038%	 12.915%	     0.000	        1	Delegate/Slice (ND, X32):74
	                         Slice (ND, X32)	    0.145	    0.150	  0.031%	 12.946%	     0.000	        1	Delegate/Slice (ND, X32):75
	                         Slice (ND, X32)	    0.159	    0.161	  0.033%	 12.979%	     0.000	        1	Delegate/Slice (ND, X32):76
	                     Static Reshape (NC)	    0.001	    0.001	  0.000%	 12.979%	     0.000	        1	Delegate/Static Reshape (NC):77
	                     Static Reshape (NC)	    0.001	    0.001	  0.000%	 12.980%	     0.000	        1	Delegate/Static Reshape (NC):78
	                           Multiply (ND)	    0.092	    0.096	  0.020%	 12.999%	     0.000	        1	Delegate/Multiply (ND):79
	                           Multiply (ND)	    0.113	    0.104	  0.021%	 13.021%	     0.000	        1	Delegate/Multiply (ND):80
	           Transpose (ND, X32) Transpose	    0.135	    0.132	  0.027%	 13.048%	     0.000	        1	Delegate/Transpose (ND, X32) Transpose:81
	                     Static Reshape (NC)	    0.000	    0.001	  0.000%	 13.048%	     0.000	        1	Delegate/Static Reshape (NC):82
	                     Static Reshape (NC)	    0.000	    0.000	  0.000%	 13.048%	     0.000	        1	Delegate/Static Reshape (NC):83
	    Batch Matrix Multiply (NC, F32) GEMM	    1.448	    1.485	  0.305%	 13.353%	     0.000	        1	Delegate/Batch Matrix Multiply (NC, F32) GEMM:84
	                     Static Reshape (NC)	    0.002	    0.003	  0.001%	 13.354%	     0.000	        1	Delegate/Static Reshape (NC):85
	                       Softmax (NC, F32)	    0.695	    0.703	  0.145%	 13.499%	     0.000	        1	Delegate/Softmax (NC, F32):86
	                     Static Reshape (NC)	    0.001	    0.002	  0.000%	 13.499%	     0.000	        1	Delegate/Static Reshape (NC):87
	                     Static Reshape (NC)	    0.001	    0.001	  0.000%	 13.499%	     0.000	        1	Delegate/Static Reshape (NC):88
	    Batch Matrix Multiply (NC, F32) GEMM	    1.793	    1.779	  0.366%	 13.865%	     0.000	        1	Delegate/Batch Matrix Multiply (NC, F32) GEMM:89
	                     Static Reshape (NC)	    0.001	    0.002	  0.000%	 13.865%	     0.000	        1	Delegate/Static Reshape (NC):90
	           Transpose (ND, X32) Transpose	    0.205	    0.205	  0.042%	 13.907%	     0.000	        1	Delegate/Transpose (ND, X32) Transpose:91
	                     Static Reshape (NC)	    0.002	    0.002	  0.000%	 13.908%	     0.000	        1	Delegate/Static Reshape (NC):92
	          Fully Connected (NC, F32) GEMM	    3.046	    3.009	  0.619%	 14.526%	     0.000	        1	Delegate/Fully Connected (NC, F32) GEMM:93
	                                Add (ND)	    0.143	    0.148	  0.031%	 14.557%	     0.000	        1	Delegate/Add (ND):94
	                        Mean (ND) Reduce	    0.042	    0.043	  0.009%	 14.566%	     0.000	        1	Delegate/Mean (ND) Reduce:95
	                     Static Reshape (NC)	    0.003	    0.003	  0.001%	 14.566%	     0.000	        1	Delegate/Static Reshape (NC):96
	                 Squared Difference (ND)	    0.051	    0.054	  0.011%	 14.578%	     0.000	        1	Delegate/Squared Difference (ND):97
	                        Mean (ND) Reduce	    0.031	    0.030	  0.006%	 14.584%	     0.000	        1	Delegate/Mean (ND) Reduce:98
	                                Add (ND)	    0.003	    0.003	  0.001%	 14.584%	     0.000	        1	Delegate/Add (ND):99
	             Reciprocal Square Root (NC)	    0.005	    0.005	  0.001%	 14.586%	     0.000	        1	Delegate/Reciprocal Square Root (NC):100
	                           Multiply (ND)	    0.062	    0.027	  0.006%	 14.591%	     0.000	        1	Delegate/Multiply (ND):101
	                           Subtract (ND)	    0.017	    0.015	  0.003%	 14.594%	     0.000	        1	Delegate/Subtract (ND):102
	                     Static Reshape (NC)	    0.002	    0.002	  0.000%	 14.594%	     0.000	        1	Delegate/Static Reshape (NC):103
	                           Multiply (ND)	    0.073	    0.068	  0.014%	 14.609%	     0.000	        1	Delegate/Multiply (ND):104
	                     Static Reshape (NC)	    0.001	    0.001	  0.000%	 14.609%	     0.000	        1	Delegate/Static Reshape (NC):105
	                                Add (ND)	    0.053	    0.049	  0.010%	 14.619%	     0.000	        1	Delegate/Add (ND):106
	          Fully Connected (NC, F32) GEMM	   11.505	   11.534	  2.371%	 16.990%	     0.000	        1	Delegate/Fully Connected (NC, F32) GEMM:107
	                               GELU (NC)	    0.826	    0.855	  0.176%	 17.166%	     0.000	        1	Delegate/GELU (NC):108
	                     Static Reshape (NC)	    0.001	    0.002	  0.000%	 17.166%	     0.000	        1	Delegate/Static Reshape (NC):109
	          Fully Connected (NC, F32) GEMM	   12.326	   12.470	  2.564%	 19.730%	     0.000	        1	Delegate/Fully Connected (NC, F32) GEMM:110
	                                Add (ND)	    0.202	    0.196	  0.040%	 19.771%	     0.000	        1	Delegate/Add (ND):111
	                        Mean (ND) Reduce	    0.054	    0.056	  0.012%	 19.782%	     0.000	        1	Delegate/Mean (ND) Reduce:112
	                     Static Reshape (NC)	    0.003	    0.003	  0.001%	 19.783%	     0.000	        1	Delegate/Static Reshape (NC):113
	                 Squared Difference (ND)	    0.068	    0.059	  0.012%	 19.795%	     0.000	        1	Delegate/Squared Difference (ND):114
	                        Mean (ND) Reduce	    0.036	    0.035	  0.007%	 19.802%	     0.000	        1	Delegate/Mean (ND) Reduce:115
	                                Add (ND)	    0.004	    0.004	  0.001%	 19.803%	     0.000	        1	Delegate/Add (ND):116
	             Reciprocal Square Root (NC)	    0.005	    0.005	  0.001%	 19.804%	     0.000	        1	Delegate/Reciprocal Square Root (NC):117
	                           Multiply (ND)	    0.048	    0.039	  0.008%	 19.812%	     0.000	        1	Delegate/Multiply (ND):118
	                           Subtract (ND)	    0.014	    0.018	  0.004%	 19.816%	     0.000	        1	Delegate/Subtract (ND):119
	                     Static Reshape (NC)	    0.002	    0.002	  0.000%	 19.816%	     0.000	        1	Delegate/Static Reshape (NC):120
	                           Multiply (ND)	    0.065	    0.068	  0.014%	 19.830%	     0.000	        1	Delegate/Multiply (ND):121
	                     Static Reshape (NC)	    0.000	    0.000	  0.000%	 19.830%	     0.000	        1	Delegate/Static Reshape (NC):122
	                                Add (ND)	    0.048	    0.047	  0.010%	 19.840%	     0.000	        1	Delegate/Add (ND):123
	          Fully Connected (NC, F32) GEMM	    7.574	    7.650	  1.573%	 21.413%	     0.000	        1	Delegate/Fully Connected (NC, F32) GEMM:124
	                     Static Reshape (NC)	    0.003	    0.002	  0.000%	 21.413%	     0.000	        1	Delegate/Static Reshape (NC):125
	           Transpose (ND, X32) Transpose	    0.570	    0.566	  0.116%	 21.529%	     0.000	        1	Delegate/Transpose (ND, X32) Transpose:126
	                         Slice (ND, X32)	    0.185	    0.187	  0.038%	 21.568%	     0.000	        1	Delegate/Slice (ND, X32):127
	                         Slice (ND, X32)	    0.143	    0.150	  0.031%	 21.599%	     0.000	        1	Delegate/Slice (ND, X32):128
	                         Slice (ND, X32)	    0.160	    0.161	  0.033%	 21.632%	     0.000	        1	Delegate/Slice (ND, X32):129
	                     Static Reshape (NC)	    0.001	    0.001	  0.000%	 21.632%	     0.000	        1	Delegate/Static Reshape (NC):130
	                     Static Reshape (NC)	    0.001	    0.001	  0.000%	 21.632%	     0.000	        1	Delegate/Static Reshape (NC):131
	                           Multiply (ND)	    0.094	    0.096	  0.020%	 21.652%	     0.000	        1	Delegate/Multiply (ND):132
	                           Multiply (ND)	    0.094	    0.102	  0.021%	 21.673%	     0.000	        1	Delegate/Multiply (ND):133
	           Transpose (ND, X32) Transpose	    0.124	    0.130	  0.027%	 21.699%	     0.000	        1	Delegate/Transpose (ND, X32) Transpose:134
	                     Static Reshape (NC)	    0.001	    0.001	  0.000%	 21.700%	     0.000	        1	Delegate/Static Reshape (NC):135
	                     Static Reshape (NC)	    0.001	    0.001	  0.000%	 21.700%	     0.000	        1	Delegate/Static Reshape (NC):136
	    Batch Matrix Multiply (NC, F32) GEMM	    1.507	    1.471	  0.302%	 22.002%	     0.000	        1	Delegate/Batch Matrix Multiply (NC, F32) GEMM:137
	                     Static Reshape (NC)	    0.003	    0.002	  0.000%	 22.003%	     0.000	        1	Delegate/Static Reshape (NC):138
	                       Softmax (NC, F32)	    0.699	    0.727	  0.149%	 22.152%	     0.000	        1	Delegate/Softmax (NC, F32):139
	                     Static Reshape (NC)	    0.002	    0.002	  0.000%	 22.153%	     0.000	        1	Delegate/Static Reshape (NC):140
	                     Static Reshape (NC)	    0.001	    0.001	  0.000%	 22.153%	     0.000	        1	Delegate/Static Reshape (NC):141
	    Batch Matrix Multiply (NC, F32) GEMM	    1.752	    1.794	  0.369%	 22.522%	     0.000	        1	Delegate/Batch Matrix Multiply (NC, F32) GEMM:142
	                     Static Reshape (NC)	    0.001	    0.002	  0.000%	 22.522%	     0.000	        1	Delegate/Static Reshape (NC):143
	           Transpose (ND, X32) Transpose	    0.190	    0.205	  0.042%	 22.564%	     0.000	        1	Delegate/Transpose (ND, X32) Transpose:144
	                     Static Reshape (NC)	    0.003	    0.002	  0.000%	 22.565%	     0.000	        1	Delegate/Static Reshape (NC):145
	          Fully Connected (NC, F32) GEMM	    2.329	    2.316	  0.476%	 23.041%	     0.000	        1	Delegate/Fully Connected (NC, F32) GEMM:146
	                                Add (ND)	    0.176	    0.191	  0.039%	 23.080%	     0.000	        1	Delegate/Add (ND):147
	                        Mean (ND) Reduce	    0.059	    0.049	  0.010%	 23.090%	     0.000	        1	Delegate/Mean (ND) Reduce:148
	                     Static Reshape (NC)	    0.003	    0.003	  0.001%	 23.091%	     0.000	        1	Delegate/Static Reshape (NC):149
	                 Squared Difference (ND)	    0.053	    0.054	  0.011%	 23.102%	     0.000	        1	Delegate/Squared Difference (ND):150
	                        Mean (ND) Reduce	    0.031	    0.033	  0.007%	 23.109%	     0.000	        1	Delegate/Mean (ND) Reduce:151
	                                Add (ND)	    0.004	    0.004	  0.001%	 23.109%	     0.000	        1	Delegate/Add (ND):152
	             Reciprocal Square Root (NC)	    0.005	    0.005	  0.001%	 23.110%	     0.000	        1	Delegate/Reciprocal Square Root (NC):153
	                           Multiply (ND)	    0.014	    0.032	  0.007%	 23.117%	     0.000	        1	Delegate/Multiply (ND):154
	                           Subtract (ND)	    0.003	    0.016	  0.003%	 23.120%	     0.000	        1	Delegate/Subtract (ND):155
	                     Static Reshape (NC)	    0.001	    0.002	  0.000%	 23.121%	     0.000	        1	Delegate/Static Reshape (NC):156
	                           Multiply (ND)	    0.065	    0.070	  0.014%	 23.135%	     0.000	        1	Delegate/Multiply (ND):157
	                     Static Reshape (NC)	    0.000	    0.000	  0.000%	 23.135%	     0.000	        1	Delegate/Static Reshape (NC):158
	                                Add (ND)	    0.052	    0.080	  0.016%	 23.152%	     0.000	        1	Delegate/Add (ND):159
	          Fully Connected (NC, F32) GEMM	   10.181	   10.215	  2.100%	 25.252%	     0.000	        1	Delegate/Fully Connected (NC, F32) GEMM:160
	                               GELU (NC)	    0.823	    0.854	  0.176%	 25.427%	     0.000	        1	Delegate/GELU (NC):161
	                     Static Reshape (NC)	    0.002	    0.002	  0.000%	 25.428%	     0.000	        1	Delegate/Static Reshape (NC):162
	          Fully Connected (NC, F32) GEMM	   11.797	   11.926	  2.452%	 27.880%	     0.000	        1	Delegate/Fully Connected (NC, F32) GEMM:163
	                                Add (ND)	    0.205	    0.198	  0.041%	 27.920%	     0.000	        1	Delegate/Add (ND):164
	                        Mean (ND) Reduce	    0.055	    0.056	  0.011%	 27.932%	     0.000	        1	Delegate/Mean (ND) Reduce:165
	                     Static Reshape (NC)	    0.003	    0.003	  0.001%	 27.932%	     0.000	        1	Delegate/Static Reshape (NC):166
	                 Squared Difference (ND)	    0.065	    0.058	  0.012%	 27.944%	     0.000	        1	Delegate/Squared Difference (ND):167
	                        Mean (ND) Reduce	    0.040	    0.034	  0.007%	 27.951%	     0.000	        1	Delegate/Mean (ND) Reduce:168
	                                Add (ND)	    0.004	    0.003	  0.001%	 27.952%	     0.000	        1	Delegate/Add (ND):169
	             Reciprocal Square Root (NC)	    0.005	    0.005	  0.001%	 27.953%	     0.000	        1	Delegate/Reciprocal Square Root (NC):170
	                           Multiply (ND)	    0.048	    0.038	  0.008%	 27.961%	     0.000	        1	Delegate/Multiply (ND):171
	                           Subtract (ND)	    0.019	    0.018	  0.004%	 27.965%	     0.000	        1	Delegate/Subtract (ND):172
	                     Static Reshape (NC)	    0.002	    0.002	  0.000%	 27.965%	     0.000	        1	Delegate/Static Reshape (NC):173
	                           Multiply (ND)	    0.072	    0.068	  0.014%	 27.979%	     0.000	        1	Delegate/Multiply (ND):174
	                     Static Reshape (NC)	    0.001	    0.001	  0.000%	 27.979%	     0.000	        1	Delegate/Static Reshape (NC):175
	                                Add (ND)	    0.053	    0.047	  0.010%	 27.989%	     0.000	        1	Delegate/Add (ND):176
	          Fully Connected (NC, F32) GEMM	    7.346	    7.369	  1.515%	 29.504%	     0.000	        1	Delegate/Fully Connected (NC, F32) GEMM:177
	                     Static Reshape (NC)	    0.002	    0.002	  0.000%	 29.505%	     0.000	        1	Delegate/Static Reshape (NC):178
	           Transpose (ND, X32) Transpose	    0.574	    0.567	  0.117%	 29.621%	     0.000	        1	Delegate/Transpose (ND, X32) Transpose:179
	                         Slice (ND, X32)	    0.171	    0.177	  0.036%	 29.658%	     0.000	        1	Delegate/Slice (ND, X32):180
	                         Slice (ND, X32)	    0.151	    0.150	  0.031%	 29.689%	     0.000	        1	Delegate/Slice (ND, X32):181
	                         Slice (ND, X32)	    0.159	    0.163	  0.034%	 29.722%	     0.000	        1	Delegate/Slice (ND, X32):182
	                     Static Reshape (NC)	    0.001	    0.001	  0.000%	 29.722%	     0.000	        1	Delegate/Static Reshape (NC):183
	                     Static Reshape (NC)	    0.001	    0.001	  0.000%	 29.723%	     0.000	        1	Delegate/Static Reshape (NC):184
	                           Multiply (ND)	    0.091	    0.095	  0.019%	 29.742%	     0.000	        1	Delegate/Multiply (ND):185
	                           Multiply (ND)	    0.097	    0.103	  0.021%	 29.763%	     0.000	        1	Delegate/Multiply (ND):186
	           Transpose (ND, X32) Transpose	    0.129	    0.131	  0.027%	 29.790%	     0.000	        1	Delegate/Transpose (ND, X32) Transpose:187
	                     Static Reshape (NC)	    0.003	    0.001	  0.000%	 29.790%	     0.000	        1	Delegate/Static Reshape (NC):188
	                     Static Reshape (NC)	    0.001	    0.001	  0.000%	 29.791%	     0.000	        1	Delegate/Static Reshape (NC):189
	    Batch Matrix Multiply (NC, F32) GEMM	    1.574	    1.475	  0.303%	 30.094%	     0.000	        1	Delegate/Batch Matrix Multiply (NC, F32) GEMM:190
	                     Static Reshape (NC)	    0.002	    0.003	  0.001%	 30.094%	     0.000	        1	Delegate/Static Reshape (NC):191
	                       Softmax (NC, F32)	    0.729	    0.742	  0.153%	 30.247%	     0.000	        1	Delegate/Softmax (NC, F32):192
	                     Static Reshape (NC)	    0.002	    0.002	  0.000%	 30.247%	     0.000	        1	Delegate/Static Reshape (NC):193
	                     Static Reshape (NC)	    0.001	    0.001	  0.000%	 30.248%	     0.000	        1	Delegate/Static Reshape (NC):194
	    Batch Matrix Multiply (NC, F32) GEMM	    1.732	    1.756	  0.361%	 30.609%	     0.000	        1	Delegate/Batch Matrix Multiply (NC, F32) GEMM:195
	                     Static Reshape (NC)	    0.001	    0.002	  0.000%	 30.609%	     0.000	        1	Delegate/Static Reshape (NC):196
	           Transpose (ND, X32) Transpose	    0.202	    0.206	  0.042%	 30.651%	     0.000	        1	Delegate/Transpose (ND, X32) Transpose:197
	                     Static Reshape (NC)	    0.001	    0.002	  0.000%	 30.652%	     0.000	        1	Delegate/Static Reshape (NC):198
	          Fully Connected (NC, F32) GEMM	    2.326	    2.331	  0.479%	 31.131%	     0.000	        1	Delegate/Fully Connected (NC, F32) GEMM:199
	                                Add (ND)	    0.197	    0.193	  0.040%	 31.170%	     0.000	        1	Delegate/Add (ND):200
	                        Mean (ND) Reduce	    0.043	    0.050	  0.010%	 31.181%	     0.000	        1	Delegate/Mean (ND) Reduce:201
	                     Static Reshape (NC)	    0.003	    0.003	  0.001%	 31.181%	     0.000	        1	Delegate/Static Reshape (NC):202
	                 Squared Difference (ND)	    0.058	    0.053	  0.011%	 31.192%	     0.000	        1	Delegate/Squared Difference (ND):203
	                        Mean (ND) Reduce	    0.034	    0.032	  0.007%	 31.199%	     0.000	        1	Delegate/Mean (ND) Reduce:204
	                                Add (ND)	    0.004	    0.004	  0.001%	 31.200%	     0.000	        1	Delegate/Add (ND):205
	             Reciprocal Square Root (NC)	    0.005	    0.006	  0.001%	 31.201%	     0.000	        1	Delegate/Reciprocal Square Root (NC):206
	                           Multiply (ND)	    0.041	    0.033	  0.007%	 31.208%	     0.000	        1	Delegate/Multiply (ND):207
	                           Subtract (ND)	    0.015	    0.018	  0.004%	 31.211%	     0.000	        1	Delegate/Subtract (ND):208
	                     Static Reshape (NC)	    0.002	    0.002	  0.000%	 31.212%	     0.000	        1	Delegate/Static Reshape (NC):209
	                           Multiply (ND)	    0.068	    0.070	  0.014%	 31.226%	     0.000	        1	Delegate/Multiply (ND):210
	                     Static Reshape (NC)	    0.001	    0.001	  0.000%	 31.226%	     0.000	        1	Delegate/Static Reshape (NC):211
	                                Add (ND)	    0.050	    0.050	  0.010%	 31.237%	     0.000	        1	Delegate/Add (ND):212
	          Fully Connected (NC, F32) GEMM	   10.357	   10.208	  2.099%	 33.335%	     0.000	        1	Delegate/Fully Connected (NC, F32) GEMM:213
	                               GELU (NC)	    0.863	    0.863	  0.177%	 33.513%	     0.000	        1	Delegate/GELU (NC):214
	                     Static Reshape (NC)	    0.002	    0.002	  0.000%	 33.513%	     0.000	        1	Delegate/Static Reshape (NC):215
	          Fully Connected (NC, F32) GEMM	   12.144	   12.175	  2.503%	 36.016%	     0.000	        1	Delegate/Fully Connected (NC, F32) GEMM:216
	                                Add (ND)	    0.186	    0.194	  0.040%	 36.056%	     0.000	        1	Delegate/Add (ND):217
	                        Mean (ND) Reduce	    0.053	    0.055	  0.011%	 36.068%	     0.000	        1	Delegate/Mean (ND) Reduce:218
	                     Static Reshape (NC)	    0.003	    0.003	  0.001%	 36.068%	     0.000	        1	Delegate/Static Reshape (NC):219
	                 Squared Difference (ND)	    0.056	    0.062	  0.013%	 36.081%	     0.000	        1	Delegate/Squared Difference (ND):220
	                        Mean (ND) Reduce	    0.034	    0.035	  0.007%	 36.088%	     0.000	        1	Delegate/Mean (ND) Reduce:221
	                                Add (ND)	    0.003	    0.003	  0.001%	 36.089%	     0.000	        1	Delegate/Add (ND):222
	             Reciprocal Square Root (NC)	    0.006	    0.005	  0.001%	 36.090%	     0.000	        1	Delegate/Reciprocal Square Root (NC):223
	                           Multiply (ND)	    0.035	    0.037	  0.008%	 36.097%	     0.000	        1	Delegate/Multiply (ND):224
	                           Subtract (ND)	    0.024	    0.017	  0.003%	 36.101%	     0.000	        1	Delegate/Subtract (ND):225
	                     Static Reshape (NC)	    0.001	    0.001	  0.000%	 36.101%	     0.000	        1	Delegate/Static Reshape (NC):226
	                           Multiply (ND)	    0.064	    0.063	  0.013%	 36.114%	     0.000	        1	Delegate/Multiply (ND):227
	                     Static Reshape (NC)	    0.001	    0.001	  0.000%	 36.114%	     0.000	        1	Delegate/Static Reshape (NC):228
	                                Add (ND)	    0.040	    0.042	  0.009%	 36.123%	     0.000	        1	Delegate/Add (ND):229
	          Fully Connected (NC, F32) GEMM	    7.987	    8.016	  1.648%	 37.771%	     0.000	        1	Delegate/Fully Connected (NC, F32) GEMM:230
	                     Static Reshape (NC)	    0.003	    0.003	  0.001%	 37.771%	     0.000	        1	Delegate/Static Reshape (NC):231
	           Transpose (ND, X32) Transpose	    0.570	    0.562	  0.116%	 37.887%	     0.000	        1	Delegate/Transpose (ND, X32) Transpose:232
	                         Slice (ND, X32)	    0.176	    0.181	  0.037%	 37.924%	     0.000	        1	Delegate/Slice (ND, X32):233
	                         Slice (ND, X32)	    0.149	    0.151	  0.031%	 37.955%	     0.000	        1	Delegate/Slice (ND, X32):234
	                         Slice (ND, X32)	    0.164	    0.162	  0.033%	 37.989%	     0.000	        1	Delegate/Slice (ND, X32):235
	                     Static Reshape (NC)	    0.001	    0.001	  0.000%	 37.989%	     0.000	        1	Delegate/Static Reshape (NC):236
	                     Static Reshape (NC)	    0.001	    0.001	  0.000%	 37.989%	     0.000	        1	Delegate/Static Reshape (NC):237
	                           Multiply (ND)	    0.093	    0.105	  0.022%	 38.011%	     0.000	        1	Delegate/Multiply (ND):238
	                           Multiply (ND)	    0.097	    0.105	  0.022%	 38.032%	     0.000	        1	Delegate/Multiply (ND):239
	           Transpose (ND, X32) Transpose	    0.130	    0.132	  0.027%	 38.059%	     0.000	        1	Delegate/Transpose (ND, X32) Transpose:240
	                     Static Reshape (NC)	    0.001	    0.001	  0.000%	 38.060%	     0.000	        1	Delegate/Static Reshape (NC):241
	                     Static Reshape (NC)	    0.000	    0.000	  0.000%	 38.060%	     0.000	        1	Delegate/Static Reshape (NC):242
	    Batch Matrix Multiply (NC, F32) GEMM	    1.510	    1.510	  0.311%	 38.370%	     0.000	        1	Delegate/Batch Matrix Multiply (NC, F32) GEMM:243
	                     Static Reshape (NC)	    0.003	    0.003	  0.001%	 38.371%	     0.000	        1	Delegate/Static Reshape (NC):244
	                       Softmax (NC, F32)	    0.686	    0.706	  0.145%	 38.516%	     0.000	        1	Delegate/Softmax (NC, F32):245
	                     Static Reshape (NC)	    0.002	    0.001	  0.000%	 38.516%	     0.000	        1	Delegate/Static Reshape (NC):246
	                     Static Reshape (NC)	    0.001	    0.001	  0.000%	 38.516%	     0.000	        1	Delegate/Static Reshape (NC):247
	    Batch Matrix Multiply (NC, F32) GEMM	    1.739	    1.756	  0.361%	 38.877%	     0.000	        1	Delegate/Batch Matrix Multiply (NC, F32) GEMM:248
	                     Static Reshape (NC)	    0.001	    0.001	  0.000%	 38.878%	     0.000	        1	Delegate/Static Reshape (NC):249
	           Transpose (ND, X32) Transpose	    0.207	    0.204	  0.042%	 38.920%	     0.000	        1	Delegate/Transpose (ND, X32) Transpose:250
	                     Static Reshape (NC)	    0.002	    0.002	  0.000%	 38.920%	     0.000	        1	Delegate/Static Reshape (NC):251
	          Fully Connected (NC, F32) GEMM	    3.221	    3.303	  0.679%	 39.599%	     0.000	        1	Delegate/Fully Connected (NC, F32) GEMM:252
	                                Add (ND)	    0.133	    0.138	  0.028%	 39.628%	     0.000	        1	Delegate/Add (ND):253
	                        Mean (ND) Reduce	    0.039	    0.039	  0.008%	 39.636%	     0.000	        1	Delegate/Mean (ND) Reduce:254
	                     Static Reshape (NC)	    0.002	    0.003	  0.001%	 39.636%	     0.000	        1	Delegate/Static Reshape (NC):255
	                 Squared Difference (ND)	    0.052	    0.053	  0.011%	 39.647%	     0.000	        1	Delegate/Squared Difference (ND):256
	                        Mean (ND) Reduce	    0.034	    0.031	  0.006%	 39.654%	     0.000	        1	Delegate/Mean (ND) Reduce:257
	                                Add (ND)	    0.003	    0.003	  0.001%	 39.654%	     0.000	        1	Delegate/Add (ND):258
	             Reciprocal Square Root (NC)	    0.005	    0.005	  0.001%	 39.655%	     0.000	        1	Delegate/Reciprocal Square Root (NC):259
	                           Multiply (ND)	    0.014	    0.028	  0.006%	 39.661%	     0.000	        1	Delegate/Multiply (ND):260
	                           Subtract (ND)	    0.003	    0.012	  0.003%	 39.663%	     0.000	        1	Delegate/Subtract (ND):261
	                     Static Reshape (NC)	    0.001	    0.001	  0.000%	 39.664%	     0.000	        1	Delegate/Static Reshape (NC):262
	                           Multiply (ND)	    0.063	    0.067	  0.014%	 39.677%	     0.000	        1	Delegate/Multiply (ND):263
	                     Static Reshape (NC)	    0.001	    0.001	  0.000%	 39.678%	     0.000	        1	Delegate/Static Reshape (NC):264
	                                Add (ND)	    0.045	    0.047	  0.010%	 39.687%	     0.000	        1	Delegate/Add (ND):265
	          Fully Connected (NC, F32) GEMM	   11.624	   11.652	  2.396%	 42.083%	     0.000	        1	Delegate/Fully Connected (NC, F32) GEMM:266
	                               GELU (NC)	    0.853	    0.848	  0.174%	 42.257%	     0.000	        1	Delegate/GELU (NC):267
	                     Static Reshape (NC)	    0.002	    0.002	  0.000%	 42.258%	     0.000	        1	Delegate/Static Reshape (NC):268
	          Fully Connected (NC, F32) GEMM	   12.002	   12.101	  2.488%	 44.746%	     0.000	        1	Delegate/Fully Connected (NC, F32) GEMM:269
	                                Add (ND)	    0.187	    0.191	  0.039%	 44.785%	     0.000	        1	Delegate/Add (ND):270
	                        Mean (ND) Reduce	    0.064	    0.055	  0.011%	 44.796%	     0.000	        1	Delegate/Mean (ND) Reduce:271
	                     Static Reshape (NC)	    0.002	    0.003	  0.001%	 44.797%	     0.000	        1	Delegate/Static Reshape (NC):272
	                 Squared Difference (ND)	    0.056	    0.060	  0.012%	 44.809%	     0.000	        1	Delegate/Squared Difference (ND):273
	                        Mean (ND) Reduce	    0.033	    0.036	  0.007%	 44.817%	     0.000	        1	Delegate/Mean (ND) Reduce:274
	                                Add (ND)	    0.004	    0.004	  0.001%	 44.818%	     0.000	        1	Delegate/Add (ND):275
	             Reciprocal Square Root (NC)	    0.005	    0.005	  0.001%	 44.819%	     0.000	        1	Delegate/Reciprocal Square Root (NC):276
	                           Multiply (ND)	    0.041	    0.036	  0.007%	 44.826%	     0.000	        1	Delegate/Multiply (ND):277
	                           Subtract (ND)	    0.023	    0.019	  0.004%	 44.830%	     0.000	        1	Delegate/Subtract (ND):278
	                     Static Reshape (NC)	    0.001	    0.001	  0.000%	 44.830%	     0.000	        1	Delegate/Static Reshape (NC):279
	                           Multiply (ND)	    0.069	    0.068	  0.014%	 44.844%	     0.000	        1	Delegate/Multiply (ND):280
	                     Static Reshape (NC)	    0.001	    0.001	  0.000%	 44.844%	     0.000	        1	Delegate/Static Reshape (NC):281
	                                Add (ND)	    0.045	    0.045	  0.009%	 44.854%	     0.000	        1	Delegate/Add (ND):282
	          Fully Connected (NC, F32) GEMM	    7.170	    7.231	  1.487%	 46.340%	     0.000	        1	Delegate/Fully Connected (NC, F32) GEMM:283
	                     Static Reshape (NC)	    0.006	    0.003	  0.001%	 46.341%	     0.000	        1	Delegate/Static Reshape (NC):284
	           Transpose (ND, X32) Transpose	    0.578	    0.581	  0.119%	 46.461%	     0.000	        1	Delegate/Transpose (ND, X32) Transpose:285
	                         Slice (ND, X32)	    0.177	    0.182	  0.037%	 46.498%	     0.000	        1	Delegate/Slice (ND, X32):286
	                         Slice (ND, X32)	    0.147	    0.147	  0.030%	 46.528%	     0.000	        1	Delegate/Slice (ND, X32):287
	                         Slice (ND, X32)	    0.159	    0.163	  0.034%	 46.562%	     0.000	        1	Delegate/Slice (ND, X32):288
	                     Static Reshape (NC)	    0.001	    0.001	  0.000%	 46.562%	     0.000	        1	Delegate/Static Reshape (NC):289
	                     Static Reshape (NC)	    0.001	    0.001	  0.000%	 46.562%	     0.000	        1	Delegate/Static Reshape (NC):290
	                           Multiply (ND)	    0.122	    0.101	  0.021%	 46.583%	     0.000	        1	Delegate/Multiply (ND):291
	                           Multiply (ND)	    0.112	    0.106	  0.022%	 46.605%	     0.000	        1	Delegate/Multiply (ND):292
	           Transpose (ND, X32) Transpose	    0.135	    0.134	  0.028%	 46.632%	     0.000	        1	Delegate/Transpose (ND, X32) Transpose:293
	                     Static Reshape (NC)	    0.001	    0.001	  0.000%	 46.632%	     0.000	        1	Delegate/Static Reshape (NC):294
	                     Static Reshape (NC)	    0.000	    0.000	  0.000%	 46.633%	     0.000	        1	Delegate/Static Reshape (NC):295
	    Batch Matrix Multiply (NC, F32) GEMM	    1.443	    1.466	  0.302%	 46.934%	     0.000	        1	Delegate/Batch Matrix Multiply (NC, F32) GEMM:296
	                     Static Reshape (NC)	    0.002	    0.002	  0.000%	 46.935%	     0.000	        1	Delegate/Static Reshape (NC):297
	                       Softmax (NC, F32)	    0.689	    0.697	  0.143%	 47.078%	     0.000	        1	Delegate/Softmax (NC, F32):298
	                     Static Reshape (NC)	    0.001	    0.001	  0.000%	 47.078%	     0.000	        1	Delegate/Static Reshape (NC):299
	                     Static Reshape (NC)	    0.001	    0.001	  0.000%	 47.078%	     0.000	        1	Delegate/Static Reshape (NC):300
	    Batch Matrix Multiply (NC, F32) GEMM	    1.773	    1.775	  0.365%	 47.443%	     0.000	        1	Delegate/Batch Matrix Multiply (NC, F32) GEMM:301
	                     Static Reshape (NC)	    0.001	    0.002	  0.000%	 47.444%	     0.000	        1	Delegate/Static Reshape (NC):302
	           Transpose (ND, X32) Transpose	    0.213	    0.207	  0.043%	 47.486%	     0.000	        1	Delegate/Transpose (ND, X32) Transpose:303
	                     Static Reshape (NC)	    0.002	    0.002	  0.000%	 47.487%	     0.000	        1	Delegate/Static Reshape (NC):304
	          Fully Connected (NC, F32) GEMM	    2.356	    2.382	  0.490%	 47.976%	     0.000	        1	Delegate/Fully Connected (NC, F32) GEMM:305
	                                Add (ND)	    0.170	    0.180	  0.037%	 48.013%	     0.000	        1	Delegate/Add (ND):306
	                        Mean (ND) Reduce	    0.050	    0.047	  0.010%	 48.023%	     0.000	        1	Delegate/Mean (ND) Reduce:307
	                     Static Reshape (NC)	    0.003	    0.003	  0.001%	 48.024%	     0.000	        1	Delegate/Static Reshape (NC):308
	                 Squared Difference (ND)	    0.053	    0.057	  0.012%	 48.035%	     0.000	        1	Delegate/Squared Difference (ND):309
	                        Mean (ND) Reduce	    0.031	    0.031	  0.006%	 48.042%	     0.000	        1	Delegate/Mean (ND) Reduce:310
	                                Add (ND)	    0.003	    0.003	  0.001%	 48.042%	     0.000	        1	Delegate/Add (ND):311
	             Reciprocal Square Root (NC)	    0.005	    0.005	  0.001%	 48.043%	     0.000	        1	Delegate/Reciprocal Square Root (NC):312
	                           Multiply (ND)	    0.030	    0.031	  0.006%	 48.050%	     0.000	        1	Delegate/Multiply (ND):313
	                           Subtract (ND)	    0.014	    0.016	  0.003%	 48.053%	     0.000	        1	Delegate/Subtract (ND):314
	                     Static Reshape (NC)	    0.002	    0.002	  0.000%	 48.053%	     0.000	        1	Delegate/Static Reshape (NC):315
	                           Multiply (ND)	    0.070	    0.070	  0.014%	 48.068%	     0.000	        1	Delegate/Multiply (ND):316
	                     Static Reshape (NC)	    0.001	    0.001	  0.000%	 48.068%	     0.000	        1	Delegate/Static Reshape (NC):317
	                                Add (ND)	    0.048	    0.048	  0.010%	 48.078%	     0.000	        1	Delegate/Add (ND):318
	          Fully Connected (NC, F32) GEMM	    9.836	    9.826	  2.020%	 50.098%	     0.000	        1	Delegate/Fully Connected (NC, F32) GEMM:319
	                               GELU (NC)	    0.882	    0.845	  0.174%	 50.272%	     0.000	        1	Delegate/GELU (NC):320
	                     Static Reshape (NC)	    0.002	    0.002	  0.000%	 50.272%	     0.000	        1	Delegate/Static Reshape (NC):321
	          Fully Connected (NC, F32) GEMM	   12.195	   12.119	  2.492%	 52.764%	     0.000	        1	Delegate/Fully Connected (NC, F32) GEMM:322
	                                Add (ND)	    0.189	    0.197	  0.041%	 52.804%	     0.000	        1	Delegate/Add (ND):323
	                        Mean (ND) Reduce	    0.052	    0.055	  0.011%	 52.816%	     0.000	        1	Delegate/Mean (ND) Reduce:324
	                     Static Reshape (NC)	    0.003	    0.003	  0.001%	 52.816%	     0.000	        1	Delegate/Static Reshape (NC):325
	                 Squared Difference (ND)	    0.055	    0.056	  0.011%	 52.828%	     0.000	        1	Delegate/Squared Difference (ND):326
	                        Mean (ND) Reduce	    0.030	    0.033	  0.007%	 52.835%	     0.000	        1	Delegate/Mean (ND) Reduce:327
	                                Add (ND)	    0.004	    0.004	  0.001%	 52.835%	     0.000	        1	Delegate/Add (ND):328
	             Reciprocal Square Root (NC)	    0.005	    0.005	  0.001%	 52.836%	     0.000	        1	Delegate/Reciprocal Square Root (NC):329
	                           Multiply (ND)	    0.032	    0.037	  0.008%	 52.844%	     0.000	        1	Delegate/Multiply (ND):330
	                           Subtract (ND)	    0.023	    0.017	  0.003%	 52.847%	     0.000	        1	Delegate/Subtract (ND):331
	                     Static Reshape (NC)	    0.002	    0.002	  0.000%	 52.848%	     0.000	        1	Delegate/Static Reshape (NC):332
	                           Multiply (ND)	    0.072	    0.069	  0.014%	 52.862%	     0.000	        1	Delegate/Multiply (ND):333
	                     Static Reshape (NC)	    0.000	    0.000	  0.000%	 52.862%	     0.000	        1	Delegate/Static Reshape (NC):334
	                                Add (ND)	    0.054	    0.049	  0.010%	 52.872%	     0.000	        1	Delegate/Add (ND):335
	          Fully Connected (NC, F32) GEMM	    7.220	    6.873	  1.413%	 54.285%	     0.000	        1	Delegate/Fully Connected (NC, F32) GEMM:336
	                     Static Reshape (NC)	    0.003	    0.003	  0.001%	 54.286%	     0.000	        1	Delegate/Static Reshape (NC):337
	           Transpose (ND, X32) Transpose	    0.525	    0.569	  0.117%	 54.403%	     0.000	        1	Delegate/Transpose (ND, X32) Transpose:338
	                         Slice (ND, X32)	    0.179	    0.174	  0.036%	 54.439%	     0.000	        1	Delegate/Slice (ND, X32):339
	                         Slice (ND, X32)	    0.148	    0.156	  0.032%	 54.471%	     0.000	        1	Delegate/Slice (ND, X32):340
	                         Slice (ND, X32)	    0.150	    0.162	  0.033%	 54.504%	     0.000	        1	Delegate/Slice (ND, X32):341
	                     Static Reshape (NC)	    0.001	    0.001	  0.000%	 54.504%	     0.000	        1	Delegate/Static Reshape (NC):342
	                     Static Reshape (NC)	    0.001	    0.001	  0.000%	 54.504%	     0.000	        1	Delegate/Static Reshape (NC):343
	                           Multiply (ND)	    0.097	    0.096	  0.020%	 54.524%	     0.000	        1	Delegate/Multiply (ND):344
	                           Multiply (ND)	    0.098	    0.104	  0.021%	 54.546%	     0.000	        1	Delegate/Multiply (ND):345
	           Transpose (ND, X32) Transpose	    0.126	    0.132	  0.027%	 54.573%	     0.000	        1	Delegate/Transpose (ND, X32) Transpose:346
	                     Static Reshape (NC)	    0.001	    0.001	  0.000%	 54.573%	     0.000	        1	Delegate/Static Reshape (NC):347
	                     Static Reshape (NC)	    0.001	    0.001	  0.000%	 54.573%	     0.000	        1	Delegate/Static Reshape (NC):348
	    Batch Matrix Multiply (NC, F32) GEMM	    1.499	    1.480	  0.304%	 54.878%	     0.000	        1	Delegate/Batch Matrix Multiply (NC, F32) GEMM:349
	                     Static Reshape (NC)	    0.003	    0.002	  0.001%	 54.878%	     0.000	        1	Delegate/Static Reshape (NC):350
	                       Softmax (NC, F32)	    0.723	    0.703	  0.145%	 55.023%	     0.000	        1	Delegate/Softmax (NC, F32):351
	                     Static Reshape (NC)	    0.002	    0.002	  0.000%	 55.023%	     0.000	        1	Delegate/Static Reshape (NC):352
	                     Static Reshape (NC)	    0.001	    0.001	  0.000%	 55.023%	     0.000	        1	Delegate/Static Reshape (NC):353
	    Batch Matrix Multiply (NC, F32) GEMM	    1.731	    1.772	  0.364%	 55.388%	     0.000	        1	Delegate/Batch Matrix Multiply (NC, F32) GEMM:354
	                     Static Reshape (NC)	    0.001	    0.002	  0.000%	 55.388%	     0.000	        1	Delegate/Static Reshape (NC):355
	           Transpose (ND, X32) Transpose	    0.212	    0.205	  0.042%	 55.430%	     0.000	        1	Delegate/Transpose (ND, X32) Transpose:356
	                     Static Reshape (NC)	    0.003	    0.002	  0.000%	 55.431%	     0.000	        1	Delegate/Static Reshape (NC):357
	          Fully Connected (NC, F32) GEMM	    2.365	    2.315	  0.476%	 55.906%	     0.000	        1	Delegate/Fully Connected (NC, F32) GEMM:358
	                                Add (ND)	    0.194	    0.196	  0.040%	 55.947%	     0.000	        1	Delegate/Add (ND):359
	                        Mean (ND) Reduce	    0.051	    0.051	  0.010%	 55.957%	     0.000	        1	Delegate/Mean (ND) Reduce:360
	                     Static Reshape (NC)	    0.003	    0.003	  0.001%	 55.958%	     0.000	        1	Delegate/Static Reshape (NC):361
	                 Squared Difference (ND)	    0.055	    0.054	  0.011%	 55.969%	     0.000	        1	Delegate/Squared Difference (ND):362
	                        Mean (ND) Reduce	    0.032	    0.032	  0.007%	 55.975%	     0.000	        1	Delegate/Mean (ND) Reduce:363
	                                Add (ND)	    0.004	    0.003	  0.001%	 55.976%	     0.000	        1	Delegate/Add (ND):364
	             Reciprocal Square Root (NC)	    0.005	    0.005	  0.001%	 55.977%	     0.000	        1	Delegate/Reciprocal Square Root (NC):365
	                           Multiply (ND)	    0.032	    0.034	  0.007%	 55.984%	     0.000	        1	Delegate/Multiply (ND):366
	                           Subtract (ND)	    0.023	    0.018	  0.004%	 55.988%	     0.000	        1	Delegate/Subtract (ND):367
	                     Static Reshape (NC)	    0.002	    0.002	  0.000%	 55.988%	     0.000	        1	Delegate/Static Reshape (NC):368
	                           Multiply (ND)	    0.073	    0.071	  0.015%	 56.003%	     0.000	        1	Delegate/Multiply (ND):369
	                     Static Reshape (NC)	    0.000	    0.000	  0.000%	 56.003%	     0.000	        1	Delegate/Static Reshape (NC):370
	                                Add (ND)	    0.048	    0.050	  0.010%	 56.013%	     0.000	        1	Delegate/Add (ND):371
	          Fully Connected (NC, F32) GEMM	    9.517	    9.541	  1.962%	 57.975%	     0.000	        1	Delegate/Fully Connected (NC, F32) GEMM:372
	                               GELU (NC)	    0.858	    0.864	  0.178%	 58.152%	     0.000	        1	Delegate/GELU (NC):373
	                     Static Reshape (NC)	    0.002	    0.002	  0.000%	 58.153%	     0.000	        1	Delegate/Static Reshape (NC):374
	          Fully Connected (NC, F32) GEMM	   11.605	   11.737	  2.413%	 60.566%	     0.000	        1	Delegate/Fully Connected (NC, F32) GEMM:375
	                                Add (ND)	    0.204	    0.209	  0.043%	 60.609%	     0.000	        1	Delegate/Add (ND):376
	                        Mean (ND) Reduce	    0.064	    0.057	  0.012%	 60.620%	     0.000	        1	Delegate/Mean (ND) Reduce:377
	                     Static Reshape (NC)	    0.002	    0.003	  0.001%	 60.621%	     0.000	        1	Delegate/Static Reshape (NC):378
	                 Squared Difference (ND)	    0.063	    0.060	  0.012%	 60.633%	     0.000	        1	Delegate/Squared Difference (ND):379
	                        Mean (ND) Reduce	    0.036	    0.036	  0.007%	 60.641%	     0.000	        1	Delegate/Mean (ND) Reduce:380
	                                Add (ND)	    0.004	    0.004	  0.001%	 60.642%	     0.000	        1	Delegate/Add (ND):381
	             Reciprocal Square Root (NC)	    0.005	    0.005	  0.001%	 60.643%	     0.000	        1	Delegate/Reciprocal Square Root (NC):382
	                           Multiply (ND)	    0.016	    0.035	  0.007%	 60.650%	     0.000	        1	Delegate/Multiply (ND):383
	                           Subtract (ND)	    0.004	    0.018	  0.004%	 60.653%	     0.000	        1	Delegate/Subtract (ND):384
	                     Static Reshape (NC)	    0.002	    0.002	  0.000%	 60.654%	     0.000	        1	Delegate/Static Reshape (NC):385
	                           Multiply (ND)	    0.064	    0.069	  0.014%	 60.668%	     0.000	        1	Delegate/Multiply (ND):386
	                     Static Reshape (NC)	    0.001	    0.001	  0.000%	 60.668%	     0.000	        1	Delegate/Static Reshape (NC):387
	                                Add (ND)	    0.043	    0.047	  0.010%	 60.678%	     0.000	        1	Delegate/Add (ND):388
	          Fully Connected (NC, F32) GEMM	    7.154	    7.170	  1.474%	 62.152%	     0.000	        1	Delegate/Fully Connected (NC, F32) GEMM:389
	                     Static Reshape (NC)	    0.002	    0.002	  0.001%	 62.152%	     0.000	        1	Delegate/Static Reshape (NC):390
	           Transpose (ND, X32) Transpose	    0.577	    0.592	  0.122%	 62.274%	     0.000	        1	Delegate/Transpose (ND, X32) Transpose:391
	                         Slice (ND, X32)	    0.180	    0.179	  0.037%	 62.311%	     0.000	        1	Delegate/Slice (ND, X32):392
	                         Slice (ND, X32)	    0.157	    0.160	  0.033%	 62.344%	     0.000	        1	Delegate/Slice (ND, X32):393
	                         Slice (ND, X32)	    0.160	    0.164	  0.034%	 62.378%	     0.000	        1	Delegate/Slice (ND, X32):394
	                     Static Reshape (NC)	    0.001	    0.001	  0.000%	 62.378%	     0.000	        1	Delegate/Static Reshape (NC):395
	                     Static Reshape (NC)	    0.001	    0.001	  0.000%	 62.378%	     0.000	        1	Delegate/Static Reshape (NC):396
	                           Multiply (ND)	    0.090	    0.095	  0.020%	 62.398%	     0.000	        1	Delegate/Multiply (ND):397
	                           Multiply (ND)	    0.094	    0.101	  0.021%	 62.418%	     0.000	        1	Delegate/Multiply (ND):398
	           Transpose (ND, X32) Transpose	    0.139	    0.137	  0.028%	 62.447%	     0.000	        1	Delegate/Transpose (ND, X32) Transpose:399
	                     Static Reshape (NC)	    0.001	    0.001	  0.000%	 62.447%	     0.000	        1	Delegate/Static Reshape (NC):400
	                     Static Reshape (NC)	    0.001	    0.001	  0.000%	 62.447%	     0.000	        1	Delegate/Static Reshape (NC):401
	    Batch Matrix Multiply (NC, F32) GEMM	    1.514	    1.470	  0.302%	 62.749%	     0.000	        1	Delegate/Batch Matrix Multiply (NC, F32) GEMM:402
	                     Static Reshape (NC)	    0.002	    0.002	  0.001%	 62.750%	     0.000	        1	Delegate/Static Reshape (NC):403
	                       Softmax (NC, F32)	    0.678	    0.699	  0.144%	 62.893%	     0.000	        1	Delegate/Softmax (NC, F32):404
	                     Static Reshape (NC)	    0.002	    0.001	  0.000%	 62.894%	     0.000	        1	Delegate/Static Reshape (NC):405
	                     Static Reshape (NC)	    0.001	    0.001	  0.000%	 62.894%	     0.000	        1	Delegate/Static Reshape (NC):406
	    Batch Matrix Multiply (NC, F32) GEMM	    1.781	    1.790	  0.368%	 63.262%	     0.000	        1	Delegate/Batch Matrix Multiply (NC, F32) GEMM:407
	                     Static Reshape (NC)	    0.002	    0.002	  0.000%	 63.262%	     0.000	        1	Delegate/Static Reshape (NC):408
	           Transpose (ND, X32) Transpose	    0.206	    0.207	  0.043%	 63.305%	     0.000	        1	Delegate/Transpose (ND, X32) Transpose:409
	                     Static Reshape (NC)	    0.002	    0.001	  0.000%	 63.305%	     0.000	        1	Delegate/Static Reshape (NC):410
	          Fully Connected (NC, F32) GEMM	    2.299	    2.323	  0.478%	 63.783%	     0.000	        1	Delegate/Fully Connected (NC, F32) GEMM:411
	                                Add (ND)	    0.229	    0.203	  0.042%	 63.825%	     0.000	        1	Delegate/Add (ND):412
	                        Mean (ND) Reduce	    0.052	    0.052	  0.011%	 63.835%	     0.000	        1	Delegate/Mean (ND) Reduce:413
	                     Static Reshape (NC)	    0.003	    0.003	  0.001%	 63.836%	     0.000	        1	Delegate/Static Reshape (NC):414
	                 Squared Difference (ND)	    0.051	    0.055	  0.011%	 63.847%	     0.000	        1	Delegate/Squared Difference (ND):415
	                        Mean (ND) Reduce	    0.034	    0.034	  0.007%	 63.854%	     0.000	        1	Delegate/Mean (ND) Reduce:416
	                                Add (ND)	    0.004	    0.003	  0.001%	 63.855%	     0.000	        1	Delegate/Add (ND):417
	             Reciprocal Square Root (NC)	    0.005	    0.005	  0.001%	 63.856%	     0.000	        1	Delegate/Reciprocal Square Root (NC):418
	                           Multiply (ND)	    0.030	    0.033	  0.007%	 63.863%	     0.000	        1	Delegate/Multiply (ND):419
	                           Subtract (ND)	    0.014	    0.016	  0.003%	 63.866%	     0.000	        1	Delegate/Subtract (ND):420
	                     Static Reshape (NC)	    0.002	    0.002	  0.000%	 63.867%	     0.000	        1	Delegate/Static Reshape (NC):421
	                           Multiply (ND)	    0.068	    0.072	  0.015%	 63.881%	     0.000	        1	Delegate/Multiply (ND):422
	                     Static Reshape (NC)	    0.000	    0.001	  0.000%	 63.882%	     0.000	        1	Delegate/Static Reshape (NC):423
	                                Add (ND)	    0.050	    0.049	  0.010%	 63.892%	     0.000	        1	Delegate/Add (ND):424
	          Fully Connected (NC, F32) GEMM	    9.425	    9.552	  1.964%	 65.856%	     0.000	        1	Delegate/Fully Connected (NC, F32) GEMM:425
	                               GELU (NC)	    0.840	    0.855	  0.176%	 66.031%	     0.000	        1	Delegate/GELU (NC):426
	                     Static Reshape (NC)	    0.004	    0.002	  0.000%	 66.032%	     0.000	        1	Delegate/Static Reshape (NC):427
	          Fully Connected (NC, F32) GEMM	   11.539	   11.630	  2.391%	 68.423%	     0.000	        1	Delegate/Fully Connected (NC, F32) GEMM:428
	                                Add (ND)	    0.197	    0.211	  0.043%	 68.466%	     0.000	        1	Delegate/Add (ND):429
	                        Mean (ND) Reduce	    0.069	    0.060	  0.012%	 68.479%	     0.000	        1	Delegate/Mean (ND) Reduce:430
	                     Static Reshape (NC)	    0.003	    0.003	  0.001%	 68.479%	     0.000	        1	Delegate/Static Reshape (NC):431
	                 Squared Difference (ND)	    0.057	    0.061	  0.013%	 68.492%	     0.000	        1	Delegate/Squared Difference (ND):432
	                        Mean (ND) Reduce	    0.034	    0.036	  0.007%	 68.499%	     0.000	        1	Delegate/Mean (ND) Reduce:433
	                                Add (ND)	    0.003	    0.003	  0.001%	 68.500%	     0.000	        1	Delegate/Add (ND):434
	             Reciprocal Square Root (NC)	    0.005	    0.005	  0.001%	 68.501%	     0.000	        1	Delegate/Reciprocal Square Root (NC):435
	                           Multiply (ND)	    0.038	    0.046	  0.009%	 68.511%	     0.000	        1	Delegate/Multiply (ND):436
	                           Subtract (ND)	    0.022	    0.018	  0.004%	 68.514%	     0.000	        1	Delegate/Subtract (ND):437
	                     Static Reshape (NC)	    0.002	    0.002	  0.000%	 68.515%	     0.000	        1	Delegate/Static Reshape (NC):438
	                           Multiply (ND)	    0.072	    0.069	  0.014%	 68.529%	     0.000	        1	Delegate/Multiply (ND):439
	                     Static Reshape (NC)	    0.001	    0.001	  0.000%	 68.529%	     0.000	        1	Delegate/Static Reshape (NC):440
	                                Add (ND)	    0.061	    0.048	  0.010%	 68.539%	     0.000	        1	Delegate/Add (ND):441
	          Fully Connected (NC, F32) GEMM	    7.741	    7.722	  1.588%	 70.126%	     0.000	        1	Delegate/Fully Connected (NC, F32) GEMM:442
	                     Static Reshape (NC)	    0.003	    0.003	  0.001%	 70.127%	     0.000	        1	Delegate/Static Reshape (NC):443
	           Transpose (ND, X32) Transpose	    0.544	    0.596	  0.122%	 70.249%	     0.000	        1	Delegate/Transpose (ND, X32) Transpose:444
	                         Slice (ND, X32)	    0.177	    0.180	  0.037%	 70.286%	     0.000	        1	Delegate/Slice (ND, X32):445
	                         Slice (ND, X32)	    0.134	    0.149	  0.031%	 70.317%	     0.000	        1	Delegate/Slice (ND, X32):446
	                         Slice (ND, X32)	    0.154	    0.160	  0.033%	 70.350%	     0.000	        1	Delegate/Slice (ND, X32):447
	                     Static Reshape (NC)	    0.001	    0.001	  0.000%	 70.350%	     0.000	        1	Delegate/Static Reshape (NC):448
	                     Static Reshape (NC)	    0.001	    0.001	  0.000%	 70.350%	     0.000	        1	Delegate/Static Reshape (NC):449
	                           Multiply (ND)	    0.104	    0.098	  0.020%	 70.370%	     0.000	        1	Delegate/Multiply (ND):450
	                           Multiply (ND)	    0.102	    0.103	  0.021%	 70.392%	     0.000	        1	Delegate/Multiply (ND):451
	           Transpose (ND, X32) Transpose	    0.132	    0.130	  0.027%	 70.418%	     0.000	        1	Delegate/Transpose (ND, X32) Transpose:452
	                     Static Reshape (NC)	    0.001	    0.001	  0.000%	 70.418%	     0.000	        1	Delegate/Static Reshape (NC):453
	                     Static Reshape (NC)	    0.000	    0.000	  0.000%	 70.418%	     0.000	        1	Delegate/Static Reshape (NC):454
	    Batch Matrix Multiply (NC, F32) GEMM	    1.475	    1.474	  0.303%	 70.722%	     0.000	        1	Delegate/Batch Matrix Multiply (NC, F32) GEMM:455
	                     Static Reshape (NC)	    0.003	    0.003	  0.001%	 70.722%	     0.000	        1	Delegate/Static Reshape (NC):456
	                       Softmax (NC, F32)	    0.694	    0.699	  0.144%	 70.866%	     0.000	        1	Delegate/Softmax (NC, F32):457
	                     Static Reshape (NC)	    0.001	    0.001	  0.000%	 70.866%	     0.000	        1	Delegate/Static Reshape (NC):458
	                     Static Reshape (NC)	    0.001	    0.001	  0.000%	 70.866%	     0.000	        1	Delegate/Static Reshape (NC):459
	    Batch Matrix Multiply (NC, F32) GEMM	    1.755	    1.793	  0.369%	 71.235%	     0.000	        1	Delegate/Batch Matrix Multiply (NC, F32) GEMM:460
	                     Static Reshape (NC)	    0.002	    0.002	  0.000%	 71.235%	     0.000	        1	Delegate/Static Reshape (NC):461
	           Transpose (ND, X32) Transpose	    0.247	    0.203	  0.042%	 71.277%	     0.000	        1	Delegate/Transpose (ND, X32) Transpose:462
	                     Static Reshape (NC)	    0.001	    0.002	  0.001%	 71.277%	     0.000	        1	Delegate/Static Reshape (NC):463
	          Fully Connected (NC, F32) GEMM	    2.288	    2.333	  0.480%	 71.757%	     0.000	        1	Delegate/Fully Connected (NC, F32) GEMM:464
	                                Add (ND)	    0.204	    0.204	  0.042%	 71.799%	     0.000	        1	Delegate/Add (ND):465
	                        Mean (ND) Reduce	    0.049	    0.052	  0.011%	 71.810%	     0.000	        1	Delegate/Mean (ND) Reduce:466
	                     Static Reshape (NC)	    0.004	    0.003	  0.001%	 71.811%	     0.000	        1	Delegate/Static Reshape (NC):467
	                 Squared Difference (ND)	    0.061	    0.059	  0.012%	 71.823%	     0.000	        1	Delegate/Squared Difference (ND):468
	                        Mean (ND) Reduce	    0.033	    0.036	  0.007%	 71.830%	     0.000	        1	Delegate/Mean (ND) Reduce:469
	                                Add (ND)	    0.003	    0.004	  0.001%	 71.831%	     0.000	        1	Delegate/Add (ND):470
	             Reciprocal Square Root (NC)	    0.005	    0.005	  0.001%	 71.832%	     0.000	        1	Delegate/Reciprocal Square Root (NC):471
	                           Multiply (ND)	    0.034	    0.028	  0.006%	 71.838%	     0.000	        1	Delegate/Multiply (ND):472
	                           Subtract (ND)	    0.014	    0.015	  0.003%	 71.841%	     0.000	        1	Delegate/Subtract (ND):473
	                     Static Reshape (NC)	    0.001	    0.001	  0.000%	 71.841%	     0.000	        1	Delegate/Static Reshape (NC):474
	                           Multiply (ND)	    0.069	    0.070	  0.014%	 71.855%	     0.000	        1	Delegate/Multiply (ND):475
	                     Static Reshape (NC)	    0.001	    0.001	  0.000%	 71.856%	     0.000	        1	Delegate/Static Reshape (NC):476
	                                Add (ND)	    0.046	    0.051	  0.011%	 71.866%	     0.000	        1	Delegate/Add (ND):477
	          Fully Connected (NC, F32) GEMM	    9.502	    9.552	  1.964%	 73.830%	     0.000	        1	Delegate/Fully Connected (NC, F32) GEMM:478
	                               GELU (NC)	    0.839	    0.867	  0.178%	 74.008%	     0.000	        1	Delegate/GELU (NC):479
	                     Static Reshape (NC)	    0.003	    0.002	  0.000%	 74.009%	     0.000	        1	Delegate/Static Reshape (NC):480
	          Fully Connected (NC, F32) GEMM	   12.151	   11.555	  2.376%	 76.384%	     0.000	        1	Delegate/Fully Connected (NC, F32) GEMM:481
	                                Add (ND)	    0.204	    0.196	  0.040%	 76.425%	     0.000	        1	Delegate/Add (ND):482
	                        Mean (ND) Reduce	    0.058	    0.057	  0.012%	 76.436%	     0.000	        1	Delegate/Mean (ND) Reduce:483
	                     Static Reshape (NC)	    0.002	    0.003	  0.001%	 76.437%	     0.000	        1	Delegate/Static Reshape (NC):484
	                 Squared Difference (ND)	    0.107	    0.060	  0.012%	 76.449%	     0.000	        1	Delegate/Squared Difference (ND):485
	                        Mean (ND) Reduce	    0.045	    0.033	  0.007%	 76.456%	     0.000	        1	Delegate/Mean (ND) Reduce:486
	                                Add (ND)	    0.004	    0.004	  0.001%	 76.457%	     0.000	        1	Delegate/Add (ND):487
	             Reciprocal Square Root (NC)	    0.006	    0.005	  0.001%	 76.458%	     0.000	        1	Delegate/Reciprocal Square Root (NC):488
	                           Multiply (ND)	    0.014	    0.037	  0.008%	 76.466%	     0.000	        1	Delegate/Multiply (ND):489
	                           Subtract (ND)	    0.003	    0.018	  0.004%	 76.469%	     0.000	        1	Delegate/Subtract (ND):490
	                     Static Reshape (NC)	    0.001	    0.002	  0.000%	 76.470%	     0.000	        1	Delegate/Static Reshape (NC):491
	                           Multiply (ND)	    0.061	    0.068	  0.014%	 76.484%	     0.000	        1	Delegate/Multiply (ND):492
	                     Static Reshape (NC)	    0.000	    0.001	  0.000%	 76.484%	     0.000	        1	Delegate/Static Reshape (NC):493
	                                Add (ND)	    0.041	    0.048	  0.010%	 76.494%	     0.000	        1	Delegate/Add (ND):494
	          Fully Connected (NC, F32) GEMM	    6.820	    6.839	  1.406%	 77.900%	     0.000	        1	Delegate/Fully Connected (NC, F32) GEMM:495
	                     Static Reshape (NC)	    0.003	    0.003	  0.001%	 77.900%	     0.000	        1	Delegate/Static Reshape (NC):496
	           Transpose (ND, X32) Transpose	    0.537	    0.580	  0.119%	 78.020%	     0.000	        1	Delegate/Transpose (ND, X32) Transpose:497
	                         Slice (ND, X32)	    0.170	    0.173	  0.036%	 78.055%	     0.000	        1	Delegate/Slice (ND, X32):498
	                         Slice (ND, X32)	    0.148	    0.157	  0.032%	 78.087%	     0.000	        1	Delegate/Slice (ND, X32):499
	                         Slice (ND, X32)	    0.161	    0.163	  0.034%	 78.121%	     0.000	        1	Delegate/Slice (ND, X32):500
	                     Static Reshape (NC)	    0.001	    0.001	  0.000%	 78.121%	     0.000	        1	Delegate/Static Reshape (NC):501
	                     Static Reshape (NC)	    0.000	    0.001	  0.000%	 78.121%	     0.000	        1	Delegate/Static Reshape (NC):502
	                           Multiply (ND)	    0.099	    0.095	  0.020%	 78.141%	     0.000	        1	Delegate/Multiply (ND):503
	                           Multiply (ND)	    0.109	    0.103	  0.021%	 78.162%	     0.000	        1	Delegate/Multiply (ND):504
	           Transpose (ND, X32) Transpose	    0.128	    0.147	  0.030%	 78.192%	     0.000	        1	Delegate/Transpose (ND, X32) Transpose:505
	                     Static Reshape (NC)	    0.001	    0.001	  0.000%	 78.193%	     0.000	        1	Delegate/Static Reshape (NC):506
	                     Static Reshape (NC)	    0.001	    0.001	  0.000%	 78.193%	     0.000	        1	Delegate/Static Reshape (NC):507
	    Batch Matrix Multiply (NC, F32) GEMM	    1.438	    1.481	  0.304%	 78.497%	     0.000	        1	Delegate/Batch Matrix Multiply (NC, F32) GEMM:508
	                     Static Reshape (NC)	    0.001	    0.002	  0.000%	 78.498%	     0.000	        1	Delegate/Static Reshape (NC):509
	                       Softmax (NC, F32)	    0.730	    0.703	  0.145%	 78.642%	     0.000	        1	Delegate/Softmax (NC, F32):510
	                     Static Reshape (NC)	    0.002	    0.002	  0.000%	 78.643%	     0.000	        1	Delegate/Static Reshape (NC):511
	                     Static Reshape (NC)	    0.001	    0.001	  0.000%	 78.643%	     0.000	        1	Delegate/Static Reshape (NC):512
	    Batch Matrix Multiply (NC, F32) GEMM	    1.750	    1.793	  0.369%	 79.012%	     0.000	        1	Delegate/Batch Matrix Multiply (NC, F32) GEMM:513
	                     Static Reshape (NC)	    0.001	    0.001	  0.000%	 79.012%	     0.000	        1	Delegate/Static Reshape (NC):514
	           Transpose (ND, X32) Transpose	    0.206	    0.204	  0.042%	 79.054%	     0.000	        1	Delegate/Transpose (ND, X32) Transpose:515
	                     Static Reshape (NC)	    0.002	    0.002	  0.000%	 79.054%	     0.000	        1	Delegate/Static Reshape (NC):516
	          Fully Connected (NC, F32) GEMM	    2.330	    2.329	  0.479%	 79.533%	     0.000	        1	Delegate/Fully Connected (NC, F32) GEMM:517
	                                Add (ND)	    0.194	    0.201	  0.041%	 79.574%	     0.000	        1	Delegate/Add (ND):518
	                        Mean (ND) Reduce	    0.050	    0.052	  0.011%	 79.585%	     0.000	        1	Delegate/Mean (ND) Reduce:519
	                     Static Reshape (NC)	    0.003	    0.003	  0.001%	 79.586%	     0.000	        1	Delegate/Static Reshape (NC):520
	                 Squared Difference (ND)	    0.060	    0.061	  0.012%	 79.598%	     0.000	        1	Delegate/Squared Difference (ND):521
	                        Mean (ND) Reduce	    0.031	    0.034	  0.007%	 79.605%	     0.000	        1	Delegate/Mean (ND) Reduce:522
	                                Add (ND)	    0.004	    0.003	  0.001%	 79.606%	     0.000	        1	Delegate/Add (ND):523
	             Reciprocal Square Root (NC)	    0.005	    0.005	  0.001%	 79.607%	     0.000	        1	Delegate/Reciprocal Square Root (NC):524
	                           Multiply (ND)	    0.043	    0.033	  0.007%	 79.614%	     0.000	        1	Delegate/Multiply (ND):525
	                           Subtract (ND)	    0.016	    0.017	  0.004%	 79.617%	     0.000	        1	Delegate/Subtract (ND):526
	                     Static Reshape (NC)	    0.002	    0.002	  0.000%	 79.618%	     0.000	        1	Delegate/Static Reshape (NC):527
	                           Multiply (ND)	    0.073	    0.071	  0.015%	 79.632%	     0.000	        1	Delegate/Multiply (ND):528
	                     Static Reshape (NC)	    0.001	    0.001	  0.000%	 79.633%	     0.000	        1	Delegate/Static Reshape (NC):529
	                                Add (ND)	    0.047	    0.049	  0.010%	 79.643%	     0.000	        1	Delegate/Add (ND):530
	          Fully Connected (NC, F32) GEMM	    9.433	    9.521	  1.958%	 81.600%	     0.000	        1	Delegate/Fully Connected (NC, F32) GEMM:531
	                               GELU (NC)	    0.838	    0.882	  0.181%	 81.782%	     0.000	        1	Delegate/GELU (NC):532
	                     Static Reshape (NC)	    0.002	    0.002	  0.000%	 81.782%	     0.000	        1	Delegate/Static Reshape (NC):533
	          Fully Connected (NC, F32) GEMM	   11.619	   11.610	  2.387%	 84.169%	     0.000	        1	Delegate/Fully Connected (NC, F32) GEMM:534
	                                Add (ND)	    0.189	    0.197	  0.041%	 84.210%	     0.000	        1	Delegate/Add (ND):535
	                        Mean (ND) Reduce	    0.056	    0.057	  0.012%	 84.221%	     0.000	        1	Delegate/Mean (ND) Reduce:536
	                     Static Reshape (NC)	    0.003	    0.003	  0.001%	 84.222%	     0.000	        1	Delegate/Static Reshape (NC):537
	                 Squared Difference (ND)	    0.053	    0.056	  0.011%	 84.234%	     0.000	        1	Delegate/Squared Difference (ND):538
	                        Mean (ND) Reduce	    0.031	    0.034	  0.007%	 84.241%	     0.000	        1	Delegate/Mean (ND) Reduce:539
	                                Add (ND)	    0.003	    0.004	  0.001%	 84.241%	     0.000	        1	Delegate/Add (ND):540
	             Reciprocal Square Root (NC)	    0.005	    0.005	  0.001%	 84.242%	     0.000	        1	Delegate/Reciprocal Square Root (NC):541
	                           Multiply (ND)	    0.031	    0.037	  0.008%	 84.250%	     0.000	        1	Delegate/Multiply (ND):542
	                           Subtract (ND)	    0.026	    0.019	  0.004%	 84.254%	     0.000	        1	Delegate/Subtract (ND):543
	                     Static Reshape (NC)	    0.002	    0.002	  0.000%	 84.254%	     0.000	        1	Delegate/Static Reshape (NC):544
	                           Multiply (ND)	    0.071	    0.070	  0.014%	 84.269%	     0.000	        1	Delegate/Multiply (ND):545
	                     Static Reshape (NC)	    0.001	    0.001	  0.000%	 84.269%	     0.000	        1	Delegate/Static Reshape (NC):546
	                                Add (ND)	    0.044	    0.049	  0.010%	 84.279%	     0.000	        1	Delegate/Add (ND):547
	          Fully Connected (NC, F32) GEMM	    6.826	    6.867	  1.412%	 85.690%	     0.000	        1	Delegate/Fully Connected (NC, F32) GEMM:548
	                     Static Reshape (NC)	    0.002	    0.003	  0.001%	 85.691%	     0.000	        1	Delegate/Static Reshape (NC):549
	           Transpose (ND, X32) Transpose	    0.538	    0.574	  0.118%	 85.809%	     0.000	        1	Delegate/Transpose (ND, X32) Transpose:550
	                         Slice (ND, X32)	    0.167	    0.174	  0.036%	 85.845%	     0.000	        1	Delegate/Slice (ND, X32):551
	                         Slice (ND, X32)	    0.149	    0.157	  0.032%	 85.877%	     0.000	        1	Delegate/Slice (ND, X32):552
	                         Slice (ND, X32)	    0.172	    0.163	  0.033%	 85.911%	     0.000	        1	Delegate/Slice (ND, X32):553
	                     Static Reshape (NC)	    0.001	    0.001	  0.000%	 85.911%	     0.000	        1	Delegate/Static Reshape (NC):554
	                     Static Reshape (NC)	    0.003	    0.001	  0.000%	 85.911%	     0.000	        1	Delegate/Static Reshape (NC):555
	                           Multiply (ND)	    0.102	    0.105	  0.022%	 85.933%	     0.000	        1	Delegate/Multiply (ND):556
	                           Multiply (ND)	    0.104	    0.103	  0.021%	 85.954%	     0.000	        1	Delegate/Multiply (ND):557
	           Transpose (ND, X32) Transpose	    0.140	    0.133	  0.027%	 85.981%	     0.000	        1	Delegate/Transpose (ND, X32) Transpose:558
	                     Static Reshape (NC)	    0.001	    0.001	  0.000%	 85.982%	     0.000	        1	Delegate/Static Reshape (NC):559
	                     Static Reshape (NC)	    0.001	    0.001	  0.000%	 85.982%	     0.000	        1	Delegate/Static Reshape (NC):560
	    Batch Matrix Multiply (NC, F32) GEMM	    1.476	    1.510	  0.310%	 86.292%	     0.000	        1	Delegate/Batch Matrix Multiply (NC, F32) GEMM:561
	                     Static Reshape (NC)	    0.002	    0.002	  0.000%	 86.293%	     0.000	        1	Delegate/Static Reshape (NC):562
	                       Softmax (NC, F32)	    0.686	    0.700	  0.144%	 86.437%	     0.000	        1	Delegate/Softmax (NC, F32):563
	                     Static Reshape (NC)	    0.002	    0.002	  0.000%	 86.437%	     0.000	        1	Delegate/Static Reshape (NC):564
	                     Static Reshape (NC)	    0.001	    0.001	  0.000%	 86.437%	     0.000	        1	Delegate/Static Reshape (NC):565
	    Batch Matrix Multiply (NC, F32) GEMM	    1.728	    1.766	  0.363%	 86.800%	     0.000	        1	Delegate/Batch Matrix Multiply (NC, F32) GEMM:566
	                     Static Reshape (NC)	    0.001	    0.002	  0.000%	 86.801%	     0.000	        1	Delegate/Static Reshape (NC):567
	           Transpose (ND, X32) Transpose	    0.264	    0.205	  0.042%	 86.843%	     0.000	        1	Delegate/Transpose (ND, X32) Transpose:568
	                     Static Reshape (NC)	    0.001	    0.002	  0.000%	 86.843%	     0.000	        1	Delegate/Static Reshape (NC):569
	          Fully Connected (NC, F32) GEMM	    2.310	    2.334	  0.480%	 87.323%	     0.000	        1	Delegate/Fully Connected (NC, F32) GEMM:570
	                                Add (ND)	    0.202	    0.204	  0.042%	 87.365%	     0.000	        1	Delegate/Add (ND):571
	                        Mean (ND) Reduce	    0.049	    0.053	  0.011%	 87.376%	     0.000	        1	Delegate/Mean (ND) Reduce:572
	                     Static Reshape (NC)	    0.003	    0.003	  0.001%	 87.377%	     0.000	        1	Delegate/Static Reshape (NC):573
	                 Squared Difference (ND)	    0.053	    0.066	  0.014%	 87.390%	     0.000	        1	Delegate/Squared Difference (ND):574
	                        Mean (ND) Reduce	    0.032	    0.039	  0.008%	 87.398%	     0.000	        1	Delegate/Mean (ND) Reduce:575
	                                Add (ND)	    0.004	    0.004	  0.001%	 87.399%	     0.000	        1	Delegate/Add (ND):576
	             Reciprocal Square Root (NC)	    0.005	    0.005	  0.001%	 87.400%	     0.000	        1	Delegate/Reciprocal Square Root (NC):577
	                           Multiply (ND)	    0.033	    0.033	  0.007%	 87.407%	     0.000	        1	Delegate/Multiply (ND):578
	                           Subtract (ND)	    0.033	    0.017	  0.003%	 87.410%	     0.000	        1	Delegate/Subtract (ND):579
	                     Static Reshape (NC)	    0.002	    0.002	  0.000%	 87.411%	     0.000	        1	Delegate/Static Reshape (NC):580
	                           Multiply (ND)	    0.073	    0.071	  0.015%	 87.425%	     0.000	        1	Delegate/Multiply (ND):581
	                     Static Reshape (NC)	    0.000	    0.000	  0.000%	 87.425%	     0.000	        1	Delegate/Static Reshape (NC):582
	                                Add (ND)	    0.049	    0.050	  0.010%	 87.436%	     0.000	        1	Delegate/Add (ND):583
	          Fully Connected (NC, F32) GEMM	    9.427	    9.473	  1.948%	 89.383%	     0.000	        1	Delegate/Fully Connected (NC, F32) GEMM:584
	                               GELU (NC)	    0.844	    0.871	  0.179%	 89.562%	     0.000	        1	Delegate/GELU (NC):585
	                     Static Reshape (NC)	    0.001	    0.002	  0.000%	 89.563%	     0.000	        1	Delegate/Static Reshape (NC):586
	          Fully Connected (NC, F32) GEMM	   11.605	   11.540	  2.373%	 91.935%	     0.000	        1	Delegate/Fully Connected (NC, F32) GEMM:587
	                                Add (ND)	    0.186	    0.197	  0.041%	 91.976%	     0.000	        1	Delegate/Add (ND):588
	                        Mean (ND) Reduce	    0.048	    0.057	  0.012%	 91.987%	     0.000	        1	Delegate/Mean (ND) Reduce:589
	                     Static Reshape (NC)	    0.003	    0.003	  0.001%	 91.988%	     0.000	        1	Delegate/Static Reshape (NC):590
	                 Squared Difference (ND)	    0.056	    0.059	  0.012%	 92.000%	     0.000	        1	Delegate/Squared Difference (ND):591
	                        Mean (ND) Reduce	    0.032	    0.035	  0.007%	 92.007%	     0.000	        1	Delegate/Mean (ND) Reduce:592
	                                Add (ND)	    0.003	    0.004	  0.001%	 92.008%	     0.000	        1	Delegate/Add (ND):593
	             Reciprocal Square Root (NC)	    0.005	    0.005	  0.001%	 92.009%	     0.000	        1	Delegate/Reciprocal Square Root (NC):594
	                           Multiply (ND)	    0.042	    0.037	  0.008%	 92.017%	     0.000	        1	Delegate/Multiply (ND):595
	                           Subtract (ND)	    0.016	    0.019	  0.004%	 92.021%	     0.000	        1	Delegate/Subtract (ND):596
	                     Static Reshape (NC)	    0.002	    0.002	  0.000%	 92.021%	     0.000	        1	Delegate/Static Reshape (NC):597
	                           Multiply (ND)	    0.072	    0.069	  0.014%	 92.035%	     0.000	        1	Delegate/Multiply (ND):598
	                     Static Reshape (NC)	    0.000	    0.001	  0.000%	 92.036%	     0.000	        1	Delegate/Static Reshape (NC):599
	                                Add (ND)	    0.046	    0.047	  0.010%	 92.045%	     0.000	        1	Delegate/Add (ND):600
	          Fully Connected (NC, F32) GEMM	    6.808	    6.833	  1.405%	 93.450%	     0.000	        1	Delegate/Fully Connected (NC, F32) GEMM:601
	                     Static Reshape (NC)	    0.002	    0.003	  0.001%	 93.451%	     0.000	        1	Delegate/Static Reshape (NC):602
	           Transpose (ND, X32) Transpose	    0.530	    0.575	  0.118%	 93.569%	     0.000	        1	Delegate/Transpose (ND, X32) Transpose:603
	                         Slice (ND, X32)	    0.167	    0.178	  0.037%	 93.605%	     0.000	        1	Delegate/Slice (ND, X32):604
	                         Slice (ND, X32)	    0.147	    0.156	  0.032%	 93.637%	     0.000	        1	Delegate/Slice (ND, X32):605
	                         Slice (ND, X32)	    0.158	    0.165	  0.034%	 93.671%	     0.000	        1	Delegate/Slice (ND, X32):606
	                     Static Reshape (NC)	    0.001	    0.001	  0.000%	 93.672%	     0.000	        1	Delegate/Static Reshape (NC):607
	                     Static Reshape (NC)	    0.001	    0.001	  0.000%	 93.672%	     0.000	        1	Delegate/Static Reshape (NC):608
	                           Multiply (ND)	    0.104	    0.094	  0.019%	 93.691%	     0.000	        1	Delegate/Multiply (ND):609
	                           Multiply (ND)	    0.104	    0.104	  0.021%	 93.713%	     0.000	        1	Delegate/Multiply (ND):610
	           Transpose (ND, X32) Transpose	    0.129	    0.133	  0.027%	 93.740%	     0.000	        1	Delegate/Transpose (ND, X32) Transpose:611
	                     Static Reshape (NC)	    0.001	    0.001	  0.000%	 93.740%	     0.000	        1	Delegate/Static Reshape (NC):612
	                     Static Reshape (NC)	    0.001	    0.001	  0.000%	 93.740%	     0.000	        1	Delegate/Static Reshape (NC):613
	    Batch Matrix Multiply (NC, F32) GEMM	    1.438	    1.484	  0.305%	 94.045%	     0.000	        1	Delegate/Batch Matrix Multiply (NC, F32) GEMM:614
	                     Static Reshape (NC)	    0.001	    0.002	  0.000%	 94.046%	     0.000	        1	Delegate/Static Reshape (NC):615
	                       Softmax (NC, F32)	    0.695	    0.698	  0.144%	 94.189%	     0.000	        1	Delegate/Softmax (NC, F32):616
	                     Static Reshape (NC)	    0.002	    0.001	  0.000%	 94.190%	     0.000	        1	Delegate/Static Reshape (NC):617
	                     Static Reshape (NC)	    0.001	    0.001	  0.000%	 94.190%	     0.000	        1	Delegate/Static Reshape (NC):618
	    Batch Matrix Multiply (NC, F32) GEMM	    1.797	    1.778	  0.366%	 94.556%	     0.000	        1	Delegate/Batch Matrix Multiply (NC, F32) GEMM:619
	                     Static Reshape (NC)	    0.002	    0.002	  0.000%	 94.556%	     0.000	        1	Delegate/Static Reshape (NC):620
	           Transpose (ND, X32) Transpose	    0.216	    0.214	  0.044%	 94.600%	     0.000	        1	Delegate/Transpose (ND, X32) Transpose:621
	                     Static Reshape (NC)	    0.002	    0.002	  0.000%	 94.600%	     0.000	        1	Delegate/Static Reshape (NC):622
	          Fully Connected (NC, F32) GEMM	    2.622	    2.318	  0.477%	 95.077%	     0.000	        1	Delegate/Fully Connected (NC, F32) GEMM:623
	                                Add (ND)	    0.186	    0.202	  0.042%	 95.118%	     0.000	        1	Delegate/Add (ND):624
	                        Mean (ND) Reduce	    0.044	    0.052	  0.011%	 95.129%	     0.000	        1	Delegate/Mean (ND) Reduce:625
	                     Static Reshape (NC)	    0.003	    0.003	  0.001%	 95.130%	     0.000	        1	Delegate/Static Reshape (NC):626
	                 Squared Difference (ND)	    0.052	    0.056	  0.011%	 95.141%	     0.000	        1	Delegate/Squared Difference (ND):627
	                        Mean (ND) Reduce	    0.031	    0.033	  0.007%	 95.148%	     0.000	        1	Delegate/Mean (ND) Reduce:628
	                                Add (ND)	    0.003	    0.003	  0.001%	 95.149%	     0.000	        1	Delegate/Add (ND):629
	             Reciprocal Square Root (NC)	    0.005	    0.005	  0.001%	 95.150%	     0.000	        1	Delegate/Reciprocal Square Root (NC):630
	                           Multiply (ND)	    0.031	    0.035	  0.007%	 95.157%	     0.000	        1	Delegate/Multiply (ND):631
	                           Subtract (ND)	    0.013	    0.018	  0.004%	 95.161%	     0.000	        1	Delegate/Subtract (ND):632
	                     Static Reshape (NC)	    0.002	    0.002	  0.001%	 95.161%	     0.000	        1	Delegate/Static Reshape (NC):633
	                           Multiply (ND)	    0.068	    0.071	  0.015%	 95.176%	     0.000	        1	Delegate/Multiply (ND):634
	                     Static Reshape (NC)	    0.001	    0.001	  0.000%	 95.176%	     0.000	        1	Delegate/Static Reshape (NC):635
	                                Add (ND)	    0.048	    0.051	  0.010%	 95.186%	     0.000	        1	Delegate/Add (ND):636
	          Fully Connected (NC, F32) GEMM	    9.423	    9.491	  1.951%	 97.138%	     0.000	        1	Delegate/Fully Connected (NC, F32) GEMM:637
	                               GELU (NC)	    0.832	    0.860	  0.177%	 97.314%	     0.000	        1	Delegate/GELU (NC):638
	                     Static Reshape (NC)	    0.002	    0.002	  0.000%	 97.315%	     0.000	        1	Delegate/Static Reshape (NC):639
	          Fully Connected (NC, F32) GEMM	   11.472	   11.586	  2.382%	 99.697%	     0.000	        1	Delegate/Fully Connected (NC, F32) GEMM:640
	                                Add (ND)	    0.200	    0.195	  0.040%	 99.737%	     0.000	        1	Delegate/Add (ND):641
	                        Mean (ND) Reduce	    0.056	    0.058	  0.012%	 99.749%	     0.000	        1	Delegate/Mean (ND) Reduce:642
	                     Static Reshape (NC)	    0.002	    0.003	  0.001%	 99.750%	     0.000	        1	Delegate/Static Reshape (NC):643
	                 Squared Difference (ND)	    0.073	    0.076	  0.016%	 99.765%	     0.000	        1	Delegate/Squared Difference (ND):644
	                        Mean (ND) Reduce	    0.045	    0.048	  0.010%	 99.775%	     0.000	        1	Delegate/Mean (ND) Reduce:645
	                                Add (ND)	    0.003	    0.003	  0.001%	 99.776%	     0.000	        1	Delegate/Add (ND):646
	             Reciprocal Square Root (NC)	    0.005	    0.005	  0.001%	 99.777%	     0.000	        1	Delegate/Reciprocal Square Root (NC):647
	                           Multiply (ND)	    0.041	    0.040	  0.008%	 99.785%	     0.000	        1	Delegate/Multiply (ND):648
	                           Subtract (ND)	    0.014	    0.018	  0.004%	 99.789%	     0.000	        1	Delegate/Subtract (ND):649
	                     Static Reshape (NC)	    0.001	    0.001	  0.000%	 99.789%	     0.000	        1	Delegate/Static Reshape (NC):650
	                           Multiply (ND)	    0.045	    0.050	  0.010%	 99.799%	     0.000	        1	Delegate/Multiply (ND):651
	                     Static Reshape (NC)	    0.001	    0.001	  0.000%	 99.799%	     0.000	        1	Delegate/Static Reshape (NC):652
	                                Add (ND)	    0.029	    0.030	  0.006%	 99.806%	     0.000	        1	Delegate/Add (ND):653
	                           Multiply (ND)	    0.040	    0.041	  0.008%	 99.814%	     0.000	        1	Delegate/Multiply (ND):654
	                                Add (ND)	    0.057	    0.059	  0.012%	 99.826%	     0.000	        1	Delegate/Add (ND):655
	                         Slice (ND, X32)	    0.003	    0.003	  0.001%	 99.827%	     0.000	        1	Delegate/Slice (ND, X32):656
	                         Slice (ND, X32)	    0.002	    0.002	  0.000%	 99.827%	     0.000	        1	Delegate/Slice (ND, X32):657
	                     Static Reshape (NC)	    0.001	    0.000	  0.000%	 99.827%	     0.000	        1	Delegate/Static Reshape (NC):658
	          Fully Connected (NC, F32) GEMM	    0.520	    0.506	  0.104%	 99.931%	     0.000	        1	Delegate/Fully Connected (NC, F32) GEMM:659
	                     Static Reshape (NC)	    0.002	    0.002	  0.000%	 99.931%	     0.000	        1	Delegate/Static Reshape (NC):660
	          Fully Connected (NC, F32) GEMM	    0.296	    0.309	  0.063%	 99.995%	     0.000	        1	Delegate/Fully Connected (NC, F32) GEMM:661
	                                Add (ND)	    0.018	    0.018	  0.004%	 99.999%	     0.000	        1	Delegate/Add (ND):662
	                           Multiply (ND)	    0.005	    0.007	  0.001%	100.000%	     0.000	        1	Delegate/Multiply (ND):663

============================== Top by Computation Time ==============================
	                             [node type]	  [first]	 [avg ms]	     [%]	  [cdf%]	  [mem KB]	[times called]	[Name]
	           Convolution (NHWC, F32) IGEMM	   12.675	   12.739	  2.619%	  2.619%	     0.000	        1	Delegate/Convolution (NHWC, F32) IGEMM:0
	          Fully Connected (NC, F32) GEMM	   12.326	   12.470	  2.564%	  5.183%	     0.000	        1	Delegate/Fully Connected (NC, F32) GEMM:110
	          Fully Connected (NC, F32) GEMM	   12.144	   12.175	  2.503%	  7.686%	     0.000	        1	Delegate/Fully Connected (NC, F32) GEMM:216
	          Fully Connected (NC, F32) GEMM	   12.195	   12.119	  2.492%	 10.178%	     0.000	        1	Delegate/Fully Connected (NC, F32) GEMM:322
	          Fully Connected (NC, F32) GEMM	   12.002	   12.101	  2.488%	 12.666%	     0.000	        1	Delegate/Fully Connected (NC, F32) GEMM:269
	          Fully Connected (NC, F32) GEMM	   12.302	   12.090	  2.486%	 15.152%	     0.000	        1	Delegate/Fully Connected (NC, F32) GEMM:57
	          Fully Connected (NC, F32) GEMM	   11.797	   11.926	  2.452%	 17.604%	     0.000	        1	Delegate/Fully Connected (NC, F32) GEMM:163
	          Fully Connected (NC, F32) GEMM	   11.605	   11.737	  2.413%	 20.017%	     0.000	        1	Delegate/Fully Connected (NC, F32) GEMM:375
	          Fully Connected (NC, F32) GEMM	   11.624	   11.652	  2.396%	 22.413%	     0.000	        1	Delegate/Fully Connected (NC, F32) GEMM:266
	          Fully Connected (NC, F32) GEMM	   11.539	   11.630	  2.391%	 24.804%	     0.000	        1	Delegate/Fully Connected (NC, F32) GEMM:428

Number of nodes executed: 664
============================== Summary by node type ==============================
	                             [Node type]	  [count]	  [avg ms]	    [avg %]	    [cdf %]	  [mem KB]	[times called]
	          Fully Connected (NC, F32) GEMM	       50	   382.064	    78.603%	    78.603%	     0.000	       50
	    Batch Matrix Multiply (NC, F32) GEMM	       24	    39.147	     8.054%	    86.657%	     0.000	       24
	           Convolution (NHWC, F32) IGEMM	        1	    12.739	     2.621%	    89.278%	     0.000	        1
	           Transpose (ND, X32) Transpose	       38	    11.636	     2.394%	    91.672%	     0.000	       38
	                               GELU (NC)	       12	    10.326	     2.124%	    93.796%	     0.000	       12
	                       Softmax (NC, F32)	       12	     8.472	     1.743%	    95.539%	     0.000	       12
	                                Add (ND)	       77	     6.154	     1.266%	    96.805%	     0.000	       77
	                         Slice (ND, X32)	       38	     5.920	     1.218%	    98.023%	     0.000	       38
	                           Multiply (ND)	       76	     5.011	     1.031%	    99.054%	     0.000	       76
	                        Mean (ND) Reduce	       50	     2.224	     0.458%	    99.512%	     0.000	       50
	                 Squared Difference (ND)	       25	     1.482	     0.305%	    99.817%	     0.000	       25
	                           Subtract (ND)	       25	     0.415	     0.085%	    99.902%	     0.000	       25
	                     Static Reshape (NC)	      210	     0.253	     0.052%	    99.954%	     0.000	      210
	             Reciprocal Square Root (NC)	       25	     0.126	     0.026%	    99.980%	     0.000	       25
	                          Copy (NC, X32)	        1	     0.097	     0.020%	   100.000%	     0.000	        1

Timings (microseconds): count=50 first=485500 curr=487297 min=484100 max=490772 avg=486378 std=1506
Memory (bytes): count=0
664 nodes observed



