Running main profile with model ./models/mobileone_s0.tflite and image ./images/dog.jpg (threads: 4, delegate: xnnpack, warmup: 10, profiling: 50)

====== main_cpu with profiling ====
[INFO] Model path: ./models/mobileone_s0.tflite
[INFO] Image path: ./images/dog.jpg
[INFO] Label path: ./labels.json
[INFO] Profiling result path: ./log/cortex-a53-autotuning/output_main_profile_mobileone_s0_xnnpack_4threads_auto_tuning.csv
[INFO] Profiling enabled: YES
[INFO] Number of threads: 4
[INFO] Delegate type: xnnpack
[INFO] Warmup runs: 10
[INFO] Profiling runs: 50
[INFO] Model type detected: FP32
[INFO] Initializing profiler...
[INFO] Loading model from: ./models/mobileone_s0.tflite
INFO: Initialized TensorFlow Lite runtime.
[INFO] Model signature keys:The Model contains 1 signature key(s).They are listed below: -> Signature Key: serving_default
INFO: Created TensorFlow Lite XNNPACK delegate for CPU.
VERBOSE: XNNPack weight cache not enabled.
VERBOSE: Replacing 50 out of 50 node(s) with delegate (TfLiteXNNPackDelegate) node, yielding 1 partitions for subgraph 0.
VERBOSE: SubgraphInit called with params: 0x559acef050, length: 0
VERBOSE: SubgraphCreate: called
VERBOSE: SubgraphCreate: created XNNPACK subgraph with 139 external values
VERBOSE: SubgraphCreate: creating XNNPACK runtime with flags: 24
VERBOSE: SubgraphCreate: created XNNPACK runtime 
[INFO] XNNPACK delegate applied successfully (threads: 4)

[INFO] Model Summary 
📥 Input tensor count  : 1
📤 Output tensor count : 1
📦 Total tensor count  : 141
🔧 Node (op) count     : 51
🧩 Delegate applied    : Yes ✅

[INFO] Shape of input_tensor: [1, 224, 224, 3]
[INFO] Processing FP32 input path

[INFO] Running 10 warm-up iterations...
[INFO] warm-up completed

[INFO] Running 50 run and profile iterations...
[INFO] run and profile completed

[INFO] Shape of output_tensor: [1, 1000]
[INFO] Processing FP32 output path

[INFO] Top 5 predictions:
- Class 207 (golden_retriever): 0.734143
- Class 257 (Great_Pyrenees): 0.106012
- Class 208 (Labrador_retriever): 0.0527863
- Class 244 (Tibetan_mastiff): 0.0202353
- Class 222 (kuvasz): 0.01821

[INFO] Elapsed time summary
- Load Model took 0.158 ms (158 us)
- Build Interpreter took 3.352 ms (3352 us)
- Apply Delegate took 27.151 ms (27151 us)
- Allocate Tensor took 23.328 ms (23328 us)
- Load Input Image took 42.073 ms (42073 us)
- Preprocessing took 10.902 ms (10902 us)
- Inference_0 took 33.448 ms (33448 us)
- Inference_1 took 33.646 ms (33646 us)
- Inference_2 took 33.723 ms (33723 us)
- Inference_3 took 33.436 ms (33436 us)
- Inference_4 took 33.573 ms (33573 us)
- Inference_5 took 33.88 ms (33880 us)
- Inference_6 took 33.438 ms (33438 us)
- Inference_7 took 34.048 ms (34048 us)
- Inference_8 took 33.326 ms (33326 us)
- Inference_9 took 33.528 ms (33528 us)
- Inference_10 took 34.374 ms (34374 us)
- Inference_11 took 33.891 ms (33891 us)
- Inference_12 took 33.52 ms (33520 us)
- Inference_13 took 34.399 ms (34399 us)
- Inference_14 took 33.413 ms (33413 us)
- Inference_15 took 33.449 ms (33449 us)
- Inference_16 took 33.939 ms (33939 us)
- Inference_17 took 33.383 ms (33383 us)
- Inference_18 took 33.489 ms (33489 us)
- Inference_19 took 33.899 ms (33899 us)
- Inference_20 took 33.392 ms (33392 us)
- Inference_21 took 33.546 ms (33546 us)
- Inference_22 took 34.032 ms (34032 us)
- Inference_23 took 33.548 ms (33548 us)
- Inference_24 took 33.363 ms (33363 us)
- Inference_25 took 33.996 ms (33996 us)
- Inference_26 took 33.494 ms (33494 us)
- Inference_27 took 33.412 ms (33412 us)
- Inference_28 took 33.988 ms (33988 us)
- Inference_29 took 33.475 ms (33475 us)
- Inference_30 took 33.429 ms (33429 us)
- Inference_31 took 34.228 ms (34228 us)
- Inference_32 took 33.559 ms (33559 us)
- Inference_33 took 33.42 ms (33420 us)
- Inference_34 took 33.791 ms (33791 us)
- Inference_35 took 33.486 ms (33486 us)
- Inference_36 took 33.448 ms (33448 us)
- Inference_37 took 33.809 ms (33809 us)
- Inference_38 took 33.538 ms (33538 us)
- Inference_39 took 33.431 ms (33431 us)
- Inference_40 took 33.704 ms (33704 us)
- Inference_41 took 33.553 ms (33553 us)
- Inference_42 took 33.232 ms (33232 us)
- Inference_43 took 33.688 ms (33688 us)
- Inference_44 took 33.484 ms (33484 us)
- Inference_45 took 33.368 ms (33368 us)
- Inference_46 took 33.833 ms (33833 us)
- Inference_47 took 33.549 ms (33549 us)
- Inference_48 took 33.462 ms (33462 us)
- Inference_49 took 34.341 ms (34341 us)
- Postprocessing took 0.106 ms (106 us)


[INFO] Generating Ops-level profiling (log)

INFO: Profiling Info for Benchmark Initialization:
============================== Run Order ==============================
	                             [node type]	  [first]	 [avg ms]	     [%]	  [cdf%]	  [mem KB]	[times called]	[Name]
	                 ModifyGraphWithDelegate	   26.636	   26.636	 53.336%	 53.336%	 15316.000	        1	ModifyGraphWithDelegate/0
	                         AllocateTensors	   23.304	   23.304	 46.664%	100.000%	  7572.000	        1	AllocateTensors/0

============================== Top by Computation Time ==============================
	                             [node type]	  [first]	 [avg ms]	     [%]	  [cdf%]	  [mem KB]	[times called]	[Name]
	                 ModifyGraphWithDelegate	   26.636	   26.636	 53.336%	 53.336%	 15316.000	        1	ModifyGraphWithDelegate/0
	                         AllocateTensors	   23.304	   23.304	 46.664%	100.000%	  7572.000	        1	AllocateTensors/0

Number of nodes executed: 2
============================== Summary by node type ==============================
	                             [Node type]	  [count]	  [avg ms]	    [avg %]	    [cdf %]	  [mem KB]	[times called]
	                 ModifyGraphWithDelegate	        1	    26.636	    53.336%	    53.336%	 15316.000	        1
	                         AllocateTensors	        1	    23.304	    46.664%	   100.000%	  7572.000	        1

Timings (microseconds): count=2 curr=49940(all same)
Memory (bytes): count=0
2 nodes observed



INFO: Operator-wise Profiling Info for Regular Benchmark Runs:
============================== Run Order ==============================
	                             [node type]	  [first]	 [avg ms]	     [%]	  [cdf%]	  [mem KB]	[times called]	[Name]
	           Convolution (NHWC, F32) IGEMM	    3.089	    3.089	  9.243%	  9.243%	     0.000	        1	Delegate/Convolution (NHWC, F32) IGEMM:0
	          Convolution (NHWC, F32) DWConv	    1.898	    1.909	  5.712%	 14.955%	     0.000	        1	Delegate/Convolution (NHWC, F32) DWConv:1
	          Fully Connected (NC, F32) GEMM	    0.645	    0.654	  1.957%	 16.911%	     0.000	        1	Delegate/Fully Connected (NC, F32) GEMM:2
	          Convolution (NHWC, F32) DWConv	    0.640	    0.670	  2.006%	 18.917%	     0.000	        1	Delegate/Convolution (NHWC, F32) DWConv:3
	          Fully Connected (NC, F32) GEMM	    0.696	    0.680	  2.033%	 20.951%	     0.000	        1	Delegate/Fully Connected (NC, F32) GEMM:4
	          Convolution (NHWC, F32) DWConv	    0.409	    0.393	  1.176%	 22.126%	     0.000	        1	Delegate/Convolution (NHWC, F32) DWConv:5
	          Fully Connected (NC, F32) GEMM	    0.416	    0.423	  1.266%	 23.392%	     0.000	        1	Delegate/Fully Connected (NC, F32) GEMM:6
	          Convolution (NHWC, F32) DWConv	    0.395	    0.401	  1.200%	 24.591%	     0.000	        1	Delegate/Convolution (NHWC, F32) DWConv:7
	          Fully Connected (NC, F32) GEMM	    1.053	    1.065	  3.187%	 27.779%	     0.000	        1	Delegate/Fully Connected (NC, F32) GEMM:8
	          Convolution (NHWC, F32) DWConv	    0.425	    0.431	  1.289%	 29.067%	     0.000	        1	Delegate/Convolution (NHWC, F32) DWConv:9
	          Fully Connected (NC, F32) GEMM	    1.078	    1.103	  3.301%	 32.368%	     0.000	        1	Delegate/Fully Connected (NC, F32) GEMM:10
	          Convolution (NHWC, F32) DWConv	    0.481	    0.436	  1.304%	 33.672%	     0.000	        1	Delegate/Convolution (NHWC, F32) DWConv:11
	          Fully Connected (NC, F32) GEMM	    1.067	    1.079	  3.228%	 36.900%	     0.000	        1	Delegate/Fully Connected (NC, F32) GEMM:12
	          Convolution (NHWC, F32) DWConv	    0.497	    0.502	  1.503%	 38.403%	     0.000	        1	Delegate/Convolution (NHWC, F32) DWConv:13
	          Fully Connected (NC, F32) GEMM	    1.050	    1.067	  3.193%	 41.596%	     0.000	        1	Delegate/Fully Connected (NC, F32) GEMM:14
	          Convolution (NHWC, F32) DWConv	    0.402	    0.401	  1.199%	 42.795%	     0.000	        1	Delegate/Convolution (NHWC, F32) DWConv:15
	          Fully Connected (NC, F32) GEMM	    1.113	    1.083	  3.240%	 46.035%	     0.000	        1	Delegate/Fully Connected (NC, F32) GEMM:16
	          Convolution (NHWC, F32) DWConv	    0.435	    0.428	  1.280%	 47.315%	     0.000	        1	Delegate/Convolution (NHWC, F32) DWConv:17
	          Fully Connected (NC, F32) GEMM	    1.056	    1.074	  3.213%	 50.528%	     0.000	        1	Delegate/Fully Connected (NC, F32) GEMM:18
	          Convolution (NHWC, F32) DWConv	    0.427	    0.439	  1.314%	 51.842%	     0.000	        1	Delegate/Convolution (NHWC, F32) DWConv:19
	          Fully Connected (NC, F32) GEMM	    1.074	    1.074	  3.213%	 55.056%	     0.000	        1	Delegate/Fully Connected (NC, F32) GEMM:20
	          Convolution (NHWC, F32) DWConv	    0.240	    0.235	  0.704%	 55.759%	     0.000	        1	Delegate/Convolution (NHWC, F32) DWConv:21
	          Fully Connected (NC, F32) GEMM	    0.552	    0.538	  1.609%	 57.368%	     0.000	        1	Delegate/Fully Connected (NC, F32) GEMM:22
	          Convolution (NHWC, F32) DWConv	    0.233	    0.230	  0.687%	 58.055%	     0.000	        1	Delegate/Convolution (NHWC, F32) DWConv:23
	          Fully Connected (NC, F32) GEMM	    1.073	    1.085	  3.247%	 61.302%	     0.000	        1	Delegate/Fully Connected (NC, F32) GEMM:24
	          Convolution (NHWC, F32) DWConv	    0.204	    0.216	  0.645%	 61.947%	     0.000	        1	Delegate/Convolution (NHWC, F32) DWConv:25
	          Fully Connected (NC, F32) GEMM	    1.083	    1.102	  3.296%	 65.244%	     0.000	        1	Delegate/Fully Connected (NC, F32) GEMM:26
	          Convolution (NHWC, F32) DWConv	    0.206	    0.222	  0.664%	 65.907%	     0.000	        1	Delegate/Convolution (NHWC, F32) DWConv:27
	          Fully Connected (NC, F32) GEMM	    1.111	    1.101	  3.294%	 69.201%	     0.000	        1	Delegate/Fully Connected (NC, F32) GEMM:28
	          Convolution (NHWC, F32) DWConv	    0.206	    0.220	  0.658%	 69.859%	     0.000	        1	Delegate/Convolution (NHWC, F32) DWConv:29
	          Fully Connected (NC, F32) GEMM	    1.101	    1.115	  3.335%	 73.194%	     0.000	        1	Delegate/Fully Connected (NC, F32) GEMM:30
	          Convolution (NHWC, F32) DWConv	    0.213	    0.225	  0.673%	 73.868%	     0.000	        1	Delegate/Convolution (NHWC, F32) DWConv:31
	          Fully Connected (NC, F32) GEMM	    1.074	    1.095	  3.275%	 77.143%	     0.000	        1	Delegate/Fully Connected (NC, F32) GEMM:32
	          Convolution (NHWC, F32) DWConv	    0.202	    0.219	  0.654%	 77.796%	     0.000	        1	Delegate/Convolution (NHWC, F32) DWConv:33
	          Fully Connected (NC, F32) GEMM	    1.111	    1.099	  3.288%	 81.084%	     0.000	        1	Delegate/Fully Connected (NC, F32) GEMM:34
	          Convolution (NHWC, F32) DWConv	    0.224	    0.236	  0.705%	 81.789%	     0.000	        1	Delegate/Convolution (NHWC, F32) DWConv:35
	          Fully Connected (NC, F32) GEMM	    1.088	    1.113	  3.331%	 85.120%	     0.000	        1	Delegate/Fully Connected (NC, F32) GEMM:36
	          Convolution (NHWC, F32) DWConv	    0.205	    0.216	  0.647%	 85.768%	     0.000	        1	Delegate/Convolution (NHWC, F32) DWConv:37
	          Fully Connected (NC, F32) GEMM	    1.075	    1.092	  3.267%	 89.035%	     0.000	        1	Delegate/Fully Connected (NC, F32) GEMM:38
	          Convolution (NHWC, F32) DWConv	    0.205	    0.216	  0.645%	 89.680%	     0.000	        1	Delegate/Convolution (NHWC, F32) DWConv:39
	          Fully Connected (NC, F32) GEMM	    1.066	    1.090	  3.260%	 92.940%	     0.000	        1	Delegate/Fully Connected (NC, F32) GEMM:40
	          Convolution (NHWC, F32) DWConv	    0.163	    0.115	  0.345%	 93.285%	     0.000	        1	Delegate/Convolution (NHWC, F32) DWConv:41
	          Fully Connected (NC, F32) GEMM	    1.220	    1.250	  3.741%	 97.025%	     0.000	        1	Delegate/Fully Connected (NC, F32) GEMM:42
	                         Sum (ND) Reduce	    0.168	    0.171	  0.510%	 97.536%	     0.000	        1	Delegate/Sum (ND) Reduce:43
	          Fully Connected (NC, F32) GEMM	    0.804	    0.824	  2.464%	100.000%	     0.000	        1	Delegate/Fully Connected (NC, F32) GEMM:44

============================== Top by Computation Time ==============================
	                             [node type]	  [first]	 [avg ms]	     [%]	  [cdf%]	  [mem KB]	[times called]	[Name]
	           Convolution (NHWC, F32) IGEMM	    3.089	    3.089	  9.243%	  9.243%	     0.000	        1	Delegate/Convolution (NHWC, F32) IGEMM:0
	          Convolution (NHWC, F32) DWConv	    1.898	    1.909	  5.712%	 14.955%	     0.000	        1	Delegate/Convolution (NHWC, F32) DWConv:1
	          Fully Connected (NC, F32) GEMM	    1.220	    1.250	  3.741%	 18.695%	     0.000	        1	Delegate/Fully Connected (NC, F32) GEMM:42
	          Fully Connected (NC, F32) GEMM	    1.101	    1.115	  3.335%	 22.031%	     0.000	        1	Delegate/Fully Connected (NC, F32) GEMM:30
	          Fully Connected (NC, F32) GEMM	    1.088	    1.113	  3.331%	 25.362%	     0.000	        1	Delegate/Fully Connected (NC, F32) GEMM:36
	          Fully Connected (NC, F32) GEMM	    1.078	    1.103	  3.301%	 28.662%	     0.000	        1	Delegate/Fully Connected (NC, F32) GEMM:10
	          Fully Connected (NC, F32) GEMM	    1.083	    1.102	  3.296%	 31.959%	     0.000	        1	Delegate/Fully Connected (NC, F32) GEMM:26
	          Fully Connected (NC, F32) GEMM	    1.111	    1.101	  3.294%	 35.252%	     0.000	        1	Delegate/Fully Connected (NC, F32) GEMM:28
	          Fully Connected (NC, F32) GEMM	    1.111	    1.099	  3.288%	 38.540%	     0.000	        1	Delegate/Fully Connected (NC, F32) GEMM:34
	          Fully Connected (NC, F32) GEMM	    1.074	    1.095	  3.275%	 41.815%	     0.000	        1	Delegate/Fully Connected (NC, F32) GEMM:32

Number of nodes executed: 45
============================== Summary by node type ==============================
	                             [Node type]	  [count]	  [avg ms]	    [avg %]	    [cdf %]	  [mem KB]	[times called]
	          Fully Connected (NC, F32) GEMM	       22	    21.794	    65.250%	    65.250%	     0.000	       22
	          Convolution (NHWC, F32) DWConv	       21	     8.348	    24.993%	    90.243%	     0.000	       21
	           Convolution (NHWC, F32) IGEMM	        1	     3.089	     9.248%	    99.491%	     0.000	        1
	                         Sum (ND) Reduce	        1	     0.170	     0.509%	   100.000%	     0.000	        1

Timings (microseconds): count=50 first=33173 curr=34123 min=33012 max=34185 avg=33423.3 std=286
Memory (bytes): count=0
45 nodes observed



