Running main profile with model ./models/convnext_tiny.fb_in22k_ft_in1k.tflite and image ./images/dog.jpg (threads: 4, delegate: xnnpack, warmup: 10, profiling: 50)

====== main_cpu with profiling ====
[INFO] Model path: ./models/convnext_tiny.fb_in22k_ft_in1k.tflite
[INFO] Image path: ./images/dog.jpg
[INFO] Label path: ./labels.json
[INFO] Profiling result path: ./log/cortex-a53-autotuning/output_main_profile_convnext_tiny.fb_in22k_ft_in1k_xnnpack_4threads_auto_tuning.csv
[INFO] Profiling enabled: YES
[INFO] Number of threads: 4
[INFO] Delegate type: xnnpack
[INFO] Warmup runs: 10
[INFO] Profiling runs: 50
[INFO] Model type detected: FP32
[INFO] Initializing profiler...
[INFO] Loading model from: ./models/convnext_tiny.fb_in22k_ft_in1k.tflite
INFO: Initialized TensorFlow Lite runtime.
[INFO] Model signature keys:The Model contains 1 signature key(s).They are listed below: -> Signature Key: serving_default
INFO: Created TensorFlow Lite XNNPACK delegate for CPU.
VERBOSE: XNNPack weight cache not enabled.
VERBOSE: Replacing 430 out of 431 node(s) with delegate (TfLiteXNNPackDelegate) node, yielding 3 partitions for subgraph 0.
VERBOSE: SubgraphInit called with params: 0x55ba91f5b0, length: 0
VERBOSE: SubgraphCreate: called
VERBOSE: SubgraphCreate: created XNNPACK subgraph with 542 external values
VERBOSE: SubgraphCreate: creating XNNPACK runtime with flags: 24
VERBOSE: SubgraphCreate: created XNNPACK runtime 
VERBOSE: SubgraphInit called with params: 0x55ba91c500, length: 0
VERBOSE: SubgraphCreate: called
VERBOSE: SubgraphCreate: created XNNPACK subgraph with 23 external values
VERBOSE: SubgraphCreate: creating XNNPACK runtime with flags: 24
VERBOSE: SubgraphCreate: created XNNPACK runtime 
[INFO] XNNPACK delegate applied successfully (threads: 4)
INFO: Applying 1 TensorFlow Lite delegate(s) lazily.
VERBOSE: XNNPack weight cache not enabled.
INFO: Successfully applied the default TensorFlow Lite delegate indexed at 0.
 *NOTE*: because a delegate has been applied, the precision of computations should be unchanged, but the exact output tensor values may have changed. If such output values are checked in your code, like in your tests etc., please consider increasing error tolerance for the check.

[INFO] Model Summary 
📥 Input tensor count  : 1
📤 Output tensor count : 1
📦 Total tensor count  : 587
🔧 Node (op) count     : 433
🧩 Delegate applied    : Yes ✅

[INFO] Shape of input_tensor: [1, 224, 224, 3]
[INFO] Processing FP32 input path

[INFO] Running 10 warm-up iterations...
[INFO] warm-up completed

[INFO] Running 50 run and profile iterations...
INFO: Warning: Doubling internal profiling buffer.
[INFO] run and profile completed

[INFO] Shape of output_tensor: [1, 1000]
[INFO] Processing FP32 output path

[INFO] Top 5 predictions:
- Class 646 (maze): 0.0594089
- Class 712 (Petri_dish): 0.0227822
- Class 686 (oil_filter): 0.0142148
- Class 426 (barometer): 0.012867
- Class 633 (loupe): 0.012845

[INFO] Elapsed time summary
- Load Model took 0.186 ms (186 us)
- Build Interpreter took 5.979 ms (5979 us)
- Apply Delegate took 415.022 ms (415022 us)
- Allocate Tensor took 62.999 ms (62999 us)
- Load Input Image took 42.131 ms (42131 us)
- Preprocessing took 10.635 ms (10635 us)
- Inference_0 took 777.185 ms (777185 us)
- Inference_1 took 776.667 ms (776667 us)
- Inference_2 took 777.849 ms (777849 us)
- Inference_3 took 776.307 ms (776307 us)
- Inference_4 took 776.261 ms (776261 us)
- Inference_5 took 776.652 ms (776652 us)
- Inference_6 took 777.337 ms (777337 us)
- Inference_7 took 776.997 ms (776997 us)
- Inference_8 took 777.762 ms (777762 us)
- Inference_9 took 776.035 ms (776035 us)
- Inference_10 took 776.41 ms (776410 us)
- Inference_11 took 778.34 ms (778340 us)
- Inference_12 took 776.406 ms (776406 us)
- Inference_13 took 775.881 ms (775881 us)
- Inference_14 took 777.146 ms (777146 us)
- Inference_15 took 775.688 ms (775688 us)
- Inference_16 took 778.638 ms (778638 us)
- Inference_17 took 775.938 ms (775938 us)
- Inference_18 took 777.633 ms (777633 us)
- Inference_19 took 777.678 ms (777678 us)
- Inference_20 took 775.471 ms (775471 us)
- Inference_21 took 776.709 ms (776709 us)
- Inference_22 took 776.919 ms (776919 us)
- Inference_23 took 776.74 ms (776740 us)
- Inference_24 took 776.773 ms (776773 us)
- Inference_25 took 777.084 ms (777084 us)
- Inference_26 took 777.752 ms (777752 us)
- Inference_27 took 776.208 ms (776208 us)
- Inference_28 took 776.99 ms (776990 us)
- Inference_29 took 774.966 ms (774966 us)
- Inference_30 took 777.63 ms (777630 us)
- Inference_31 took 777.375 ms (777375 us)
- Inference_32 took 776.363 ms (776363 us)
- Inference_33 took 775.882 ms (775882 us)
- Inference_34 took 774.309 ms (774309 us)
- Inference_35 took 778.046 ms (778046 us)
- Inference_36 took 776.859 ms (776859 us)
- Inference_37 took 775.498 ms (775498 us)
- Inference_38 took 775.556 ms (775556 us)
- Inference_39 took 775.068 ms (775068 us)
- Inference_40 took 777.222 ms (777222 us)
- Inference_41 took 776.242 ms (776242 us)
- Inference_42 took 776.366 ms (776366 us)
- Inference_43 took 777.384 ms (777384 us)
- Inference_44 took 776.38 ms (776380 us)
- Inference_45 took 776.438 ms (776438 us)
- Inference_46 took 776.397 ms (776397 us)
- Inference_47 took 776.101 ms (776101 us)
- Inference_48 took 774.015 ms (774015 us)
- Inference_49 took 776.921 ms (776921 us)
- Postprocessing took 0.104 ms (104 us)


[INFO] Generating Ops-level profiling (log)

INFO: Profiling Info for Benchmark Initialization:
============================== Run Order ==============================
	                             [node type]	  [first]	 [avg ms]	     [%]	  [cdf%]	  [mem KB]	[times called]	[Name]
	                 ModifyGraphWithDelegate	  414.489	  207.341	 86.876%	 86.876%	     0.000	        2	ModifyGraphWithDelegate/0
	                         AllocateTensors	   62.644	   62.644	 13.124%	100.000%	 16224.000	        1	AllocateTensors/0

============================== Top by Computation Time ==============================
	                             [node type]	  [first]	 [avg ms]	     [%]	  [cdf%]	  [mem KB]	[times called]	[Name]
	                 ModifyGraphWithDelegate	  414.489	  207.341	 86.876%	 86.876%	     0.000	        2	ModifyGraphWithDelegate/0
	                         AllocateTensors	   62.644	   62.644	 13.124%	100.000%	 16224.000	        1	AllocateTensors/0

Number of nodes executed: 2
============================== Summary by node type ==============================
	                             [Node type]	  [count]	  [avg ms]	    [avg %]	    [cdf %]	  [mem KB]	[times called]
	                 ModifyGraphWithDelegate	        1	   414.682	    86.876%	    86.876%	     0.000	        2
	                         AllocateTensors	        1	    62.644	    13.124%	   100.000%	 16224.000	        1

Timings (microseconds): count=2 curr=477326(all same)
Memory (bytes): count=0
2 nodes observed



INFO: Operator-wise Profiling Info for Regular Benchmark Runs:
============================== Run Order ==============================
	                             [node type]	  [first]	 [avg ms]	     [%]	  [cdf%]	  [mem KB]	[times called]	[Name]
	           Convolution (NHWC, F32) IGEMM	    3.253	    2.275	  0.293%	  0.293%	     0.000	        1	Delegate/Convolution (NHWC, F32) IGEMM:0
	                     Static Reshape (NC)	    0.540	    0.516	  0.067%	  0.360%	     0.000	        1	Delegate/Static Reshape (NC):1
	                        Mean (ND) Reduce	    0.292	    0.249	  0.032%	  0.392%	     0.000	        1	Delegate/Mean (ND) Reduce:2
	                     Static Reshape (NC)	    0.008	    0.016	  0.002%	  0.394%	     0.000	        1	Delegate/Static Reshape (NC):3
	                 Squared Difference (ND)	    0.368	    0.395	  0.051%	  0.445%	     0.000	        1	Delegate/Squared Difference (ND):4
	                        Mean (ND) Reduce	    0.382	    0.364	  0.047%	  0.492%	     0.000	        1	Delegate/Mean (ND) Reduce:5
	                                Add (ND)	    0.008	    0.019	  0.002%	  0.494%	     0.000	        1	Delegate/Add (ND):6
	             Reciprocal Square Root (NC)	    0.020	    0.026	  0.003%	  0.498%	     0.000	        1	Delegate/Reciprocal Square Root (NC):7
	                           Multiply (ND)	    0.041	    0.036	  0.005%	  0.502%	     0.000	        1	Delegate/Multiply (ND):8
	                           Subtract (ND)	    0.015	    0.015	  0.002%	  0.504%	     0.000	        1	Delegate/Subtract (ND):9
	                     Static Reshape (NC)	    0.005	    0.006	  0.001%	  0.505%	     0.000	        1	Delegate/Static Reshape (NC):10
	                           Multiply (ND)	    0.416	    0.436	  0.056%	  0.562%	     0.000	        1	Delegate/Multiply (ND):11
	                     Static Reshape (NC)	    0.001	    0.001	  0.000%	  0.562%	     0.000	        1	Delegate/Static Reshape (NC):12
	                                Add (ND)	    0.245	    0.283	  0.036%	  0.598%	     0.000	        1	Delegate/Add (ND):13
	                           Multiply (ND)	    0.257	    0.324	  0.042%	  0.640%	     0.000	        1	Delegate/Multiply (ND):14
	                                Add (ND)	    0.214	    0.277	  0.036%	  0.676%	     0.000	        1	Delegate/Add (ND):15
	                     Static Reshape (NC)	    0.528	    0.499	  0.064%	  0.740%	     0.000	        1	Delegate/Static Reshape (NC):16
	           Convolution (NHWC, F32) IGEMM	   57.461	   57.714	  7.442%	  8.182%	     0.000	        1	Delegate/Convolution (NHWC, F32) IGEMM:17
	                     Static Reshape (NC)	    0.468	    0.451	  0.058%	  8.240%	     0.000	        1	Delegate/Static Reshape (NC):18
	                        Mean (ND) Reduce	    0.231	    0.250	  0.032%	  8.273%	     0.000	        1	Delegate/Mean (ND) Reduce:19
	                     Static Reshape (NC)	    0.008	    0.013	  0.002%	  8.274%	     0.000	        1	Delegate/Static Reshape (NC):20
	                 Squared Difference (ND)	    0.369	    0.386	  0.050%	  8.324%	     0.000	        1	Delegate/Squared Difference (ND):21
	                        Mean (ND) Reduce	    0.383	    0.365	  0.047%	  8.371%	     0.000	        1	Delegate/Mean (ND) Reduce:22
	                                Add (ND)	    0.008	    0.015	  0.002%	  8.373%	     0.000	        1	Delegate/Add (ND):23
	             Reciprocal Square Root (NC)	    0.019	    0.025	  0.003%	  8.376%	     0.000	        1	Delegate/Reciprocal Square Root (NC):24
	                           Multiply (ND)	    0.052	    0.041	  0.005%	  8.382%	     0.000	        1	Delegate/Multiply (ND):25
	                           Subtract (ND)	    0.019	    0.016	  0.002%	  8.384%	     0.000	        1	Delegate/Subtract (ND):26
	                     Static Reshape (NC)	    0.004	    0.005	  0.001%	  8.384%	     0.000	        1	Delegate/Static Reshape (NC):27
	                           Multiply (ND)	    0.424	    0.435	  0.056%	  8.440%	     0.000	        1	Delegate/Multiply (ND):28
	                     Static Reshape (NC)	    0.001	    0.001	  0.000%	  8.440%	     0.000	        1	Delegate/Static Reshape (NC):29
	                                Add (ND)	    0.325	    0.292	  0.038%	  8.478%	     0.000	        1	Delegate/Add (ND):30
	          Fully Connected (NC, F32) GEMM	   10.309	   10.371	  1.337%	  9.815%	     0.000	        1	Delegate/Fully Connected (NC, F32) GEMM:31
	                     Static Reshape (NC)	    0.003	    0.004	  0.000%	  9.816%	     0.000	        1	Delegate/Static Reshape (NC):32
	                               GELU (NC)	    3.731	    3.421	  0.441%	 10.257%	     0.000	        1	Delegate/GELU (NC):33
	          Fully Connected (NC, F32) GEMM	   10.043	    9.956	  1.284%	 11.541%	     0.000	        1	Delegate/Fully Connected (NC, F32) GEMM:34
	                                Add (ND)	    0.870	    0.888	  0.114%	 11.655%	     0.000	        1	Delegate/Add (ND):35
	           Convolution (NHWC, F32) IGEMM	   57.184	   57.470	  7.411%	 19.066%	     0.000	        1	Delegate/Convolution (NHWC, F32) IGEMM:36
	                     Static Reshape (NC)	    0.457	    0.448	  0.058%	 19.124%	     0.000	        1	Delegate/Static Reshape (NC):37
	                        Mean (ND) Reduce	    0.235	    0.245	  0.032%	 19.156%	     0.000	        1	Delegate/Mean (ND) Reduce:38
	                     Static Reshape (NC)	    0.008	    0.017	  0.002%	 19.158%	     0.000	        1	Delegate/Static Reshape (NC):39
	                 Squared Difference (ND)	    0.358	    0.383	  0.049%	 19.207%	     0.000	        1	Delegate/Squared Difference (ND):40
	                        Mean (ND) Reduce	    0.317	    0.361	  0.047%	 19.254%	     0.000	        1	Delegate/Mean (ND) Reduce:41
	                                Add (ND)	    0.008	    0.017	  0.002%	 19.256%	     0.000	        1	Delegate/Add (ND):42
	             Reciprocal Square Root (NC)	    0.020	    0.025	  0.003%	 19.259%	     0.000	        1	Delegate/Reciprocal Square Root (NC):43
	                           Multiply (ND)	    0.051	    0.037	  0.005%	 19.264%	     0.000	        1	Delegate/Multiply (ND):44
	                           Subtract (ND)	    0.020	    0.018	  0.002%	 19.266%	     0.000	        1	Delegate/Subtract (ND):45
	                     Static Reshape (NC)	    0.005	    0.006	  0.001%	 19.267%	     0.000	        1	Delegate/Static Reshape (NC):46
	                           Multiply (ND)	    0.464	    0.442	  0.057%	 19.324%	     0.000	        1	Delegate/Multiply (ND):47
	                     Static Reshape (NC)	    0.001	    0.001	  0.000%	 19.324%	     0.000	        1	Delegate/Static Reshape (NC):48
	                                Add (ND)	    0.300	    0.296	  0.038%	 19.363%	     0.000	        1	Delegate/Add (ND):49
	          Fully Connected (NC, F32) GEMM	   10.326	   10.374	  1.338%	 20.700%	     0.000	        1	Delegate/Fully Connected (NC, F32) GEMM:50
	                     Static Reshape (NC)	    0.003	    0.003	  0.000%	 20.701%	     0.000	        1	Delegate/Static Reshape (NC):51
	                               GELU (NC)	    3.674	    3.503	  0.452%	 21.153%	     0.000	        1	Delegate/GELU (NC):52
	          Fully Connected (NC, F32) GEMM	    9.962	    9.988	  1.288%	 22.441%	     0.000	        1	Delegate/Fully Connected (NC, F32) GEMM:53
	                                Add (ND)	    0.856	    0.889	  0.115%	 22.555%	     0.000	        1	Delegate/Add (ND):54
	           Convolution (NHWC, F32) IGEMM	   57.493	   57.419	  7.404%	 29.960%	     0.000	        1	Delegate/Convolution (NHWC, F32) IGEMM:55
	                     Static Reshape (NC)	    0.420	    0.458	  0.059%	 30.019%	     0.000	        1	Delegate/Static Reshape (NC):56
	                        Mean (ND) Reduce	    0.238	    0.251	  0.032%	 30.051%	     0.000	        1	Delegate/Mean (ND) Reduce:57
	                     Static Reshape (NC)	    0.046	    0.016	  0.002%	 30.053%	     0.000	        1	Delegate/Static Reshape (NC):58
	                 Squared Difference (ND)	    0.426	    0.387	  0.050%	 30.103%	     0.000	        1	Delegate/Squared Difference (ND):59
	                        Mean (ND) Reduce	    0.377	    0.345	  0.044%	 30.147%	     0.000	        1	Delegate/Mean (ND) Reduce:60
	                                Add (ND)	    0.037	    0.018	  0.002%	 30.150%	     0.000	        1	Delegate/Add (ND):61
	             Reciprocal Square Root (NC)	    0.045	    0.026	  0.003%	 30.153%	     0.000	        1	Delegate/Reciprocal Square Root (NC):62
	                           Multiply (ND)	    0.018	    0.036	  0.005%	 30.158%	     0.000	        1	Delegate/Multiply (ND):63
	                           Subtract (ND)	    0.005	    0.015	  0.002%	 30.160%	     0.000	        1	Delegate/Subtract (ND):64
	                     Static Reshape (NC)	    0.005	    0.006	  0.001%	 30.160%	     0.000	        1	Delegate/Static Reshape (NC):65
	                           Multiply (ND)	    0.494	    0.489	  0.063%	 30.224%	     0.000	        1	Delegate/Multiply (ND):66
	                     Static Reshape (NC)	    0.001	    0.001	  0.000%	 30.224%	     0.000	        1	Delegate/Static Reshape (NC):67
	                                Add (ND)	    0.330	    0.317	  0.041%	 30.264%	     0.000	        1	Delegate/Add (ND):68
	          Fully Connected (NC, F32) GEMM	   10.384	   10.432	  1.345%	 31.610%	     0.000	        1	Delegate/Fully Connected (NC, F32) GEMM:69
	                     Static Reshape (NC)	    0.003	    0.004	  0.001%	 31.610%	     0.000	        1	Delegate/Static Reshape (NC):70
	                               GELU (NC)	    3.284	    3.379	  0.436%	 32.046%	     0.000	        1	Delegate/GELU (NC):71
	          Fully Connected (NC, F32) GEMM	    9.986	   10.179	  1.313%	 33.359%	     0.000	        1	Delegate/Fully Connected (NC, F32) GEMM:72
	                                Add (ND)	    0.824	    0.836	  0.108%	 33.466%	     0.000	        1	Delegate/Add (ND):73
	                     Static Reshape (NC)	    0.490	    0.500	  0.064%	 33.531%	     0.000	        1	Delegate/Static Reshape (NC):74
	                        Mean (ND) Reduce	    0.282	    0.276	  0.036%	 33.567%	     0.000	        1	Delegate/Mean (ND) Reduce:75
	                     Static Reshape (NC)	    0.007	    0.018	  0.002%	 33.569%	     0.000	        1	Delegate/Static Reshape (NC):76
	                 Squared Difference (ND)	    0.413	    0.429	  0.055%	 33.624%	     0.000	        1	Delegate/Squared Difference (ND):77
	                        Mean (ND) Reduce	    0.342	    0.360	  0.046%	 33.671%	     0.000	        1	Delegate/Mean (ND) Reduce:78
	                                Add (ND)	    0.007	    0.016	  0.002%	 33.673%	     0.000	        1	Delegate/Add (ND):79
	             Reciprocal Square Root (NC)	    0.020	    0.024	  0.003%	 33.676%	     0.000	        1	Delegate/Reciprocal Square Root (NC):80
	                           Multiply (ND)	    0.051	    0.035	  0.004%	 33.680%	     0.000	        1	Delegate/Multiply (ND):81
	                           Subtract (ND)	    0.015	    0.018	  0.002%	 33.683%	     0.000	        1	Delegate/Subtract (ND):82
	                     Static Reshape (NC)	    0.004	    0.006	  0.001%	 33.683%	     0.000	        1	Delegate/Static Reshape (NC):83
	                           Multiply (ND)	    0.409	    0.429	  0.055%	 33.739%	     0.000	        1	Delegate/Multiply (ND):84
	                     Static Reshape (NC)	    0.001	    0.001	  0.000%	 33.739%	     0.000	        1	Delegate/Static Reshape (NC):85
	                                Add (ND)	    0.252	    0.287	  0.037%	 33.776%	     0.000	        1	Delegate/Add (ND):86
	                           Multiply (ND)	    0.317	    0.296	  0.038%	 33.814%	     0.000	        1	Delegate/Multiply (ND):87
	                                Add (ND)	    0.264	    0.254	  0.033%	 33.847%	     0.000	        1	Delegate/Add (ND):88
	                     Static Reshape (NC)	    0.001	    0.001	  0.000%	 33.847%	     0.000	        1	Delegate/Static Reshape (NC):89
	           Convolution (NHWC, F32) IGEMM	    5.380	    5.365	  0.692%	 34.539%	     0.000	        1	Delegate/Convolution (NHWC, F32) IGEMM:90
	           Convolution (NHWC, F32) IGEMM	   15.163	   15.244	  1.966%	 36.504%	     0.000	        1	Delegate/Convolution (NHWC, F32) IGEMM:91
	                     Static Reshape (NC)	    0.219	    0.215	  0.028%	 36.532%	     0.000	        1	Delegate/Static Reshape (NC):92
	                        Mean (ND) Reduce	    0.131	    0.137	  0.018%	 36.550%	     0.000	        1	Delegate/Mean (ND) Reduce:93
	                     Static Reshape (NC)	    0.003	    0.004	  0.000%	 36.550%	     0.000	        1	Delegate/Static Reshape (NC):94
	                 Squared Difference (ND)	    0.133	    0.136	  0.018%	 36.568%	     0.000	        1	Delegate/Squared Difference (ND):95
	                        Mean (ND) Reduce	    0.103	    0.117	  0.015%	 36.583%	     0.000	        1	Delegate/Mean (ND) Reduce:96
	                                Add (ND)	    0.004	    0.009	  0.001%	 36.584%	     0.000	        1	Delegate/Add (ND):97
	             Reciprocal Square Root (NC)	    0.015	    0.015	  0.002%	 36.586%	     0.000	        1	Delegate/Reciprocal Square Root (NC):98
	                           Multiply (ND)	    0.023	    0.036	  0.005%	 36.590%	     0.000	        1	Delegate/Multiply (ND):99
	                           Subtract (ND)	    0.004	    0.011	  0.001%	 36.592%	     0.000	        1	Delegate/Subtract (ND):100
	                     Static Reshape (NC)	    0.002	    0.002	  0.000%	 36.592%	     0.000	        1	Delegate/Static Reshape (NC):101
	                           Multiply (ND)	    0.112	    0.120	  0.015%	 36.608%	     0.000	        1	Delegate/Multiply (ND):102
	                     Static Reshape (NC)	    0.001	    0.001	  0.000%	 36.608%	     0.000	        1	Delegate/Static Reshape (NC):103
	                                Add (ND)	    0.071	    0.074	  0.010%	 36.617%	     0.000	        1	Delegate/Add (ND):104
	          Fully Connected (NC, F32) GEMM	    9.862	    9.632	  1.242%	 37.859%	     0.000	        1	Delegate/Fully Connected (NC, F32) GEMM:105
	                     Static Reshape (NC)	    0.003	    0.003	  0.000%	 37.860%	     0.000	        1	Delegate/Static Reshape (NC):106
	                               GELU (NC)	    1.662	    1.670	  0.215%	 38.075%	     0.000	        1	Delegate/GELU (NC):107
	          Fully Connected (NC, F32) GEMM	   11.471	   11.356	  1.464%	 39.540%	     0.000	        1	Delegate/Fully Connected (NC, F32) GEMM:108
	                                Add (ND)	    0.376	    0.376	  0.048%	 39.588%	     0.000	        1	Delegate/Add (ND):109
	           Convolution (NHWC, F32) IGEMM	   15.279	   15.181	  1.958%	 41.546%	     0.000	        1	Delegate/Convolution (NHWC, F32) IGEMM:110
	                     Static Reshape (NC)	    0.204	    0.219	  0.028%	 41.574%	     0.000	        1	Delegate/Static Reshape (NC):111
	                        Mean (ND) Reduce	    0.126	    0.132	  0.017%	 41.591%	     0.000	        1	Delegate/Mean (ND) Reduce:112
	                     Static Reshape (NC)	    0.003	    0.004	  0.000%	 41.591%	     0.000	        1	Delegate/Static Reshape (NC):113
	                 Squared Difference (ND)	    0.133	    0.131	  0.017%	 41.608%	     0.000	        1	Delegate/Squared Difference (ND):114
	                        Mean (ND) Reduce	    0.101	    0.106	  0.014%	 41.622%	     0.000	        1	Delegate/Mean (ND) Reduce:115
	                                Add (ND)	    0.005	    0.004	  0.001%	 41.623%	     0.000	        1	Delegate/Add (ND):116
	             Reciprocal Square Root (NC)	    0.014	    0.014	  0.002%	 41.624%	     0.000	        1	Delegate/Reciprocal Square Root (NC):117
	                           Multiply (ND)	    0.049	    0.040	  0.005%	 41.630%	     0.000	        1	Delegate/Multiply (ND):118
	                           Subtract (ND)	    0.015	    0.014	  0.002%	 41.631%	     0.000	        1	Delegate/Subtract (ND):119
	                     Static Reshape (NC)	    0.003	    0.002	  0.000%	 41.632%	     0.000	        1	Delegate/Static Reshape (NC):120
	                           Multiply (ND)	    0.118	    0.121	  0.016%	 41.647%	     0.000	        1	Delegate/Multiply (ND):121
	                     Static Reshape (NC)	    0.001	    0.001	  0.000%	 41.647%	     0.000	        1	Delegate/Static Reshape (NC):122
	                                Add (ND)	    0.075	    0.082	  0.011%	 41.658%	     0.000	        1	Delegate/Add (ND):123
	          Fully Connected (NC, F32) GEMM	    9.515	    9.517	  1.227%	 42.885%	     0.000	        1	Delegate/Fully Connected (NC, F32) GEMM:124
	                     Static Reshape (NC)	    0.003	    0.003	  0.000%	 42.886%	     0.000	        1	Delegate/Static Reshape (NC):125
	                               GELU (NC)	    1.664	    1.718	  0.222%	 43.107%	     0.000	        1	Delegate/GELU (NC):126
	          Fully Connected (NC, F32) GEMM	   11.502	   11.480	  1.480%	 44.588%	     0.000	        1	Delegate/Fully Connected (NC, F32) GEMM:127
	                                Add (ND)	    0.404	    0.402	  0.052%	 44.639%	     0.000	        1	Delegate/Add (ND):128
	           Convolution (NHWC, F32) IGEMM	   15.038	   15.161	  1.955%	 46.594%	     0.000	        1	Delegate/Convolution (NHWC, F32) IGEMM:129
	                     Static Reshape (NC)	    0.226	    0.219	  0.028%	 46.623%	     0.000	        1	Delegate/Static Reshape (NC):130
	                        Mean (ND) Reduce	    0.128	    0.133	  0.017%	 46.640%	     0.000	        1	Delegate/Mean (ND) Reduce:131
	                     Static Reshape (NC)	    0.003	    0.003	  0.000%	 46.640%	     0.000	        1	Delegate/Static Reshape (NC):132
	                 Squared Difference (ND)	    0.174	    0.129	  0.017%	 46.657%	     0.000	        1	Delegate/Squared Difference (ND):133
	                        Mean (ND) Reduce	    0.109	    0.110	  0.014%	 46.671%	     0.000	        1	Delegate/Mean (ND) Reduce:134
	                                Add (ND)	    0.006	    0.009	  0.001%	 46.672%	     0.000	        1	Delegate/Add (ND):135
	             Reciprocal Square Root (NC)	    0.014	    0.015	  0.002%	 46.674%	     0.000	        1	Delegate/Reciprocal Square Root (NC):136
	                           Multiply (ND)	    0.016	    0.034	  0.004%	 46.678%	     0.000	        1	Delegate/Multiply (ND):137
	                           Subtract (ND)	    0.004	    0.015	  0.002%	 46.680%	     0.000	        1	Delegate/Subtract (ND):138
	                     Static Reshape (NC)	    0.002	    0.002	  0.000%	 46.681%	     0.000	        1	Delegate/Static Reshape (NC):139
	                           Multiply (ND)	    0.180	    0.183	  0.024%	 46.704%	     0.000	        1	Delegate/Multiply (ND):140
	                     Static Reshape (NC)	    0.000	    0.001	  0.000%	 46.704%	     0.000	        1	Delegate/Static Reshape (NC):141
	                                Add (ND)	    0.173	    0.151	  0.019%	 46.724%	     0.000	        1	Delegate/Add (ND):142
	          Fully Connected (NC, F32) GEMM	    9.529	    9.548	  1.231%	 47.955%	     0.000	        1	Delegate/Fully Connected (NC, F32) GEMM:143
	                     Static Reshape (NC)	    0.004	    0.003	  0.000%	 47.955%	     0.000	        1	Delegate/Static Reshape (NC):144
	                               GELU (NC)	    1.647	    1.744	  0.225%	 48.180%	     0.000	        1	Delegate/GELU (NC):145
	          Fully Connected (NC, F32) GEMM	   11.213	   11.384	  1.468%	 49.648%	     0.000	        1	Delegate/Fully Connected (NC, F32) GEMM:146
	                                Add (ND)	    0.356	    0.363	  0.047%	 49.695%	     0.000	        1	Delegate/Add (ND):147
	                     Static Reshape (NC)	    0.171	    0.178	  0.023%	 49.718%	     0.000	        1	Delegate/Static Reshape (NC):148
	                        Mean (ND) Reduce	    0.077	    0.086	  0.011%	 49.729%	     0.000	        1	Delegate/Mean (ND) Reduce:149
	                     Static Reshape (NC)	    0.003	    0.003	  0.000%	 49.730%	     0.000	        1	Delegate/Static Reshape (NC):150
	                 Squared Difference (ND)	    0.193	    0.150	  0.019%	 49.749%	     0.000	        1	Delegate/Squared Difference (ND):151
	                        Mean (ND) Reduce	    0.193	    0.175	  0.023%	 49.772%	     0.000	        1	Delegate/Mean (ND) Reduce:152
	                                Add (ND)	    0.056	    0.013	  0.002%	 49.773%	     0.000	        1	Delegate/Add (ND):153
	             Reciprocal Square Root (NC)	    0.015	    0.015	  0.002%	 49.775%	     0.000	        1	Delegate/Reciprocal Square Root (NC):154
	                           Multiply (ND)	    0.015	    0.036	  0.005%	 49.780%	     0.000	        1	Delegate/Multiply (ND):155
	                           Subtract (ND)	    0.003	    0.010	  0.001%	 49.781%	     0.000	        1	Delegate/Subtract (ND):156
	                     Static Reshape (NC)	    0.002	    0.002	  0.000%	 49.781%	     0.000	        1	Delegate/Static Reshape (NC):157
	                           Multiply (ND)	    0.138	    0.127	  0.016%	 49.798%	     0.000	        1	Delegate/Multiply (ND):158
	                     Static Reshape (NC)	    0.001	    0.001	  0.000%	 49.798%	     0.000	        1	Delegate/Static Reshape (NC):159
	                                Add (ND)	    0.105	    0.086	  0.011%	 49.809%	     0.000	        1	Delegate/Add (ND):160
	                           Multiply (ND)	    0.088	    0.084	  0.011%	 49.820%	     0.000	        1	Delegate/Multiply (ND):161
	                                Add (ND)	    0.071	    0.071	  0.009%	 49.829%	     0.000	        1	Delegate/Add (ND):162
	                     Static Reshape (NC)	    0.000	    0.000	  0.000%	 49.829%	     0.000	        1	Delegate/Static Reshape (NC):163
	           Convolution (NHWC, F32) IGEMM	    5.763	    5.475	  0.706%	 50.535%	     0.000	        1	Delegate/Convolution (NHWC, F32) IGEMM:164
	           Convolution (NHWC, F32) IGEMM	    7.709	    7.734	  0.997%	 51.532%	     0.000	        1	Delegate/Convolution (NHWC, F32) IGEMM:165
	                     Static Reshape (NC)	    0.081	    0.086	  0.011%	 51.543%	     0.000	        1	Delegate/Static Reshape (NC):166
	                        Mean (ND) Reduce	    0.066	    0.063	  0.008%	 51.552%	     0.000	        1	Delegate/Mean (ND) Reduce:167
	                     Static Reshape (NC)	    0.002	    0.002	  0.000%	 51.552%	     0.000	        1	Delegate/Static Reshape (NC):168
	                 Squared Difference (ND)	    0.057	    0.052	  0.007%	 51.559%	     0.000	        1	Delegate/Squared Difference (ND):169
	                        Mean (ND) Reduce	    0.035	    0.030	  0.004%	 51.563%	     0.000	        1	Delegate/Mean (ND) Reduce:170
	                                Add (ND)	    0.004	    0.003	  0.000%	 51.563%	     0.000	        1	Delegate/Add (ND):171
	             Reciprocal Square Root (NC)	    0.005	    0.005	  0.001%	 51.564%	     0.000	        1	Delegate/Reciprocal Square Root (NC):172
	                           Multiply (ND)	    0.032	    0.045	  0.006%	 51.569%	     0.000	        1	Delegate/Multiply (ND):173
	                           Subtract (ND)	    0.014	    0.019	  0.002%	 51.572%	     0.000	        1	Delegate/Subtract (ND):174
	                     Static Reshape (NC)	    0.002	    0.002	  0.000%	 51.572%	     0.000	        1	Delegate/Static Reshape (NC):175
	                           Multiply (ND)	    0.046	    0.050	  0.006%	 51.579%	     0.000	        1	Delegate/Multiply (ND):176
	                     Static Reshape (NC)	    0.001	    0.001	  0.000%	 51.579%	     0.000	        1	Delegate/Static Reshape (NC):177
	                                Add (ND)	    0.028	    0.029	  0.004%	 51.582%	     0.000	        1	Delegate/Add (ND):178
	          Fully Connected (NC, F32) GEMM	   10.661	   10.698	  1.380%	 52.962%	     0.000	        1	Delegate/Fully Connected (NC, F32) GEMM:179
	                     Static Reshape (NC)	    0.003	    0.003	  0.000%	 52.962%	     0.000	        1	Delegate/Static Reshape (NC):180
	                               GELU (NC)	    0.855	    0.844	  0.109%	 53.071%	     0.000	        1	Delegate/GELU (NC):181
	          Fully Connected (NC, F32) GEMM	   12.092	   12.111	  1.562%	 54.633%	     0.000	        1	Delegate/Fully Connected (NC, F32) GEMM:182
	                                Add (ND)	    0.185	    0.192	  0.025%	 54.658%	     0.000	        1	Delegate/Add (ND):183
	           Convolution (NHWC, F32) IGEMM	    7.570	    7.587	  0.978%	 55.636%	     0.000	        1	Delegate/Convolution (NHWC, F32) IGEMM:184
	                     Static Reshape (NC)	    0.085	    0.083	  0.011%	 55.647%	     0.000	        1	Delegate/Static Reshape (NC):185
	                        Mean (ND) Reduce	    0.059	    0.065	  0.008%	 55.655%	     0.000	        1	Delegate/Mean (ND) Reduce:186
	                     Static Reshape (NC)	    0.003	    0.003	  0.000%	 55.656%	     0.000	        1	Delegate/Static Reshape (NC):187
	                 Squared Difference (ND)	    0.054	    0.055	  0.007%	 55.663%	     0.000	        1	Delegate/Squared Difference (ND):188
	                        Mean (ND) Reduce	    0.029	    0.032	  0.004%	 55.667%	     0.000	        1	Delegate/Mean (ND) Reduce:189
	                                Add (ND)	    0.004	    0.004	  0.001%	 55.667%	     0.000	        1	Delegate/Add (ND):190
	             Reciprocal Square Root (NC)	    0.006	    0.005	  0.001%	 55.668%	     0.000	        1	Delegate/Reciprocal Square Root (NC):191
	                           Multiply (ND)	    0.014	    0.035	  0.004%	 55.672%	     0.000	        1	Delegate/Multiply (ND):192
	                           Subtract (ND)	    0.004	    0.018	  0.002%	 55.675%	     0.000	        1	Delegate/Subtract (ND):193
	                     Static Reshape (NC)	    0.002	    0.002	  0.000%	 55.675%	     0.000	        1	Delegate/Static Reshape (NC):194
	                           Multiply (ND)	    0.042	    0.049	  0.006%	 55.681%	     0.000	        1	Delegate/Multiply (ND):195
	                     Static Reshape (NC)	    0.000	    0.000	  0.000%	 55.681%	     0.000	        1	Delegate/Static Reshape (NC):196
	                                Add (ND)	    0.029	    0.031	  0.004%	 55.685%	     0.000	        1	Delegate/Add (ND):197
	          Fully Connected (NC, F32) GEMM	    9.829	    9.870	  1.273%	 56.958%	     0.000	        1	Delegate/Fully Connected (NC, F32) GEMM:198
	                     Static Reshape (NC)	    0.002	    0.003	  0.000%	 56.958%	     0.000	        1	Delegate/Static Reshape (NC):199
	                               GELU (NC)	    0.929	    0.830	  0.107%	 57.066%	     0.000	        1	Delegate/GELU (NC):200
	          Fully Connected (NC, F32) GEMM	   11.819	   11.843	  1.527%	 58.593%	     0.000	        1	Delegate/Fully Connected (NC, F32) GEMM:201
	                                Add (ND)	    0.186	    0.196	  0.025%	 58.618%	     0.000	        1	Delegate/Add (ND):202
	           Convolution (NHWC, F32) IGEMM	    7.545	    7.583	  0.978%	 59.596%	     0.000	        1	Delegate/Convolution (NHWC, F32) IGEMM:203
	                     Static Reshape (NC)	    0.089	    0.082	  0.011%	 59.607%	     0.000	        1	Delegate/Static Reshape (NC):204
	                        Mean (ND) Reduce	    0.056	    0.060	  0.008%	 59.614%	     0.000	        1	Delegate/Mean (ND) Reduce:205
	                     Static Reshape (NC)	    0.002	    0.003	  0.000%	 59.615%	     0.000	        1	Delegate/Static Reshape (NC):206
	                 Squared Difference (ND)	    0.049	    0.054	  0.007%	 59.622%	     0.000	        1	Delegate/Squared Difference (ND):207
	                        Mean (ND) Reduce	    0.031	    0.031	  0.004%	 59.626%	     0.000	        1	Delegate/Mean (ND) Reduce:208
	                                Add (ND)	    0.004	    0.003	  0.000%	 59.626%	     0.000	        1	Delegate/Add (ND):209
	             Reciprocal Square Root (NC)	    0.005	    0.005	  0.001%	 59.627%	     0.000	        1	Delegate/Reciprocal Square Root (NC):210
	                           Multiply (ND)	    0.033	    0.033	  0.004%	 59.631%	     0.000	        1	Delegate/Multiply (ND):211
	                           Subtract (ND)	    0.022	    0.017	  0.002%	 59.633%	     0.000	        1	Delegate/Subtract (ND):212
	                     Static Reshape (NC)	    0.002	    0.002	  0.000%	 59.633%	     0.000	        1	Delegate/Static Reshape (NC):213
	                           Multiply (ND)	    0.077	    0.075	  0.010%	 59.643%	     0.000	        1	Delegate/Multiply (ND):214
	                     Static Reshape (NC)	    0.001	    0.001	  0.000%	 59.643%	     0.000	        1	Delegate/Static Reshape (NC):215
	                                Add (ND)	    0.060	    0.065	  0.008%	 59.652%	     0.000	        1	Delegate/Add (ND):216
	          Fully Connected (NC, F32) GEMM	    9.825	    9.857	  1.271%	 60.923%	     0.000	        1	Delegate/Fully Connected (NC, F32) GEMM:217
	                     Static Reshape (NC)	    0.003	    0.003	  0.000%	 60.923%	     0.000	        1	Delegate/Static Reshape (NC):218
	                               GELU (NC)	    0.832	    0.849	  0.109%	 61.033%	     0.000	        1	Delegate/GELU (NC):219
	          Fully Connected (NC, F32) GEMM	   11.783	   11.773	  1.518%	 62.551%	     0.000	        1	Delegate/Fully Connected (NC, F32) GEMM:220
	                                Add (ND)	    0.181	    0.198	  0.026%	 62.576%	     0.000	        1	Delegate/Add (ND):221
	           Convolution (NHWC, F32) IGEMM	    7.858	    7.601	  0.980%	 63.556%	     0.000	        1	Delegate/Convolution (NHWC, F32) IGEMM:222
	                     Static Reshape (NC)	    0.084	    0.081	  0.010%	 63.567%	     0.000	        1	Delegate/Static Reshape (NC):223
	                        Mean (ND) Reduce	    0.057	    0.062	  0.008%	 63.575%	     0.000	        1	Delegate/Mean (ND) Reduce:224
	                     Static Reshape (NC)	    0.002	    0.002	  0.000%	 63.575%	     0.000	        1	Delegate/Static Reshape (NC):225
	                 Squared Difference (ND)	    0.052	    0.056	  0.007%	 63.582%	     0.000	        1	Delegate/Squared Difference (ND):226
	                        Mean (ND) Reduce	    0.029	    0.030	  0.004%	 63.586%	     0.000	        1	Delegate/Mean (ND) Reduce:227
	                                Add (ND)	    0.003	    0.003	  0.000%	 63.587%	     0.000	        1	Delegate/Add (ND):228
	             Reciprocal Square Root (NC)	    0.005	    0.005	  0.001%	 63.587%	     0.000	        1	Delegate/Reciprocal Square Root (NC):229
	                           Multiply (ND)	    0.033	    0.034	  0.004%	 63.592%	     0.000	        1	Delegate/Multiply (ND):230
	                           Subtract (ND)	    0.026	    0.017	  0.002%	 63.594%	     0.000	        1	Delegate/Subtract (ND):231
	                     Static Reshape (NC)	    0.001	    0.001	  0.000%	 63.594%	     0.000	        1	Delegate/Static Reshape (NC):232
	                           Multiply (ND)	    0.051	    0.049	  0.006%	 63.600%	     0.000	        1	Delegate/Multiply (ND):233
	                     Static Reshape (NC)	    0.001	    0.001	  0.000%	 63.600%	     0.000	        1	Delegate/Static Reshape (NC):234
	                                Add (ND)	    0.029	    0.029	  0.004%	 63.604%	     0.000	        1	Delegate/Add (ND):235
	          Fully Connected (NC, F32) GEMM	   12.495	   12.506	  1.613%	 65.217%	     0.000	        1	Delegate/Fully Connected (NC, F32) GEMM:236
	                     Static Reshape (NC)	    0.003	    0.003	  0.000%	 65.217%	     0.000	        1	Delegate/Static Reshape (NC):237
	                               GELU (NC)	    0.812	    0.823	  0.106%	 65.324%	     0.000	        1	Delegate/GELU (NC):238
	          Fully Connected (NC, F32) GEMM	   12.389	   12.499	  1.612%	 66.935%	     0.000	        1	Delegate/Fully Connected (NC, F32) GEMM:239
	                                Add (ND)	    0.193	    0.203	  0.026%	 66.961%	     0.000	        1	Delegate/Add (ND):240
	           Convolution (NHWC, F32) IGEMM	    7.604	    7.586	  0.978%	 67.940%	     0.000	        1	Delegate/Convolution (NHWC, F32) IGEMM:241
	                     Static Reshape (NC)	    0.076	    0.082	  0.011%	 67.950%	     0.000	        1	Delegate/Static Reshape (NC):242
	                        Mean (ND) Reduce	    0.069	    0.064	  0.008%	 67.958%	     0.000	        1	Delegate/Mean (ND) Reduce:243
	                     Static Reshape (NC)	    0.002	    0.002	  0.000%	 67.959%	     0.000	        1	Delegate/Static Reshape (NC):244
	                 Squared Difference (ND)	    0.052	    0.054	  0.007%	 67.966%	     0.000	        1	Delegate/Squared Difference (ND):245
	                        Mean (ND) Reduce	    0.031	    0.032	  0.004%	 67.970%	     0.000	        1	Delegate/Mean (ND) Reduce:246
	                                Add (ND)	    0.004	    0.014	  0.002%	 67.972%	     0.000	        1	Delegate/Add (ND):247
	             Reciprocal Square Root (NC)	    0.005	    0.005	  0.001%	 67.972%	     0.000	        1	Delegate/Reciprocal Square Root (NC):248
	                           Multiply (ND)	    0.041	    0.033	  0.004%	 67.977%	     0.000	        1	Delegate/Multiply (ND):249
	                           Subtract (ND)	    0.016	    0.018	  0.002%	 67.979%	     0.000	        1	Delegate/Subtract (ND):250
	                     Static Reshape (NC)	    0.002	    0.002	  0.000%	 67.979%	     0.000	        1	Delegate/Static Reshape (NC):251
	                           Multiply (ND)	    0.069	    0.075	  0.010%	 67.989%	     0.000	        1	Delegate/Multiply (ND):252
	                     Static Reshape (NC)	    0.001	    0.001	  0.000%	 67.989%	     0.000	        1	Delegate/Static Reshape (NC):253
	                                Add (ND)	    0.064	    0.066	  0.008%	 67.997%	     0.000	        1	Delegate/Add (ND):254
	          Fully Connected (NC, F32) GEMM	   10.638	   10.627	  1.370%	 69.368%	     0.000	        1	Delegate/Fully Connected (NC, F32) GEMM:255
	                     Static Reshape (NC)	    0.002	    0.002	  0.000%	 69.368%	     0.000	        1	Delegate/Static Reshape (NC):256
	                               GELU (NC)	    0.820	    0.836	  0.108%	 69.476%	     0.000	        1	Delegate/GELU (NC):257
	          Fully Connected (NC, F32) GEMM	   11.574	   11.645	  1.502%	 70.977%	     0.000	        1	Delegate/Fully Connected (NC, F32) GEMM:258
	                                Add (ND)	    0.186	    0.198	  0.026%	 71.003%	     0.000	        1	Delegate/Add (ND):259
	           Convolution (NHWC, F32) IGEMM	    7.537	    7.595	  0.979%	 71.982%	     0.000	        1	Delegate/Convolution (NHWC, F32) IGEMM:260
	                     Static Reshape (NC)	    0.075	    0.081	  0.010%	 71.993%	     0.000	        1	Delegate/Static Reshape (NC):261
	                        Mean (ND) Reduce	    0.059	    0.060	  0.008%	 72.001%	     0.000	        1	Delegate/Mean (ND) Reduce:262
	                     Static Reshape (NC)	    0.002	    0.002	  0.000%	 72.001%	     0.000	        1	Delegate/Static Reshape (NC):263
	                 Squared Difference (ND)	    0.060	    0.055	  0.007%	 72.008%	     0.000	        1	Delegate/Squared Difference (ND):264
	                        Mean (ND) Reduce	    0.030	    0.031	  0.004%	 72.012%	     0.000	        1	Delegate/Mean (ND) Reduce:265
	                                Add (ND)	    0.003	    0.004	  0.000%	 72.012%	     0.000	        1	Delegate/Add (ND):266
	             Reciprocal Square Root (NC)	    0.005	    0.005	  0.001%	 72.013%	     0.000	        1	Delegate/Reciprocal Square Root (NC):267
	                           Multiply (ND)	    0.034	    0.035	  0.004%	 72.017%	     0.000	        1	Delegate/Multiply (ND):268
	                           Subtract (ND)	    0.022	    0.018	  0.002%	 72.020%	     0.000	        1	Delegate/Subtract (ND):269
	                     Static Reshape (NC)	    0.002	    0.002	  0.000%	 72.020%	     0.000	        1	Delegate/Static Reshape (NC):270
	                           Multiply (ND)	    0.051	    0.049	  0.006%	 72.026%	     0.000	        1	Delegate/Multiply (ND):271
	                     Static Reshape (NC)	    0.000	    0.001	  0.000%	 72.026%	     0.000	        1	Delegate/Static Reshape (NC):272
	                                Add (ND)	    0.028	    0.028	  0.004%	 72.030%	     0.000	        1	Delegate/Add (ND):273
	          Fully Connected (NC, F32) GEMM	    9.851	    9.910	  1.278%	 73.308%	     0.000	        1	Delegate/Fully Connected (NC, F32) GEMM:274
	                     Static Reshape (NC)	    0.002	    0.003	  0.000%	 73.308%	     0.000	        1	Delegate/Static Reshape (NC):275
	                               GELU (NC)	    0.864	    0.863	  0.111%	 73.420%	     0.000	        1	Delegate/GELU (NC):276
	          Fully Connected (NC, F32) GEMM	   11.541	   11.678	  1.506%	 74.925%	     0.000	        1	Delegate/Fully Connected (NC, F32) GEMM:277
	                                Add (ND)	    0.199	    0.200	  0.026%	 74.951%	     0.000	        1	Delegate/Add (ND):278
	           Convolution (NHWC, F32) IGEMM	    7.832	    7.587	  0.978%	 75.930%	     0.000	        1	Delegate/Convolution (NHWC, F32) IGEMM:279
	                     Static Reshape (NC)	    0.086	    0.081	  0.010%	 75.940%	     0.000	        1	Delegate/Static Reshape (NC):280
	                        Mean (ND) Reduce	    0.060	    0.070	  0.009%	 75.949%	     0.000	        1	Delegate/Mean (ND) Reduce:281
	                     Static Reshape (NC)	    0.003	    0.003	  0.000%	 75.949%	     0.000	        1	Delegate/Static Reshape (NC):282
	                 Squared Difference (ND)	    0.052	    0.055	  0.007%	 75.956%	     0.000	        1	Delegate/Squared Difference (ND):283
	                        Mean (ND) Reduce	    0.030	    0.033	  0.004%	 75.961%	     0.000	        1	Delegate/Mean (ND) Reduce:284
	                                Add (ND)	    0.003	    0.004	  0.001%	 75.961%	     0.000	        1	Delegate/Add (ND):285
	             Reciprocal Square Root (NC)	    0.005	    0.005	  0.001%	 75.962%	     0.000	        1	Delegate/Reciprocal Square Root (NC):286
	                           Multiply (ND)	    0.027	    0.033	  0.004%	 75.966%	     0.000	        1	Delegate/Multiply (ND):287
	                           Subtract (ND)	    0.014	    0.018	  0.002%	 75.968%	     0.000	        1	Delegate/Subtract (ND):288
	                     Static Reshape (NC)	    0.002	    0.002	  0.000%	 75.969%	     0.000	        1	Delegate/Static Reshape (NC):289
	                           Multiply (ND)	    0.072	    0.075	  0.010%	 75.978%	     0.000	        1	Delegate/Multiply (ND):290
	                     Static Reshape (NC)	    0.001	    0.001	  0.000%	 75.978%	     0.000	        1	Delegate/Static Reshape (NC):291
	                                Add (ND)	    0.066	    0.062	  0.008%	 75.986%	     0.000	        1	Delegate/Add (ND):292
	          Fully Connected (NC, F32) GEMM	    9.887	    9.946	  1.283%	 77.269%	     0.000	        1	Delegate/Fully Connected (NC, F32) GEMM:293
	                     Static Reshape (NC)	    0.002	    0.003	  0.000%	 77.269%	     0.000	        1	Delegate/Static Reshape (NC):294
	                               GELU (NC)	    0.830	    0.844	  0.109%	 77.378%	     0.000	        1	Delegate/GELU (NC):295
	          Fully Connected (NC, F32) GEMM	   11.911	   11.912	  1.536%	 78.914%	     0.000	        1	Delegate/Fully Connected (NC, F32) GEMM:296
	                                Add (ND)	    0.187	    0.190	  0.024%	 78.939%	     0.000	        1	Delegate/Add (ND):297
	           Convolution (NHWC, F32) IGEMM	    7.566	    7.600	  0.980%	 79.919%	     0.000	        1	Delegate/Convolution (NHWC, F32) IGEMM:298
	                     Static Reshape (NC)	    0.077	    0.079	  0.010%	 79.929%	     0.000	        1	Delegate/Static Reshape (NC):299
	                        Mean (ND) Reduce	    0.060	    0.063	  0.008%	 79.937%	     0.000	        1	Delegate/Mean (ND) Reduce:300
	                     Static Reshape (NC)	    0.002	    0.002	  0.000%	 79.937%	     0.000	        1	Delegate/Static Reshape (NC):301
	                 Squared Difference (ND)	    0.056	    0.055	  0.007%	 79.945%	     0.000	        1	Delegate/Squared Difference (ND):302
	                        Mean (ND) Reduce	    0.030	    0.031	  0.004%	 79.948%	     0.000	        1	Delegate/Mean (ND) Reduce:303
	                                Add (ND)	    0.003	    0.003	  0.000%	 79.949%	     0.000	        1	Delegate/Add (ND):304
	             Reciprocal Square Root (NC)	    0.006	    0.005	  0.001%	 79.950%	     0.000	        1	Delegate/Reciprocal Square Root (NC):305
	                           Multiply (ND)	    0.073	    0.036	  0.005%	 79.954%	     0.000	        1	Delegate/Multiply (ND):306
	                           Subtract (ND)	    0.022	    0.019	  0.002%	 79.957%	     0.000	        1	Delegate/Subtract (ND):307
	                     Static Reshape (NC)	    0.001	    0.001	  0.000%	 79.957%	     0.000	        1	Delegate/Static Reshape (NC):308
	                           Multiply (ND)	    0.052	    0.050	  0.006%	 79.963%	     0.000	        1	Delegate/Multiply (ND):309
	                     Static Reshape (NC)	    0.001	    0.001	  0.000%	 79.963%	     0.000	        1	Delegate/Static Reshape (NC):310
	                                Add (ND)	    0.028	    0.029	  0.004%	 79.967%	     0.000	        1	Delegate/Add (ND):311
	          Fully Connected (NC, F32) GEMM	    9.530	    9.624	  1.241%	 81.208%	     0.000	        1	Delegate/Fully Connected (NC, F32) GEMM:312
	                     Static Reshape (NC)	    0.003	    0.003	  0.000%	 81.208%	     0.000	        1	Delegate/Static Reshape (NC):313
	                               GELU (NC)	    0.961	    0.842	  0.109%	 81.317%	     0.000	        1	Delegate/GELU (NC):314
	          Fully Connected (NC, F32) GEMM	   11.683	   11.590	  1.495%	 82.811%	     0.000	        1	Delegate/Fully Connected (NC, F32) GEMM:315
	                                Add (ND)	    0.194	    0.195	  0.025%	 82.837%	     0.000	        1	Delegate/Add (ND):316
	           Convolution (NHWC, F32) IGEMM	    7.547	    7.575	  0.977%	 83.813%	     0.000	        1	Delegate/Convolution (NHWC, F32) IGEMM:317
	                     Static Reshape (NC)	    0.078	    0.096	  0.012%	 83.826%	     0.000	        1	Delegate/Static Reshape (NC):318
	                        Mean (ND) Reduce	    0.069	    0.063	  0.008%	 83.834%	     0.000	        1	Delegate/Mean (ND) Reduce:319
	                     Static Reshape (NC)	    0.002	    0.002	  0.000%	 83.834%	     0.000	        1	Delegate/Static Reshape (NC):320
	                 Squared Difference (ND)	    0.059	    0.052	  0.007%	 83.841%	     0.000	        1	Delegate/Squared Difference (ND):321
	                        Mean (ND) Reduce	    0.031	    0.031	  0.004%	 83.845%	     0.000	        1	Delegate/Mean (ND) Reduce:322
	                                Add (ND)	    0.004	    0.004	  0.000%	 83.845%	     0.000	        1	Delegate/Add (ND):323
	             Reciprocal Square Root (NC)	    0.005	    0.005	  0.001%	 83.846%	     0.000	        1	Delegate/Reciprocal Square Root (NC):324
	                           Multiply (ND)	    0.040	    0.036	  0.005%	 83.851%	     0.000	        1	Delegate/Multiply (ND):325
	                           Subtract (ND)	    0.023	    0.021	  0.003%	 83.853%	     0.000	        1	Delegate/Subtract (ND):326
	                     Static Reshape (NC)	    0.002	    0.002	  0.000%	 83.854%	     0.000	        1	Delegate/Static Reshape (NC):327
	                           Multiply (ND)	    0.077	    0.075	  0.010%	 83.863%	     0.000	        1	Delegate/Multiply (ND):328
	                     Static Reshape (NC)	    0.001	    0.001	  0.000%	 83.863%	     0.000	        1	Delegate/Static Reshape (NC):329
	                                Add (ND)	    0.079	    0.064	  0.008%	 83.872%	     0.000	        1	Delegate/Add (ND):330
	          Fully Connected (NC, F32) GEMM	    9.841	    9.931	  1.281%	 85.152%	     0.000	        1	Delegate/Fully Connected (NC, F32) GEMM:331
	                     Static Reshape (NC)	    0.002	    0.003	  0.000%	 85.153%	     0.000	        1	Delegate/Static Reshape (NC):332
	                               GELU (NC)	    0.833	    0.860	  0.111%	 85.264%	     0.000	        1	Delegate/GELU (NC):333
	          Fully Connected (NC, F32) GEMM	   11.908	   11.870	  1.531%	 86.794%	     0.000	        1	Delegate/Fully Connected (NC, F32) GEMM:334
	                                Add (ND)	    0.177	    0.179	  0.023%	 86.817%	     0.000	        1	Delegate/Add (ND):335
	                     Static Reshape (NC)	    0.062	    0.066	  0.008%	 86.826%	     0.000	        1	Delegate/Static Reshape (NC):336
	                        Mean (ND) Reduce	    0.050	    0.039	  0.005%	 86.831%	     0.000	        1	Delegate/Mean (ND) Reduce:337
	                     Static Reshape (NC)	    0.002	    0.002	  0.000%	 86.831%	     0.000	        1	Delegate/Static Reshape (NC):338
	                 Squared Difference (ND)	    0.070	    0.071	  0.009%	 86.840%	     0.000	        1	Delegate/Squared Difference (ND):339
	                        Mean (ND) Reduce	    0.045	    0.051	  0.007%	 86.847%	     0.000	        1	Delegate/Mean (ND) Reduce:340
	                                Add (ND)	    0.003	    0.004	  0.001%	 86.848%	     0.000	        1	Delegate/Add (ND):341
	             Reciprocal Square Root (NC)	    0.005	    0.005	  0.001%	 86.848%	     0.000	        1	Delegate/Reciprocal Square Root (NC):342
	                           Multiply (ND)	    0.035	    0.036	  0.005%	 86.853%	     0.000	        1	Delegate/Multiply (ND):343
	                           Subtract (ND)	    0.022	    0.022	  0.003%	 86.856%	     0.000	        1	Delegate/Subtract (ND):344
	                     Static Reshape (NC)	    0.002	    0.002	  0.000%	 86.856%	     0.000	        1	Delegate/Static Reshape (NC):345
	                           Multiply (ND)	    0.052	    0.052	  0.007%	 86.863%	     0.000	        1	Delegate/Multiply (ND):346
	                     Static Reshape (NC)	    0.001	    0.001	  0.000%	 86.863%	     0.000	        1	Delegate/Static Reshape (NC):347
	                                Add (ND)	    0.030	    0.030	  0.004%	 86.867%	     0.000	        1	Delegate/Add (ND):348
	                           Multiply (ND)	    0.038	    0.038	  0.005%	 86.871%	     0.000	        1	Delegate/Multiply (ND):349
	                                Add (ND)	    0.041	    0.041	  0.005%	 86.877%	     0.000	        1	Delegate/Add (ND):350
	                     Static Reshape (NC)	    0.000	    0.001	  0.000%	 86.877%	     0.000	        1	Delegate/Static Reshape (NC):351
	           Convolution (NHWC, F32) IGEMM	    6.463	    6.479	  0.835%	 87.712%	     0.000	        1	Delegate/Convolution (NHWC, F32) IGEMM:352
	           Convolution (NHWC, F32) IGEMM	    3.606	    3.614	  0.466%	 88.178%	     0.000	        1	Delegate/Convolution (NHWC, F32) IGEMM:353
	                     Static Reshape (NC)	    0.047	    0.047	  0.006%	 88.184%	     0.000	        1	Delegate/Static Reshape (NC):354
	                        Mean (ND) Reduce	    0.027	    0.026	  0.003%	 88.188%	     0.000	        1	Delegate/Mean (ND) Reduce:355
	                     Static Reshape (NC)	    0.002	    0.002	  0.000%	 88.188%	     0.000	        1	Delegate/Static Reshape (NC):356
	                 Squared Difference (ND)	    0.028	    0.030	  0.004%	 88.192%	     0.000	        1	Delegate/Squared Difference (ND):357
	                        Mean (ND) Reduce	    0.017	    0.018	  0.002%	 88.194%	     0.000	        1	Delegate/Mean (ND) Reduce:358
	                                Add (ND)	    0.003	    0.003	  0.000%	 88.194%	     0.000	        1	Delegate/Add (ND):359
	             Reciprocal Square Root (NC)	    0.002	    0.002	  0.000%	 88.195%	     0.000	        1	Delegate/Reciprocal Square Root (NC):360
	                           Multiply (ND)	    0.003	    0.004	  0.001%	 88.195%	     0.000	        1	Delegate/Multiply (ND):361
	                           Subtract (ND)	    0.003	    0.004	  0.000%	 88.196%	     0.000	        1	Delegate/Subtract (ND):362
	                     Static Reshape (NC)	    0.001	    0.001	  0.000%	 88.196%	     0.000	        1	Delegate/Static Reshape (NC):363
	                           Multiply (ND)	    0.022	    0.022	  0.003%	 88.199%	     0.000	        1	Delegate/Multiply (ND):364
	                     Static Reshape (NC)	    0.001	    0.001	  0.000%	 88.199%	     0.000	        1	Delegate/Static Reshape (NC):365
	                                Add (ND)	    0.015	    0.016	  0.002%	 88.201%	     0.000	        1	Delegate/Add (ND):366
	          Fully Connected (NC, F32) GEMM	   11.918	   11.660	  1.504%	 89.705%	     0.000	        1	Delegate/Fully Connected (NC, F32) GEMM:367
	                     Static Reshape (NC)	    0.002	    0.003	  0.000%	 89.705%	     0.000	        1	Delegate/Static Reshape (NC):368
	                               GELU (NC)	    0.422	    0.439	  0.057%	 89.761%	     0.000	        1	Delegate/GELU (NC):369
	          Fully Connected (NC, F32) GEMM	   15.413	   15.427	  1.989%	 91.751%	     0.000	        1	Delegate/Fully Connected (NC, F32) GEMM:370
	                                Add (ND)	    0.109	    0.117	  0.015%	 91.766%	     0.000	        1	Delegate/Add (ND):371
	           Convolution (NHWC, F32) IGEMM	    3.531	    3.550	  0.458%	 92.224%	     0.000	        1	Delegate/Convolution (NHWC, F32) IGEMM:372
	                     Static Reshape (NC)	    0.043	    0.042	  0.005%	 92.229%	     0.000	        1	Delegate/Static Reshape (NC):373
	                        Mean (ND) Reduce	    0.025	    0.025	  0.003%	 92.232%	     0.000	        1	Delegate/Mean (ND) Reduce:374
	                     Static Reshape (NC)	    0.001	    0.002	  0.000%	 92.233%	     0.000	        1	Delegate/Static Reshape (NC):375
	                 Squared Difference (ND)	    0.024	    0.026	  0.003%	 92.236%	     0.000	        1	Delegate/Squared Difference (ND):376
	                        Mean (ND) Reduce	    0.017	    0.017	  0.002%	 92.238%	     0.000	        1	Delegate/Mean (ND) Reduce:377
	                                Add (ND)	    0.003	    0.003	  0.000%	 92.238%	     0.000	        1	Delegate/Add (ND):378
	             Reciprocal Square Root (NC)	    0.003	    0.003	  0.000%	 92.239%	     0.000	        1	Delegate/Reciprocal Square Root (NC):379
	                           Multiply (ND)	    0.031	    0.010	  0.001%	 92.240%	     0.000	        1	Delegate/Multiply (ND):380
	                           Subtract (ND)	    0.028	    0.009	  0.001%	 92.241%	     0.000	        1	Delegate/Subtract (ND):381
	                     Static Reshape (NC)	    0.001	    0.001	  0.000%	 92.241%	     0.000	        1	Delegate/Static Reshape (NC):382
	                           Multiply (ND)	    0.030	    0.023	  0.003%	 92.244%	     0.000	        1	Delegate/Multiply (ND):383
	                     Static Reshape (NC)	    0.001	    0.000	  0.000%	 92.244%	     0.000	        1	Delegate/Static Reshape (NC):384
	                                Add (ND)	    0.015	    0.016	  0.002%	 92.246%	     0.000	        1	Delegate/Add (ND):385
	          Fully Connected (NC, F32) GEMM	   11.606	   11.628	  1.499%	 93.746%	     0.000	        1	Delegate/Fully Connected (NC, F32) GEMM:386
	                     Static Reshape (NC)	    0.003	    0.003	  0.000%	 93.746%	     0.000	        1	Delegate/Static Reshape (NC):387
	                               GELU (NC)	    0.439	    0.441	  0.057%	 93.803%	     0.000	        1	Delegate/GELU (NC):388
	          Fully Connected (NC, F32) GEMM	   15.316	   15.367	  1.982%	 95.785%	     0.000	        1	Delegate/Fully Connected (NC, F32) GEMM:389
	                                Add (ND)	    0.121	    0.118	  0.015%	 95.800%	     0.000	        1	Delegate/Add (ND):390
	           Convolution (NHWC, F32) IGEMM	    3.515	    3.525	  0.455%	 96.254%	     0.000	        1	Delegate/Convolution (NHWC, F32) IGEMM:391
	                     Static Reshape (NC)	    0.042	    0.042	  0.005%	 96.260%	     0.000	        1	Delegate/Static Reshape (NC):392
	                        Mean (ND) Reduce	    0.031	    0.024	  0.003%	 96.263%	     0.000	        1	Delegate/Mean (ND) Reduce:393
	                     Static Reshape (NC)	    0.002	    0.002	  0.000%	 96.263%	     0.000	        1	Delegate/Static Reshape (NC):394
	                 Squared Difference (ND)	    0.025	    0.029	  0.004%	 96.267%	     0.000	        1	Delegate/Squared Difference (ND):395
	                        Mean (ND) Reduce	    0.017	    0.017	  0.002%	 96.269%	     0.000	        1	Delegate/Mean (ND) Reduce:396
	                                Add (ND)	    0.003	    0.004	  0.000%	 96.270%	     0.000	        1	Delegate/Add (ND):397
	             Reciprocal Square Root (NC)	    0.003	    0.003	  0.000%	 96.270%	     0.000	        1	Delegate/Reciprocal Square Root (NC):398
	                           Multiply (ND)	    0.003	    0.015	  0.002%	 96.272%	     0.000	        1	Delegate/Multiply (ND):399
	                           Subtract (ND)	    0.003	    0.013	  0.002%	 96.274%	     0.000	        1	Delegate/Subtract (ND):400
	                     Static Reshape (NC)	    0.001	    0.001	  0.000%	 96.274%	     0.000	        1	Delegate/Static Reshape (NC):401
	                           Multiply (ND)	    0.030	    0.033	  0.004%	 96.278%	     0.000	        1	Delegate/Multiply (ND):402
	                     Static Reshape (NC)	    0.000	    0.001	  0.000%	 96.278%	     0.000	        1	Delegate/Static Reshape (NC):403
	                                Add (ND)	    0.019	    0.019	  0.002%	 96.281%	     0.000	        1	Delegate/Add (ND):404
	          Fully Connected (NC, F32) GEMM	   11.459	   11.544	  1.489%	 97.769%	     0.000	        1	Delegate/Fully Connected (NC, F32) GEMM:405
	                     Static Reshape (NC)	    0.002	    0.003	  0.000%	 97.770%	     0.000	        1	Delegate/Static Reshape (NC):406
	                               GELU (NC)	    0.434	    0.431	  0.056%	 97.825%	     0.000	        1	Delegate/GELU (NC):407
	          Fully Connected (NC, F32) GEMM	   15.716	   15.781	  2.035%	 99.860%	     0.000	        1	Delegate/Fully Connected (NC, F32) GEMM:408
	                                Add (ND)	    0.096	    0.105	  0.014%	 99.874%	     0.000	        1	Delegate/Add (ND):409
	           Transpose (ND, X32) Transpose	    0.088	    0.097	  0.013%	 99.886%	     0.000	        1	Delegate/Transpose (ND, X32) Transpose:410
	                         Sum (ND) Reduce	    0.052	    0.049	  0.006%	 99.893%	     0.000	        1	Delegate/Sum (ND) Reduce:411
	                           Multiply (ND)	    0.004	    0.004	  0.001%	 99.893%	     0.000	        1	Delegate/Multiply (ND):412
	                     Static Reshape (NC)	    0.003	    0.003	  0.000%	 99.894%	     0.000	        1	Delegate/Static Reshape (NC):413
	                               GATHER_ND	    0.060	    0.060	  0.008%	 99.901%	     0.000	        1	[ai_edge_torch._convert.to_channel_last_io.ChannelLastIOWrapper/timm.models.convnext.ConvNeXt_wrapped/timm.layers.classifier.NormMlpClassifierHead_head/timm.layers.adaptive_avgmax_pool.SelectAdaptivePool2d_global_pool/torch.nn.modules.pooling.AdaptiveAvgPool2d_pool;3]:414
	                     Static Reshape (NC)	    0.002	    0.003	  0.000%	 99.902%	     0.000	        1	Delegate/Static Reshape (NC):0
	                        Mean (ND) Reduce	    0.004	    0.004	  0.000%	 99.902%	     0.000	        1	Delegate/Mean (ND) Reduce:1
	                     Static Reshape (NC)	    0.002	    0.002	  0.000%	 99.902%	     0.000	        1	Delegate/Static Reshape (NC):2
	                 Squared Difference (ND)	    0.023	    0.028	  0.004%	 99.906%	     0.000	        1	Delegate/Squared Difference (ND):3
	                        Mean (ND) Reduce	    0.003	    0.003	  0.000%	 99.906%	     0.000	        1	Delegate/Mean (ND) Reduce:4
	                                Add (ND)	    0.002	    0.002	  0.000%	 99.907%	     0.000	        1	Delegate/Add (ND):5
	             Reciprocal Square Root (NC)	    0.002	    0.002	  0.000%	 99.907%	     0.000	        1	Delegate/Reciprocal Square Root (NC):6
	                           Multiply (ND)	    0.002	    0.002	  0.000%	 99.907%	     0.000	        1	Delegate/Multiply (ND):7
	                           Subtract (ND)	    0.002	    0.002	  0.000%	 99.907%	     0.000	        1	Delegate/Subtract (ND):8
	                     Static Reshape (NC)	    0.001	    0.001	  0.000%	 99.908%	     0.000	        1	Delegate/Static Reshape (NC):9
	                           Multiply (ND)	    0.013	    0.014	  0.002%	 99.909%	     0.000	        1	Delegate/Multiply (ND):10
	                     Static Reshape (NC)	    0.000	    0.000	  0.000%	 99.909%	     0.000	        1	Delegate/Static Reshape (NC):11
	                                Add (ND)	    0.003	    0.012	  0.002%	 99.911%	     0.000	        1	Delegate/Add (ND):12
	                           Multiply (ND)	    0.004	    0.008	  0.001%	 99.912%	     0.000	        1	Delegate/Multiply (ND):13
	                                Add (ND)	    0.004	    0.006	  0.001%	 99.913%	     0.000	        1	Delegate/Add (ND):14
	                     Static Reshape (NC)	    0.000	    0.001	  0.000%	 99.913%	     0.000	        1	Delegate/Static Reshape (NC):15
	          Fully Connected (NC, F32) GEMM	    0.674	    0.676	  0.087%	100.000%	     0.000	        1	Delegate/Fully Connected (NC, F32) GEMM:16

============================== Top by Computation Time ==============================
	                             [node type]	  [first]	 [avg ms]	     [%]	  [cdf%]	  [mem KB]	[times called]	[Name]
	           Convolution (NHWC, F32) IGEMM	   57.461	   57.714	  7.442%	  7.442%	     0.000	        1	Delegate/Convolution (NHWC, F32) IGEMM:17
	           Convolution (NHWC, F32) IGEMM	   57.184	   57.470	  7.411%	 14.853%	     0.000	        1	Delegate/Convolution (NHWC, F32) IGEMM:36
	           Convolution (NHWC, F32) IGEMM	   57.493	   57.419	  7.404%	 22.258%	     0.000	        1	Delegate/Convolution (NHWC, F32) IGEMM:55
	          Fully Connected (NC, F32) GEMM	   15.716	   15.781	  2.035%	 24.293%	     0.000	        1	Delegate/Fully Connected (NC, F32) GEMM:408
	          Fully Connected (NC, F32) GEMM	   15.413	   15.427	  1.989%	 26.282%	     0.000	        1	Delegate/Fully Connected (NC, F32) GEMM:370
	          Fully Connected (NC, F32) GEMM	   15.316	   15.367	  1.982%	 28.264%	     0.000	        1	Delegate/Fully Connected (NC, F32) GEMM:389
	           Convolution (NHWC, F32) IGEMM	   15.163	   15.244	  1.966%	 30.230%	     0.000	        1	Delegate/Convolution (NHWC, F32) IGEMM:91
	           Convolution (NHWC, F32) IGEMM	   15.279	   15.181	  1.958%	 32.187%	     0.000	        1	Delegate/Convolution (NHWC, F32) IGEMM:110
	           Convolution (NHWC, F32) IGEMM	   15.038	   15.161	  1.955%	 34.142%	     0.000	        1	Delegate/Convolution (NHWC, F32) IGEMM:129
	          Fully Connected (NC, F32) GEMM	   12.495	   12.506	  1.613%	 35.755%	     0.000	        1	Delegate/Fully Connected (NC, F32) GEMM:236

Number of nodes executed: 432
============================== Summary by node type ==============================
	                             [Node type]	  [count]	  [avg ms]	    [avg %]	    [cdf %]	  [mem KB]	[times called]
	          Fully Connected (NC, F32) GEMM	       37	   406.173	    52.392%	    52.392%	     0.000	       37
	           Convolution (NHWC, F32) IGEMM	       22	   316.911	    40.878%	    93.270%	     0.000	       22
	                               GELU (NC)	       18	    24.330	     3.138%	    96.408%	     0.000	       18
	                                Add (ND)	       69	     8.997	     1.161%	    97.568%	     0.000	       69
	                        Mean (ND) Reduce	       46	     5.111	     0.659%	    98.228%	     0.000	       46
	                           Multiply (ND)	       52	     4.912	     0.634%	    98.861%	     0.000	       52
	                     Static Reshape (NC)	      116	     4.868	     0.628%	    99.489%	     0.000	      116
	                 Squared Difference (ND)	       23	     3.185	     0.411%	    99.900%	     0.000	       23
	                           Subtract (ND)	       23	     0.333	     0.043%	    99.943%	     0.000	       23
	             Reciprocal Square Root (NC)	       23	     0.238	     0.031%	    99.974%	     0.000	       23
	           Transpose (ND, X32) Transpose	        1	     0.097	     0.013%	    99.986%	     0.000	        1
	                               GATHER_ND	        1	     0.060	     0.008%	    99.994%	     0.000	        1
	                         Sum (ND) Reduce	        1	     0.048	     0.006%	   100.000%	     0.000	        1

Timings (microseconds): count=50 first=775762 curr=775801 min=772893 max=777526 avg=775474 std=939
Memory (bytes): count=0
432 nodes observed



