Running main profile with model ./models/swiftformer_s.dist_in1k.tflite and image ./images/dog.jpg (threads: 4, delegate: xnnpack, warmup: 10, profiling: 50)

====== main_cpu with profiling ====
[INFO] Model path: ./models/swiftformer_s.dist_in1k.tflite
[INFO] Image path: ./images/dog.jpg
[INFO] Label path: ./labels.json
[INFO] Profiling result path: ./log/cortex-a53-autotuning/output_main_profile_swiftformer_s.dist_in1k_xnnpack_4threads_auto_tuning.csv
[INFO] Profiling enabled: YES
[INFO] Number of threads: 4
[INFO] Delegate type: xnnpack
[INFO] Warmup runs: 10
[INFO] Profiling runs: 50
[INFO] Model type detected: FP32
[INFO] Initializing profiler...
[INFO] Loading model from: ./models/swiftformer_s.dist_in1k.tflite
INFO: Initialized TensorFlow Lite runtime.
[INFO] Model signature keys:The Model contains 1 signature key(s).They are listed below: -> Signature Key: serving_default
INFO: Created TensorFlow Lite XNNPACK delegate for CPU.
VERBOSE: XNNPack weight cache not enabled.
VERBOSE: Replacing 315 out of 315 node(s) with delegate (TfLiteXNNPackDelegate) node, yielding 1 partitions for subgraph 0.
VERBOSE: SubgraphInit called with params: 0x5577e8dd50, length: 0
VERBOSE: SubgraphCreate: called
VERBOSE: SubgraphCreate: created XNNPACK subgraph with 535 external values
VERBOSE: SubgraphCreate: creating XNNPACK runtime with flags: 24
VERBOSE: SubgraphCreate: created XNNPACK runtime 
[INFO] XNNPACK delegate applied successfully (threads: 4)

[INFO] Model Summary 
📥 Input tensor count  : 1
📤 Output tensor count : 1
📦 Total tensor count  : 555
🔧 Node (op) count     : 316
🧩 Delegate applied    : Yes ✅

[INFO] Shape of input_tensor: [1, 224, 224, 3]
[INFO] Processing FP32 input path

[INFO] Running 10 warm-up iterations...
[INFO] warm-up completed

[INFO] Running 50 run and profile iterations...
[INFO] run and profile completed

[INFO] Shape of output_tensor: [1, 1000]
[INFO] Processing FP32 output path

[INFO] Top 5 predictions:
- Class 357 (mink): 1
- Class 1 (goldfish): 0
- Class 3 (tiger_shark): 0
- Class 4 (hammerhead): 0
- Class 0 (tench): 0

[INFO] Elapsed time summary
- Load Model took 0.168 ms (168 us)
- Build Interpreter took 6.353 ms (6353 us)
- Apply Delegate took 93.002 ms (93002 us)
- Allocate Tensor took 153.513 ms (153513 us)
- Load Input Image took 41.915 ms (41915 us)
- Preprocessing took 10.73 ms (10730 us)
- Inference_0 took 125.112 ms (125112 us)
- Inference_1 took 125.3 ms (125300 us)
- Inference_2 took 124.324 ms (124324 us)
- Inference_3 took 125.087 ms (125087 us)
- Inference_4 took 125.629 ms (125629 us)
- Inference_5 took 124.38 ms (124380 us)
- Inference_6 took 124.093 ms (124093 us)
- Inference_7 took 124.441 ms (124441 us)
- Inference_8 took 124.506 ms (124506 us)
- Inference_9 took 124.374 ms (124374 us)
- Inference_10 took 124.624 ms (124624 us)
- Inference_11 took 124.58 ms (124580 us)
- Inference_12 took 125.055 ms (125055 us)
- Inference_13 took 124.904 ms (124904 us)
- Inference_14 took 124.336 ms (124336 us)
- Inference_15 took 124.599 ms (124599 us)
- Inference_16 took 124.876 ms (124876 us)
- Inference_17 took 125.015 ms (125015 us)
- Inference_18 took 124.635 ms (124635 us)
- Inference_19 took 125.106 ms (125106 us)
- Inference_20 took 124.844 ms (124844 us)
- Inference_21 took 124.424 ms (124424 us)
- Inference_22 took 124.752 ms (124752 us)
- Inference_23 took 124.579 ms (124579 us)
- Inference_24 took 124.757 ms (124757 us)
- Inference_25 took 124.846 ms (124846 us)
- Inference_26 took 124.49 ms (124490 us)
- Inference_27 took 124.638 ms (124638 us)
- Inference_28 took 125.336 ms (125336 us)
- Inference_29 took 124.784 ms (124784 us)
- Inference_30 took 125.423 ms (125423 us)
- Inference_31 took 126.517 ms (126517 us)
- Inference_32 took 125.579 ms (125579 us)
- Inference_33 took 124.975 ms (124975 us)
- Inference_34 took 125.221 ms (125221 us)
- Inference_35 took 126.786 ms (126786 us)
- Inference_36 took 124.862 ms (124862 us)
- Inference_37 took 125.502 ms (125502 us)
- Inference_38 took 127.007 ms (127007 us)
- Inference_39 took 125.165 ms (125165 us)
- Inference_40 took 125.268 ms (125268 us)
- Inference_41 took 125.675 ms (125675 us)
- Inference_42 took 126.061 ms (126061 us)
- Inference_43 took 126.072 ms (126072 us)
- Inference_44 took 125.439 ms (125439 us)
- Inference_45 took 125.868 ms (125868 us)
- Inference_46 took 127.824 ms (127824 us)
- Inference_47 took 124.95 ms (124950 us)
- Inference_48 took 125.196 ms (125196 us)
- Inference_49 took 126.945 ms (126945 us)
- Postprocessing took 0.098 ms (98 us)


[INFO] Generating Ops-level profiling (log)

INFO: Profiling Info for Benchmark Initialization:
============================== Run Order ==============================
	                             [node type]	  [first]	 [avg ms]	     [%]	  [cdf%]	  [mem KB]	[times called]	[Name]
	                 ModifyGraphWithDelegate	   92.431	   92.431	 37.586%	 37.586%	 45200.000	        1	ModifyGraphWithDelegate/0
	                         AllocateTensors	  153.486	  153.486	 62.414%	100.000%	  7976.000	        1	AllocateTensors/0

============================== Top by Computation Time ==============================
	                             [node type]	  [first]	 [avg ms]	     [%]	  [cdf%]	  [mem KB]	[times called]	[Name]
	                         AllocateTensors	  153.486	  153.486	 62.414%	 62.414%	  7976.000	        1	AllocateTensors/0
	                 ModifyGraphWithDelegate	   92.431	   92.431	 37.586%	100.000%	 45200.000	        1	ModifyGraphWithDelegate/0

Number of nodes executed: 2
============================== Summary by node type ==============================
	                             [Node type]	  [count]	  [avg ms]	    [avg %]	    [cdf %]	  [mem KB]	[times called]
	                         AllocateTensors	        1	   153.486	    62.414%	    62.414%	  7976.000	        1
	                 ModifyGraphWithDelegate	        1	    92.431	    37.586%	   100.000%	 45200.000	        1

Timings (microseconds): count=2 curr=245917(all same)
Memory (bytes): count=0
2 nodes observed



INFO: Operator-wise Profiling Info for Regular Benchmark Runs:
============================== Run Order ==============================
	                             [node type]	  [first]	 [avg ms]	     [%]	  [cdf%]	  [mem KB]	[times called]	[Name]
	           Convolution (NHWC, F32) IGEMM	    1.878	    1.891	  1.521%	  1.521%	     0.000	        1	Delegate/Convolution (NHWC, F32) IGEMM:0
	           Convolution (NHWC, F32) IGEMM	    3.188	    3.170	  2.549%	  4.070%	     0.000	        1	Delegate/Convolution (NHWC, F32) IGEMM:1
	          Convolution (NHWC, F32) DWConv	    0.661	    0.726	  0.584%	  4.654%	     0.000	        1	Delegate/Convolution (NHWC, F32) DWConv:2
	          Fully Connected (NC, F32) GEMM	    2.671	    2.646	  2.128%	  6.782%	     0.000	        1	Delegate/Fully Connected (NC, F32) GEMM:3
	                               GELU (NC)	    1.642	    1.699	  1.367%	  8.148%	     0.000	        1	Delegate/GELU (NC):4
	          Fully Connected (NC, F32) GEMM	    3.636	    3.635	  2.923%	 11.072%	     0.000	        1	Delegate/Fully Connected (NC, F32) GEMM:5
	                                Add (ND)	    0.396	    0.408	  0.329%	 11.400%	     0.000	        1	Delegate/Add (ND):6
	          Convolution (NHWC, F32) DWConv	    0.634	    0.627	  0.504%	 11.904%	     0.000	        1	Delegate/Convolution (NHWC, F32) DWConv:7
	          Fully Connected (NC, F32) GEMM	    2.726	    2.722	  2.189%	 14.093%	     0.000	        1	Delegate/Fully Connected (NC, F32) GEMM:8
	                               GELU (NC)	    1.650	    1.711	  1.376%	 15.469%	     0.000	        1	Delegate/GELU (NC):9
	          Fully Connected (NC, F32) GEMM	    3.613	    3.636	  2.924%	 18.393%	     0.000	        1	Delegate/Fully Connected (NC, F32) GEMM:10
	                                Add (ND)	    0.428	    0.440	  0.354%	 18.746%	     0.000	        1	Delegate/Add (ND):11
	          Convolution (NHWC, F32) DWConv	    0.638	    0.641	  0.516%	 19.262%	     0.000	        1	Delegate/Convolution (NHWC, F32) DWConv:12
	          Fully Connected (NC, F32) GEMM	    0.694	    0.668	  0.537%	 19.799%	     0.000	        1	Delegate/Fully Connected (NC, F32) GEMM:13
	                               GELU (NC)	    0.432	    0.430	  0.346%	 20.144%	     0.000	        1	Delegate/GELU (NC):14
	          Fully Connected (NC, F32) GEMM	    0.602	    0.612	  0.492%	 20.636%	     0.000	        1	Delegate/Fully Connected (NC, F32) GEMM:15
	                                Add (ND)	    0.406	    0.431	  0.347%	 20.983%	     0.000	        1	Delegate/Add (ND):16
	           Transpose (ND, X32) Transpose	    0.497	    0.501	  0.403%	 21.387%	     0.000	        1	Delegate/Transpose (ND, X32) Transpose:17
	                     Static Reshape (NC)	    0.280	    0.284	  0.228%	 21.615%	     0.000	        1	Delegate/Static Reshape (NC):18
	           Transpose (ND, X32) Transpose	    0.769	    0.788	  0.634%	 22.248%	     0.000	        1	Delegate/Transpose (ND, X32) Transpose:19
	          Fully Connected (NC, F32) GEMM	    0.618	    0.648	  0.521%	 22.770%	     0.000	        1	Delegate/Fully Connected (NC, F32) GEMM:20
	                                Abs (NC)	    0.230	    0.192	  0.154%	 22.924%	     0.000	        1	Delegate/Abs (NC):21
	                           Multiply (ND)	    0.182	    0.177	  0.142%	 23.066%	     0.000	        1	Delegate/Multiply (ND):22
	                         Sum (ND) Reduce	    0.124	    0.144	  0.116%	 23.182%	     0.000	        1	Delegate/Sum (ND) Reduce:23
	                        Square Root (NC)	    0.007	    0.011	  0.009%	 23.191%	     0.000	        1	Delegate/Square Root (NC):24
	                            Maximum (ND)	    0.055	    0.026	  0.021%	 23.212%	     0.000	        1	Delegate/Maximum (ND):25
	                     Static Reshape (NC)	    0.001	    0.001	  0.001%	 23.213%	     0.000	        1	Delegate/Static Reshape (NC):26
	                             Divide (ND)	    0.231	    0.231	  0.186%	 23.399%	     0.000	        1	Delegate/Divide (ND):27
	          Fully Connected (NC, F32) GEMM	    0.634	    0.644	  0.518%	 23.917%	     0.000	        1	Delegate/Fully Connected (NC, F32) GEMM:28
	                                Abs (NC)	    0.203	    0.189	  0.152%	 24.069%	     0.000	        1	Delegate/Abs (NC):29
	                           Multiply (ND)	    0.098	    0.105	  0.084%	 24.154%	     0.000	        1	Delegate/Multiply (ND):30
	                         Sum (ND) Reduce	    0.125	    0.121	  0.097%	 24.251%	     0.000	        1	Delegate/Sum (ND) Reduce:31
	                        Square Root (NC)	    0.007	    0.008	  0.007%	 24.257%	     0.000	        1	Delegate/Square Root (NC):32
	                            Maximum (ND)	    0.010	    0.024	  0.019%	 24.276%	     0.000	        1	Delegate/Maximum (ND):33
	                     Static Reshape (NC)	    0.001	    0.001	  0.001%	 24.277%	     0.000	        1	Delegate/Static Reshape (NC):34
	                             Divide (ND)	    0.193	    0.194	  0.156%	 24.434%	     0.000	        1	Delegate/Divide (ND):35
	          Fully Connected (NC, F32) GEMM	    0.194	    0.193	  0.155%	 24.589%	     0.000	        1	Delegate/Fully Connected (NC, F32) GEMM:36
	                                Abs (NC)	    0.012	    0.019	  0.015%	 24.604%	     0.000	        1	Delegate/Abs (NC):37
	                           Multiply (ND)	    0.004	    0.022	  0.017%	 24.621%	     0.000	        1	Delegate/Multiply (ND):38
	                         Sum (ND) Reduce	    0.023	    0.025	  0.020%	 24.641%	     0.000	        1	Delegate/Sum (ND) Reduce:39
	                        Square Root (NC)	    0.002	    0.002	  0.002%	 24.643%	     0.000	        1	Delegate/Square Root (NC):40
	                     Static Reshape (NC)	    0.000	    0.000	  0.000%	 24.643%	     0.000	        1	Delegate/Static Reshape (NC):41
	                            Maximum (ND)	    0.003	    0.003	  0.002%	 24.645%	     0.000	        1	Delegate/Maximum (ND):42
	                             Divide (ND)	    0.063	    0.045	  0.036%	 24.681%	     0.000	        1	Delegate/Divide (ND):43
	                           Multiply (ND)	    0.224	    0.227	  0.183%	 24.864%	     0.000	        1	Delegate/Multiply (ND):44
	                         Sum (ND) Reduce	    0.403	    0.390	  0.314%	 25.178%	     0.000	        1	Delegate/Sum (ND) Reduce:45
	                           Multiply (ND)	    0.210	    0.212	  0.170%	 25.348%	     0.000	        1	Delegate/Multiply (ND):46
	                     Static Reshape (NC)	    0.002	    0.002	  0.001%	 25.349%	     0.000	        1	Delegate/Static Reshape (NC):47
	          Fully Connected (NC, F32) GEMM	    0.619	    0.641	  0.515%	 25.864%	     0.000	        1	Delegate/Fully Connected (NC, F32) GEMM:48
	                                Add (ND)	    0.337	    0.293	  0.236%	 26.100%	     0.000	        1	Delegate/Add (ND):49
	          Fully Connected (NC, F32) GEMM	    0.614	    0.620	  0.499%	 26.599%	     0.000	        1	Delegate/Fully Connected (NC, F32) GEMM:50
	           Transpose (ND, X32) Transpose	    0.326	    0.365	  0.293%	 26.892%	     0.000	        1	Delegate/Transpose (ND, X32) Transpose:51
	                     Static Reshape (NC)	    0.001	    0.002	  0.001%	 26.894%	     0.000	        1	Delegate/Static Reshape (NC):52
	                           Multiply (ND)	    0.117	    0.129	  0.104%	 26.998%	     0.000	        1	Delegate/Multiply (ND):53
	                                Add (ND)	    0.376	    0.392	  0.315%	 27.312%	     0.000	        1	Delegate/Add (ND):54
	                           Subtract (ND)	    0.238	    0.240	  0.193%	 27.505%	     0.000	        1	Delegate/Subtract (ND):55
	                           Multiply (ND)	    0.156	    0.156	  0.125%	 27.630%	     0.000	        1	Delegate/Multiply (ND):56
	                           Multiply (ND)	    0.069	    0.076	  0.061%	 27.692%	     0.000	        1	Delegate/Multiply (ND):57
	                                Add (ND)	    0.053	    0.056	  0.045%	 27.736%	     0.000	        1	Delegate/Add (ND):58
	           Transpose (ND, X32) Transpose	    0.467	    0.489	  0.393%	 28.129%	     0.000	        1	Delegate/Transpose (ND, X32) Transpose:59
	          Fully Connected (NC, F32) GEMM	    2.704	    2.686	  2.160%	 30.289%	     0.000	        1	Delegate/Fully Connected (NC, F32) GEMM:60
	                               GELU (NC)	    1.713	    1.740	  1.399%	 31.689%	     0.000	        1	Delegate/GELU (NC):61
	          Fully Connected (NC, F32) GEMM	    3.594	    3.613	  2.905%	 34.594%	     0.000	        1	Delegate/Fully Connected (NC, F32) GEMM:62
	           Transpose (ND, X32) Transpose	    0.558	    0.565	  0.454%	 35.048%	     0.000	        1	Delegate/Transpose (ND, X32) Transpose:63
	                                Add (ND)	    0.330	    0.402	  0.323%	 35.371%	     0.000	        1	Delegate/Add (ND):64
	           Transpose (ND, X32) Transpose	    0.659	    0.626	  0.504%	 35.875%	     0.000	        1	Delegate/Transpose (ND, X32) Transpose:65
	           Convolution (NHWC, F32) IGEMM	    1.915	    1.902	  1.530%	 37.405%	     0.000	        1	Delegate/Convolution (NHWC, F32) IGEMM:66
	          Convolution (NHWC, F32) DWConv	    0.204	    0.218	  0.175%	 37.580%	     0.000	        1	Delegate/Convolution (NHWC, F32) DWConv:67
	          Fully Connected (NC, F32) GEMM	    1.058	    1.075	  0.865%	 38.444%	     0.000	        1	Delegate/Fully Connected (NC, F32) GEMM:68
	                               GELU (NC)	    0.674	    0.542	  0.436%	 38.880%	     0.000	        1	Delegate/GELU (NC):69
	          Fully Connected (NC, F32) GEMM	    1.502	    1.171	  0.941%	 39.821%	     0.000	        1	Delegate/Fully Connected (NC, F32) GEMM:70
	                                Add (ND)	    0.160	    0.151	  0.121%	 39.943%	     0.000	        1	Delegate/Add (ND):71
	          Convolution (NHWC, F32) DWConv	    0.189	    0.231	  0.185%	 40.128%	     0.000	        1	Delegate/Convolution (NHWC, F32) DWConv:72
	          Fully Connected (NC, F32) GEMM	    1.044	    1.089	  0.876%	 41.004%	     0.000	        1	Delegate/Fully Connected (NC, F32) GEMM:73
	                               GELU (NC)	    0.550	    0.549	  0.442%	 41.446%	     0.000	        1	Delegate/GELU (NC):74
	          Fully Connected (NC, F32) GEMM	    1.224	    1.174	  0.944%	 42.390%	     0.000	        1	Delegate/Fully Connected (NC, F32) GEMM:75
	                                Add (ND)	    0.156	    0.151	  0.122%	 42.511%	     0.000	        1	Delegate/Add (ND):76
	          Convolution (NHWC, F32) DWConv	    0.233	    0.225	  0.181%	 42.692%	     0.000	        1	Delegate/Convolution (NHWC, F32) DWConv:77
	          Fully Connected (NC, F32) GEMM	    0.267	    0.275	  0.221%	 42.914%	     0.000	        1	Delegate/Fully Connected (NC, F32) GEMM:78
	                               GELU (NC)	    0.135	    0.149	  0.120%	 43.034%	     0.000	        1	Delegate/GELU (NC):79
	          Fully Connected (NC, F32) GEMM	    0.256	    0.267	  0.215%	 43.248%	     0.000	        1	Delegate/Fully Connected (NC, F32) GEMM:80
	                                Add (ND)	    0.037	    0.038	  0.031%	 43.279%	     0.000	        1	Delegate/Add (ND):81
	           Transpose (ND, X32) Transpose	    0.071	    0.070	  0.056%	 43.335%	     0.000	        1	Delegate/Transpose (ND, X32) Transpose:82
	                     Static Reshape (NC)	    0.047	    0.047	  0.038%	 43.373%	     0.000	        1	Delegate/Static Reshape (NC):83
	           Transpose (ND, X32) Transpose	    0.197	    0.208	  0.167%	 43.540%	     0.000	        1	Delegate/Transpose (ND, X32) Transpose:84
	          Fully Connected (NC, F32) GEMM	    0.271	    0.270	  0.217%	 43.757%	     0.000	        1	Delegate/Fully Connected (NC, F32) GEMM:85
	                                Abs (NC)	    0.052	    0.054	  0.043%	 43.800%	     0.000	        1	Delegate/Abs (NC):86
	                           Multiply (ND)	    0.040	    0.047	  0.038%	 43.839%	     0.000	        1	Delegate/Multiply (ND):87
	                         Sum (ND) Reduce	    0.048	    0.040	  0.032%	 43.871%	     0.000	        1	Delegate/Sum (ND) Reduce:88
	                        Square Root (NC)	    0.005	    0.004	  0.003%	 43.874%	     0.000	        1	Delegate/Square Root (NC):89
	                            Maximum (ND)	    0.014	    0.031	  0.025%	 43.899%	     0.000	        1	Delegate/Maximum (ND):90
	                     Static Reshape (NC)	    0.001	    0.001	  0.001%	 43.900%	     0.000	        1	Delegate/Static Reshape (NC):91
	                             Divide (ND)	    0.049	    0.054	  0.044%	 43.944%	     0.000	        1	Delegate/Divide (ND):92
	          Fully Connected (NC, F32) GEMM	    0.251	    0.253	  0.204%	 44.147%	     0.000	        1	Delegate/Fully Connected (NC, F32) GEMM:93
	                                Abs (NC)	    0.031	    0.031	  0.025%	 44.172%	     0.000	        1	Delegate/Abs (NC):94
	                           Multiply (ND)	    0.024	    0.024	  0.020%	 44.192%	     0.000	        1	Delegate/Multiply (ND):95
	                         Sum (ND) Reduce	    0.032	    0.033	  0.027%	 44.219%	     0.000	        1	Delegate/Sum (ND) Reduce:96
	                        Square Root (NC)	    0.004	    0.004	  0.003%	 44.222%	     0.000	        1	Delegate/Square Root (NC):97
	                            Maximum (ND)	    0.039	    0.023	  0.019%	 44.241%	     0.000	        1	Delegate/Maximum (ND):98
	                     Static Reshape (NC)	    0.001	    0.001	  0.001%	 44.241%	     0.000	        1	Delegate/Static Reshape (NC):99
	                             Divide (ND)	    0.054	    0.050	  0.041%	 44.282%	     0.000	        1	Delegate/Divide (ND):100
	          Fully Connected (NC, F32) GEMM	    0.038	    0.038	  0.031%	 44.312%	     0.000	        1	Delegate/Fully Connected (NC, F32) GEMM:101
	                                Abs (NC)	    0.002	    0.002	  0.002%	 44.314%	     0.000	        1	Delegate/Abs (NC):102
	                           Multiply (ND)	    0.002	    0.003	  0.002%	 44.316%	     0.000	        1	Delegate/Multiply (ND):103
	                         Sum (ND) Reduce	    0.008	    0.007	  0.006%	 44.322%	     0.000	        1	Delegate/Sum (ND) Reduce:104
	                        Square Root (NC)	    0.001	    0.001	  0.001%	 44.323%	     0.000	        1	Delegate/Square Root (NC):105
	                     Static Reshape (NC)	    0.000	    0.000	  0.000%	 44.323%	     0.000	        1	Delegate/Static Reshape (NC):106
	                            Maximum (ND)	    0.001	    0.001	  0.001%	 44.324%	     0.000	        1	Delegate/Maximum (ND):107
	                             Divide (ND)	    0.013	    0.013	  0.010%	 44.334%	     0.000	        1	Delegate/Divide (ND):108
	                           Multiply (ND)	    0.030	    0.033	  0.027%	 44.361%	     0.000	        1	Delegate/Multiply (ND):109
	                         Sum (ND) Reduce	    0.062	    0.061	  0.049%	 44.410%	     0.000	        1	Delegate/Sum (ND) Reduce:110
	                           Multiply (ND)	    0.036	    0.037	  0.030%	 44.440%	     0.000	        1	Delegate/Multiply (ND):111
	                     Static Reshape (NC)	    0.000	    0.000	  0.000%	 44.440%	     0.000	        1	Delegate/Static Reshape (NC):112
	          Fully Connected (NC, F32) GEMM	    0.249	    0.251	  0.202%	 44.642%	     0.000	        1	Delegate/Fully Connected (NC, F32) GEMM:113
	                                Add (ND)	    0.042	    0.044	  0.035%	 44.677%	     0.000	        1	Delegate/Add (ND):114
	          Fully Connected (NC, F32) GEMM	    0.249	    0.279	  0.224%	 44.901%	     0.000	        1	Delegate/Fully Connected (NC, F32) GEMM:115
	           Transpose (ND, X32) Transpose	    0.067	    0.069	  0.056%	 44.957%	     0.000	        1	Delegate/Transpose (ND, X32) Transpose:116
	                     Static Reshape (NC)	    0.000	    0.000	  0.000%	 44.957%	     0.000	        1	Delegate/Static Reshape (NC):117
	                           Multiply (ND)	    0.019	    0.022	  0.018%	 44.975%	     0.000	        1	Delegate/Multiply (ND):118
	                                Add (ND)	    0.089	    0.092	  0.074%	 45.049%	     0.000	        1	Delegate/Add (ND):119
	                           Subtract (ND)	    0.067	    0.067	  0.054%	 45.102%	     0.000	        1	Delegate/Subtract (ND):120
	                           Multiply (ND)	    0.037	    0.040	  0.032%	 45.135%	     0.000	        1	Delegate/Multiply (ND):121
	                           Multiply (ND)	    0.021	    0.027	  0.022%	 45.156%	     0.000	        1	Delegate/Multiply (ND):122
	                                Add (ND)	    0.020	    0.023	  0.019%	 45.175%	     0.000	        1	Delegate/Add (ND):123
	           Transpose (ND, X32) Transpose	    0.186	    0.139	  0.111%	 45.286%	     0.000	        1	Delegate/Transpose (ND, X32) Transpose:124
	          Fully Connected (NC, F32) GEMM	    1.095	    1.105	  0.888%	 46.175%	     0.000	        1	Delegate/Fully Connected (NC, F32) GEMM:125
	                               GELU (NC)	    0.549	    0.554	  0.445%	 46.620%	     0.000	        1	Delegate/GELU (NC):126
	          Fully Connected (NC, F32) GEMM	    1.206	    1.237	  0.995%	 47.615%	     0.000	        1	Delegate/Fully Connected (NC, F32) GEMM:127
	           Transpose (ND, X32) Transpose	    0.170	    0.176	  0.142%	 47.756%	     0.000	        1	Delegate/Transpose (ND, X32) Transpose:128
	                                Add (ND)	    0.134	    0.125	  0.101%	 47.857%	     0.000	        1	Delegate/Add (ND):129
	           Transpose (ND, X32) Transpose	    0.132	    0.153	  0.123%	 47.980%	     0.000	        1	Delegate/Transpose (ND, X32) Transpose:130
	           Convolution (NHWC, F32) IGEMM	    1.689	    1.696	  1.364%	 49.344%	     0.000	        1	Delegate/Convolution (NHWC, F32) IGEMM:131
	          Convolution (NHWC, F32) DWConv	    0.162	    0.157	  0.126%	 49.470%	     0.000	        1	Delegate/Convolution (NHWC, F32) DWConv:132
	          Fully Connected (NC, F32) GEMM	    1.740	    1.757	  1.413%	 50.883%	     0.000	        1	Delegate/Fully Connected (NC, F32) GEMM:133
	                               GELU (NC)	    0.369	    0.364	  0.293%	 51.176%	     0.000	        1	Delegate/GELU (NC):134
	          Fully Connected (NC, F32) GEMM	    2.264	    2.110	  1.697%	 52.873%	     0.000	        1	Delegate/Fully Connected (NC, F32) GEMM:135
	                                Add (ND)	    0.096	    0.108	  0.087%	 52.959%	     0.000	        1	Delegate/Add (ND):136
	          Convolution (NHWC, F32) DWConv	    0.144	    0.174	  0.140%	 53.099%	     0.000	        1	Delegate/Convolution (NHWC, F32) DWConv:137
	          Fully Connected (NC, F32) GEMM	    1.733	    1.781	  1.432%	 54.531%	     0.000	        1	Delegate/Fully Connected (NC, F32) GEMM:138
	                               GELU (NC)	    0.360	    0.375	  0.302%	 54.833%	     0.000	        1	Delegate/GELU (NC):139
	          Fully Connected (NC, F32) GEMM	    2.202	    2.089	  1.680%	 56.513%	     0.000	        1	Delegate/Fully Connected (NC, F32) GEMM:140
	                                Add (ND)	    0.090	    0.099	  0.080%	 56.593%	     0.000	        1	Delegate/Add (ND):141
	          Convolution (NHWC, F32) DWConv	    0.171	    0.171	  0.137%	 56.730%	     0.000	        1	Delegate/Convolution (NHWC, F32) DWConv:142
	          Fully Connected (NC, F32) GEMM	    1.780	    1.790	  1.440%	 58.170%	     0.000	        1	Delegate/Fully Connected (NC, F32) GEMM:143
	                               GELU (NC)	    0.349	    0.370	  0.297%	 58.467%	     0.000	        1	Delegate/GELU (NC):144
	          Fully Connected (NC, F32) GEMM	    2.057	    2.096	  1.686%	 60.152%	     0.000	        1	Delegate/Fully Connected (NC, F32) GEMM:145
	                                Add (ND)	    0.109	    0.109	  0.087%	 60.240%	     0.000	        1	Delegate/Add (ND):146
	          Convolution (NHWC, F32) DWConv	    0.179	    0.166	  0.133%	 60.373%	     0.000	        1	Delegate/Convolution (NHWC, F32) DWConv:147
	          Fully Connected (NC, F32) GEMM	    1.765	    1.756	  1.412%	 61.785%	     0.000	        1	Delegate/Fully Connected (NC, F32) GEMM:148
	                               GELU (NC)	    0.351	    0.379	  0.304%	 62.090%	     0.000	        1	Delegate/GELU (NC):149
	          Fully Connected (NC, F32) GEMM	    2.131	    2.106	  1.694%	 63.783%	     0.000	        1	Delegate/Fully Connected (NC, F32) GEMM:150
	                                Add (ND)	    0.116	    0.130	  0.105%	 63.888%	     0.000	        1	Delegate/Add (ND):151
	          Convolution (NHWC, F32) DWConv	    0.178	    0.170	  0.137%	 64.025%	     0.000	        1	Delegate/Convolution (NHWC, F32) DWConv:152
	          Fully Connected (NC, F32) GEMM	    1.765	    1.758	  1.414%	 65.439%	     0.000	        1	Delegate/Fully Connected (NC, F32) GEMM:153
	                               GELU (NC)	    0.353	    0.376	  0.303%	 65.741%	     0.000	        1	Delegate/GELU (NC):154
	          Fully Connected (NC, F32) GEMM	    2.094	    2.111	  1.697%	 67.439%	     0.000	        1	Delegate/Fully Connected (NC, F32) GEMM:155
	                                Add (ND)	    0.130	    0.134	  0.108%	 67.547%	     0.000	        1	Delegate/Add (ND):156
	          Convolution (NHWC, F32) DWConv	    0.170	    0.162	  0.130%	 67.677%	     0.000	        1	Delegate/Convolution (NHWC, F32) DWConv:157
	          Fully Connected (NC, F32) GEMM	    1.764	    1.764	  1.419%	 69.096%	     0.000	        1	Delegate/Fully Connected (NC, F32) GEMM:158
	                               GELU (NC)	    0.389	    0.375	  0.301%	 69.397%	     0.000	        1	Delegate/GELU (NC):159
	          Fully Connected (NC, F32) GEMM	    2.146	    2.120	  1.705%	 71.102%	     0.000	        1	Delegate/Fully Connected (NC, F32) GEMM:160
	                                Add (ND)	    0.087	    0.101	  0.081%	 71.183%	     0.000	        1	Delegate/Add (ND):161
	          Convolution (NHWC, F32) DWConv	    0.144	    0.164	  0.132%	 71.315%	     0.000	        1	Delegate/Convolution (NHWC, F32) DWConv:162
	          Fully Connected (NC, F32) GEMM	    1.731	    1.746	  1.404%	 72.720%	     0.000	        1	Delegate/Fully Connected (NC, F32) GEMM:163
	                               GELU (NC)	    0.388	    0.376	  0.302%	 73.022%	     0.000	        1	Delegate/GELU (NC):164
	          Fully Connected (NC, F32) GEMM	    2.134	    2.154	  1.732%	 74.754%	     0.000	        1	Delegate/Fully Connected (NC, F32) GEMM:165
	                                Add (ND)	    0.101	    0.108	  0.087%	 74.841%	     0.000	        1	Delegate/Add (ND):166
	          Convolution (NHWC, F32) DWConv	    0.164	    0.158	  0.127%	 74.968%	     0.000	        1	Delegate/Convolution (NHWC, F32) DWConv:167
	          Fully Connected (NC, F32) GEMM	    1.740	    1.779	  1.431%	 76.399%	     0.000	        1	Delegate/Fully Connected (NC, F32) GEMM:168
	                               GELU (NC)	    0.361	    0.377	  0.303%	 76.702%	     0.000	        1	Delegate/GELU (NC):169
	          Fully Connected (NC, F32) GEMM	    2.175	    2.089	  1.680%	 78.382%	     0.000	        1	Delegate/Fully Connected (NC, F32) GEMM:170
	                                Add (ND)	    0.098	    0.101	  0.082%	 78.464%	     0.000	        1	Delegate/Add (ND):171
	          Convolution (NHWC, F32) DWConv	    0.146	    0.164	  0.132%	 78.596%	     0.000	        1	Delegate/Convolution (NHWC, F32) DWConv:172
	          Fully Connected (NC, F32) GEMM	    0.438	    0.444	  0.357%	 78.953%	     0.000	        1	Delegate/Fully Connected (NC, F32) GEMM:173
	                               GELU (NC)	    0.097	    0.110	  0.088%	 79.041%	     0.000	        1	Delegate/GELU (NC):174
	          Fully Connected (NC, F32) GEMM	    0.429	    0.485	  0.390%	 79.431%	     0.000	        1	Delegate/Fully Connected (NC, F32) GEMM:175
	                                Add (ND)	    0.032	    0.028	  0.023%	 79.454%	     0.000	        1	Delegate/Add (ND):176
	           Transpose (ND, X32) Transpose	    0.040	    0.041	  0.033%	 79.487%	     0.000	        1	Delegate/Transpose (ND, X32) Transpose:177
	                     Static Reshape (NC)	    0.030	    0.031	  0.025%	 79.512%	     0.000	        1	Delegate/Static Reshape (NC):178
	           Transpose (ND, X32) Transpose	    0.088	    0.097	  0.078%	 79.589%	     0.000	        1	Delegate/Transpose (ND, X32) Transpose:179
	          Fully Connected (NC, F32) GEMM	    0.438	    0.448	  0.360%	 79.949%	     0.000	        1	Delegate/Fully Connected (NC, F32) GEMM:180
	                                Abs (NC)	    0.065	    0.039	  0.031%	 79.981%	     0.000	        1	Delegate/Abs (NC):181
	                           Multiply (ND)	    0.033	    0.023	  0.019%	 79.999%	     0.000	        1	Delegate/Multiply (ND):182
	                         Sum (ND) Reduce	    0.020	    0.021	  0.017%	 80.016%	     0.000	        1	Delegate/Sum (ND) Reduce:183
	                        Square Root (NC)	    0.002	    0.002	  0.002%	 80.018%	     0.000	        1	Delegate/Square Root (NC):184
	                            Maximum (ND)	    0.029	    0.026	  0.021%	 80.039%	     0.000	        1	Delegate/Maximum (ND):185
	                     Static Reshape (NC)	    0.001	    0.001	  0.001%	 80.040%	     0.000	        1	Delegate/Static Reshape (NC):186
	                             Divide (ND)	    0.038	    0.036	  0.029%	 80.069%	     0.000	        1	Delegate/Divide (ND):187
	          Fully Connected (NC, F32) GEMM	    0.436	    0.462	  0.372%	 80.440%	     0.000	        1	Delegate/Fully Connected (NC, F32) GEMM:188
	                                Abs (NC)	    0.028	    0.028	  0.022%	 80.462%	     0.000	        1	Delegate/Abs (NC):189
	                           Multiply (ND)	    0.017	    0.017	  0.014%	 80.476%	     0.000	        1	Delegate/Multiply (ND):190
	                         Sum (ND) Reduce	    0.017	    0.017	  0.013%	 80.489%	     0.000	        1	Delegate/Sum (ND) Reduce:191
	                        Square Root (NC)	    0.002	    0.002	  0.002%	 80.491%	     0.000	        1	Delegate/Square Root (NC):192
	                            Maximum (ND)	    0.027	    0.009	  0.008%	 80.499%	     0.000	        1	Delegate/Maximum (ND):193
	                     Static Reshape (NC)	    0.001	    0.001	  0.001%	 80.499%	     0.000	        1	Delegate/Static Reshape (NC):194
	                             Divide (ND)	    0.039	    0.031	  0.025%	 80.524%	     0.000	        1	Delegate/Divide (ND):195
	          Fully Connected (NC, F32) GEMM	    0.029	    0.029	  0.023%	 80.547%	     0.000	        1	Delegate/Fully Connected (NC, F32) GEMM:196
	                                Abs (NC)	    0.001	    0.001	  0.001%	 80.548%	     0.000	        1	Delegate/Abs (NC):197
	                           Multiply (ND)	    0.019	    0.010	  0.008%	 80.556%	     0.000	        1	Delegate/Multiply (ND):198
	                         Sum (ND) Reduce	    0.004	    0.004	  0.003%	 80.559%	     0.000	        1	Delegate/Sum (ND) Reduce:199
	                        Square Root (NC)	    0.001	    0.001	  0.001%	 80.560%	     0.000	        1	Delegate/Square Root (NC):200
	                     Static Reshape (NC)	    0.000	    0.000	  0.000%	 80.560%	     0.000	        1	Delegate/Static Reshape (NC):201
	                            Maximum (ND)	    0.000	    0.000	  0.000%	 80.560%	     0.000	        1	Delegate/Maximum (ND):202
	                             Divide (ND)	    0.013	    0.021	  0.017%	 80.577%	     0.000	        1	Delegate/Divide (ND):203
	                           Multiply (ND)	    0.020	    0.026	  0.021%	 80.598%	     0.000	        1	Delegate/Multiply (ND):204
	                         Sum (ND) Reduce	    0.088	    0.057	  0.046%	 80.644%	     0.000	        1	Delegate/Sum (ND) Reduce:205
	                           Multiply (ND)	    0.028	    0.027	  0.022%	 80.666%	     0.000	        1	Delegate/Multiply (ND):206
	                     Static Reshape (NC)	    0.000	    0.000	  0.000%	 80.666%	     0.000	        1	Delegate/Static Reshape (NC):207
	          Fully Connected (NC, F32) GEMM	    0.427	    0.431	  0.346%	 81.012%	     0.000	        1	Delegate/Fully Connected (NC, F32) GEMM:208
	                                Add (ND)	    0.029	    0.029	  0.023%	 81.036%	     0.000	        1	Delegate/Add (ND):209
	          Fully Connected (NC, F32) GEMM	    0.427	    0.430	  0.346%	 81.381%	     0.000	        1	Delegate/Fully Connected (NC, F32) GEMM:210
	           Transpose (ND, X32) Transpose	    0.041	    0.044	  0.036%	 81.417%	     0.000	        1	Delegate/Transpose (ND, X32) Transpose:211
	                     Static Reshape (NC)	    0.000	    0.000	  0.000%	 81.417%	     0.000	        1	Delegate/Static Reshape (NC):212
	                           Multiply (ND)	    0.018	    0.019	  0.015%	 81.433%	     0.000	        1	Delegate/Multiply (ND):213
	                                Add (ND)	    0.051	    0.053	  0.043%	 81.476%	     0.000	        1	Delegate/Add (ND):214
	                           Subtract (ND)	    0.043	    0.043	  0.035%	 81.511%	     0.000	        1	Delegate/Subtract (ND):215
	                           Multiply (ND)	    0.017	    0.023	  0.018%	 81.529%	     0.000	        1	Delegate/Multiply (ND):216
	                           Multiply (ND)	    0.016	    0.017	  0.013%	 81.542%	     0.000	        1	Delegate/Multiply (ND):217
	                                Add (ND)	    0.015	    0.015	  0.012%	 81.554%	     0.000	        1	Delegate/Add (ND):218
	           Transpose (ND, X32) Transpose	    0.065	    0.069	  0.055%	 81.610%	     0.000	        1	Delegate/Transpose (ND, X32) Transpose:219
	          Fully Connected (NC, F32) GEMM	    1.744	    1.762	  1.417%	 83.027%	     0.000	        1	Delegate/Fully Connected (NC, F32) GEMM:220
	                               GELU (NC)	    0.410	    0.378	  0.304%	 83.331%	     0.000	        1	Delegate/GELU (NC):221
	          Fully Connected (NC, F32) GEMM	    2.104	    2.137	  1.718%	 85.049%	     0.000	        1	Delegate/Fully Connected (NC, F32) GEMM:222
	           Transpose (ND, X32) Transpose	    0.184	    0.172	  0.139%	 85.188%	     0.000	        1	Delegate/Transpose (ND, X32) Transpose:223
	                                Add (ND)	    0.064	    0.067	  0.054%	 85.241%	     0.000	        1	Delegate/Add (ND):224
	           Transpose (ND, X32) Transpose	    0.075	    0.076	  0.061%	 85.303%	     0.000	        1	Delegate/Transpose (ND, X32) Transpose:225
	           Convolution (NHWC, F32) IGEMM	    1.854	    1.878	  1.510%	 86.813%	     0.000	        1	Delegate/Convolution (NHWC, F32) IGEMM:226
	          Convolution (NHWC, F32) DWConv	    0.081	    0.095	  0.076%	 86.890%	     0.000	        1	Delegate/Convolution (NHWC, F32) DWConv:227
	          Fully Connected (NC, F32) GEMM	    0.875	    0.852	  0.685%	 87.575%	     0.000	        1	Delegate/Fully Connected (NC, F32) GEMM:228
	                               GELU (NC)	    0.152	    0.144	  0.116%	 87.690%	     0.000	        1	Delegate/GELU (NC):229
	          Fully Connected (NC, F32) GEMM	    1.207	    1.207	  0.971%	 88.661%	     0.000	        1	Delegate/Fully Connected (NC, F32) GEMM:230
	                                Add (ND)	    0.036	    0.043	  0.035%	 88.696%	     0.000	        1	Delegate/Add (ND):231
	          Convolution (NHWC, F32) DWConv	    0.072	    0.060	  0.049%	 88.745%	     0.000	        1	Delegate/Convolution (NHWC, F32) DWConv:232
	          Fully Connected (NC, F32) GEMM	    0.843	    0.846	  0.681%	 89.426%	     0.000	        1	Delegate/Fully Connected (NC, F32) GEMM:233
	                               GELU (NC)	    0.139	    0.140	  0.112%	 89.538%	     0.000	        1	Delegate/GELU (NC):234
	          Fully Connected (NC, F32) GEMM	    1.251	    1.257	  1.011%	 90.549%	     0.000	        1	Delegate/Fully Connected (NC, F32) GEMM:235
	                                Add (ND)	    0.042	    0.046	  0.037%	 90.586%	     0.000	        1	Delegate/Add (ND):236
	          Convolution (NHWC, F32) DWConv	    0.056	    0.070	  0.056%	 90.642%	     0.000	        1	Delegate/Convolution (NHWC, F32) DWConv:237
	          Fully Connected (NC, F32) GEMM	    0.843	    0.857	  0.689%	 91.332%	     0.000	        1	Delegate/Fully Connected (NC, F32) GEMM:238
	                               GELU (NC)	    0.147	    0.145	  0.117%	 91.448%	     0.000	        1	Delegate/GELU (NC):239
	          Fully Connected (NC, F32) GEMM	    1.257	    1.257	  1.011%	 92.459%	     0.000	        1	Delegate/Fully Connected (NC, F32) GEMM:240
	                                Add (ND)	    0.036	    0.039	  0.031%	 92.490%	     0.000	        1	Delegate/Add (ND):241
	          Convolution (NHWC, F32) DWConv	    0.057	    0.055	  0.044%	 92.535%	     0.000	        1	Delegate/Convolution (NHWC, F32) DWConv:242
	          Fully Connected (NC, F32) GEMM	    0.841	    0.879	  0.707%	 93.242%	     0.000	        1	Delegate/Fully Connected (NC, F32) GEMM:243
	                               GELU (NC)	    0.133	    0.174	  0.140%	 93.382%	     0.000	        1	Delegate/GELU (NC):244
	          Fully Connected (NC, F32) GEMM	    1.256	    1.209	  0.972%	 94.354%	     0.000	        1	Delegate/Fully Connected (NC, F32) GEMM:245
	                                Add (ND)	    0.047	    0.056	  0.045%	 94.398%	     0.000	        1	Delegate/Add (ND):246
	          Convolution (NHWC, F32) DWConv	    0.059	    0.063	  0.051%	 94.450%	     0.000	        1	Delegate/Convolution (NHWC, F32) DWConv:247
	          Fully Connected (NC, F32) GEMM	    0.845	    0.845	  0.680%	 95.129%	     0.000	        1	Delegate/Fully Connected (NC, F32) GEMM:248
	                               GELU (NC)	    0.161	    0.142	  0.114%	 95.243%	     0.000	        1	Delegate/GELU (NC):249
	          Fully Connected (NC, F32) GEMM	    1.207	    1.202	  0.967%	 96.210%	     0.000	        1	Delegate/Fully Connected (NC, F32) GEMM:250
	                                Add (ND)	    0.050	    0.057	  0.046%	 96.256%	     0.000	        1	Delegate/Add (ND):251
	          Convolution (NHWC, F32) DWConv	    0.061	    0.061	  0.049%	 96.305%	     0.000	        1	Delegate/Convolution (NHWC, F32) DWConv:252
	          Fully Connected (NC, F32) GEMM	    0.224	    0.227	  0.183%	 96.488%	     0.000	        1	Delegate/Fully Connected (NC, F32) GEMM:253
	                               GELU (NC)	    0.035	    0.041	  0.033%	 96.520%	     0.000	        1	Delegate/GELU (NC):254
	          Fully Connected (NC, F32) GEMM	    0.219	    0.238	  0.192%	 96.712%	     0.000	        1	Delegate/Fully Connected (NC, F32) GEMM:255
	                                Add (ND)	    0.015	    0.015	  0.012%	 96.724%	     0.000	        1	Delegate/Add (ND):256
	           Transpose (ND, X32) Transpose	    0.016	    0.018	  0.014%	 96.739%	     0.000	        1	Delegate/Transpose (ND, X32) Transpose:257
	                     Static Reshape (NC)	    0.010	    0.014	  0.011%	 96.750%	     0.000	        1	Delegate/Static Reshape (NC):258
	           Transpose (ND, X32) Transpose	    0.052	    0.027	  0.021%	 96.771%	     0.000	        1	Delegate/Transpose (ND, X32) Transpose:259
	          Fully Connected (NC, F32) GEMM	    0.217	    0.218	  0.176%	 96.947%	     0.000	        1	Delegate/Fully Connected (NC, F32) GEMM:260
	                                Abs (NC)	    0.035	    0.019	  0.016%	 96.962%	     0.000	        1	Delegate/Abs (NC):261
	                           Multiply (ND)	    0.018	    0.011	  0.009%	 96.971%	     0.000	        1	Delegate/Multiply (ND):262
	                         Sum (ND) Reduce	    0.011	    0.010	  0.008%	 96.979%	     0.000	        1	Delegate/Sum (ND) Reduce:263
	                        Square Root (NC)	    0.002	    0.002	  0.002%	 96.981%	     0.000	        1	Delegate/Square Root (NC):264
	                            Maximum (ND)	    0.018	    0.015	  0.012%	 96.993%	     0.000	        1	Delegate/Maximum (ND):265
	                     Static Reshape (NC)	    0.000	    0.000	  0.000%	 96.993%	     0.000	        1	Delegate/Static Reshape (NC):266
	                             Divide (ND)	    0.021	    0.016	  0.013%	 97.006%	     0.000	        1	Delegate/Divide (ND):267
	          Fully Connected (NC, F32) GEMM	    0.215	    0.216	  0.174%	 97.179%	     0.000	        1	Delegate/Fully Connected (NC, F32) GEMM:268
	                                Abs (NC)	    0.009	    0.014	  0.011%	 97.191%	     0.000	        1	Delegate/Abs (NC):269
	                           Multiply (ND)	    0.008	    0.009	  0.008%	 97.199%	     0.000	        1	Delegate/Multiply (ND):270
	                         Sum (ND) Reduce	    0.008	    0.008	  0.006%	 97.205%	     0.000	        1	Delegate/Sum (ND) Reduce:271
	                        Square Root (NC)	    0.001	    0.001	  0.001%	 97.206%	     0.000	        1	Delegate/Square Root (NC):272
	                            Maximum (ND)	    0.029	    0.010	  0.008%	 97.213%	     0.000	        1	Delegate/Maximum (ND):273
	                     Static Reshape (NC)	    0.000	    0.000	  0.000%	 97.214%	     0.000	        1	Delegate/Static Reshape (NC):274
	                             Divide (ND)	    0.020	    0.014	  0.011%	 97.225%	     0.000	        1	Delegate/Divide (ND):275
	          Fully Connected (NC, F32) GEMM	    0.018	    0.018	  0.014%	 97.239%	     0.000	        1	Delegate/Fully Connected (NC, F32) GEMM:276
	                                Abs (NC)	    0.001	    0.000	  0.000%	 97.239%	     0.000	        1	Delegate/Abs (NC):277
	                           Multiply (ND)	    0.002	    0.004	  0.003%	 97.242%	     0.000	        1	Delegate/Multiply (ND):278
	                         Sum (ND) Reduce	    0.003	    0.003	  0.003%	 97.245%	     0.000	        1	Delegate/Sum (ND) Reduce:279
	                        Square Root (NC)	    0.000	    0.001	  0.001%	 97.246%	     0.000	        1	Delegate/Square Root (NC):280
	                     Static Reshape (NC)	    0.000	    0.000	  0.000%	 97.246%	     0.000	        1	Delegate/Static Reshape (NC):281
	                            Maximum (ND)	    0.000	    0.000	  0.000%	 97.246%	     0.000	        1	Delegate/Maximum (ND):282
	                             Divide (ND)	    0.024	    0.029	  0.023%	 97.269%	     0.000	        1	Delegate/Divide (ND):283
	                           Multiply (ND)	    0.016	    0.017	  0.013%	 97.282%	     0.000	        1	Delegate/Multiply (ND):284
	                         Sum (ND) Reduce	    0.018	    0.018	  0.015%	 97.297%	     0.000	        1	Delegate/Sum (ND) Reduce:285
	                           Multiply (ND)	    0.017	    0.017	  0.013%	 97.310%	     0.000	        1	Delegate/Multiply (ND):286
	                     Static Reshape (NC)	    0.000	    0.000	  0.000%	 97.310%	     0.000	        1	Delegate/Static Reshape (NC):287
	          Fully Connected (NC, F32) GEMM	    0.215	    0.217	  0.174%	 97.485%	     0.000	        1	Delegate/Fully Connected (NC, F32) GEMM:288
	                                Add (ND)	    0.011	    0.013	  0.010%	 97.495%	     0.000	        1	Delegate/Add (ND):289
	          Fully Connected (NC, F32) GEMM	    0.214	    0.218	  0.175%	 97.670%	     0.000	        1	Delegate/Fully Connected (NC, F32) GEMM:290
	           Transpose (ND, X32) Transpose	    0.016	    0.017	  0.014%	 97.684%	     0.000	        1	Delegate/Transpose (ND, X32) Transpose:291
	                     Static Reshape (NC)	    0.001	    0.001	  0.001%	 97.685%	     0.000	        1	Delegate/Static Reshape (NC):292
	                           Multiply (ND)	    0.015	    0.015	  0.012%	 97.697%	     0.000	        1	Delegate/Multiply (ND):293
	                                Add (ND)	    0.016	    0.017	  0.013%	 97.710%	     0.000	        1	Delegate/Add (ND):294
	                           Subtract (ND)	    0.015	    0.014	  0.011%	 97.722%	     0.000	        1	Delegate/Subtract (ND):295
	                           Multiply (ND)	    0.009	    0.010	  0.008%	 97.730%	     0.000	        1	Delegate/Multiply (ND):296
	                           Multiply (ND)	    0.009	    0.009	  0.007%	 97.737%	     0.000	        1	Delegate/Multiply (ND):297
	                                Add (ND)	    0.008	    0.009	  0.007%	 97.744%	     0.000	        1	Delegate/Add (ND):298
	           Transpose (ND, X32) Transpose	    0.021	    0.020	  0.016%	 97.760%	     0.000	        1	Delegate/Transpose (ND, X32) Transpose:299
	          Fully Connected (NC, F32) GEMM	    0.842	    0.881	  0.708%	 98.469%	     0.000	        1	Delegate/Fully Connected (NC, F32) GEMM:300
	                               GELU (NC)	    0.171	    0.149	  0.120%	 98.589%	     0.000	        1	Delegate/GELU (NC):301
	          Fully Connected (NC, F32) GEMM	    1.228	    1.227	  0.986%	 99.575%	     0.000	        1	Delegate/Fully Connected (NC, F32) GEMM:302
	           Transpose (ND, X32) Transpose	    0.078	    0.072	  0.058%	 99.633%	     0.000	        1	Delegate/Transpose (ND, X32) Transpose:303
	                                Add (ND)	    0.028	    0.027	  0.022%	 99.655%	     0.000	        1	Delegate/Add (ND):304
	                           Subtract (ND)	    0.011	    0.013	  0.010%	 99.665%	     0.000	        1	Delegate/Subtract (ND):305
	                           Multiply (ND)	    0.009	    0.010	  0.008%	 99.673%	     0.000	        1	Delegate/Multiply (ND):306
	                           Multiply (ND)	    0.009	    0.009	  0.008%	 99.680%	     0.000	        1	Delegate/Multiply (ND):307
	                                Add (ND)	    0.008	    0.008	  0.007%	 99.687%	     0.000	        1	Delegate/Add (ND):308
	                         Sum (ND) Reduce	    0.013	    0.014	  0.011%	 99.698%	     0.000	        1	Delegate/Sum (ND) Reduce:309
	          Fully Connected (NC, F32) GEMM	    0.184	    0.189	  0.152%	 99.850%	     0.000	        1	Delegate/Fully Connected (NC, F32) GEMM:310
	          Fully Connected (NC, F32) GEMM	    0.187	    0.165	  0.133%	 99.983%	     0.000	        1	Delegate/Fully Connected (NC, F32) GEMM:311
	                                Add (ND)	    0.017	    0.016	  0.013%	 99.996%	     0.000	        1	Delegate/Add (ND):312
	                           Multiply (ND)	    0.005	    0.005	  0.004%	100.000%	     0.000	        1	Delegate/Multiply (ND):313

============================== Top by Computation Time ==============================
	                             [node type]	  [first]	 [avg ms]	     [%]	  [cdf%]	  [mem KB]	[times called]	[Name]
	          Fully Connected (NC, F32) GEMM	    3.613	    3.636	  2.924%	  2.924%	     0.000	        1	Delegate/Fully Connected (NC, F32) GEMM:10
	          Fully Connected (NC, F32) GEMM	    3.636	    3.635	  2.923%	  5.847%	     0.000	        1	Delegate/Fully Connected (NC, F32) GEMM:5
	          Fully Connected (NC, F32) GEMM	    3.594	    3.613	  2.905%	  8.752%	     0.000	        1	Delegate/Fully Connected (NC, F32) GEMM:62
	           Convolution (NHWC, F32) IGEMM	    3.188	    3.170	  2.549%	 11.302%	     0.000	        1	Delegate/Convolution (NHWC, F32) IGEMM:1
	          Fully Connected (NC, F32) GEMM	    2.726	    2.722	  2.189%	 13.490%	     0.000	        1	Delegate/Fully Connected (NC, F32) GEMM:8
	          Fully Connected (NC, F32) GEMM	    2.704	    2.686	  2.160%	 15.650%	     0.000	        1	Delegate/Fully Connected (NC, F32) GEMM:60
	          Fully Connected (NC, F32) GEMM	    2.671	    2.646	  2.128%	 17.778%	     0.000	        1	Delegate/Fully Connected (NC, F32) GEMM:3
	          Fully Connected (NC, F32) GEMM	    2.134	    2.154	  1.732%	 19.510%	     0.000	        1	Delegate/Fully Connected (NC, F32) GEMM:165
	          Fully Connected (NC, F32) GEMM	    2.104	    2.137	  1.718%	 21.229%	     0.000	        1	Delegate/Fully Connected (NC, F32) GEMM:222
	          Fully Connected (NC, F32) GEMM	    2.146	    2.120	  1.705%	 22.934%	     0.000	        1	Delegate/Fully Connected (NC, F32) GEMM:160

Number of nodes executed: 314
============================== Summary by node type ==============================
	                             [Node type]	  [count]	  [avg ms]	    [avg %]	    [cdf %]	  [mem KB]	[times called]
	          Fully Connected (NC, F32) GEMM	       72	    83.264	    67.043%	    67.043%	     0.000	       72
	                               GELU (NC)	       25	    11.773	     9.480%	    76.523%	     0.000	       25
	           Convolution (NHWC, F32) IGEMM	        5	    10.535	     8.483%	    85.006%	     0.000	        5
	           Transpose (ND, X32) Transpose	       23	     4.792	     3.858%	    88.864%	     0.000	       23
	          Convolution (NHWC, F32) DWConv	       21	     4.548	     3.662%	    92.526%	     0.000	       21
	                                Add (ND)	       39	     4.458	     3.590%	    96.116%	     0.000	       39
	                           Multiply (ND)	       35	     1.593	     1.283%	    97.398%	     0.000	       35
	                         Sum (ND) Reduce	       17	     0.968	     0.779%	    98.178%	     0.000	       17
	                             Divide (ND)	       12	     0.729	     0.587%	    98.765%	     0.000	       12
	                                Abs (NC)	       12	     0.584	     0.470%	    99.235%	     0.000	       12
	                     Static Reshape (NC)	       24	     0.377	     0.304%	    99.539%	     0.000	       24
	                           Subtract (ND)	        5	     0.374	     0.301%	    99.840%	     0.000	        5
	                            Maximum (ND)	       12	     0.164	     0.132%	    99.972%	     0.000	       12
	                        Square Root (NC)	       12	     0.035	     0.028%	   100.000%	     0.000	       12

Timings (microseconds): count=50 first=124216 curr=126125 min=123270 max=126996 avg=124346 std=773
Memory (bytes): count=0
314 nodes observed



