Running main profile with model ./models/mobilenetv3_small.tflite and image ./images/dog.jpg (threads: 4, delegate: xnnpack, warmup: 10, profiling: 50)

====== main_cpu with profiling ====
[INFO] Model path: ./models/mobilenetv3_small.tflite
[INFO] Image path: ./images/dog.jpg
[INFO] Label path: ./labels.json
[INFO] Profiling result path: ./log/cortex-a53-autotuning/output_main_profile_mobilenetv3_small_xnnpack_4threads_auto_tuning.csv
[INFO] Profiling enabled: YES
[INFO] Number of threads: 4
[INFO] Delegate type: xnnpack
[INFO] Warmup runs: 10
[INFO] Profiling runs: 50
[INFO] Model type detected: FP32
[INFO] Initializing profiler...
[INFO] Loading model from: ./models/mobilenetv3_small.tflite
INFO: Initialized TensorFlow Lite runtime.
[INFO] Model signature keys:The Model contains 1 signature key(s).They are listed below: -> Signature Key: serving_default
INFO: Created TensorFlow Lite XNNPACK delegate for CPU.
VERBOSE: XNNPack weight cache not enabled.
VERBOSE: Replacing 132 out of 132 node(s) with delegate (TfLiteXNNPackDelegate) node, yielding 1 partitions for subgraph 0.
VERBOSE: SubgraphInit called with params: 0x55870348e0, length: 0
VERBOSE: SubgraphCreate: called
VERBOSE: SubgraphCreate: created XNNPACK subgraph with 245 external values
VERBOSE: SubgraphCreate: creating XNNPACK runtime with flags: 24
VERBOSE: SubgraphCreate: created XNNPACK runtime 
[INFO] XNNPACK delegate applied successfully (threads: 4)

[INFO] Model Summary 
📥 Input tensor count  : 1
📤 Output tensor count : 1
📦 Total tensor count  : 256
🔧 Node (op) count     : 133
🧩 Delegate applied    : Yes ✅

[INFO] Shape of input_tensor: [1, 224, 224, 3]
[INFO] Processing FP32 input path

[INFO] Running 10 warm-up iterations...
[INFO] warm-up completed

[INFO] Running 50 run and profile iterations...
[INFO] run and profile completed

[INFO] Shape of output_tensor: [1, 1000]
[INFO] Processing FP32 output path

[INFO] Top 5 predictions:
- Class 3 (tiger_shark): nan
- Class 4 (hammerhead): nan
- Class 1 (goldfish): nan
- Class 0 (tench): nan
- Class 2 (great_white_shark): nan

[INFO] Elapsed time summary
- Load Model took 0.186 ms (186 us)
- Build Interpreter took 3.876 ms (3876 us)
- Apply Delegate took 33.3 ms (33300 us)
- Allocate Tensor took 53.695 ms (53695 us)
- Load Input Image took 41.836 ms (41836 us)
- Preprocessing took 10.784 ms (10784 us)
- Inference_0 took 14.565 ms (14565 us)
- Inference_1 took 14.352 ms (14352 us)
- Inference_2 took 14.392 ms (14392 us)
- Inference_3 took 14.343 ms (14343 us)
- Inference_4 took 14.993 ms (14993 us)
- Inference_5 took 14.421 ms (14421 us)
- Inference_6 took 14.439 ms (14439 us)
- Inference_7 took 14.349 ms (14349 us)
- Inference_8 took 14.48 ms (14480 us)
- Inference_9 took 14.324 ms (14324 us)
- Inference_10 took 15.466 ms (15466 us)
- Inference_11 took 14.377 ms (14377 us)
- Inference_12 took 14.354 ms (14354 us)
- Inference_13 took 14.318 ms (14318 us)
- Inference_14 took 14.468 ms (14468 us)
- Inference_15 took 14.34 ms (14340 us)
- Inference_16 took 14.449 ms (14449 us)
- Inference_17 took 15.426 ms (15426 us)
- Inference_18 took 14.365 ms (14365 us)
- Inference_19 took 14.316 ms (14316 us)
- Inference_20 took 14.316 ms (14316 us)
- Inference_21 took 14.468 ms (14468 us)
- Inference_22 took 14.318 ms (14318 us)
- Inference_23 took 15.303 ms (15303 us)
- Inference_24 took 14.355 ms (14355 us)
- Inference_25 took 14.551 ms (14551 us)
- Inference_26 took 14.314 ms (14314 us)
- Inference_27 took 14.34 ms (14340 us)
- Inference_28 took 14.374 ms (14374 us)
- Inference_29 took 14.389 ms (14389 us)
- Inference_30 took 15.712 ms (15712 us)
- Inference_31 took 14.305 ms (14305 us)
- Inference_32 took 14.315 ms (14315 us)
- Inference_33 took 14.377 ms (14377 us)
- Inference_34 took 14.388 ms (14388 us)
- Inference_35 took 14.366 ms (14366 us)
- Inference_36 took 15.723 ms (15723 us)
- Inference_37 took 14.382 ms (14382 us)
- Inference_38 took 14.337 ms (14337 us)
- Inference_39 took 14.433 ms (14433 us)
- Inference_40 took 14.338 ms (14338 us)
- Inference_41 took 14.399 ms (14399 us)
- Inference_42 took 14.295 ms (14295 us)
- Inference_43 took 15.475 ms (15475 us)
- Inference_44 took 14.221 ms (14221 us)
- Inference_45 took 14.398 ms (14398 us)
- Inference_46 took 14.43 ms (14430 us)
- Inference_47 took 14.321 ms (14321 us)
- Inference_48 took 14.478 ms (14478 us)
- Inference_49 took 16.079 ms (16079 us)
- Postprocessing took 0.1 ms (100 us)


[INFO] Generating Ops-level profiling (log)

INFO: Profiling Info for Benchmark Initialization:
============================== Run Order ==============================
	                             [node type]	  [first]	 [avg ms]	     [%]	  [cdf%]	  [mem KB]	[times called]	[Name]
	                 ModifyGraphWithDelegate	   32.789	   32.789	 37.925%	 37.925%	 19176.000	        1	ModifyGraphWithDelegate/0
	                         AllocateTensors	   53.669	   53.669	 62.075%	100.000%	  2348.000	        1	AllocateTensors/0

============================== Top by Computation Time ==============================
	                             [node type]	  [first]	 [avg ms]	     [%]	  [cdf%]	  [mem KB]	[times called]	[Name]
	                         AllocateTensors	   53.669	   53.669	 62.075%	 62.075%	  2348.000	        1	AllocateTensors/0
	                 ModifyGraphWithDelegate	   32.789	   32.789	 37.925%	100.000%	 19176.000	        1	ModifyGraphWithDelegate/0

Number of nodes executed: 2
============================== Summary by node type ==============================
	                             [Node type]	  [count]	  [avg ms]	    [avg %]	    [cdf %]	  [mem KB]	[times called]
	                         AllocateTensors	        1	    53.669	    62.075%	    62.075%	  2348.000	        1
	                 ModifyGraphWithDelegate	        1	    32.789	    37.925%	   100.000%	 19176.000	        1

Timings (microseconds): count=2 curr=86458(all same)
Memory (bytes): count=0
2 nodes observed



INFO: Operator-wise Profiling Info for Regular Benchmark Runs:
============================== Run Order ==============================
	                             [node type]	  [first]	 [avg ms]	     [%]	  [cdf%]	  [mem KB]	[times called]	[Name]
	           Convolution (NHWC, F32) IGEMM	    1.507	    1.527	 10.778%	 10.778%	     0.000	        1	Delegate/Convolution (NHWC, F32) IGEMM:0
	                          HardSwish (NC)	    0.220	    0.245	  1.726%	 12.505%	     0.000	        1	Delegate/HardSwish (NC):1
	          Convolution (NHWC, F32) DWConv	    0.428	    0.387	  2.733%	 15.238%	     0.000	        1	Delegate/Convolution (NHWC, F32) DWConv:2
	                         Sum (ND) Reduce	    0.070	    0.070	  0.497%	 15.735%	     0.000	        1	Delegate/Sum (ND) Reduce:3
	                           Multiply (ND)	    0.030	    0.037	  0.265%	 16.000%	     0.000	        1	Delegate/Multiply (ND):4
	                     Static Reshape (NC)	    0.001	    0.001	  0.007%	 16.007%	     0.000	        1	Delegate/Static Reshape (NC):5
	          Fully Connected (NC, F32) GEMM	    0.004	    0.004	  0.029%	 16.036%	     0.000	        1	Delegate/Fully Connected (NC, F32) GEMM:6
	          Fully Connected (NC, F32) GEMM	    0.014	    0.016	  0.113%	 16.149%	     0.000	        1	Delegate/Fully Connected (NC, F32) GEMM:7
	                           Multiply (ND)	    0.003	    0.009	  0.062%	 16.211%	     0.000	        1	Delegate/Multiply (ND):8
	                           Multiply (ND)	    0.050	    0.054	  0.383%	 16.594%	     0.000	        1	Delegate/Multiply (ND):9
	          Fully Connected (NC, F32) GEMM	    0.111	    0.112	  0.792%	 17.386%	     0.000	        1	Delegate/Fully Connected (NC, F32) GEMM:10
	          Fully Connected (NC, F32) GEMM	    0.378	    0.381	  2.686%	 20.072%	     0.000	        1	Delegate/Fully Connected (NC, F32) GEMM:11
	          Convolution (NHWC, F32) DWConv	    0.727	    0.720	  5.081%	 25.153%	     0.000	        1	Delegate/Convolution (NHWC, F32) DWConv:12
	          Fully Connected (NC, F32) GEMM	    0.145	    0.146	  1.033%	 26.186%	     0.000	        1	Delegate/Fully Connected (NC, F32) GEMM:13
	          Fully Connected (NC, F32) GEMM	    0.147	    0.150	  1.062%	 27.248%	     0.000	        1	Delegate/Fully Connected (NC, F32) GEMM:14
	          Convolution (NHWC, F32) DWConv	    0.222	    0.242	  1.709%	 28.957%	     0.000	        1	Delegate/Convolution (NHWC, F32) DWConv:15
	          Fully Connected (NC, F32) GEMM	    0.140	    0.145	  1.021%	 29.977%	     0.000	        1	Delegate/Fully Connected (NC, F32) GEMM:16
	                                Add (ND)	    0.016	    0.019	  0.132%	 30.109%	     0.000	        1	Delegate/Add (ND):17
	          Fully Connected (NC, F32) GEMM	    0.162	    0.165	  1.164%	 31.273%	     0.000	        1	Delegate/Fully Connected (NC, F32) GEMM:18
	                          HardSwish (NC)	    0.040	    0.041	  0.289%	 31.562%	     0.000	        1	Delegate/HardSwish (NC):19
	          Convolution (NHWC, F32) DWConv	    0.265	    0.278	  1.963%	 33.526%	     0.000	        1	Delegate/Convolution (NHWC, F32) DWConv:20
	                          HardSwish (NC)	    0.022	    0.023	  0.165%	 33.691%	     0.000	        1	Delegate/HardSwish (NC):21
	                         Sum (ND) Reduce	    0.036	    0.035	  0.246%	 33.936%	     0.000	        1	Delegate/Sum (ND) Reduce:22
	                           Multiply (ND)	    0.042	    0.028	  0.198%	 34.135%	     0.000	        1	Delegate/Multiply (ND):23
	                     Static Reshape (NC)	    0.001	    0.000	  0.003%	 34.138%	     0.000	        1	Delegate/Static Reshape (NC):24
	          Fully Connected (NC, F32) GEMM	    0.015	    0.015	  0.103%	 34.241%	     0.000	        1	Delegate/Fully Connected (NC, F32) GEMM:25
	          Fully Connected (NC, F32) GEMM	    0.011	    0.007	  0.047%	 34.288%	     0.000	        1	Delegate/Fully Connected (NC, F32) GEMM:26
	                           Multiply (ND)	    0.018	    0.003	  0.019%	 34.307%	     0.000	        1	Delegate/Multiply (ND):27
	                           Multiply (ND)	    0.023	    0.015	  0.104%	 34.411%	     0.000	        1	Delegate/Multiply (ND):28
	          Fully Connected (NC, F32) GEMM	    0.066	    0.067	  0.473%	 34.884%	     0.000	        1	Delegate/Fully Connected (NC, F32) GEMM:29
	          Fully Connected (NC, F32) GEMM	    0.178	    0.172	  1.213%	 36.097%	     0.000	        1	Delegate/Fully Connected (NC, F32) GEMM:30
	                          HardSwish (NC)	    0.035	    0.034	  0.240%	 36.337%	     0.000	        1	Delegate/HardSwish (NC):31
	          Convolution (NHWC, F32) DWConv	    0.632	    0.633	  4.466%	 40.804%	     0.000	        1	Delegate/Convolution (NHWC, F32) DWConv:32
	                          HardSwish (NC)	    0.039	    0.040	  0.282%	 41.086%	     0.000	        1	Delegate/HardSwish (NC):33
	                         Sum (ND) Reduce	    0.117	    0.089	  0.631%	 41.717%	     0.000	        1	Delegate/Sum (ND) Reduce:34
	                           Multiply (ND)	    0.030	    0.021	  0.149%	 41.866%	     0.000	        1	Delegate/Multiply (ND):35
	                     Static Reshape (NC)	    0.000	    0.000	  0.001%	 41.866%	     0.000	        1	Delegate/Static Reshape (NC):36
	          Fully Connected (NC, F32) GEMM	    0.024	    0.022	  0.156%	 42.023%	     0.000	        1	Delegate/Fully Connected (NC, F32) GEMM:37
	          Fully Connected (NC, F32) GEMM	    0.023	    0.020	  0.145%	 42.167%	     0.000	        1	Delegate/Fully Connected (NC, F32) GEMM:38
	                           Multiply (ND)	    0.002	    0.003	  0.019%	 42.186%	     0.000	        1	Delegate/Multiply (ND):39
	                           Multiply (ND)	    0.040	    0.040	  0.280%	 42.466%	     0.000	        1	Delegate/Multiply (ND):40
	          Fully Connected (NC, F32) GEMM	    0.167	    0.167	  1.176%	 43.642%	     0.000	        1	Delegate/Fully Connected (NC, F32) GEMM:41
	                                Add (ND)	    0.013	    0.015	  0.103%	 43.746%	     0.000	        1	Delegate/Add (ND):42
	          Fully Connected (NC, F32) GEMM	    0.157	    0.162	  1.142%	 44.888%	     0.000	        1	Delegate/Fully Connected (NC, F32) GEMM:43
	                          HardSwish (NC)	    0.037	    0.036	  0.257%	 45.145%	     0.000	        1	Delegate/HardSwish (NC):44
	          Convolution (NHWC, F32) DWConv	    0.648	    0.650	  4.588%	 49.732%	     0.000	        1	Delegate/Convolution (NHWC, F32) DWConv:45
	                          HardSwish (NC)	    0.046	    0.048	  0.338%	 50.071%	     0.000	        1	Delegate/HardSwish (NC):46
	                         Sum (ND) Reduce	    0.168	    0.157	  1.109%	 51.180%	     0.000	        1	Delegate/Sum (ND) Reduce:47
	                           Multiply (ND)	    0.014	    0.021	  0.148%	 51.328%	     0.000	        1	Delegate/Multiply (ND):48
	                     Static Reshape (NC)	    0.000	    0.001	  0.004%	 51.332%	     0.000	        1	Delegate/Static Reshape (NC):49
	          Fully Connected (NC, F32) GEMM	    0.020	    0.022	  0.157%	 51.489%	     0.000	        1	Delegate/Fully Connected (NC, F32) GEMM:50
	          Fully Connected (NC, F32) GEMM	    0.021	    0.020	  0.143%	 51.632%	     0.000	        1	Delegate/Fully Connected (NC, F32) GEMM:51
	                           Multiply (ND)	    0.002	    0.003	  0.020%	 51.652%	     0.000	        1	Delegate/Multiply (ND):52
	                           Multiply (ND)	    0.036	    0.036	  0.256%	 51.909%	     0.000	        1	Delegate/Multiply (ND):53
	          Fully Connected (NC, F32) GEMM	    0.163	    0.163	  1.149%	 53.058%	     0.000	        1	Delegate/Fully Connected (NC, F32) GEMM:54
	                                Add (ND)	    0.008	    0.009	  0.066%	 53.123%	     0.000	        1	Delegate/Add (ND):55
	          Fully Connected (NC, F32) GEMM	    0.082	    0.084	  0.592%	 53.715%	     0.000	        1	Delegate/Fully Connected (NC, F32) GEMM:56
	                          HardSwish (NC)	    0.024	    0.020	  0.138%	 53.853%	     0.000	        1	Delegate/HardSwish (NC):57
	          Convolution (NHWC, F32) DWConv	    0.288	    0.307	  2.167%	 56.021%	     0.000	        1	Delegate/Convolution (NHWC, F32) DWConv:58
	                          HardSwish (NC)	    0.023	    0.025	  0.175%	 56.196%	     0.000	        1	Delegate/HardSwish (NC):59
	                         Sum (ND) Reduce	    0.054	    0.053	  0.375%	 56.571%	     0.000	        1	Delegate/Sum (ND) Reduce:60
	                           Multiply (ND)	    0.038	    0.030	  0.210%	 56.780%	     0.000	        1	Delegate/Multiply (ND):61
	                     Static Reshape (NC)	    0.001	    0.001	  0.007%	 56.787%	     0.000	        1	Delegate/Static Reshape (NC):62
	          Fully Connected (NC, F32) GEMM	    0.017	    0.017	  0.123%	 56.910%	     0.000	        1	Delegate/Fully Connected (NC, F32) GEMM:63
	          Fully Connected (NC, F32) GEMM	    0.007	    0.008	  0.060%	 56.969%	     0.000	        1	Delegate/Fully Connected (NC, F32) GEMM:64
	                           Multiply (ND)	    0.003	    0.004	  0.025%	 56.994%	     0.000	        1	Delegate/Multiply (ND):65
	                           Multiply (ND)	    0.021	    0.023	  0.164%	 57.158%	     0.000	        1	Delegate/Multiply (ND):66
	          Fully Connected (NC, F32) GEMM	    0.096	    0.113	  0.794%	 57.953%	     0.000	        1	Delegate/Fully Connected (NC, F32) GEMM:67
	          Fully Connected (NC, F32) GEMM	    0.114	    0.118	  0.832%	 58.785%	     0.000	        1	Delegate/Fully Connected (NC, F32) GEMM:68
	                          HardSwish (NC)	    0.017	    0.021	  0.145%	 58.930%	     0.000	        1	Delegate/HardSwish (NC):69
	          Convolution (NHWC, F32) DWConv	    0.410	    0.467	  3.299%	 62.229%	     0.000	        1	Delegate/Convolution (NHWC, F32) DWConv:70
	                          HardSwish (NC)	    0.026	    0.030	  0.212%	 62.441%	     0.000	        1	Delegate/HardSwish (NC):71
	                         Sum (ND) Reduce	    0.048	    0.048	  0.341%	 62.782%	     0.000	        1	Delegate/Sum (ND) Reduce:72
	                           Multiply (ND)	    0.026	    0.022	  0.158%	 62.939%	     0.000	        1	Delegate/Multiply (ND):73
	                     Static Reshape (NC)	    0.001	    0.001	  0.007%	 62.946%	     0.000	        1	Delegate/Static Reshape (NC):74
	          Fully Connected (NC, F32) GEMM	    0.018	    0.017	  0.123%	 63.069%	     0.000	        1	Delegate/Fully Connected (NC, F32) GEMM:75
	          Fully Connected (NC, F32) GEMM	    0.007	    0.009	  0.064%	 63.132%	     0.000	        1	Delegate/Fully Connected (NC, F32) GEMM:76
	                           Multiply (ND)	    0.002	    0.004	  0.029%	 63.161%	     0.000	        1	Delegate/Multiply (ND):77
	                           Multiply (ND)	    0.023	    0.024	  0.169%	 63.330%	     0.000	        1	Delegate/Multiply (ND):78
	          Fully Connected (NC, F32) GEMM	    0.115	    0.114	  0.807%	 64.137%	     0.000	        1	Delegate/Fully Connected (NC, F32) GEMM:79
	                                Add (ND)	    0.008	    0.014	  0.096%	 64.233%	     0.000	        1	Delegate/Add (ND):80
	          Fully Connected (NC, F32) GEMM	    0.242	    0.239	  1.688%	 65.921%	     0.000	        1	Delegate/Fully Connected (NC, F32) GEMM:81
	                          HardSwish (NC)	    0.042	    0.041	  0.286%	 66.207%	     0.000	        1	Delegate/HardSwish (NC):82
	          Convolution (NHWC, F32) DWConv	    0.221	    0.226	  1.591%	 67.799%	     0.000	        1	Delegate/Convolution (NHWC, F32) DWConv:83
	                          HardSwish (NC)	    0.017	    0.018	  0.127%	 67.926%	     0.000	        1	Delegate/HardSwish (NC):84
	                         Sum (ND) Reduce	    0.023	    0.023	  0.160%	 68.086%	     0.000	        1	Delegate/Sum (ND) Reduce:85
	                           Multiply (ND)	    0.022	    0.021	  0.145%	 68.231%	     0.000	        1	Delegate/Multiply (ND):86
	                     Static Reshape (NC)	    0.000	    0.000	  0.000%	 68.231%	     0.000	        1	Delegate/Static Reshape (NC):87
	          Fully Connected (NC, F32) GEMM	    0.029	    0.028	  0.199%	 68.430%	     0.000	        1	Delegate/Fully Connected (NC, F32) GEMM:88
	          Fully Connected (NC, F32) GEMM	    0.026	    0.027	  0.192%	 68.622%	     0.000	        1	Delegate/Fully Connected (NC, F32) GEMM:89
	                           Multiply (ND)	    0.003	    0.003	  0.023%	 68.645%	     0.000	        1	Delegate/Multiply (ND):90
	                           Multiply (ND)	    0.014	    0.013	  0.092%	 68.738%	     0.000	        1	Delegate/Multiply (ND):91
	          Fully Connected (NC, F32) GEMM	    0.164	    0.160	  1.128%	 69.866%	     0.000	        1	Delegate/Fully Connected (NC, F32) GEMM:92
	          Fully Connected (NC, F32) GEMM	    0.279	    0.250	  1.766%	 71.632%	     0.000	        1	Delegate/Fully Connected (NC, F32) GEMM:93
	                          HardSwish (NC)	    0.020	    0.022	  0.156%	 71.788%	     0.000	        1	Delegate/HardSwish (NC):94
	          Convolution (NHWC, F32) DWConv	    0.397	    0.399	  2.818%	 74.606%	     0.000	        1	Delegate/Convolution (NHWC, F32) DWConv:95
	                          HardSwish (NC)	    0.033	    0.033	  0.235%	 74.840%	     0.000	        1	Delegate/HardSwish (NC):96
	                         Sum (ND) Reduce	    0.064	    0.061	  0.428%	 75.269%	     0.000	        1	Delegate/Sum (ND) Reduce:97
	                           Multiply (ND)	    0.013	    0.016	  0.110%	 75.378%	     0.000	        1	Delegate/Multiply (ND):98
	                     Static Reshape (NC)	    0.000	    0.000	  0.001%	 75.379%	     0.000	        1	Delegate/Static Reshape (NC):99
	          Fully Connected (NC, F32) GEMM	    0.069	    0.077	  0.545%	 75.924%	     0.000	        1	Delegate/Fully Connected (NC, F32) GEMM:100
	          Fully Connected (NC, F32) GEMM	    0.096	    0.084	  0.595%	 76.519%	     0.000	        1	Delegate/Fully Connected (NC, F32) GEMM:101
	                           Multiply (ND)	    0.015	    0.022	  0.156%	 76.675%	     0.000	        1	Delegate/Multiply (ND):102
	                           Multiply (ND)	    0.025	    0.033	  0.229%	 76.905%	     0.000	        1	Delegate/Multiply (ND):103
	          Fully Connected (NC, F32) GEMM	    0.313	    0.311	  2.194%	 79.099%	     0.000	        1	Delegate/Fully Connected (NC, F32) GEMM:104
	                                Add (ND)	    0.019	    0.019	  0.136%	 79.235%	     0.000	        1	Delegate/Add (ND):105
	          Fully Connected (NC, F32) GEMM	    0.247	    0.252	  1.779%	 81.015%	     0.000	        1	Delegate/Fully Connected (NC, F32) GEMM:106
	                          HardSwish (NC)	    0.020	    0.022	  0.154%	 81.169%	     0.000	        1	Delegate/HardSwish (NC):107
	          Convolution (NHWC, F32) DWConv	    0.417	    0.414	  2.920%	 84.089%	     0.000	        1	Delegate/Convolution (NHWC, F32) DWConv:108
	                          HardSwish (NC)	    0.034	    0.035	  0.245%	 84.334%	     0.000	        1	Delegate/HardSwish (NC):109
	                         Sum (ND) Reduce	    0.062	    0.064	  0.448%	 84.782%	     0.000	        1	Delegate/Sum (ND) Reduce:110
	                           Multiply (ND)	    0.013	    0.016	  0.113%	 84.895%	     0.000	        1	Delegate/Multiply (ND):111
	                     Static Reshape (NC)	    0.000	    0.001	  0.005%	 84.900%	     0.000	        1	Delegate/Static Reshape (NC):112
	          Fully Connected (NC, F32) GEMM	    0.084	    0.084	  0.590%	 85.490%	     0.000	        1	Delegate/Fully Connected (NC, F32) GEMM:113
	          Fully Connected (NC, F32) GEMM	    0.079	    0.084	  0.594%	 86.084%	     0.000	        1	Delegate/Fully Connected (NC, F32) GEMM:114
	                           Multiply (ND)	    0.023	    0.022	  0.153%	 86.237%	     0.000	        1	Delegate/Multiply (ND):115
	                           Multiply (ND)	    0.035	    0.035	  0.249%	 86.487%	     0.000	        1	Delegate/Multiply (ND):116
	          Fully Connected (NC, F32) GEMM	    0.299	    0.312	  2.199%	 88.686%	     0.000	        1	Delegate/Fully Connected (NC, F32) GEMM:117
	                                Add (ND)	    0.015	    0.016	  0.111%	 88.796%	     0.000	        1	Delegate/Add (ND):118
	          Fully Connected (NC, F32) GEMM	    0.239	    0.242	  1.707%	 90.504%	     0.000	        1	Delegate/Fully Connected (NC, F32) GEMM:119
	                          HardSwish (NC)	    0.018	    0.019	  0.135%	 90.639%	     0.000	        1	Delegate/HardSwish (NC):120
	                         Sum (ND) Reduce	    0.053	    0.053	  0.372%	 91.011%	     0.000	        1	Delegate/Sum (ND) Reduce:121
	                           Multiply (ND)	    0.014	    0.022	  0.155%	 91.166%	     0.000	        1	Delegate/Multiply (ND):122
	                     Static Reshape (NC)	    0.000	    0.000	  0.001%	 91.168%	     0.000	        1	Delegate/Static Reshape (NC):123
	          Fully Connected (NC, F32) GEMM	    0.551	    0.526	  3.712%	 94.880%	     0.000	        1	Delegate/Fully Connected (NC, F32) GEMM:124
	                          HardSwish (NC)	    0.007	    0.006	  0.043%	 94.923%	     0.000	        1	Delegate/HardSwish (NC):125
	                     Static Reshape (NC)	    0.001	    0.001	  0.007%	 94.930%	     0.000	        1	Delegate/Static Reshape (NC):126
	          Fully Connected (NC, F32) GEMM	    0.774	    0.718	  5.070%	100.000%	     0.000	        1	Delegate/Fully Connected (NC, F32) GEMM:127

============================== Top by Computation Time ==============================
	                             [node type]	  [first]	 [avg ms]	     [%]	  [cdf%]	  [mem KB]	[times called]	[Name]
	           Convolution (NHWC, F32) IGEMM	    1.507	    1.527	 10.778%	 10.778%	     0.000	        1	Delegate/Convolution (NHWC, F32) IGEMM:0
	          Convolution (NHWC, F32) DWConv	    0.727	    0.720	  5.081%	 15.860%	     0.000	        1	Delegate/Convolution (NHWC, F32) DWConv:12
	          Fully Connected (NC, F32) GEMM	    0.774	    0.718	  5.070%	 20.930%	     0.000	        1	Delegate/Fully Connected (NC, F32) GEMM:127
	          Convolution (NHWC, F32) DWConv	    0.648	    0.650	  4.588%	 25.518%	     0.000	        1	Delegate/Convolution (NHWC, F32) DWConv:45
	          Convolution (NHWC, F32) DWConv	    0.632	    0.633	  4.466%	 29.984%	     0.000	        1	Delegate/Convolution (NHWC, F32) DWConv:32
	          Fully Connected (NC, F32) GEMM	    0.551	    0.526	  3.712%	 33.696%	     0.000	        1	Delegate/Fully Connected (NC, F32) GEMM:124
	          Convolution (NHWC, F32) DWConv	    0.410	    0.467	  3.299%	 36.995%	     0.000	        1	Delegate/Convolution (NHWC, F32) DWConv:70
	          Convolution (NHWC, F32) DWConv	    0.417	    0.414	  2.920%	 39.914%	     0.000	        1	Delegate/Convolution (NHWC, F32) DWConv:108
	          Convolution (NHWC, F32) DWConv	    0.397	    0.399	  2.818%	 42.732%	     0.000	        1	Delegate/Convolution (NHWC, F32) DWConv:95
	          Convolution (NHWC, F32) DWConv	    0.428	    0.387	  2.733%	 45.465%	     0.000	        1	Delegate/Convolution (NHWC, F32) DWConv:2

Number of nodes executed: 128
============================== Summary by node type ==============================
	                             [Node type]	  [count]	  [avg ms]	    [avg %]	    [cdf %]	  [mem KB]	[times called]
	          Fully Connected (NC, F32) GEMM	       42	     5.814	    41.184%	    41.184%	     0.000	       42
	          Convolution (NHWC, F32) DWConv	       11	     4.720	    33.435%	    74.619%	     0.000	       11
	           Convolution (NHWC, F32) IGEMM	        1	     1.527	    10.817%	    85.436%	     0.000	        1
	                          HardSwish (NC)	       19	     0.750	     5.313%	    90.749%	     0.000	       19
	                         Sum (ND) Reduce	       10	     0.648	     4.590%	    95.339%	     0.000	       10
	                           Multiply (ND)	       28	     0.567	     4.016%	    99.355%	     0.000	       28
	                                Add (ND)	        6	     0.088	     0.623%	    99.979%	     0.000	        6
	                     Static Reshape (NC)	       11	     0.003	     0.021%	   100.000%	     0.000	       11

Timings (microseconds): count=50 first=14134 curr=15688 min=13841 max=15688 avg=14170.5 std=443
Memory (bytes): count=0
128 nodes observed



