Running main profile with model ./models/mobileone_s0.tflite and image ./images/dog.jpg (threads: 12, delegate: xnnpack, warmup: 100, profiling: 500)

====== main_cpu with profiling ====
[INFO] Model path: ./models/mobileone_s0.tflite
[INFO] Image path: ./images/dog.jpg
[INFO] Label path: ./labels.json
[INFO] Profiling result path: ./log/output_main_profile_mobileone_s0_xnnpack_12threads.csv
[INFO] Profiling enabled: YES
[INFO] Number of threads: 12
[INFO] Delegate type: xnnpack
[INFO] Warmup runs: 100
[INFO] Profiling runs: 500
[INFO] Model type detected: FP32
[INFO] Initializing profiler...
[INFO] Loading model from: ./models/mobileone_s0.tflite
INFO: Initialized TensorFlow Lite runtime.
[INFO] Model signature keys:The Model contains 1 signature key(s).They are listed below: -> Signature Key: serving_default
Note (XNNPACK): [xnn_initialize]: initializing XNNPACK  (xnn_initialize, external/XNNPACK/src/init.c:49)
Note (XNNPACK): l1_data_cache_bytes=49152, l1_data_cache_line_size=64, l1_data_cache_associativity=12, l1_data_cache_num_sets=64. (init_hardware_config, external/XNNPACK/src/configs/hardware-config.c:342)
Note (XNNPACK): l2_data_cache_bytes=2097152, l2_data_cache_line_size=64, l2_data_cache_associativity=16, l2_data_cache_num_sets=2048. (init_hardware_config, external/XNNPACK/src/configs/hardware-config.c:361)
Note (XNNPACK): [xnn_initialize]: return  (xnn_initialize, external/XNNPACK/src/init.c:66)
INFO: Created TensorFlow Lite XNNPACK delegate for CPU.
VERBOSE: XNNPack weight cache not enabled.
VERBOSE: Replacing 50 out of 50 node(s) with delegate (TfLiteXNNPackDelegate) node, yielding 1 partitions for subgraph 0.
VERBOSE: SubgraphInit called with params: 0x643fe330ccf0, length: 0
VERBOSE: SubgraphCreate: called
Note (XNNPACK): [xnn_create_subgraph]: external_value_ids=139, flags=0x0 (xnn_create_subgraph, external/XNNPACK/src/subgraph.c:114)
Note (XNNPACK): [xnn_create_subgraph:] return: (xnn_create_subgraph, external/XNNPACK/src/subgraph.c:149)
VERBOSE: SubgraphCreate: created XNNPACK subgraph with 139 external values
VERBOSE: SubgraphCreate: creating XNNPACK runtime with flags: 24
Note (XNNPACK): [xnn_create_runtime_v4]: calling create_runtime_impl (xnn_create_runtime_v4, external/XNNPACK/src/runtime.c:753)
Note (XNNPACK): [create_runtime_impl]: Creating runtime with 50 nodes and 278 values (create_runtime_impl, external/XNNPACK/src/runtime.c:551)
Note (XNNPACK): fuse Constant Pad Node #1 into Convolution 2D Node #0 (xnn_subgraph_fusion, external/XNNPACK/src/subgraph.c:1613)
Note (XNNPACK): fuse Constant Pad Node #3 into Depthwise Convolution 2D Node #2 (xnn_subgraph_fusion, external/XNNPACK/src/subgraph.c:1644)
Note (XNNPACK): fuse Constant Pad Node #8 into Depthwise Convolution 2D Node #7 (xnn_subgraph_fusion, external/XNNPACK/src/subgraph.c:1644)
Note (XNNPACK): fuse Constant Pad Node #25 into Depthwise Convolution 2D Node #24 (xnn_subgraph_fusion, external/XNNPACK/src/subgraph.c:1644)
Note (XNNPACK): fuse Constant Pad Node #46 into Depthwise Convolution 2D Node #45 (xnn_subgraph_fusion, external/XNNPACK/src/subgraph.c:1644)
Note (XNNPACK): [creatre_runtime_impl]: creating node 1: Convolution 2D (create_runtime_impl, external/XNNPACK/src/runtime.c:688)
Note (XNNPACK): Using igemm microkernel 'xnn_f32_igemm_minmax_ukernel_1x16__fma3_broadcast'. (init_f32_igemm_config, external/XNNPACK/src/configs/gemm-config.c:1262)
Note (XNNPACK): Using igemm microkernel 'xnn_f32_igemm_minmax_ukernel_5x16__fma3_broadcast_prfm'. (init_f32_igemm_config, external/XNNPACK/src/configs/gemm-config.c:1263)
Note (XNNPACK): Using gemm microkernel 'xnn_f32_gemm_minmax_ukernel_1x8__fma3_broadcast'. (init_f32_gemm_nr2_config_impl, external/XNNPACK/src/configs/gemm-config.c:1485)
Note (XNNPACK): Using gemm microkernel 'xnn_f32_gemm_minmax_ukernel_5x8__fma3_broadcast'. (init_f32_gemm_nr2_config_impl, external/XNNPACK/src/configs/gemm-config.c:1486)
Note (XNNPACK): Using gemm microkernel 'xnn_f32_gemm_minmax_ukernel_10x8__fma3_broadcast'. (init_f32_gemm_nr2_config_impl, external/XNNPACK/src/configs/gemm-config.c:1487)
Note (XNNPACK): Using igemm microkernel 'xnn_f32_igemm_minmax_ukernel_1x8__fma3_broadcast'. (init_f32_gemm_nr2_config_impl, external/XNNPACK/src/configs/gemm-config.c:1488)
Note (XNNPACK): Using igemm microkernel 'xnn_f32_igemm_minmax_ukernel_5x8__fma3_broadcast'. (init_f32_gemm_nr2_config_impl, external/XNNPACK/src/configs/gemm-config.c:1489)
Note (XNNPACK): Using igemm microkernel 'xnn_f32_igemm_minmax_ukernel_10x8__fma3_broadcast'. (init_f32_gemm_nr2_config_impl, external/XNNPACK/src/configs/gemm-config.c:1490)
Note (XNNPACK): Using gemm microkernel 'xnn_f32_gemm_minmax_ukernel_1x8__fma3_broadcast'. (init_f32_gemm_nr2_config_impl, external/XNNPACK/src/configs/gemm-config.c:1485)
Note (XNNPACK): Using gemm microkernel 'xnn_f32_gemm_minmax_ukernel_5x8__fma3_broadcast'. (init_f32_gemm_nr2_config_impl, external/XNNPACK/src/configs/gemm-config.c:1486)
Note (XNNPACK): Using gemm microkernel 'xnn_f32_gemm_minmax_ukernel_10x8__fma3_broadcast'. (init_f32_gemm_nr2_config_impl, external/XNNPACK/src/configs/gemm-config.c:1487)
Note (XNNPACK): Using igemm microkernel 'xnn_f32_igemm_minmax_ukernel_1x8__fma3_broadcast'. (init_f32_gemm_nr2_config_impl, external/XNNPACK/src/configs/gemm-config.c:1488)
Note (XNNPACK): Using igemm microkernel 'xnn_f32_igemm_minmax_ukernel_5x8__fma3_broadcast'. (init_f32_gemm_nr2_config_impl, external/XNNPACK/src/configs/gemm-config.c:1489)
Note (XNNPACK): Using igemm microkernel 'xnn_f32_igemm_minmax_ukernel_10x8__fma3_broadcast'. (init_f32_gemm_nr2_config_impl, external/XNNPACK/src/configs/gemm-config.c:1490)
Note (XNNPACK): Using dwconv microkernel 'xnn_f32_dwconv_minmax_ukernel_3p16c__fma3'. (init_f32_dwconv_config, external/XNNPACK/src/configs/dwconv-config.c:237)
Note (XNNPACK): Using dwconv microkernel 'xnn_f32_dwconv_minmax_ukernel_4p16c__fma3'. (init_f32_dwconv_config, external/XNNPACK/src/configs/dwconv-config.c:242)
Note (XNNPACK): Using dwconv microkernel 'xnn_f32_dwconv_minmax_ukernel_9p16c__fma3'. (init_f32_dwconv_config, external/XNNPACK/src/configs/dwconv-config.c:247)
Note (XNNPACK): Using dwconv microkernel 'xnn_f32_dwconv_minmax_ukernel_25p16c__fma3'. (init_f32_dwconv_config, external/XNNPACK/src/configs/dwconv-config.c:252)
Note (XNNPACK): Using vmulcaddc microkernel 'xnn_f32_vmulcaddc_minmax_ukernel_c4__sse_2x'. (init_f32_vmulcaddc_config, external/XNNPACK/src/configs/vmulcaddc-config.c:82)
Note (XNNPACK): [creatre_runtime_impl]: creating node 3: Depthwise Convolution 2D (create_runtime_impl, external/XNNPACK/src/runtime.c:688)
Note (XNNPACK): [creatre_runtime_impl]: creating node 4: Fully Connected (create_runtime_impl, external/XNNPACK/src/runtime.c:688)
Note (XNNPACK): [xnn_create_fully_connected_nc_f32] input_channels: 48, output_channels: 48, input_stride: 48, output_stride: 48, flags: 0x0 (xnn_create_fully_connected_nc_f32, external/XNNPACK/src/operators/fully-connected-nc.c:1636)
Note (XNNPACK): Using gemm microkernel 'xnn_f32_gemm_minmax_ukernel_1x16__fma3_broadcast'. (init_f32_gemm_config_impl, external/XNNPACK/src/configs/gemm-config.c:779)
Note (XNNPACK): Using gemm microkernel 'xnn_f32_gemm_minmax_ukernel_2x16__fma3_broadcast'. (init_f32_gemm_config_impl, external/XNNPACK/src/configs/gemm-config.c:780)
Note (XNNPACK): Using gemm microkernel 'xnn_f32_gemm_minmax_ukernel_4x16__fma3_broadcast'. (init_f32_gemm_config_impl, external/XNNPACK/src/configs/gemm-config.c:781)
Note (XNNPACK): Using gemm microkernel 'xnn_f32_gemm_minmax_ukernel_5x16__fma3_broadcast'. (init_f32_gemm_config_impl, external/XNNPACK/src/configs/gemm-config.c:782)
Note (XNNPACK): Using gemm microkernel 'xnn_f32_gemm_minmax_ukernel_1x16__fma3_broadcast'. (init_f32_gemm_config_impl, external/XNNPACK/src/configs/gemm-config.c:779)
Note (XNNPACK): Using gemm microkernel 'xnn_f32_gemm_minmax_ukernel_2x16__fma3_broadcast'. (init_f32_gemm_config_impl, external/XNNPACK/src/configs/gemm-config.c:780)
Note (XNNPACK): Using gemm microkernel 'xnn_f32_gemm_minmax_ukernel_4x16__fma3_broadcast'. (init_f32_gemm_config_impl, external/XNNPACK/src/configs/gemm-config.c:781)
Note (XNNPACK): Using gemm microkernel 'xnn_f32_gemm_minmax_ukernel_5x16__fma3_broadcast'. (init_f32_gemm_config_impl, external/XNNPACK/src/configs/gemm-config.c:782)
Note (XNNPACK): [xnn_create_fully_connected_nc_f32]  gemm_config: 0x643fe1a61080, mr: 5, nr: 16 (xnn_create_fully_connected_nc_f32, external/XNNPACK/src/operators/fully-connected-nc.c:1649)
Note (XNNPACK): [xnn_create_fully_connected_nc_f32]  gemm_nr2_config: 0x643fe1a60660, mr: 10, nr: 8 (xnn_create_fully_connected_nc_f32, external/XNNPACK/src/operators/fully-connected-nc.c:1658)
Note (XNNPACK): [xnn_create_fully_connected_nc_f32]  check if gemm_nr2_config is better than gemm_config (xnn_create_fully_connected_nc_f32, external/XNNPACK/src/operators/fully-connected-nc.c:1664)
Note (XNNPACK): [xnn_create_fully_connected_nc_f32]  selected gemm_config: 0x643fe1a61080, mr: 5, nr: 16 (xnn_create_fully_connected_nc_f32, external/XNNPACK/src/operators/fully-connected-nc.c:1685)
Note (XNNPACK): [create_fully_connected_nc_f32] input_channels: 48, output_channels: 48, input_stride: 48, output_stride: 48, flags: 0x0 (create_fully_connected_nc_f32, external/XNNPACK/src/operators/fully-connected-nc.c:1548)
Note (XNNPACK): [create_fully_connected_nc]: call (create_fully_connected_nc, external/XNNPACK/src/operators/fully-connected-nc.c:58)
Note (XNNPACK): [create_fully_connected_nc] created Fully Connected (NC, F32) operator (create_fully_connected_nc, external/XNNPACK/src/operators/fully-connected-nc.c:334)
Note (XNNPACK): 

 (create_fully_connected_nc, external/XNNPACK/src/operators/fully-connected-nc.c:337)
Note (XNNPACK): [creatre_runtime_impl]: creating node 5: Depthwise Convolution 2D (create_runtime_impl, external/XNNPACK/src/runtime.c:688)
Note (XNNPACK): [creatre_runtime_impl]: creating node 6: Fully Connected (create_runtime_impl, external/XNNPACK/src/runtime.c:688)
Note (XNNPACK): [xnn_create_fully_connected_nc_f32] input_channels: 48, output_channels: 48, input_stride: 48, output_stride: 48, flags: 0x0 (xnn_create_fully_connected_nc_f32, external/XNNPACK/src/operators/fully-connected-nc.c:1636)
Note (XNNPACK): [xnn_create_fully_connected_nc_f32]  gemm_config: 0x643fe1a61080, mr: 5, nr: 16 (xnn_create_fully_connected_nc_f32, external/XNNPACK/src/operators/fully-connected-nc.c:1649)
Note (XNNPACK): [xnn_create_fully_connected_nc_f32]  gemm_nr2_config: 0x643fe1a60660, mr: 10, nr: 8 (xnn_create_fully_connected_nc_f32, external/XNNPACK/src/operators/fully-connected-nc.c:1658)
Note (XNNPACK): [xnn_create_fully_connected_nc_f32]  check if gemm_nr2_config is better than gemm_config (xnn_create_fully_connected_nc_f32, external/XNNPACK/src/operators/fully-connected-nc.c:1664)
Note (XNNPACK): [xnn_create_fully_connected_nc_f32]  selected gemm_config: 0x643fe1a61080, mr: 5, nr: 16 (xnn_create_fully_connected_nc_f32, external/XNNPACK/src/operators/fully-connected-nc.c:1685)
Note (XNNPACK): [create_fully_connected_nc_f32] input_channels: 48, output_channels: 48, input_stride: 48, output_stride: 48, flags: 0x0 (create_fully_connected_nc_f32, external/XNNPACK/src/operators/fully-connected-nc.c:1548)
Note (XNNPACK): [create_fully_connected_nc]: call (create_fully_connected_nc, external/XNNPACK/src/operators/fully-connected-nc.c:58)
Note (XNNPACK): [create_fully_connected_nc] created Fully Connected (NC, F32) operator (create_fully_connected_nc, external/XNNPACK/src/operators/fully-connected-nc.c:334)
Note (XNNPACK): 

 (create_fully_connected_nc, external/XNNPACK/src/operators/fully-connected-nc.c:337)
Note (XNNPACK): [creatre_runtime_impl]: creating node 8: Depthwise Convolution 2D (create_runtime_impl, external/XNNPACK/src/runtime.c:688)
Note (XNNPACK): [creatre_runtime_impl]: creating node 9: Fully Connected (create_runtime_impl, external/XNNPACK/src/runtime.c:688)
Note (XNNPACK): [xnn_create_fully_connected_nc_f32] input_channels: 48, output_channels: 128, input_stride: 48, output_stride: 128, flags: 0x0 (xnn_create_fully_connected_nc_f32, external/XNNPACK/src/operators/fully-connected-nc.c:1636)
Note (XNNPACK): [xnn_create_fully_connected_nc_f32]  gemm_config: 0x643fe1a61080, mr: 5, nr: 16 (xnn_create_fully_connected_nc_f32, external/XNNPACK/src/operators/fully-connected-nc.c:1649)
Note (XNNPACK): [xnn_create_fully_connected_nc_f32]  gemm_nr2_config: 0x643fe1a60660, mr: 10, nr: 8 (xnn_create_fully_connected_nc_f32, external/XNNPACK/src/operators/fully-connected-nc.c:1658)
Note (XNNPACK): [xnn_create_fully_connected_nc_f32]  check if gemm_nr2_config is better than gemm_config (xnn_create_fully_connected_nc_f32, external/XNNPACK/src/operators/fully-connected-nc.c:1664)
Note (XNNPACK): [xnn_create_fully_connected_nc_f32]  selected gemm_config: 0x643fe1a61080, mr: 5, nr: 16 (xnn_create_fully_connected_nc_f32, external/XNNPACK/src/operators/fully-connected-nc.c:1685)
Note (XNNPACK): [create_fully_connected_nc_f32] input_channels: 48, output_channels: 128, input_stride: 48, output_stride: 128, flags: 0x0 (create_fully_connected_nc_f32, external/XNNPACK/src/operators/fully-connected-nc.c:1548)
Note (XNNPACK): [create_fully_connected_nc]: call (create_fully_connected_nc, external/XNNPACK/src/operators/fully-connected-nc.c:58)
Note (XNNPACK): [create_fully_connected_nc] created Fully Connected (NC, F32) operator (create_fully_connected_nc, external/XNNPACK/src/operators/fully-connected-nc.c:334)
Note (XNNPACK): 

 (create_fully_connected_nc, external/XNNPACK/src/operators/fully-connected-nc.c:337)
Note (XNNPACK): [creatre_runtime_impl]: creating node 10: Depthwise Convolution 2D (create_runtime_impl, external/XNNPACK/src/runtime.c:688)
Note (XNNPACK): [creatre_runtime_impl]: creating node 11: Fully Connected (create_runtime_impl, external/XNNPACK/src/runtime.c:688)
Note (XNNPACK): [xnn_create_fully_connected_nc_f32] input_channels: 128, output_channels: 128, input_stride: 128, output_stride: 128, flags: 0x0 (xnn_create_fully_connected_nc_f32, external/XNNPACK/src/operators/fully-connected-nc.c:1636)
Note (XNNPACK): [xnn_create_fully_connected_nc_f32]  gemm_config: 0x643fe1a61080, mr: 5, nr: 16 (xnn_create_fully_connected_nc_f32, external/XNNPACK/src/operators/fully-connected-nc.c:1649)
Note (XNNPACK): [xnn_create_fully_connected_nc_f32]  gemm_nr2_config: 0x643fe1a60660, mr: 10, nr: 8 (xnn_create_fully_connected_nc_f32, external/XNNPACK/src/operators/fully-connected-nc.c:1658)
Note (XNNPACK): [xnn_create_fully_connected_nc_f32]  check if gemm_nr2_config is better than gemm_config (xnn_create_fully_connected_nc_f32, external/XNNPACK/src/operators/fully-connected-nc.c:1664)
Note (XNNPACK): [xnn_create_fully_connected_nc_f32]  selected gemm_config: 0x643fe1a61080, mr: 5, nr: 16 (xnn_create_fully_connected_nc_f32, external/XNNPACK/src/operators/fully-connected-nc.c:1685)
Note (XNNPACK): [create_fully_connected_nc_f32] input_channels: 128, output_channels: 128, input_stride: 128, output_stride: 128, flags: 0x0 (create_fully_connected_nc_f32, external/XNNPACK/src/operators/fully-connected-nc.c:1548)
Note (XNNPACK): [create_fully_connected_nc]: call (create_fully_connected_nc, external/XNNPACK/src/operators/fully-connected-nc.c:58)
Note (XNNPACK): [create_fully_connected_nc] created Fully Connected (NC, F32) operator (create_fully_connected_nc, external/XNNPACK/src/operators/fully-connected-nc.c:334)
Note (XNNPACK): 

 (create_fully_connected_nc, external/XNNPACK/src/operators/fully-connected-nc.c:337)
Note (XNNPACK): [creatre_runtime_impl]: creating node 12: Depthwise Convolution 2D (create_runtime_impl, external/XNNPACK/src/runtime.c:688)
Note (XNNPACK): [creatre_runtime_impl]: creating node 13: Fully Connected (create_runtime_impl, external/XNNPACK/src/runtime.c:688)
Note (XNNPACK): [xnn_create_fully_connected_nc_f32] input_channels: 128, output_channels: 128, input_stride: 128, output_stride: 128, flags: 0x0 (xnn_create_fully_connected_nc_f32, external/XNNPACK/src/operators/fully-connected-nc.c:1636)
Note (XNNPACK): [xnn_create_fully_connected_nc_f32]  gemm_config: 0x643fe1a61080, mr: 5, nr: 16 (xnn_create_fully_connected_nc_f32, external/XNNPACK/src/operators/fully-connected-nc.c:1649)
Note (XNNPACK): [xnn_create_fully_connected_nc_f32]  gemm_nr2_config: 0x643fe1a60660, mr: 10, nr: 8 (xnn_create_fully_connected_nc_f32, external/XNNPACK/src/operators/fully-connected-nc.c:1658)
Note (XNNPACK): [xnn_create_fully_connected_nc_f32]  check if gemm_nr2_config is better than gemm_config (xnn_create_fully_connected_nc_f32, external/XNNPACK/src/operators/fully-connected-nc.c:1664)
Note (XNNPACK): [xnn_create_fully_connected_nc_f32]  selected gemm_config: 0x643fe1a61080, mr: 5, nr: 16 (xnn_create_fully_connected_nc_f32, external/XNNPACK/src/operators/fully-connected-nc.c:1685)
Note (XNNPACK): [create_fully_connected_nc_f32] input_channels: 128, output_channels: 128, input_stride: 128, output_stride: 128, flags: 0x0 (create_fully_connected_nc_f32, external/XNNPACK/src/operators/fully-connected-nc.c:1548)
Note (XNNPACK): [create_fully_connected_nc]: call (create_fully_connected_nc, external/XNNPACK/src/operators/fully-connected-nc.c:58)
Note (XNNPACK): [create_fully_connected_nc] created Fully Connected (NC, F32) operator (create_fully_connected_nc, external/XNNPACK/src/operators/fully-connected-nc.c:334)
Note (XNNPACK): 

 (create_fully_connected_nc, external/XNNPACK/src/operators/fully-connected-nc.c:337)
Note (XNNPACK): [creatre_runtime_impl]: creating node 14: Depthwise Convolution 2D (create_runtime_impl, external/XNNPACK/src/runtime.c:688)
Note (XNNPACK): [creatre_runtime_impl]: creating node 15: Fully Connected (create_runtime_impl, external/XNNPACK/src/runtime.c:688)
Note (XNNPACK): [xnn_create_fully_connected_nc_f32] input_channels: 128, output_channels: 128, input_stride: 128, output_stride: 128, flags: 0x0 (xnn_create_fully_connected_nc_f32, external/XNNPACK/src/operators/fully-connected-nc.c:1636)
Note (XNNPACK): [xnn_create_fully_connected_nc_f32]  gemm_config: 0x643fe1a61080, mr: 5, nr: 16 (xnn_create_fully_connected_nc_f32, external/XNNPACK/src/operators/fully-connected-nc.c:1649)
Note (XNNPACK): [xnn_create_fully_connected_nc_f32]  gemm_nr2_config: 0x643fe1a60660, mr: 10, nr: 8 (xnn_create_fully_connected_nc_f32, external/XNNPACK/src/operators/fully-connected-nc.c:1658)
Note (XNNPACK): [xnn_create_fully_connected_nc_f32]  check if gemm_nr2_config is better than gemm_config (xnn_create_fully_connected_nc_f32, external/XNNPACK/src/operators/fully-connected-nc.c:1664)
Note (XNNPACK): [xnn_create_fully_connected_nc_f32]  selected gemm_config: 0x643fe1a61080, mr: 5, nr: 16 (xnn_create_fully_connected_nc_f32, external/XNNPACK/src/operators/fully-connected-nc.c:1685)
Note (XNNPACK): [create_fully_connected_nc_f32] input_channels: 128, output_channels: 128, input_stride: 128, output_stride: 128, flags: 0x0 (create_fully_connected_nc_f32, external/XNNPACK/src/operators/fully-connected-nc.c:1548)
Note (XNNPACK): [create_fully_connected_nc]: call (create_fully_connected_nc, external/XNNPACK/src/operators/fully-connected-nc.c:58)
Note (XNNPACK): [create_fully_connected_nc] created Fully Connected (NC, F32) operator (create_fully_connected_nc, external/XNNPACK/src/operators/fully-connected-nc.c:334)
Note (XNNPACK): 

 (create_fully_connected_nc, external/XNNPACK/src/operators/fully-connected-nc.c:337)
Note (XNNPACK): [creatre_runtime_impl]: creating node 16: Depthwise Convolution 2D (create_runtime_impl, external/XNNPACK/src/runtime.c:688)
Note (XNNPACK): [creatre_runtime_impl]: creating node 17: Fully Connected (create_runtime_impl, external/XNNPACK/src/runtime.c:688)
Note (XNNPACK): [xnn_create_fully_connected_nc_f32] input_channels: 128, output_channels: 128, input_stride: 128, output_stride: 128, flags: 0x0 (xnn_create_fully_connected_nc_f32, external/XNNPACK/src/operators/fully-connected-nc.c:1636)
Note (XNNPACK): [xnn_create_fully_connected_nc_f32]  gemm_config: 0x643fe1a61080, mr: 5, nr: 16 (xnn_create_fully_connected_nc_f32, external/XNNPACK/src/operators/fully-connected-nc.c:1649)
Note (XNNPACK): [xnn_create_fully_connected_nc_f32]  gemm_nr2_config: 0x643fe1a60660, mr: 10, nr: 8 (xnn_create_fully_connected_nc_f32, external/XNNPACK/src/operators/fully-connected-nc.c:1658)
Note (XNNPACK): [xnn_create_fully_connected_nc_f32]  check if gemm_nr2_config is better than gemm_config (xnn_create_fully_connected_nc_f32, external/XNNPACK/src/operators/fully-connected-nc.c:1664)
Note (XNNPACK): [xnn_create_fully_connected_nc_f32]  selected gemm_config: 0x643fe1a61080, mr: 5, nr: 16 (xnn_create_fully_connected_nc_f32, external/XNNPACK/src/operators/fully-connected-nc.c:1685)
Note (XNNPACK): [create_fully_connected_nc_f32] input_channels: 128, output_channels: 128, input_stride: 128, output_stride: 128, flags: 0x0 (create_fully_connected_nc_f32, external/XNNPACK/src/operators/fully-connected-nc.c:1548)
Note (XNNPACK): [create_fully_connected_nc]: call (create_fully_connected_nc, external/XNNPACK/src/operators/fully-connected-nc.c:58)
Note (XNNPACK): [create_fully_connected_nc] created Fully Connected (NC, F32) operator (create_fully_connected_nc, external/XNNPACK/src/operators/fully-connected-nc.c:334)
Note (XNNPACK): 

 (create_fully_connected_nc, external/XNNPACK/src/operators/fully-connected-nc.c:337)
Note (XNNPACK): [creatre_runtime_impl]: creating node 18: Depthwise Convolution 2D (create_runtime_impl, external/XNNPACK/src/runtime.c:688)
Note (XNNPACK): [creatre_runtime_impl]: creating node 19: Fully Connected (create_runtime_impl, external/XNNPACK/src/runtime.c:688)
Note (XNNPACK): [xnn_create_fully_connected_nc_f32] input_channels: 128, output_channels: 128, input_stride: 128, output_stride: 128, flags: 0x0 (xnn_create_fully_connected_nc_f32, external/XNNPACK/src/operators/fully-connected-nc.c:1636)
Note (XNNPACK): [xnn_create_fully_connected_nc_f32]  gemm_config: 0x643fe1a61080, mr: 5, nr: 16 (xnn_create_fully_connected_nc_f32, external/XNNPACK/src/operators/fully-connected-nc.c:1649)
Note (XNNPACK): [xnn_create_fully_connected_nc_f32]  gemm_nr2_config: 0x643fe1a60660, mr: 10, nr: 8 (xnn_create_fully_connected_nc_f32, external/XNNPACK/src/operators/fully-connected-nc.c:1658)
Note (XNNPACK): [xnn_create_fully_connected_nc_f32]  check if gemm_nr2_config is better than gemm_config (xnn_create_fully_connected_nc_f32, external/XNNPACK/src/operators/fully-connected-nc.c:1664)
Note (XNNPACK): [xnn_create_fully_connected_nc_f32]  selected gemm_config: 0x643fe1a61080, mr: 5, nr: 16 (xnn_create_fully_connected_nc_f32, external/XNNPACK/src/operators/fully-connected-nc.c:1685)
Note (XNNPACK): [create_fully_connected_nc_f32] input_channels: 128, output_channels: 128, input_stride: 128, output_stride: 128, flags: 0x0 (create_fully_connected_nc_f32, external/XNNPACK/src/operators/fully-connected-nc.c:1548)
Note (XNNPACK): [create_fully_connected_nc]: call (create_fully_connected_nc, external/XNNPACK/src/operators/fully-connected-nc.c:58)
Note (XNNPACK): [create_fully_connected_nc] created Fully Connected (NC, F32) operator (create_fully_connected_nc, external/XNNPACK/src/operators/fully-connected-nc.c:334)
Note (XNNPACK): 

 (create_fully_connected_nc, external/XNNPACK/src/operators/fully-connected-nc.c:337)
Note (XNNPACK): [creatre_runtime_impl]: creating node 20: Depthwise Convolution 2D (create_runtime_impl, external/XNNPACK/src/runtime.c:688)
Note (XNNPACK): [creatre_runtime_impl]: creating node 21: Fully Connected (create_runtime_impl, external/XNNPACK/src/runtime.c:688)
Note (XNNPACK): [xnn_create_fully_connected_nc_f32] input_channels: 128, output_channels: 128, input_stride: 128, output_stride: 128, flags: 0x0 (xnn_create_fully_connected_nc_f32, external/XNNPACK/src/operators/fully-connected-nc.c:1636)
Note (XNNPACK): [xnn_create_fully_connected_nc_f32]  gemm_config: 0x643fe1a61080, mr: 5, nr: 16 (xnn_create_fully_connected_nc_f32, external/XNNPACK/src/operators/fully-connected-nc.c:1649)
Note (XNNPACK): [xnn_create_fully_connected_nc_f32]  gemm_nr2_config: 0x643fe1a60660, mr: 10, nr: 8 (xnn_create_fully_connected_nc_f32, external/XNNPACK/src/operators/fully-connected-nc.c:1658)
Note (XNNPACK): [xnn_create_fully_connected_nc_f32]  check if gemm_nr2_config is better than gemm_config (xnn_create_fully_connected_nc_f32, external/XNNPACK/src/operators/fully-connected-nc.c:1664)
Note (XNNPACK): [xnn_create_fully_connected_nc_f32]  selected gemm_config: 0x643fe1a61080, mr: 5, nr: 16 (xnn_create_fully_connected_nc_f32, external/XNNPACK/src/operators/fully-connected-nc.c:1685)
Note (XNNPACK): [create_fully_connected_nc_f32] input_channels: 128, output_channels: 128, input_stride: 128, output_stride: 128, flags: 0x0 (create_fully_connected_nc_f32, external/XNNPACK/src/operators/fully-connected-nc.c:1548)
Note (XNNPACK): [create_fully_connected_nc]: call (create_fully_connected_nc, external/XNNPACK/src/operators/fully-connected-nc.c:58)
Note (XNNPACK): [create_fully_connected_nc] created Fully Connected (NC, F32) operator (create_fully_connected_nc, external/XNNPACK/src/operators/fully-connected-nc.c:334)
Note (XNNPACK): 

 (create_fully_connected_nc, external/XNNPACK/src/operators/fully-connected-nc.c:337)
Note (XNNPACK): [creatre_runtime_impl]: creating node 22: Depthwise Convolution 2D (create_runtime_impl, external/XNNPACK/src/runtime.c:688)
Note (XNNPACK): [creatre_runtime_impl]: creating node 23: Fully Connected (create_runtime_impl, external/XNNPACK/src/runtime.c:688)
Note (XNNPACK): [xnn_create_fully_connected_nc_f32] input_channels: 128, output_channels: 128, input_stride: 128, output_stride: 128, flags: 0x0 (xnn_create_fully_connected_nc_f32, external/XNNPACK/src/operators/fully-connected-nc.c:1636)
Note (XNNPACK): [xnn_create_fully_connected_nc_f32]  gemm_config: 0x643fe1a61080, mr: 5, nr: 16 (xnn_create_fully_connected_nc_f32, external/XNNPACK/src/operators/fully-connected-nc.c:1649)
Note (XNNPACK): [xnn_create_fully_connected_nc_f32]  gemm_nr2_config: 0x643fe1a60660, mr: 10, nr: 8 (xnn_create_fully_connected_nc_f32, external/XNNPACK/src/operators/fully-connected-nc.c:1658)
Note (XNNPACK): [xnn_create_fully_connected_nc_f32]  check if gemm_nr2_config is better than gemm_config (xnn_create_fully_connected_nc_f32, external/XNNPACK/src/operators/fully-connected-nc.c:1664)
Note (XNNPACK): [xnn_create_fully_connected_nc_f32]  selected gemm_config: 0x643fe1a61080, mr: 5, nr: 16 (xnn_create_fully_connected_nc_f32, external/XNNPACK/src/operators/fully-connected-nc.c:1685)
Note (XNNPACK): [create_fully_connected_nc_f32] input_channels: 128, output_channels: 128, input_stride: 128, output_stride: 128, flags: 0x0 (create_fully_connected_nc_f32, external/XNNPACK/src/operators/fully-connected-nc.c:1548)
Note (XNNPACK): [create_fully_connected_nc]: call (create_fully_connected_nc, external/XNNPACK/src/operators/fully-connected-nc.c:58)
Note (XNNPACK): [create_fully_connected_nc] created Fully Connected (NC, F32) operator (create_fully_connected_nc, external/XNNPACK/src/operators/fully-connected-nc.c:334)
Note (XNNPACK): 

 (create_fully_connected_nc, external/XNNPACK/src/operators/fully-connected-nc.c:337)
Note (XNNPACK): [creatre_runtime_impl]: creating node 25: Depthwise Convolution 2D (create_runtime_impl, external/XNNPACK/src/runtime.c:688)
Note (XNNPACK): [creatre_runtime_impl]: creating node 26: Fully Connected (create_runtime_impl, external/XNNPACK/src/runtime.c:688)
Note (XNNPACK): [xnn_create_fully_connected_nc_f32] input_channels: 128, output_channels: 256, input_stride: 128, output_stride: 256, flags: 0x0 (xnn_create_fully_connected_nc_f32, external/XNNPACK/src/operators/fully-connected-nc.c:1636)
Note (XNNPACK): [xnn_create_fully_connected_nc_f32]  gemm_config: 0x643fe1a61080, mr: 5, nr: 16 (xnn_create_fully_connected_nc_f32, external/XNNPACK/src/operators/fully-connected-nc.c:1649)
Note (XNNPACK): [xnn_create_fully_connected_nc_f32]  gemm_nr2_config: 0x643fe1a60660, mr: 10, nr: 8 (xnn_create_fully_connected_nc_f32, external/XNNPACK/src/operators/fully-connected-nc.c:1658)
Note (XNNPACK): [xnn_create_fully_connected_nc_f32]  check if gemm_nr2_config is better than gemm_config (xnn_create_fully_connected_nc_f32, external/XNNPACK/src/operators/fully-connected-nc.c:1664)
Note (XNNPACK): [xnn_create_fully_connected_nc_f32]  selected gemm_config: 0x643fe1a61080, mr: 5, nr: 16 (xnn_create_fully_connected_nc_f32, external/XNNPACK/src/operators/fully-connected-nc.c:1685)
Note (XNNPACK): [create_fully_connected_nc_f32] input_channels: 128, output_channels: 256, input_stride: 128, output_stride: 256, flags: 0x0 (create_fully_connected_nc_f32, external/XNNPACK/src/operators/fully-connected-nc.c:1548)
Note (XNNPACK): [create_fully_connected_nc]: call (create_fully_connected_nc, external/XNNPACK/src/operators/fully-connected-nc.c:58)
Note (XNNPACK): [create_fully_connected_nc] created Fully Connected (NC, F32) operator (create_fully_connected_nc, external/XNNPACK/src/operators/fully-connected-nc.c:334)
Note (XNNPACK): 

 (create_fully_connected_nc, external/XNNPACK/src/operators/fully-connected-nc.c:337)
Note (XNNPACK): [creatre_runtime_impl]: creating node 27: Depthwise Convolution 2D (create_runtime_impl, external/XNNPACK/src/runtime.c:688)
Note (XNNPACK): [creatre_runtime_impl]: creating node 28: Fully Connected (create_runtime_impl, external/XNNPACK/src/runtime.c:688)
Note (XNNPACK): [xnn_create_fully_connected_nc_f32] input_channels: 256, output_channels: 256, input_stride: 256, output_stride: 256, flags: 0x0 (xnn_create_fully_connected_nc_f32, external/XNNPACK/src/operators/fully-connected-nc.c:1636)
Note (XNNPACK): [xnn_create_fully_connected_nc_f32]  gemm_config: 0x643fe1a61080, mr: 5, nr: 16 (xnn_create_fully_connected_nc_f32, external/XNNPACK/src/operators/fully-connected-nc.c:1649)
Note (XNNPACK): [xnn_create_fully_connected_nc_f32]  gemm_nr2_config: 0x643fe1a60660, mr: 10, nr: 8 (xnn_create_fully_connected_nc_f32, external/XNNPACK/src/operators/fully-connected-nc.c:1658)
Note (XNNPACK): [xnn_create_fully_connected_nc_f32]  check if gemm_nr2_config is better than gemm_config (xnn_create_fully_connected_nc_f32, external/XNNPACK/src/operators/fully-connected-nc.c:1664)
Note (XNNPACK): [xnn_create_fully_connected_nc_f32]  selected gemm_config: 0x643fe1a61080, mr: 5, nr: 16 (xnn_create_fully_connected_nc_f32, external/XNNPACK/src/operators/fully-connected-nc.c:1685)
Note (XNNPACK): [create_fully_connected_nc_f32] input_channels: 256, output_channels: 256, input_stride: 256, output_stride: 256, flags: 0x0 (create_fully_connected_nc_f32, external/XNNPACK/src/operators/fully-connected-nc.c:1548)
Note (XNNPACK): [create_fully_connected_nc]: call (create_fully_connected_nc, external/XNNPACK/src/operators/fully-connected-nc.c:58)
Note (XNNPACK): [create_fully_connected_nc] created Fully Connected (NC, F32) operator (create_fully_connected_nc, external/XNNPACK/src/operators/fully-connected-nc.c:334)
Note (XNNPACK): 

 (create_fully_connected_nc, external/XNNPACK/src/operators/fully-connected-nc.c:337)
Note (XNNPACK): [creatre_runtime_impl]: creating node 29: Depthwise Convolution 2D (create_runtime_impl, external/XNNPACK/src/runtime.c:688)
Note (XNNPACK): [creatre_runtime_impl]: creating node 30: Fully Connected (create_runtime_impl, external/XNNPACK/src/runtime.c:688)
Note (XNNPACK): [xnn_create_fully_connected_nc_f32] input_channels: 256, output_channels: 256, input_stride: 256, output_stride: 256, flags: 0x0 (xnn_create_fully_connected_nc_f32, external/XNNPACK/src/operators/fully-connected-nc.c:1636)
Note (XNNPACK): [xnn_create_fully_connected_nc_f32]  gemm_config: 0x643fe1a61080, mr: 5, nr: 16 (xnn_create_fully_connected_nc_f32, external/XNNPACK/src/operators/fully-connected-nc.c:1649)
Note (XNNPACK): [xnn_create_fully_connected_nc_f32]  gemm_nr2_config: 0x643fe1a60660, mr: 10, nr: 8 (xnn_create_fully_connected_nc_f32, external/XNNPACK/src/operators/fully-connected-nc.c:1658)
Note (XNNPACK): [xnn_create_fully_connected_nc_f32]  check if gemm_nr2_config is better than gemm_config (xnn_create_fully_connected_nc_f32, external/XNNPACK/src/operators/fully-connected-nc.c:1664)
Note (XNNPACK): [xnn_create_fully_connected_nc_f32]  selected gemm_config: 0x643fe1a61080, mr: 5, nr: 16 (xnn_create_fully_connected_nc_f32, external/XNNPACK/src/operators/fully-connected-nc.c:1685)
Note (XNNPACK): [create_fully_connected_nc_f32] input_channels: 256, output_channels: 256, input_stride: 256, output_stride: 256, flags: 0x0 (create_fully_connected_nc_f32, external/XNNPACK/src/operators/fully-connected-nc.c:1548)
Note (XNNPACK): [create_fully_connected_nc]: call (create_fully_connected_nc, external/XNNPACK/src/operators/fully-connected-nc.c:58)
Note (XNNPACK): [create_fully_connected_nc] created Fully Connected (NC, F32) operator (create_fully_connected_nc, external/XNNPACK/src/operators/fully-connected-nc.c:334)
Note (XNNPACK): 

 (create_fully_connected_nc, external/XNNPACK/src/operators/fully-connected-nc.c:337)
Note (XNNPACK): [creatre_runtime_impl]: creating node 31: Depthwise Convolution 2D (create_runtime_impl, external/XNNPACK/src/runtime.c:688)
Note (XNNPACK): [creatre_runtime_impl]: creating node 32: Fully Connected (create_runtime_impl, external/XNNPACK/src/runtime.c:688)
Note (XNNPACK): [xnn_create_fully_connected_nc_f32] input_channels: 256, output_channels: 256, input_stride: 256, output_stride: 256, flags: 0x0 (xnn_create_fully_connected_nc_f32, external/XNNPACK/src/operators/fully-connected-nc.c:1636)
Note (XNNPACK): [xnn_create_fully_connected_nc_f32]  gemm_config: 0x643fe1a61080, mr: 5, nr: 16 (xnn_create_fully_connected_nc_f32, external/XNNPACK/src/operators/fully-connected-nc.c:1649)
Note (XNNPACK): [xnn_create_fully_connected_nc_f32]  gemm_nr2_config: 0x643fe1a60660, mr: 10, nr: 8 (xnn_create_fully_connected_nc_f32, external/XNNPACK/src/operators/fully-connected-nc.c:1658)
Note (XNNPACK): [xnn_create_fully_connected_nc_f32]  check if gemm_nr2_config is better than gemm_config (xnn_create_fully_connected_nc_f32, external/XNNPACK/src/operators/fully-connected-nc.c:1664)
Note (XNNPACK): [xnn_create_fully_connected_nc_f32]  selected gemm_config: 0x643fe1a61080, mr: 5, nr: 16 (xnn_create_fully_connected_nc_f32, external/XNNPACK/src/operators/fully-connected-nc.c:1685)
Note (XNNPACK): [create_fully_connected_nc_f32] input_channels: 256, output_channels: 256, input_stride: 256, output_stride: 256, flags: 0x0 (create_fully_connected_nc_f32, external/XNNPACK/src/operators/fully-connected-nc.c:1548)
Note (XNNPACK): [create_fully_connected_nc]: call (create_fully_connected_nc, external/XNNPACK/src/operators/fully-connected-nc.c:58)
Note (XNNPACK): [create_fully_connected_nc] created Fully Connected (NC, F32) operator (create_fully_connected_nc, external/XNNPACK/src/operators/fully-connected-nc.c:334)
Note (XNNPACK): 

 (create_fully_connected_nc, external/XNNPACK/src/operators/fully-connected-nc.c:337)
Note (XNNPACK): [creatre_runtime_impl]: creating node 33: Depthwise Convolution 2D (create_runtime_impl, external/XNNPACK/src/runtime.c:688)
Note (XNNPACK): [creatre_runtime_impl]: creating node 34: Fully Connected (create_runtime_impl, external/XNNPACK/src/runtime.c:688)
Note (XNNPACK): [xnn_create_fully_connected_nc_f32] input_channels: 256, output_channels: 256, input_stride: 256, output_stride: 256, flags: 0x0 (xnn_create_fully_connected_nc_f32, external/XNNPACK/src/operators/fully-connected-nc.c:1636)
Note (XNNPACK): [xnn_create_fully_connected_nc_f32]  gemm_config: 0x643fe1a61080, mr: 5, nr: 16 (xnn_create_fully_connected_nc_f32, external/XNNPACK/src/operators/fully-connected-nc.c:1649)
Note (XNNPACK): [xnn_create_fully_connected_nc_f32]  gemm_nr2_config: 0x643fe1a60660, mr: 10, nr: 8 (xnn_create_fully_connected_nc_f32, external/XNNPACK/src/operators/fully-connected-nc.c:1658)
Note (XNNPACK): [xnn_create_fully_connected_nc_f32]  check if gemm_nr2_config is better than gemm_config (xnn_create_fully_connected_nc_f32, external/XNNPACK/src/operators/fully-connected-nc.c:1664)
Note (XNNPACK): [xnn_create_fully_connected_nc_f32]  selected gemm_config: 0x643fe1a61080, mr: 5, nr: 16 (xnn_create_fully_connected_nc_f32, external/XNNPACK/src/operators/fully-connected-nc.c:1685)
Note (XNNPACK): [create_fully_connected_nc_f32] input_channels: 256, output_channels: 256, input_stride: 256, output_stride: 256, flags: 0x0 (create_fully_connected_nc_f32, external/XNNPACK/src/operators/fully-connected-nc.c:1548)
Note (XNNPACK): [create_fully_connected_nc]: call (create_fully_connected_nc, external/XNNPACK/src/operators/fully-connected-nc.c:58)
Note (XNNPACK): [create_fully_connected_nc] created Fully Connected (NC, F32) operator (create_fully_connected_nc, external/XNNPACK/src/operators/fully-connected-nc.c:334)
Note (XNNPACK): 

 (create_fully_connected_nc, external/XNNPACK/src/operators/fully-connected-nc.c:337)
Note (XNNPACK): [creatre_runtime_impl]: creating node 35: Depthwise Convolution 2D (create_runtime_impl, external/XNNPACK/src/runtime.c:688)
Note (XNNPACK): [creatre_runtime_impl]: creating node 36: Fully Connected (create_runtime_impl, external/XNNPACK/src/runtime.c:688)
Note (XNNPACK): [xnn_create_fully_connected_nc_f32] input_channels: 256, output_channels: 256, input_stride: 256, output_stride: 256, flags: 0x0 (xnn_create_fully_connected_nc_f32, external/XNNPACK/src/operators/fully-connected-nc.c:1636)
Note (XNNPACK): [xnn_create_fully_connected_nc_f32]  gemm_config: 0x643fe1a61080, mr: 5, nr: 16 (xnn_create_fully_connected_nc_f32, external/XNNPACK/src/operators/fully-connected-nc.c:1649)
Note (XNNPACK): [xnn_create_fully_connected_nc_f32]  gemm_nr2_config: 0x643fe1a60660, mr: 10, nr: 8 (xnn_create_fully_connected_nc_f32, external/XNNPACK/src/operators/fully-connected-nc.c:1658)
Note (XNNPACK): [xnn_create_fully_connected_nc_f32]  check if gemm_nr2_config is better than gemm_config (xnn_create_fully_connected_nc_f32, external/XNNPACK/src/operators/fully-connected-nc.c:1664)
Note (XNNPACK): [xnn_create_fully_connected_nc_f32]  selected gemm_config: 0x643fe1a61080, mr: 5, nr: 16 (xnn_create_fully_connected_nc_f32, external/XNNPACK/src/operators/fully-connected-nc.c:1685)
Note (XNNPACK): [create_fully_connected_nc_f32] input_channels: 256, output_channels: 256, input_stride: 256, output_stride: 256, flags: 0x0 (create_fully_connected_nc_f32, external/XNNPACK/src/operators/fully-connected-nc.c:1548)
Note (XNNPACK): [create_fully_connected_nc]: call (create_fully_connected_nc, external/XNNPACK/src/operators/fully-connected-nc.c:58)
Note (XNNPACK): [create_fully_connected_nc] created Fully Connected (NC, F32) operator (create_fully_connected_nc, external/XNNPACK/src/operators/fully-connected-nc.c:334)
Note (XNNPACK): 

 (create_fully_connected_nc, external/XNNPACK/src/operators/fully-connected-nc.c:337)
Note (XNNPACK): [creatre_runtime_impl]: creating node 37: Depthwise Convolution 2D (create_runtime_impl, external/XNNPACK/src/runtime.c:688)
Note (XNNPACK): [creatre_runtime_impl]: creating node 38: Fully Connected (create_runtime_impl, external/XNNPACK/src/runtime.c:688)
Note (XNNPACK): [xnn_create_fully_connected_nc_f32] input_channels: 256, output_channels: 256, input_stride: 256, output_stride: 256, flags: 0x0 (xnn_create_fully_connected_nc_f32, external/XNNPACK/src/operators/fully-connected-nc.c:1636)
Note (XNNPACK): [xnn_create_fully_connected_nc_f32]  gemm_config: 0x643fe1a61080, mr: 5, nr: 16 (xnn_create_fully_connected_nc_f32, external/XNNPACK/src/operators/fully-connected-nc.c:1649)
Note (XNNPACK): [xnn_create_fully_connected_nc_f32]  gemm_nr2_config: 0x643fe1a60660, mr: 10, nr: 8 (xnn_create_fully_connected_nc_f32, external/XNNPACK/src/operators/fully-connected-nc.c:1658)
Note (XNNPACK): [xnn_create_fully_connected_nc_f32]  check if gemm_nr2_config is better than gemm_config (xnn_create_fully_connected_nc_f32, external/XNNPACK/src/operators/fully-connected-nc.c:1664)
Note (XNNPACK): [xnn_create_fully_connected_nc_f32]  selected gemm_config: 0x643fe1a61080, mr: 5, nr: 16 (xnn_create_fully_connected_nc_f32, external/XNNPACK/src/operators/fully-connected-nc.c:1685)
Note (XNNPACK): [create_fully_connected_nc_f32] input_channels: 256, output_channels: 256, input_stride: 256, output_stride: 256, flags: 0x0 (create_fully_connected_nc_f32, external/XNNPACK/src/operators/fully-connected-nc.c:1548)
Note (XNNPACK): [create_fully_connected_nc]: call (create_fully_connected_nc, external/XNNPACK/src/operators/fully-connected-nc.c:58)
Note (XNNPACK): [create_fully_connected_nc] created Fully Connected (NC, F32) operator (create_fully_connected_nc, external/XNNPACK/src/operators/fully-connected-nc.c:334)
Note (XNNPACK): 

 (create_fully_connected_nc, external/XNNPACK/src/operators/fully-connected-nc.c:337)
Note (XNNPACK): [creatre_runtime_impl]: creating node 39: Depthwise Convolution 2D (create_runtime_impl, external/XNNPACK/src/runtime.c:688)
Note (XNNPACK): [creatre_runtime_impl]: creating node 40: Fully Connected (create_runtime_impl, external/XNNPACK/src/runtime.c:688)
Note (XNNPACK): [xnn_create_fully_connected_nc_f32] input_channels: 256, output_channels: 256, input_stride: 256, output_stride: 256, flags: 0x0 (xnn_create_fully_connected_nc_f32, external/XNNPACK/src/operators/fully-connected-nc.c:1636)
Note (XNNPACK): [xnn_create_fully_connected_nc_f32]  gemm_config: 0x643fe1a61080, mr: 5, nr: 16 (xnn_create_fully_connected_nc_f32, external/XNNPACK/src/operators/fully-connected-nc.c:1649)
Note (XNNPACK): [xnn_create_fully_connected_nc_f32]  gemm_nr2_config: 0x643fe1a60660, mr: 10, nr: 8 (xnn_create_fully_connected_nc_f32, external/XNNPACK/src/operators/fully-connected-nc.c:1658)
Note (XNNPACK): [xnn_create_fully_connected_nc_f32]  check if gemm_nr2_config is better than gemm_config (xnn_create_fully_connected_nc_f32, external/XNNPACK/src/operators/fully-connected-nc.c:1664)
Note (XNNPACK): [xnn_create_fully_connected_nc_f32]  selected gemm_config: 0x643fe1a61080, mr: 5, nr: 16 (xnn_create_fully_connected_nc_f32, external/XNNPACK/src/operators/fully-connected-nc.c:1685)
Note (XNNPACK): [create_fully_connected_nc_f32] input_channels: 256, output_channels: 256, input_stride: 256, output_stride: 256, flags: 0x0 (create_fully_connected_nc_f32, external/XNNPACK/src/operators/fully-connected-nc.c:1548)
Note (XNNPACK): [create_fully_connected_nc]: call (create_fully_connected_nc, external/XNNPACK/src/operators/fully-connected-nc.c:58)
Note (XNNPACK): [create_fully_connected_nc] created Fully Connected (NC, F32) operator (create_fully_connected_nc, external/XNNPACK/src/operators/fully-connected-nc.c:334)
Note (XNNPACK): 

 (create_fully_connected_nc, external/XNNPACK/src/operators/fully-connected-nc.c:337)
Note (XNNPACK): [creatre_runtime_impl]: creating node 41: Depthwise Convolution 2D (create_runtime_impl, external/XNNPACK/src/runtime.c:688)
Note (XNNPACK): [creatre_runtime_impl]: creating node 42: Fully Connected (create_runtime_impl, external/XNNPACK/src/runtime.c:688)
Note (XNNPACK): [xnn_create_fully_connected_nc_f32] input_channels: 256, output_channels: 256, input_stride: 256, output_stride: 256, flags: 0x0 (xnn_create_fully_connected_nc_f32, external/XNNPACK/src/operators/fully-connected-nc.c:1636)
Note (XNNPACK): [xnn_create_fully_connected_nc_f32]  gemm_config: 0x643fe1a61080, mr: 5, nr: 16 (xnn_create_fully_connected_nc_f32, external/XNNPACK/src/operators/fully-connected-nc.c:1649)
Note (XNNPACK): [xnn_create_fully_connected_nc_f32]  gemm_nr2_config: 0x643fe1a60660, mr: 10, nr: 8 (xnn_create_fully_connected_nc_f32, external/XNNPACK/src/operators/fully-connected-nc.c:1658)
Note (XNNPACK): [xnn_create_fully_connected_nc_f32]  check if gemm_nr2_config is better than gemm_config (xnn_create_fully_connected_nc_f32, external/XNNPACK/src/operators/fully-connected-nc.c:1664)
Note (XNNPACK): [xnn_create_fully_connected_nc_f32]  selected gemm_config: 0x643fe1a61080, mr: 5, nr: 16 (xnn_create_fully_connected_nc_f32, external/XNNPACK/src/operators/fully-connected-nc.c:1685)
Note (XNNPACK): [create_fully_connected_nc_f32] input_channels: 256, output_channels: 256, input_stride: 256, output_stride: 256, flags: 0x0 (create_fully_connected_nc_f32, external/XNNPACK/src/operators/fully-connected-nc.c:1548)
Note (XNNPACK): [create_fully_connected_nc]: call (create_fully_connected_nc, external/XNNPACK/src/operators/fully-connected-nc.c:58)
Note (XNNPACK): [create_fully_connected_nc] created Fully Connected (NC, F32) operator (create_fully_connected_nc, external/XNNPACK/src/operators/fully-connected-nc.c:334)
Note (XNNPACK): 

 (create_fully_connected_nc, external/XNNPACK/src/operators/fully-connected-nc.c:337)
Note (XNNPACK): [creatre_runtime_impl]: creating node 43: Depthwise Convolution 2D (create_runtime_impl, external/XNNPACK/src/runtime.c:688)
Note (XNNPACK): [creatre_runtime_impl]: creating node 44: Fully Connected (create_runtime_impl, external/XNNPACK/src/runtime.c:688)
Note (XNNPACK): [xnn_create_fully_connected_nc_f32] input_channels: 256, output_channels: 256, input_stride: 256, output_stride: 256, flags: 0x0 (xnn_create_fully_connected_nc_f32, external/XNNPACK/src/operators/fully-connected-nc.c:1636)
Note (XNNPACK): [xnn_create_fully_connected_nc_f32]  gemm_config: 0x643fe1a61080, mr: 5, nr: 16 (xnn_create_fully_connected_nc_f32, external/XNNPACK/src/operators/fully-connected-nc.c:1649)
Note (XNNPACK): [xnn_create_fully_connected_nc_f32]  gemm_nr2_config: 0x643fe1a60660, mr: 10, nr: 8 (xnn_create_fully_connected_nc_f32, external/XNNPACK/src/operators/fully-connected-nc.c:1658)
Note (XNNPACK): [xnn_create_fully_connected_nc_f32]  check if gemm_nr2_config is better than gemm_config (xnn_create_fully_connected_nc_f32, external/XNNPACK/src/operators/fully-connected-nc.c:1664)
Note (XNNPACK): [xnn_create_fully_connected_nc_f32]  selected gemm_config: 0x643fe1a61080, mr: 5, nr: 16 (xnn_create_fully_connected_nc_f32, external/XNNPACK/src/operators/fully-connected-nc.c:1685)
Note (XNNPACK): [create_fully_connected_nc_f32] input_channels: 256, output_channels: 256, input_stride: 256, output_stride: 256, flags: 0x0 (create_fully_connected_nc_f32, external/XNNPACK/src/operators/fully-connected-nc.c:1548)
Note (XNNPACK): [create_fully_connected_nc]: call (create_fully_connected_nc, external/XNNPACK/src/operators/fully-connected-nc.c:58)
Note (XNNPACK): [create_fully_connected_nc] created Fully Connected (NC, F32) operator (create_fully_connected_nc, external/XNNPACK/src/operators/fully-connected-nc.c:334)
Note (XNNPACK): 

 (create_fully_connected_nc, external/XNNPACK/src/operators/fully-connected-nc.c:337)
Note (XNNPACK): [creatre_runtime_impl]: creating node 46: Depthwise Convolution 2D (create_runtime_impl, external/XNNPACK/src/runtime.c:688)
Note (XNNPACK): [creatre_runtime_impl]: creating node 47: Fully Connected (create_runtime_impl, external/XNNPACK/src/runtime.c:688)
Note (XNNPACK): [xnn_create_fully_connected_nc_f32] input_channels: 256, output_channels: 1024, input_stride: 256, output_stride: 1024, flags: 0x0 (xnn_create_fully_connected_nc_f32, external/XNNPACK/src/operators/fully-connected-nc.c:1636)
Note (XNNPACK): [xnn_create_fully_connected_nc_f32]  gemm_config: 0x643fe1a61080, mr: 5, nr: 16 (xnn_create_fully_connected_nc_f32, external/XNNPACK/src/operators/fully-connected-nc.c:1649)
Note (XNNPACK): [xnn_create_fully_connected_nc_f32]  gemm_nr2_config: 0x643fe1a60660, mr: 10, nr: 8 (xnn_create_fully_connected_nc_f32, external/XNNPACK/src/operators/fully-connected-nc.c:1658)
Note (XNNPACK): [xnn_create_fully_connected_nc_f32]  check if gemm_nr2_config is better than gemm_config (xnn_create_fully_connected_nc_f32, external/XNNPACK/src/operators/fully-connected-nc.c:1664)
Note (XNNPACK): [xnn_create_fully_connected_nc_f32]  selected gemm_config: 0x643fe1a61080, mr: 5, nr: 16 (xnn_create_fully_connected_nc_f32, external/XNNPACK/src/operators/fully-connected-nc.c:1685)
Note (XNNPACK): [create_fully_connected_nc_f32] input_channels: 256, output_channels: 1024, input_stride: 256, output_stride: 1024, flags: 0x0 (create_fully_connected_nc_f32, external/XNNPACK/src/operators/fully-connected-nc.c:1548)
Note (XNNPACK): [create_fully_connected_nc]: call (create_fully_connected_nc, external/XNNPACK/src/operators/fully-connected-nc.c:58)
Note (XNNPACK): [create_fully_connected_nc] created Fully Connected (NC, F32) operator (create_fully_connected_nc, external/XNNPACK/src/operators/fully-connected-nc.c:334)
Note (XNNPACK): 

 (create_fully_connected_nc, external/XNNPACK/src/operators/fully-connected-nc.c:337)
Note (XNNPACK): [creatre_runtime_impl]: creating node 48: Static Sum (create_runtime_impl, external/XNNPACK/src/runtime.c:688)
Note (XNNPACK): Using reduce microkernel 'xnn_f32_rsum_ukernel__avx_u32_acc4'. (init_f32_rsum_config, external/XNNPACK/src/configs/reduce-config.c:727)
Note (XNNPACK): Using reduce_discontiguous microkernel 'xnn_f32_rdsum_ukernel_7p7x__avx_c32'. (init_f32_rsum_config, external/XNNPACK/src/configs/reduce-config.c:739)
Note (XNNPACK): [creatre_runtime_impl]: creating node 49: Fully Connected (create_runtime_impl, external/XNNPACK/src/runtime.c:688)
Note (XNNPACK): [xnn_create_fully_connected_nc_f32] input_channels: 1024, output_channels: 1000, input_stride: 1024, output_stride: 1000, flags: 0x10 (xnn_create_fully_connected_nc_f32, external/XNNPACK/src/operators/fully-connected-nc.c:1636)
Note (XNNPACK): [xnn_create_fully_connected_nc_f32]  gemm_config: 0x643fe1a61080, mr: 5, nr: 16 (xnn_create_fully_connected_nc_f32, external/XNNPACK/src/operators/fully-connected-nc.c:1649)
Note (XNNPACK): [xnn_create_fully_connected_nc_f32]  gemm_nr2_config: 0x643fe1a60660, mr: 10, nr: 8 (xnn_create_fully_connected_nc_f32, external/XNNPACK/src/operators/fully-connected-nc.c:1658)
Note (XNNPACK): [xnn_create_fully_connected_nc_f32]  check if gemm_nr2_config is better than gemm_config (xnn_create_fully_connected_nc_f32, external/XNNPACK/src/operators/fully-connected-nc.c:1664)
Note (XNNPACK): [xnn_create_fully_connected_nc_f32]  selected gemm_config: 0x643fe1a61080, mr: 5, nr: 16 (xnn_create_fully_connected_nc_f32, external/XNNPACK/src/operators/fully-connected-nc.c:1685)
Note (XNNPACK): [create_fully_connected_nc_f32] input_channels: 1024, output_channels: 1000, input_stride: 1024, output_stride: 1000, flags: 0x10 (create_fully_connected_nc_f32, external/XNNPACK/src/operators/fully-connected-nc.c:1548)
Note (XNNPACK): [create_fully_connected_nc]: call (create_fully_connected_nc, external/XNNPACK/src/operators/fully-connected-nc.c:58)
Note (XNNPACK): [create_fully_connected_nc] created Fully Connected (NC, F32) operator (create_fully_connected_nc, external/XNNPACK/src/operators/fully-connected-nc.c:334)
Note (XNNPACK): 

 (create_fully_connected_nc, external/XNNPACK/src/operators/fully-connected-nc.c:337)
Note (XNNPACK): [create_runtime_impl]:  created runtime 0x643fe3309e90 with 50 nodes and 278 values (create_runtime_impl, external/XNNPACK/src/runtime.c:739)
VERBOSE: SubgraphCreate: created XNNPACK runtime 
[INFO] XNNPACK delegate applied successfully (threads: 12)

[INFO] Model Summary 
 Input tensor count  : 1
 Output tensor count : 1
 Total tensor count  : 141
 Node (op) count     : 51
 Delegate applied    : Yes 

[INFO] Shape of input_tensor: [1, 224, 224, 3]
[INFO] Processing FP32 input path

[INFO] Running 100 warm-up iterations...
Note (XNNPACK): setup_runtime: Setting up runtime with 50 operators (setup_runtime, external/XNNPACK/src/runtime.c:902)
[INFO] warm-up completed

[INFO] Running 500 run and profile iterations...
[INFO] run and profile completed

[INFO] Shape of output_tensor: [1, 1000]
[INFO] Processing FP32 output path

[INFO] Top 5 predictions:
- Class 207 (golden_retriever): 0.734142
- Class 257 (Great_Pyrenees): 0.106012
- Class 208 (Labrador_retriever): 0.0527867
- Class 244 (Tibetan_mastiff): 0.0202354
- Class 222 (kuvasz): 0.0182101

[INFO] Elapsed time summary
- Load Model took 0.021 ms (21 us)
- Build Interpreter took 0.745 ms (745 us)
- Apply Delegate took 4.516 ms (4516 us)
- Allocate Tensor took 3.058 ms (3058 us)
- Load Input Image took 8.443 ms (8443 us)
- Preprocessing took 1.118 ms (1118 us)
- Inference_0 took 1.422 ms (1422 us)
- Inference_1 took 1.344 ms (1344 us)
- Inference_2 took 1.315 ms (1315 us)
- Inference_3 took 1.365 ms (1365 us)
- Inference_4 took 1.454 ms (1454 us)
- Inference_5 took 1.58 ms (1580 us)
- Inference_6 took 1.652 ms (1652 us)
- Inference_7 took 1.537 ms (1537 us)
- Inference_8 took 1.492 ms (1492 us)
- Inference_9 took 1.426 ms (1426 us)
- Inference_10 took 1.494 ms (1494 us)
- Inference_11 took 1.358 ms (1358 us)
- Inference_12 took 1.264 ms (1264 us)
- Inference_13 took 1.271 ms (1271 us)
- Inference_14 took 1.264 ms (1264 us)
- Inference_15 took 1.354 ms (1354 us)
- Inference_16 took 1.364 ms (1364 us)
- Inference_17 took 1.491 ms (1491 us)
- Inference_18 took 1.661 ms (1661 us)
- Inference_19 took 1.424 ms (1424 us)
- Inference_20 took 1.552 ms (1552 us)
- Inference_21 took 1.398 ms (1398 us)
- Inference_22 took 1.309 ms (1309 us)
- Inference_23 took 1.311 ms (1311 us)
- Inference_24 took 1.316 ms (1316 us)
- Inference_25 took 1.324 ms (1324 us)
- Inference_26 took 1.216 ms (1216 us)
- Inference_27 took 1.233 ms (1233 us)
- Inference_28 took 1.433 ms (1433 us)
- Inference_29 took 1.814 ms (1814 us)
- Inference_30 took 1.647 ms (1647 us)
- Inference_31 took 1.688 ms (1688 us)
- Inference_32 took 1.422 ms (1422 us)
- Inference_33 took 1.325 ms (1325 us)
- Inference_34 took 1.255 ms (1255 us)
- Inference_35 took 1.261 ms (1261 us)
- Inference_36 took 1.246 ms (1246 us)
- Inference_37 took 1.293 ms (1293 us)
- Inference_38 took 1.283 ms (1283 us)
- Inference_39 took 1.268 ms (1268 us)
- Inference_40 took 1.561 ms (1561 us)
- Inference_41 took 1.453 ms (1453 us)
- Inference_42 took 1.707 ms (1707 us)
- Inference_43 took 1.428 ms (1428 us)
- Inference_44 took 1.33 ms (1330 us)
- Inference_45 took 1.238 ms (1238 us)
- Inference_46 took 1.241 ms (1241 us)
- Inference_47 took 1.233 ms (1233 us)
- Inference_48 took 1.234 ms (1234 us)
- Inference_49 took 1.235 ms (1235 us)
- Inference_50 took 1.23 ms (1230 us)
- Inference_51 took 1.245 ms (1245 us)
- Inference_52 took 1.314 ms (1314 us)
- Inference_53 took 1.364 ms (1364 us)
- Inference_54 took 1.334 ms (1334 us)
- Inference_55 took 1.72 ms (1720 us)
- Inference_56 took 1.406 ms (1406 us)
- Inference_57 took 1.343 ms (1343 us)
- Inference_58 took 1.312 ms (1312 us)
- Inference_59 took 1.231 ms (1231 us)
- Inference_60 took 1.236 ms (1236 us)
- Inference_61 took 1.23 ms (1230 us)
- Inference_62 took 1.23 ms (1230 us)
- Inference_63 took 1.268 ms (1268 us)
- Inference_64 took 1.367 ms (1367 us)
- Inference_65 took 1.544 ms (1544 us)
- Inference_66 took 1.545 ms (1545 us)
- Inference_67 took 1.647 ms (1647 us)
- Inference_68 took 1.49 ms (1490 us)
- Inference_69 took 1.269 ms (1269 us)
- Inference_70 took 1.257 ms (1257 us)
- Inference_71 took 1.232 ms (1232 us)
- Inference_72 took 1.323 ms (1323 us)
- Inference_73 took 1.238 ms (1238 us)
- Inference_74 took 1.303 ms (1303 us)
- Inference_75 took 1.34 ms (1340 us)
- Inference_76 took 1.466 ms (1466 us)
- Inference_77 took 1.599 ms (1599 us)
- Inference_78 took 1.804 ms (1804 us)
- Inference_79 took 1.379 ms (1379 us)
- Inference_80 took 1.497 ms (1497 us)
- Inference_81 took 1.417 ms (1417 us)
- Inference_82 took 1.301 ms (1301 us)
- Inference_83 took 1.274 ms (1274 us)
- Inference_84 took 1.235 ms (1235 us)
- Inference_85 took 1.236 ms (1236 us)
- Inference_86 took 1.303 ms (1303 us)
- Inference_87 took 1.32 ms (1320 us)
- Inference_88 took 1.382 ms (1382 us)
- Inference_89 took 1.575 ms (1575 us)
- Inference_90 took 1.579 ms (1579 us)
- Inference_91 took 1.592 ms (1592 us)
- Inference_92 took 1.485 ms (1485 us)
- Inference_93 took 1.199 ms (1199 us)
- Inference_94 took 1.327 ms (1327 us)
- Inference_95 took 1.341 ms (1341 us)
- Inference_96 took 1.297 ms (1297 us)
- Inference_97 took 1.262 ms (1262 us)
- Inference_98 took 1.272 ms (1272 us)
- Inference_99 took 1.358 ms (1358 us)
- Inference_100 took 1.369 ms (1369 us)
- Inference_101 took 1.65 ms (1650 us)
- Inference_102 took 1.67 ms (1670 us)
- Inference_103 took 1.518 ms (1518 us)
- Inference_104 took 1.577 ms (1577 us)
- Inference_105 took 1.561 ms (1561 us)
- Inference_106 took 1.349 ms (1349 us)
- Inference_107 took 1.277 ms (1277 us)
- Inference_108 took 1.349 ms (1349 us)
- Inference_109 took 1.323 ms (1323 us)
- Inference_110 took 1.271 ms (1271 us)
- Inference_111 took 1.593 ms (1593 us)
- Inference_112 took 1.506 ms (1506 us)
- Inference_113 took 1.488 ms (1488 us)
- Inference_114 took 1.337 ms (1337 us)
- Inference_115 took 1.522 ms (1522 us)
- Inference_116 took 1.469 ms (1469 us)
- Inference_117 took 1.322 ms (1322 us)
- Inference_118 took 1.235 ms (1235 us)
- Inference_119 took 1.223 ms (1223 us)
- Inference_120 took 1.25 ms (1250 us)
- Inference_121 took 1.244 ms (1244 us)
- Inference_122 took 1.293 ms (1293 us)
- Inference_123 took 1.5 ms (1500 us)
- Inference_124 took 1.538 ms (1538 us)
- Inference_125 took 1.591 ms (1591 us)
- Inference_126 took 1.745 ms (1745 us)
- Inference_127 took 1.259 ms (1259 us)
- Inference_128 took 1.297 ms (1297 us)
- Inference_129 took 1.244 ms (1244 us)
- Inference_130 took 1.267 ms (1267 us)
- Inference_131 took 1.244 ms (1244 us)
- Inference_132 took 1.241 ms (1241 us)
- Inference_133 took 1.25 ms (1250 us)
- Inference_134 took 1.287 ms (1287 us)
- Inference_135 took 1.349 ms (1349 us)
- Inference_136 took 1.416 ms (1416 us)
- Inference_137 took 1.768 ms (1768 us)
- Inference_138 took 1.341 ms (1341 us)
- Inference_139 took 1.49 ms (1490 us)
- Inference_140 took 1.325 ms (1325 us)
- Inference_141 took 1.246 ms (1246 us)
- Inference_142 took 1.243 ms (1243 us)
- Inference_143 took 1.337 ms (1337 us)
- Inference_144 took 1.265 ms (1265 us)
- Inference_145 took 1.255 ms (1255 us)
- Inference_146 took 1.255 ms (1255 us)
- Inference_147 took 1.375 ms (1375 us)
- Inference_148 took 1.417 ms (1417 us)
- Inference_149 took 1.374 ms (1374 us)
- Inference_150 took 1.773 ms (1773 us)
- Inference_151 took 1.441 ms (1441 us)
- Inference_152 took 1.25 ms (1250 us)
- Inference_153 took 1.232 ms (1232 us)
- Inference_154 took 1.227 ms (1227 us)
- Inference_155 took 1.236 ms (1236 us)
- Inference_156 took 1.216 ms (1216 us)
- Inference_157 took 1.21 ms (1210 us)
- Inference_158 took 1.224 ms (1224 us)
- Inference_159 took 1.337 ms (1337 us)
- Inference_160 took 1.526 ms (1526 us)
- Inference_161 took 1.477 ms (1477 us)
- Inference_162 took 1.771 ms (1771 us)
- Inference_163 took 1.32 ms (1320 us)
- Inference_164 took 1.209 ms (1209 us)
- Inference_165 took 1.206 ms (1206 us)
- Inference_166 took 1.202 ms (1202 us)
- Inference_167 took 1.199 ms (1199 us)
- Inference_168 took 1.199 ms (1199 us)
- Inference_169 took 1.196 ms (1196 us)
- Inference_170 took 1.191 ms (1191 us)
- Inference_171 took 1.233 ms (1233 us)
- Inference_172 took 1.311 ms (1311 us)
- Inference_173 took 1.393 ms (1393 us)
- Inference_174 took 1.304 ms (1304 us)
- Inference_175 took 1.854 ms (1854 us)
- Inference_176 took 1.459 ms (1459 us)
- Inference_177 took 1.295 ms (1295 us)
- Inference_178 took 1.306 ms (1306 us)
- Inference_179 took 1.321 ms (1321 us)
- Inference_180 took 1.396 ms (1396 us)
- Inference_181 took 1.313 ms (1313 us)
- Inference_182 took 1.266 ms (1266 us)
- Inference_183 took 1.29 ms (1290 us)
- Inference_184 took 1.322 ms (1322 us)
- Inference_185 took 1.576 ms (1576 us)
- Inference_186 took 1.876 ms (1876 us)
- Inference_187 took 1.466 ms (1466 us)
- Inference_188 took 1.547 ms (1547 us)
- Inference_189 took 1.316 ms (1316 us)
- Inference_190 took 1.243 ms (1243 us)
- Inference_191 took 1.238 ms (1238 us)
- Inference_192 took 1.24 ms (1240 us)
- Inference_193 took 1.24 ms (1240 us)
- Inference_194 took 1.225 ms (1225 us)
- Inference_195 took 1.286 ms (1286 us)
- Inference_196 took 1.363 ms (1363 us)
- Inference_197 took 1.34 ms (1340 us)
- Inference_198 took 1.415 ms (1415 us)
- Inference_199 took 1.744 ms (1744 us)
- Inference_200 took 1.286 ms (1286 us)
- Inference_201 took 1.241 ms (1241 us)
- Inference_202 took 1.256 ms (1256 us)
- Inference_203 took 1.242 ms (1242 us)
- Inference_204 took 1.238 ms (1238 us)
- Inference_205 took 1.215 ms (1215 us)
- Inference_206 took 1.206 ms (1206 us)
- Inference_207 took 1.208 ms (1208 us)
- Inference_208 took 1.335 ms (1335 us)
- Inference_209 took 1.439 ms (1439 us)
- Inference_210 took 1.75 ms (1750 us)
- Inference_211 took 1.408 ms (1408 us)
- Inference_212 took 1.512 ms (1512 us)
- Inference_213 took 1.396 ms (1396 us)
- Inference_214 took 1.299 ms (1299 us)
- Inference_215 took 1.322 ms (1322 us)
- Inference_216 took 1.321 ms (1321 us)
- Inference_217 took 1.348 ms (1348 us)
- Inference_218 took 1.25 ms (1250 us)
- Inference_219 took 1.338 ms (1338 us)
- Inference_220 took 1.408 ms (1408 us)
- Inference_221 took 1.482 ms (1482 us)
- Inference_222 took 1.641 ms (1641 us)
- Inference_223 took 1.732 ms (1732 us)
- Inference_224 took 1.584 ms (1584 us)
- Inference_225 took 1.35 ms (1350 us)
- Inference_226 took 1.255 ms (1255 us)
- Inference_227 took 1.371 ms (1371 us)
- Inference_228 took 1.33 ms (1330 us)
- Inference_229 took 1.257 ms (1257 us)
- Inference_230 took 1.336 ms (1336 us)
- Inference_231 took 1.375 ms (1375 us)
- Inference_232 took 1.562 ms (1562 us)
- Inference_233 took 1.554 ms (1554 us)
- Inference_234 took 1.936 ms (1936 us)
- Inference_235 took 1.321 ms (1321 us)
- Inference_236 took 1.256 ms (1256 us)
- Inference_237 took 1.243 ms (1243 us)
- Inference_238 took 1.25 ms (1250 us)
- Inference_239 took 1.241 ms (1241 us)
- Inference_240 took 1.224 ms (1224 us)
- Inference_241 took 1.195 ms (1195 us)
- Inference_242 took 1.211 ms (1211 us)
- Inference_243 took 1.29 ms (1290 us)
- Inference_244 took 1.962 ms (1962 us)
- Inference_245 took 1.493 ms (1493 us)
- Inference_246 took 1.527 ms (1527 us)
- Inference_247 took 1.703 ms (1703 us)
- Inference_248 took 1.375 ms (1375 us)
- Inference_249 took 1.3 ms (1300 us)
- Inference_250 took 1.258 ms (1258 us)
- Inference_251 took 1.348 ms (1348 us)
- Inference_252 took 1.32 ms (1320 us)
- Inference_253 took 1.285 ms (1285 us)
- Inference_254 took 1.278 ms (1278 us)
- Inference_255 took 1.416 ms (1416 us)
- Inference_256 took 1.495 ms (1495 us)
- Inference_257 took 1.796 ms (1796 us)
- Inference_258 took 1.473 ms (1473 us)
- Inference_259 took 1.347 ms (1347 us)
- Inference_260 took 1.368 ms (1368 us)
- Inference_261 took 1.313 ms (1313 us)
- Inference_262 took 1.311 ms (1311 us)
- Inference_263 took 1.267 ms (1267 us)
- Inference_264 took 1.258 ms (1258 us)
- Inference_265 took 1.283 ms (1283 us)
- Inference_266 took 1.325 ms (1325 us)
- Inference_267 took 1.487 ms (1487 us)
- Inference_268 took 1.622 ms (1622 us)
- Inference_269 took 1.658 ms (1658 us)
- Inference_270 took 1.73 ms (1730 us)
- Inference_271 took 1.248 ms (1248 us)
- Inference_272 took 1.245 ms (1245 us)
- Inference_273 took 1.246 ms (1246 us)
- Inference_274 took 1.246 ms (1246 us)
- Inference_275 took 1.245 ms (1245 us)
- Inference_276 took 1.247 ms (1247 us)
- Inference_277 took 1.248 ms (1248 us)
- Inference_278 took 1.323 ms (1323 us)
- Inference_279 took 1.412 ms (1412 us)
- Inference_280 took 1.452 ms (1452 us)
- Inference_281 took 1.376 ms (1376 us)
- Inference_282 took 1.743 ms (1743 us)
- Inference_283 took 1.293 ms (1293 us)
- Inference_284 took 1.257 ms (1257 us)
- Inference_285 took 1.25 ms (1250 us)
- Inference_286 took 1.243 ms (1243 us)
- Inference_287 took 1.248 ms (1248 us)
- Inference_288 took 1.247 ms (1247 us)
- Inference_289 took 1.249 ms (1249 us)
- Inference_290 took 1.251 ms (1251 us)
- Inference_291 took 1.326 ms (1326 us)
- Inference_292 took 1.488 ms (1488 us)
- Inference_293 took 1.592 ms (1592 us)
- Inference_294 took 1.698 ms (1698 us)
- Inference_295 took 1.323 ms (1323 us)
- Inference_296 took 1.283 ms (1283 us)
- Inference_297 took 1.259 ms (1259 us)
- Inference_298 took 1.297 ms (1297 us)
- Inference_299 took 1.311 ms (1311 us)
- Inference_300 took 1.356 ms (1356 us)
- Inference_301 took 1.355 ms (1355 us)
- Inference_302 took 1.351 ms (1351 us)
- Inference_303 took 1.489 ms (1489 us)
- Inference_304 took 1.371 ms (1371 us)
- Inference_305 took 1.434 ms (1434 us)
- Inference_306 took 1.421 ms (1421 us)
- Inference_307 took 1.397 ms (1397 us)
- Inference_308 took 1.44 ms (1440 us)
- Inference_309 took 1.422 ms (1422 us)
- Inference_310 took 1.595 ms (1595 us)
- Inference_311 took 1.462 ms (1462 us)
- Inference_312 took 1.401 ms (1401 us)
- Inference_313 took 1.303 ms (1303 us)
- Inference_314 took 1.356 ms (1356 us)
- Inference_315 took 1.732 ms (1732 us)
- Inference_316 took 1.463 ms (1463 us)
- Inference_317 took 1.338 ms (1338 us)
- Inference_318 took 1.628 ms (1628 us)
- Inference_319 took 1.376 ms (1376 us)
- Inference_320 took 1.237 ms (1237 us)
- Inference_321 took 1.254 ms (1254 us)
- Inference_322 took 1.282 ms (1282 us)
- Inference_323 took 1.222 ms (1222 us)
- Inference_324 took 1.217 ms (1217 us)
- Inference_325 took 1.231 ms (1231 us)
- Inference_326 took 1.424 ms (1424 us)
- Inference_327 took 1.466 ms (1466 us)
- Inference_328 took 1.882 ms (1882 us)
- Inference_329 took 1.436 ms (1436 us)
- Inference_330 took 1.554 ms (1554 us)
- Inference_331 took 1.488 ms (1488 us)
- Inference_332 took 1.5 ms (1500 us)
- Inference_333 took 1.431 ms (1431 us)
- Inference_334 took 1.287 ms (1287 us)
- Inference_335 took 1.412 ms (1412 us)
- Inference_336 took 1.296 ms (1296 us)
- Inference_337 took 1.358 ms (1358 us)
- Inference_338 took 1.489 ms (1489 us)
- Inference_339 took 1.429 ms (1429 us)
- Inference_340 took 1.583 ms (1583 us)
- Inference_341 took 1.706 ms (1706 us)
- Inference_342 took 1.362 ms (1362 us)
- Inference_343 took 1.373 ms (1373 us)
- Inference_344 took 1.341 ms (1341 us)
- Inference_345 took 1.334 ms (1334 us)
- Inference_346 took 1.277 ms (1277 us)
- Inference_347 took 1.358 ms (1358 us)
- Inference_348 took 1.243 ms (1243 us)
- Inference_349 took 1.499 ms (1499 us)
- Inference_350 took 1.531 ms (1531 us)
- Inference_351 took 1.405 ms (1405 us)
- Inference_352 took 1.4 ms (1400 us)
- Inference_353 took 1.526 ms (1526 us)
- Inference_354 took 1.412 ms (1412 us)
- Inference_355 took 1.325 ms (1325 us)
- Inference_356 took 1.269 ms (1269 us)
- Inference_357 took 1.331 ms (1331 us)
- Inference_358 took 1.287 ms (1287 us)
- Inference_359 took 1.215 ms (1215 us)
- Inference_360 took 1.361 ms (1361 us)
- Inference_361 took 1.408 ms (1408 us)
- Inference_362 took 1.399 ms (1399 us)
- Inference_363 took 1.604 ms (1604 us)
- Inference_364 took 1.939 ms (1939 us)
- Inference_365 took 1.502 ms (1502 us)
- Inference_366 took 1.372 ms (1372 us)
- Inference_367 took 1.257 ms (1257 us)
- Inference_368 took 1.395 ms (1395 us)
- Inference_369 took 1.339 ms (1339 us)
- Inference_370 took 1.341 ms (1341 us)
- Inference_371 took 1.228 ms (1228 us)
- Inference_372 took 1.32 ms (1320 us)
- Inference_373 took 1.422 ms (1422 us)
- Inference_374 took 1.561 ms (1561 us)
- Inference_375 took 1.896 ms (1896 us)
- Inference_376 took 1.735 ms (1735 us)
- Inference_377 took 1.529 ms (1529 us)
- Inference_378 took 1.377 ms (1377 us)
- Inference_379 took 1.451 ms (1451 us)
- Inference_380 took 1.326 ms (1326 us)
- Inference_381 took 1.339 ms (1339 us)
- Inference_382 took 1.347 ms (1347 us)
- Inference_383 took 1.484 ms (1484 us)
- Inference_384 took 1.542 ms (1542 us)
- Inference_385 took 1.736 ms (1736 us)
- Inference_386 took 1.654 ms (1654 us)
- Inference_387 took 1.612 ms (1612 us)
- Inference_388 took 1.747 ms (1747 us)
- Inference_389 took 1.73 ms (1730 us)
- Inference_390 took 1.276 ms (1276 us)
- Inference_391 took 1.482 ms (1482 us)
- Inference_392 took 1.265 ms (1265 us)
- Inference_393 took 1.27 ms (1270 us)
- Inference_394 took 1.475 ms (1475 us)
- Inference_395 took 1.552 ms (1552 us)
- Inference_396 took 1.714 ms (1714 us)
- Inference_397 took 1.799 ms (1799 us)
- Inference_398 took 1.575 ms (1575 us)
- Inference_399 took 1.549 ms (1549 us)
- Inference_400 took 1.406 ms (1406 us)
- Inference_401 took 1.444 ms (1444 us)
- Inference_402 took 1.29 ms (1290 us)
- Inference_403 took 1.375 ms (1375 us)
- Inference_404 took 1.241 ms (1241 us)
- Inference_405 took 1.363 ms (1363 us)
- Inference_406 took 1.415 ms (1415 us)
- Inference_407 took 1.433 ms (1433 us)
- Inference_408 took 1.49 ms (1490 us)
- Inference_409 took 1.517 ms (1517 us)
- Inference_410 took 1.63 ms (1630 us)
- Inference_411 took 1.334 ms (1334 us)
- Inference_412 took 1.306 ms (1306 us)
- Inference_413 took 1.392 ms (1392 us)
- Inference_414 took 1.496 ms (1496 us)
- Inference_415 took 1.4 ms (1400 us)
- Inference_416 took 1.309 ms (1309 us)
- Inference_417 took 1.467 ms (1467 us)
- Inference_418 took 1.52 ms (1520 us)
- Inference_419 took 1.42 ms (1420 us)
- Inference_420 took 1.536 ms (1536 us)
- Inference_421 took 1.885 ms (1885 us)
- Inference_422 took 1.368 ms (1368 us)
- Inference_423 took 1.23 ms (1230 us)
- Inference_424 took 1.258 ms (1258 us)
- Inference_425 took 1.355 ms (1355 us)
- Inference_426 took 1.383 ms (1383 us)
- Inference_427 took 1.282 ms (1282 us)
- Inference_428 took 1.456 ms (1456 us)
- Inference_429 took 1.449 ms (1449 us)
- Inference_430 took 1.758 ms (1758 us)
- Inference_431 took 1.567 ms (1567 us)
- Inference_432 took 1.547 ms (1547 us)
- Inference_433 took 1.378 ms (1378 us)
- Inference_434 took 1.265 ms (1265 us)
- Inference_435 took 1.319 ms (1319 us)
- Inference_436 took 1.297 ms (1297 us)
- Inference_437 took 1.211 ms (1211 us)
- Inference_438 took 1.245 ms (1245 us)
- Inference_439 took 1.492 ms (1492 us)
- Inference_440 took 1.56 ms (1560 us)
- Inference_441 took 1.603 ms (1603 us)
- Inference_442 took 1.717 ms (1717 us)
- Inference_443 took 1.622 ms (1622 us)
- Inference_444 took 1.619 ms (1619 us)
- Inference_445 took 1.588 ms (1588 us)
- Inference_446 took 1.381 ms (1381 us)
- Inference_447 took 1.469 ms (1469 us)
- Inference_448 took 1.545 ms (1545 us)
- Inference_449 took 1.275 ms (1275 us)
- Inference_450 took 1.448 ms (1448 us)
- Inference_451 took 1.594 ms (1594 us)
- Inference_452 took 1.787 ms (1787 us)
- Inference_453 took 1.646 ms (1646 us)
- Inference_454 took 1.271 ms (1271 us)
- Inference_455 took 1.418 ms (1418 us)
- Inference_456 took 1.366 ms (1366 us)
- Inference_457 took 1.301 ms (1301 us)
- Inference_458 took 1.282 ms (1282 us)
- Inference_459 took 1.275 ms (1275 us)
- Inference_460 took 1.274 ms (1274 us)
- Inference_461 took 1.284 ms (1284 us)
- Inference_462 took 1.481 ms (1481 us)
- Inference_463 took 1.437 ms (1437 us)
- Inference_464 took 1.392 ms (1392 us)
- Inference_465 took 1.505 ms (1505 us)
- Inference_466 took 1.447 ms (1447 us)
- Inference_467 took 1.368 ms (1368 us)
- Inference_468 took 1.368 ms (1368 us)
- Inference_469 took 1.359 ms (1359 us)
- Inference_470 took 1.65 ms (1650 us)
- Inference_471 took 1.533 ms (1533 us)
- Inference_472 took 1.489 ms (1489 us)
- Inference_473 took 1.497 ms (1497 us)
- Inference_474 took 1.796 ms (1796 us)
- Inference_475 took 1.609 ms (1609 us)
- Inference_476 took 1.657 ms (1657 us)
- Inference_477 took 1.535 ms (1535 us)
- Inference_478 took 1.51 ms (1510 us)
- Inference_479 took 1.645 ms (1645 us)
- Inference_480 took 1.471 ms (1471 us)
- Inference_481 took 1.52 ms (1520 us)
- Inference_482 took 1.511 ms (1511 us)
- Inference_483 took 1.514 ms (1514 us)
- Inference_484 took 1.347 ms (1347 us)
- Inference_485 took 1.525 ms (1525 us)
- Inference_486 took 1.811 ms (1811 us)
- Inference_487 took 1.525 ms (1525 us)
- Inference_488 took 1.566 ms (1566 us)
- Inference_489 took 1.655 ms (1655 us)
- Inference_490 took 1.716 ms (1716 us)
- Inference_491 took 1.47 ms (1470 us)
- Inference_492 took 1.321 ms (1321 us)
- Inference_493 took 1.248 ms (1248 us)
- Inference_494 took 1.28 ms (1280 us)
- Inference_495 took 1.394 ms (1394 us)
- Inference_496 took 1.526 ms (1526 us)
- Inference_497 took 1.64 ms (1640 us)
- Inference_498 took 1.654 ms (1654 us)
- Inference_499 took 1.42 ms (1420 us)
- Postprocessing took 0.014 ms (14 us)


[INFO] Generating Ops-level profiling (log)

INFO: Profiling Info for Benchmark Initialization:
============================== Run Order ==============================
	                             [node type]	  [first]	 [avg ms]	     [%]	  [cdf%]	  [mem KB]	[times called]	[Name]
	                 ModifyGraphWithDelegate	    4.071	    4.071	 57.153%	 57.153%	 15616.000	        1	ModifyGraphWithDelegate/0
	                         AllocateTensors	    3.052	    3.052	 42.847%	100.000%	  7424.000	        1	AllocateTensors/0

============================== Top by Computation Time ==============================
	                             [node type]	  [first]	 [avg ms]	     [%]	  [cdf%]	  [mem KB]	[times called]	[Name]
	                 ModifyGraphWithDelegate	    4.071	    4.071	 57.153%	 57.153%	 15616.000	        1	ModifyGraphWithDelegate/0
	                         AllocateTensors	    3.052	    3.052	 42.847%	100.000%	  7424.000	        1	AllocateTensors/0

Number of nodes executed: 2
============================== Summary by node type ==============================
	                             [Node type]	  [count]	  [avg ms]	    [avg %]	    [cdf %]	  [mem KB]	[times called]
	                 ModifyGraphWithDelegate	        1	     4.071	    57.153%	    57.153%	 15616.000	        1
	                         AllocateTensors	        1	     3.052	    42.847%	   100.000%	  7424.000	        1

Timings (microseconds): count=2 curr=7123(all same)
Memory (bytes): count=0
2 nodes observed



INFO: Operator-wise Profiling Info for Regular Benchmark Runs:
============================== Run Order ==============================
	                             [node type]	  [first]	 [avg ms]	     [%]	  [cdf%]	  [mem KB]	[times called]	[Name]
	           Convolution (NHWC, F32) IGEMM	    0.181	    0.109	  7.904%	  7.904%	     0.000	        1	Delegate/Convolution (NHWC, F32) IGEMM:0
	          Convolution (NHWC, F32) DWConv	    0.026	    0.023	  1.650%	  9.554%	     0.000	        1	Delegate/Convolution (NHWC, F32) DWConv:1
	          Fully Connected (NC, F32) GEMM	    0.031	    0.030	  2.157%	 11.711%	     0.000	        1	Delegate/Fully Connected (NC, F32) GEMM:2
	          Convolution (NHWC, F32) DWConv	    0.013	    0.014	  1.032%	 12.743%	     0.000	        1	Delegate/Convolution (NHWC, F32) DWConv:3
	          Fully Connected (NC, F32) GEMM	    0.028	    0.029	  2.110%	 14.853%	     0.000	        1	Delegate/Fully Connected (NC, F32) GEMM:4
	          Convolution (NHWC, F32) DWConv	    0.008	    0.009	  0.667%	 15.521%	     0.000	        1	Delegate/Convolution (NHWC, F32) DWConv:5
	          Fully Connected (NC, F32) GEMM	    0.020	    0.020	  1.472%	 16.993%	     0.000	        1	Delegate/Fully Connected (NC, F32) GEMM:6
	          Convolution (NHWC, F32) DWConv	    0.012	    0.013	  0.975%	 17.967%	     0.000	        1	Delegate/Convolution (NHWC, F32) DWConv:7
	          Fully Connected (NC, F32) GEMM	    0.053	    0.051	  3.742%	 21.709%	     0.000	        1	Delegate/Fully Connected (NC, F32) GEMM:8
	          Convolution (NHWC, F32) DWConv	    0.013	    0.013	  0.926%	 22.636%	     0.000	        1	Delegate/Convolution (NHWC, F32) DWConv:9
	          Fully Connected (NC, F32) GEMM	    0.054	    0.052	  3.792%	 26.428%	     0.000	        1	Delegate/Fully Connected (NC, F32) GEMM:10
	          Convolution (NHWC, F32) DWConv	    0.014	    0.013	  0.920%	 27.347%	     0.000	        1	Delegate/Convolution (NHWC, F32) DWConv:11
	          Fully Connected (NC, F32) GEMM	    0.050	    0.051	  3.701%	 31.048%	     0.000	        1	Delegate/Fully Connected (NC, F32) GEMM:12
	          Convolution (NHWC, F32) DWConv	    0.013	    0.012	  0.850%	 31.898%	     0.000	        1	Delegate/Convolution (NHWC, F32) DWConv:13
	          Fully Connected (NC, F32) GEMM	    0.050	    0.051	  3.748%	 35.646%	     0.000	        1	Delegate/Fully Connected (NC, F32) GEMM:14
	          Convolution (NHWC, F32) DWConv	    0.011	    0.011	  0.837%	 36.484%	     0.000	        1	Delegate/Convolution (NHWC, F32) DWConv:15
	          Fully Connected (NC, F32) GEMM	    0.052	    0.052	  3.810%	 40.293%	     0.000	        1	Delegate/Fully Connected (NC, F32) GEMM:16
	          Convolution (NHWC, F32) DWConv	    0.010	    0.012	  0.869%	 41.162%	     0.000	        1	Delegate/Convolution (NHWC, F32) DWConv:17
	          Fully Connected (NC, F32) GEMM	    0.047	    0.052	  3.783%	 44.945%	     0.000	        1	Delegate/Fully Connected (NC, F32) GEMM:18
	          Convolution (NHWC, F32) DWConv	    0.011	    0.011	  0.789%	 45.734%	     0.000	        1	Delegate/Convolution (NHWC, F32) DWConv:19
	          Fully Connected (NC, F32) GEMM	    0.051	    0.052	  3.806%	 49.540%	     0.000	        1	Delegate/Fully Connected (NC, F32) GEMM:20
	          Convolution (NHWC, F32) DWConv	    0.007	    0.007	  0.539%	 50.079%	     0.000	        1	Delegate/Convolution (NHWC, F32) DWConv:21
	          Fully Connected (NC, F32) GEMM	    0.029	    0.028	  2.045%	 52.124%	     0.000	        1	Delegate/Fully Connected (NC, F32) GEMM:22
	          Convolution (NHWC, F32) DWConv	    0.007	    0.009	  0.622%	 52.746%	     0.000	        1	Delegate/Convolution (NHWC, F32) DWConv:23
	          Fully Connected (NC, F32) GEMM	    0.051	    0.056	  4.087%	 56.833%	     0.000	        1	Delegate/Fully Connected (NC, F32) GEMM:24
	          Convolution (NHWC, F32) DWConv	    0.007	    0.008	  0.580%	 57.412%	     0.000	        1	Delegate/Convolution (NHWC, F32) DWConv:25
	          Fully Connected (NC, F32) GEMM	    0.051	    0.055	  4.031%	 61.444%	     0.000	        1	Delegate/Fully Connected (NC, F32) GEMM:26
	          Convolution (NHWC, F32) DWConv	    0.008	    0.009	  0.638%	 62.081%	     0.000	        1	Delegate/Convolution (NHWC, F32) DWConv:27
	          Fully Connected (NC, F32) GEMM	    0.051	    0.056	  4.080%	 66.162%	     0.000	        1	Delegate/Fully Connected (NC, F32) GEMM:28
	          Convolution (NHWC, F32) DWConv	    0.015	    0.008	  0.584%	 66.746%	     0.000	        1	Delegate/Convolution (NHWC, F32) DWConv:29
	          Fully Connected (NC, F32) GEMM	    0.051	    0.055	  3.998%	 70.743%	     0.000	        1	Delegate/Fully Connected (NC, F32) GEMM:30
	          Convolution (NHWC, F32) DWConv	    0.008	    0.008	  0.594%	 71.338%	     0.000	        1	Delegate/Convolution (NHWC, F32) DWConv:31
	          Fully Connected (NC, F32) GEMM	    0.050	    0.055	  3.979%	 75.317%	     0.000	        1	Delegate/Fully Connected (NC, F32) GEMM:32
	          Convolution (NHWC, F32) DWConv	    0.006	    0.008	  0.547%	 75.863%	     0.000	        1	Delegate/Convolution (NHWC, F32) DWConv:33
	          Fully Connected (NC, F32) GEMM	    0.050	    0.056	  4.061%	 79.924%	     0.000	        1	Delegate/Fully Connected (NC, F32) GEMM:34
	          Convolution (NHWC, F32) DWConv	    0.007	    0.008	  0.595%	 80.519%	     0.000	        1	Delegate/Convolution (NHWC, F32) DWConv:35
	          Fully Connected (NC, F32) GEMM	    0.051	    0.056	  4.053%	 84.571%	     0.000	        1	Delegate/Fully Connected (NC, F32) GEMM:36
	          Convolution (NHWC, F32) DWConv	    0.007	    0.007	  0.539%	 85.110%	     0.000	        1	Delegate/Convolution (NHWC, F32) DWConv:37
	          Fully Connected (NC, F32) GEMM	    0.050	    0.056	  4.087%	 89.198%	     0.000	        1	Delegate/Fully Connected (NC, F32) GEMM:38
	          Convolution (NHWC, F32) DWConv	    0.007	    0.008	  0.595%	 89.793%	     0.000	        1	Delegate/Convolution (NHWC, F32) DWConv:39
	          Fully Connected (NC, F32) GEMM	    0.050	    0.056	  4.044%	 93.837%	     0.000	        1	Delegate/Fully Connected (NC, F32) GEMM:40
	          Convolution (NHWC, F32) DWConv	    0.004	    0.005	  0.397%	 94.234%	     0.000	        1	Delegate/Convolution (NHWC, F32) DWConv:41
	          Fully Connected (NC, F32) GEMM	    0.051	    0.056	  4.104%	 98.338%	     0.000	        1	Delegate/Fully Connected (NC, F32) GEMM:42
	                         Sum (ND) Reduce	    0.005	    0.006	  0.405%	 98.743%	     0.000	        1	Delegate/Sum (ND) Reduce:43
	          Fully Connected (NC, F32) GEMM	    0.014	    0.017	  1.257%	100.000%	     0.000	        1	Delegate/Fully Connected (NC, F32) GEMM:44

============================== Top by Computation Time ==============================
	                             [node type]	  [first]	 [avg ms]	     [%]	  [cdf%]	  [mem KB]	[times called]	[Name]
	           Convolution (NHWC, F32) IGEMM	    0.181	    0.109	  7.904%	  7.904%	     0.000	        1	Delegate/Convolution (NHWC, F32) IGEMM:0
	          Fully Connected (NC, F32) GEMM	    0.051	    0.056	  4.104%	 12.008%	     0.000	        1	Delegate/Fully Connected (NC, F32) GEMM:42
	          Fully Connected (NC, F32) GEMM	    0.050	    0.056	  4.087%	 16.096%	     0.000	        1	Delegate/Fully Connected (NC, F32) GEMM:38
	          Fully Connected (NC, F32) GEMM	    0.051	    0.056	  4.087%	 20.182%	     0.000	        1	Delegate/Fully Connected (NC, F32) GEMM:24
	          Fully Connected (NC, F32) GEMM	    0.051	    0.056	  4.080%	 24.263%	     0.000	        1	Delegate/Fully Connected (NC, F32) GEMM:28
	          Fully Connected (NC, F32) GEMM	    0.050	    0.056	  4.061%	 28.324%	     0.000	        1	Delegate/Fully Connected (NC, F32) GEMM:34
	          Fully Connected (NC, F32) GEMM	    0.051	    0.056	  4.053%	 32.376%	     0.000	        1	Delegate/Fully Connected (NC, F32) GEMM:36
	          Fully Connected (NC, F32) GEMM	    0.050	    0.056	  4.044%	 36.420%	     0.000	        1	Delegate/Fully Connected (NC, F32) GEMM:40
	          Fully Connected (NC, F32) GEMM	    0.051	    0.055	  4.031%	 40.452%	     0.000	        1	Delegate/Fully Connected (NC, F32) GEMM:26
	          Fully Connected (NC, F32) GEMM	    0.051	    0.055	  3.998%	 44.449%	     0.000	        1	Delegate/Fully Connected (NC, F32) GEMM:30

Number of nodes executed: 45
============================== Summary by node type ==============================
	                             [Node type]	  [count]	  [avg ms]	    [avg %]	    [cdf %]	  [mem KB]	[times called]
	          Fully Connected (NC, F32) GEMM	       22	     1.033	    76.405%	    76.405%	     0.000	       22
	          Convolution (NHWC, F32) DWConv	       21	     0.206	    15.237%	    91.642%	     0.000	       21
	           Convolution (NHWC, F32) IGEMM	        1	     0.108	     7.988%	    99.630%	     0.000	        1
	                         Sum (ND) Reduce	        1	     0.005	     0.370%	   100.000%	     0.000	        1

Timings (microseconds): count=500 first=1385 curr=1386 min=1159 max=1927 avg=1373.42 std=159
Memory (bytes): count=0
45 nodes observed



