Running main profile with model ./models/mobileone_s0.tflite and image ./images/dog.jpg (threads: 4, delegate: xnnpack, warmup: 100, profiling: 500)

====== main_cpu with profiling ====
[INFO] Model path: ./models/mobileone_s0.tflite
[INFO] Image path: ./images/dog.jpg
[INFO] Label path: ./labels.json
[INFO] Profiling result path: ./log/output_main_profile_mobileone_s0_xnnpack_4threads.csv
[INFO] Profiling enabled: YES
[INFO] Number of threads: 4
[INFO] Delegate type: xnnpack
[INFO] Warmup runs: 100
[INFO] Profiling runs: 500
[INFO] Model type detected: FP32
[INFO] Initializing profiler...
[INFO] Loading model from: ./models/mobileone_s0.tflite
INFO: Initialized TensorFlow Lite runtime.
[INFO] Model signature keys:The Model contains 1 signature key(s).They are listed below: -> Signature Key: serving_default
Note (XNNPACK): [xnn_initialize]: initializing XNNPACK  (xnn_initialize, external/XNNPACK/src/init.c:49)
Note (XNNPACK): l1_data_cache_bytes=49152, l1_data_cache_line_size=64, l1_data_cache_associativity=12, l1_data_cache_num_sets=64. (init_hardware_config, external/XNNPACK/src/configs/hardware-config.c:342)
Note (XNNPACK): l2_data_cache_bytes=2097152, l2_data_cache_line_size=64, l2_data_cache_associativity=16, l2_data_cache_num_sets=2048. (init_hardware_config, external/XNNPACK/src/configs/hardware-config.c:361)
Note (XNNPACK): [xnn_initialize]: return  (xnn_initialize, external/XNNPACK/src/init.c:66)
INFO: Created TensorFlow Lite XNNPACK delegate for CPU.
VERBOSE: XNNPack weight cache not enabled.
VERBOSE: Replacing 50 out of 50 node(s) with delegate (TfLiteXNNPackDelegate) node, yielding 1 partitions for subgraph 0.
VERBOSE: SubgraphInit called with params: 0x6340e3865570, length: 0
VERBOSE: SubgraphCreate: called
Note (XNNPACK): [xnn_create_subgraph]: external_value_ids=139, flags=0x0 (xnn_create_subgraph, external/XNNPACK/src/subgraph.c:114)
Note (XNNPACK): [xnn_create_subgraph:] return: (xnn_create_subgraph, external/XNNPACK/src/subgraph.c:149)
VERBOSE: SubgraphCreate: created XNNPACK subgraph with 139 external values
VERBOSE: SubgraphCreate: creating XNNPACK runtime with flags: 24
Note (XNNPACK): [xnn_create_runtime_v4]: calling create_runtime_impl (xnn_create_runtime_v4, external/XNNPACK/src/runtime.c:753)
Note (XNNPACK): [create_runtime_impl]: Creating runtime with 50 nodes and 278 values (create_runtime_impl, external/XNNPACK/src/runtime.c:551)
Note (XNNPACK): fuse Constant Pad Node #1 into Convolution 2D Node #0 (xnn_subgraph_fusion, external/XNNPACK/src/subgraph.c:1613)
Note (XNNPACK): fuse Constant Pad Node #3 into Depthwise Convolution 2D Node #2 (xnn_subgraph_fusion, external/XNNPACK/src/subgraph.c:1644)
Note (XNNPACK): fuse Constant Pad Node #8 into Depthwise Convolution 2D Node #7 (xnn_subgraph_fusion, external/XNNPACK/src/subgraph.c:1644)
Note (XNNPACK): fuse Constant Pad Node #25 into Depthwise Convolution 2D Node #24 (xnn_subgraph_fusion, external/XNNPACK/src/subgraph.c:1644)
Note (XNNPACK): fuse Constant Pad Node #46 into Depthwise Convolution 2D Node #45 (xnn_subgraph_fusion, external/XNNPACK/src/subgraph.c:1644)
Note (XNNPACK): [creatre_runtime_impl]: creating node 1: Convolution 2D (create_runtime_impl, external/XNNPACK/src/runtime.c:688)
Note (XNNPACK): Using igemm microkernel 'xnn_f32_igemm_minmax_ukernel_1x16__fma3_broadcast'. (init_f32_igemm_config, external/XNNPACK/src/configs/gemm-config.c:1262)
Note (XNNPACK): Using igemm microkernel 'xnn_f32_igemm_minmax_ukernel_5x16__fma3_broadcast_prfm'. (init_f32_igemm_config, external/XNNPACK/src/configs/gemm-config.c:1263)
Note (XNNPACK): Using gemm microkernel 'xnn_f32_gemm_minmax_ukernel_1x8__fma3_broadcast'. (init_f32_gemm_nr2_config_impl, external/XNNPACK/src/configs/gemm-config.c:1485)
Note (XNNPACK): Using gemm microkernel 'xnn_f32_gemm_minmax_ukernel_5x8__fma3_broadcast'. (init_f32_gemm_nr2_config_impl, external/XNNPACK/src/configs/gemm-config.c:1486)
Note (XNNPACK): Using gemm microkernel 'xnn_f32_gemm_minmax_ukernel_10x8__fma3_broadcast'. (init_f32_gemm_nr2_config_impl, external/XNNPACK/src/configs/gemm-config.c:1487)
Note (XNNPACK): Using igemm microkernel 'xnn_f32_igemm_minmax_ukernel_1x8__fma3_broadcast'. (init_f32_gemm_nr2_config_impl, external/XNNPACK/src/configs/gemm-config.c:1488)
Note (XNNPACK): Using igemm microkernel 'xnn_f32_igemm_minmax_ukernel_5x8__fma3_broadcast'. (init_f32_gemm_nr2_config_impl, external/XNNPACK/src/configs/gemm-config.c:1489)
Note (XNNPACK): Using igemm microkernel 'xnn_f32_igemm_minmax_ukernel_10x8__fma3_broadcast'. (init_f32_gemm_nr2_config_impl, external/XNNPACK/src/configs/gemm-config.c:1490)
Note (XNNPACK): Using gemm microkernel 'xnn_f32_gemm_minmax_ukernel_1x8__fma3_broadcast'. (init_f32_gemm_nr2_config_impl, external/XNNPACK/src/configs/gemm-config.c:1485)
Note (XNNPACK): Using gemm microkernel 'xnn_f32_gemm_minmax_ukernel_5x8__fma3_broadcast'. (init_f32_gemm_nr2_config_impl, external/XNNPACK/src/configs/gemm-config.c:1486)
Note (XNNPACK): Using gemm microkernel 'xnn_f32_gemm_minmax_ukernel_10x8__fma3_broadcast'. (init_f32_gemm_nr2_config_impl, external/XNNPACK/src/configs/gemm-config.c:1487)
Note (XNNPACK): Using igemm microkernel 'xnn_f32_igemm_minmax_ukernel_1x8__fma3_broadcast'. (init_f32_gemm_nr2_config_impl, external/XNNPACK/src/configs/gemm-config.c:1488)
Note (XNNPACK): Using igemm microkernel 'xnn_f32_igemm_minmax_ukernel_5x8__fma3_broadcast'. (init_f32_gemm_nr2_config_impl, external/XNNPACK/src/configs/gemm-config.c:1489)
Note (XNNPACK): Using igemm microkernel 'xnn_f32_igemm_minmax_ukernel_10x8__fma3_broadcast'. (init_f32_gemm_nr2_config_impl, external/XNNPACK/src/configs/gemm-config.c:1490)
Note (XNNPACK): Using dwconv microkernel 'xnn_f32_dwconv_minmax_ukernel_3p16c__fma3'. (init_f32_dwconv_config, external/XNNPACK/src/configs/dwconv-config.c:237)
Note (XNNPACK): Using dwconv microkernel 'xnn_f32_dwconv_minmax_ukernel_4p16c__fma3'. (init_f32_dwconv_config, external/XNNPACK/src/configs/dwconv-config.c:242)
Note (XNNPACK): Using dwconv microkernel 'xnn_f32_dwconv_minmax_ukernel_9p16c__fma3'. (init_f32_dwconv_config, external/XNNPACK/src/configs/dwconv-config.c:247)
Note (XNNPACK): Using dwconv microkernel 'xnn_f32_dwconv_minmax_ukernel_25p16c__fma3'. (init_f32_dwconv_config, external/XNNPACK/src/configs/dwconv-config.c:252)
Note (XNNPACK): Using vmulcaddc microkernel 'xnn_f32_vmulcaddc_minmax_ukernel_c4__sse_2x'. (init_f32_vmulcaddc_config, external/XNNPACK/src/configs/vmulcaddc-config.c:82)
Note (XNNPACK): [creatre_runtime_impl]: creating node 3: Depthwise Convolution 2D (create_runtime_impl, external/XNNPACK/src/runtime.c:688)
Note (XNNPACK): [creatre_runtime_impl]: creating node 4: Fully Connected (create_runtime_impl, external/XNNPACK/src/runtime.c:688)
Note (XNNPACK): [xnn_create_fully_connected_nc_f32] input_channels: 48, output_channels: 48, input_stride: 48, output_stride: 48, flags: 0x0 (xnn_create_fully_connected_nc_f32, external/XNNPACK/src/operators/fully-connected-nc.c:1636)
Note (XNNPACK): Using gemm microkernel 'xnn_f32_gemm_minmax_ukernel_1x16__fma3_broadcast'. (init_f32_gemm_config_impl, external/XNNPACK/src/configs/gemm-config.c:779)
Note (XNNPACK): Using gemm microkernel 'xnn_f32_gemm_minmax_ukernel_2x16__fma3_broadcast'. (init_f32_gemm_config_impl, external/XNNPACK/src/configs/gemm-config.c:780)
Note (XNNPACK): Using gemm microkernel 'xnn_f32_gemm_minmax_ukernel_4x16__fma3_broadcast'. (init_f32_gemm_config_impl, external/XNNPACK/src/configs/gemm-config.c:781)
Note (XNNPACK): Using gemm microkernel 'xnn_f32_gemm_minmax_ukernel_5x16__fma3_broadcast'. (init_f32_gemm_config_impl, external/XNNPACK/src/configs/gemm-config.c:782)
Note (XNNPACK): Using gemm microkernel 'xnn_f32_gemm_minmax_ukernel_1x16__fma3_broadcast'. (init_f32_gemm_config_impl, external/XNNPACK/src/configs/gemm-config.c:779)
Note (XNNPACK): Using gemm microkernel 'xnn_f32_gemm_minmax_ukernel_2x16__fma3_broadcast'. (init_f32_gemm_config_impl, external/XNNPACK/src/configs/gemm-config.c:780)
Note (XNNPACK): Using gemm microkernel 'xnn_f32_gemm_minmax_ukernel_4x16__fma3_broadcast'. (init_f32_gemm_config_impl, external/XNNPACK/src/configs/gemm-config.c:781)
Note (XNNPACK): Using gemm microkernel 'xnn_f32_gemm_minmax_ukernel_5x16__fma3_broadcast'. (init_f32_gemm_config_impl, external/XNNPACK/src/configs/gemm-config.c:782)
Note (XNNPACK): [xnn_create_fully_connected_nc_f32]  gemm_config: 0x6340e26b6080, mr: 5, nr: 16 (xnn_create_fully_connected_nc_f32, external/XNNPACK/src/operators/fully-connected-nc.c:1649)
Note (XNNPACK): [xnn_create_fully_connected_nc_f32]  gemm_nr2_config: 0x6340e26b5660, mr: 10, nr: 8 (xnn_create_fully_connected_nc_f32, external/XNNPACK/src/operators/fully-connected-nc.c:1658)
Note (XNNPACK): [xnn_create_fully_connected_nc_f32]  check if gemm_nr2_config is better than gemm_config (xnn_create_fully_connected_nc_f32, external/XNNPACK/src/operators/fully-connected-nc.c:1664)
Note (XNNPACK): [xnn_create_fully_connected_nc_f32]  selected gemm_config: 0x6340e26b6080, mr: 5, nr: 16 (xnn_create_fully_connected_nc_f32, external/XNNPACK/src/operators/fully-connected-nc.c:1685)
Note (XNNPACK): [create_fully_connected_nc_f32] input_channels: 48, output_channels: 48, input_stride: 48, output_stride: 48, flags: 0x0 (create_fully_connected_nc_f32, external/XNNPACK/src/operators/fully-connected-nc.c:1548)
Note (XNNPACK): [create_fully_connected_nc]: call (create_fully_connected_nc, external/XNNPACK/src/operators/fully-connected-nc.c:58)
Note (XNNPACK): [create_fully_connected_nc] created Fully Connected (NC, F32) operator (create_fully_connected_nc, external/XNNPACK/src/operators/fully-connected-nc.c:334)
Note (XNNPACK): 

 (create_fully_connected_nc, external/XNNPACK/src/operators/fully-connected-nc.c:337)
Note (XNNPACK): [creatre_runtime_impl]: creating node 5: Depthwise Convolution 2D (create_runtime_impl, external/XNNPACK/src/runtime.c:688)
Note (XNNPACK): [creatre_runtime_impl]: creating node 6: Fully Connected (create_runtime_impl, external/XNNPACK/src/runtime.c:688)
Note (XNNPACK): [xnn_create_fully_connected_nc_f32] input_channels: 48, output_channels: 48, input_stride: 48, output_stride: 48, flags: 0x0 (xnn_create_fully_connected_nc_f32, external/XNNPACK/src/operators/fully-connected-nc.c:1636)
Note (XNNPACK): [xnn_create_fully_connected_nc_f32]  gemm_config: 0x6340e26b6080, mr: 5, nr: 16 (xnn_create_fully_connected_nc_f32, external/XNNPACK/src/operators/fully-connected-nc.c:1649)
Note (XNNPACK): [xnn_create_fully_connected_nc_f32]  gemm_nr2_config: 0x6340e26b5660, mr: 10, nr: 8 (xnn_create_fully_connected_nc_f32, external/XNNPACK/src/operators/fully-connected-nc.c:1658)
Note (XNNPACK): [xnn_create_fully_connected_nc_f32]  check if gemm_nr2_config is better than gemm_config (xnn_create_fully_connected_nc_f32, external/XNNPACK/src/operators/fully-connected-nc.c:1664)
Note (XNNPACK): [xnn_create_fully_connected_nc_f32]  selected gemm_config: 0x6340e26b6080, mr: 5, nr: 16 (xnn_create_fully_connected_nc_f32, external/XNNPACK/src/operators/fully-connected-nc.c:1685)
Note (XNNPACK): [create_fully_connected_nc_f32] input_channels: 48, output_channels: 48, input_stride: 48, output_stride: 48, flags: 0x0 (create_fully_connected_nc_f32, external/XNNPACK/src/operators/fully-connected-nc.c:1548)
Note (XNNPACK): [create_fully_connected_nc]: call (create_fully_connected_nc, external/XNNPACK/src/operators/fully-connected-nc.c:58)
Note (XNNPACK): [create_fully_connected_nc] created Fully Connected (NC, F32) operator (create_fully_connected_nc, external/XNNPACK/src/operators/fully-connected-nc.c:334)
Note (XNNPACK): 

 (create_fully_connected_nc, external/XNNPACK/src/operators/fully-connected-nc.c:337)
Note (XNNPACK): [creatre_runtime_impl]: creating node 8: Depthwise Convolution 2D (create_runtime_impl, external/XNNPACK/src/runtime.c:688)
Note (XNNPACK): [creatre_runtime_impl]: creating node 9: Fully Connected (create_runtime_impl, external/XNNPACK/src/runtime.c:688)
Note (XNNPACK): [xnn_create_fully_connected_nc_f32] input_channels: 48, output_channels: 128, input_stride: 48, output_stride: 128, flags: 0x0 (xnn_create_fully_connected_nc_f32, external/XNNPACK/src/operators/fully-connected-nc.c:1636)
Note (XNNPACK): [xnn_create_fully_connected_nc_f32]  gemm_config: 0x6340e26b6080, mr: 5, nr: 16 (xnn_create_fully_connected_nc_f32, external/XNNPACK/src/operators/fully-connected-nc.c:1649)
Note (XNNPACK): [xnn_create_fully_connected_nc_f32]  gemm_nr2_config: 0x6340e26b5660, mr: 10, nr: 8 (xnn_create_fully_connected_nc_f32, external/XNNPACK/src/operators/fully-connected-nc.c:1658)
Note (XNNPACK): [xnn_create_fully_connected_nc_f32]  check if gemm_nr2_config is better than gemm_config (xnn_create_fully_connected_nc_f32, external/XNNPACK/src/operators/fully-connected-nc.c:1664)
Note (XNNPACK): [xnn_create_fully_connected_nc_f32]  selected gemm_config: 0x6340e26b6080, mr: 5, nr: 16 (xnn_create_fully_connected_nc_f32, external/XNNPACK/src/operators/fully-connected-nc.c:1685)
Note (XNNPACK): [create_fully_connected_nc_f32] input_channels: 48, output_channels: 128, input_stride: 48, output_stride: 128, flags: 0x0 (create_fully_connected_nc_f32, external/XNNPACK/src/operators/fully-connected-nc.c:1548)
Note (XNNPACK): [create_fully_connected_nc]: call (create_fully_connected_nc, external/XNNPACK/src/operators/fully-connected-nc.c:58)
Note (XNNPACK): [create_fully_connected_nc] created Fully Connected (NC, F32) operator (create_fully_connected_nc, external/XNNPACK/src/operators/fully-connected-nc.c:334)
Note (XNNPACK): 

 (create_fully_connected_nc, external/XNNPACK/src/operators/fully-connected-nc.c:337)
Note (XNNPACK): [creatre_runtime_impl]: creating node 10: Depthwise Convolution 2D (create_runtime_impl, external/XNNPACK/src/runtime.c:688)
Note (XNNPACK): [creatre_runtime_impl]: creating node 11: Fully Connected (create_runtime_impl, external/XNNPACK/src/runtime.c:688)
Note (XNNPACK): [xnn_create_fully_connected_nc_f32] input_channels: 128, output_channels: 128, input_stride: 128, output_stride: 128, flags: 0x0 (xnn_create_fully_connected_nc_f32, external/XNNPACK/src/operators/fully-connected-nc.c:1636)
Note (XNNPACK): [xnn_create_fully_connected_nc_f32]  gemm_config: 0x6340e26b6080, mr: 5, nr: 16 (xnn_create_fully_connected_nc_f32, external/XNNPACK/src/operators/fully-connected-nc.c:1649)
Note (XNNPACK): [xnn_create_fully_connected_nc_f32]  gemm_nr2_config: 0x6340e26b5660, mr: 10, nr: 8 (xnn_create_fully_connected_nc_f32, external/XNNPACK/src/operators/fully-connected-nc.c:1658)
Note (XNNPACK): [xnn_create_fully_connected_nc_f32]  check if gemm_nr2_config is better than gemm_config (xnn_create_fully_connected_nc_f32, external/XNNPACK/src/operators/fully-connected-nc.c:1664)
Note (XNNPACK): [xnn_create_fully_connected_nc_f32]  selected gemm_config: 0x6340e26b6080, mr: 5, nr: 16 (xnn_create_fully_connected_nc_f32, external/XNNPACK/src/operators/fully-connected-nc.c:1685)
Note (XNNPACK): [create_fully_connected_nc_f32] input_channels: 128, output_channels: 128, input_stride: 128, output_stride: 128, flags: 0x0 (create_fully_connected_nc_f32, external/XNNPACK/src/operators/fully-connected-nc.c:1548)
Note (XNNPACK): [create_fully_connected_nc]: call (create_fully_connected_nc, external/XNNPACK/src/operators/fully-connected-nc.c:58)
Note (XNNPACK): [create_fully_connected_nc] created Fully Connected (NC, F32) operator (create_fully_connected_nc, external/XNNPACK/src/operators/fully-connected-nc.c:334)
Note (XNNPACK): 

 (create_fully_connected_nc, external/XNNPACK/src/operators/fully-connected-nc.c:337)
Note (XNNPACK): [creatre_runtime_impl]: creating node 12: Depthwise Convolution 2D (create_runtime_impl, external/XNNPACK/src/runtime.c:688)
Note (XNNPACK): [creatre_runtime_impl]: creating node 13: Fully Connected (create_runtime_impl, external/XNNPACK/src/runtime.c:688)
Note (XNNPACK): [xnn_create_fully_connected_nc_f32] input_channels: 128, output_channels: 128, input_stride: 128, output_stride: 128, flags: 0x0 (xnn_create_fully_connected_nc_f32, external/XNNPACK/src/operators/fully-connected-nc.c:1636)
Note (XNNPACK): [xnn_create_fully_connected_nc_f32]  gemm_config: 0x6340e26b6080, mr: 5, nr: 16 (xnn_create_fully_connected_nc_f32, external/XNNPACK/src/operators/fully-connected-nc.c:1649)
Note (XNNPACK): [xnn_create_fully_connected_nc_f32]  gemm_nr2_config: 0x6340e26b5660, mr: 10, nr: 8 (xnn_create_fully_connected_nc_f32, external/XNNPACK/src/operators/fully-connected-nc.c:1658)
Note (XNNPACK): [xnn_create_fully_connected_nc_f32]  check if gemm_nr2_config is better than gemm_config (xnn_create_fully_connected_nc_f32, external/XNNPACK/src/operators/fully-connected-nc.c:1664)
Note (XNNPACK): [xnn_create_fully_connected_nc_f32]  selected gemm_config: 0x6340e26b6080, mr: 5, nr: 16 (xnn_create_fully_connected_nc_f32, external/XNNPACK/src/operators/fully-connected-nc.c:1685)
Note (XNNPACK): [create_fully_connected_nc_f32] input_channels: 128, output_channels: 128, input_stride: 128, output_stride: 128, flags: 0x0 (create_fully_connected_nc_f32, external/XNNPACK/src/operators/fully-connected-nc.c:1548)
Note (XNNPACK): [create_fully_connected_nc]: call (create_fully_connected_nc, external/XNNPACK/src/operators/fully-connected-nc.c:58)
Note (XNNPACK): [create_fully_connected_nc] created Fully Connected (NC, F32) operator (create_fully_connected_nc, external/XNNPACK/src/operators/fully-connected-nc.c:334)
Note (XNNPACK): 

 (create_fully_connected_nc, external/XNNPACK/src/operators/fully-connected-nc.c:337)
Note (XNNPACK): [creatre_runtime_impl]: creating node 14: Depthwise Convolution 2D (create_runtime_impl, external/XNNPACK/src/runtime.c:688)
Note (XNNPACK): [creatre_runtime_impl]: creating node 15: Fully Connected (create_runtime_impl, external/XNNPACK/src/runtime.c:688)
Note (XNNPACK): [xnn_create_fully_connected_nc_f32] input_channels: 128, output_channels: 128, input_stride: 128, output_stride: 128, flags: 0x0 (xnn_create_fully_connected_nc_f32, external/XNNPACK/src/operators/fully-connected-nc.c:1636)
Note (XNNPACK): [xnn_create_fully_connected_nc_f32]  gemm_config: 0x6340e26b6080, mr: 5, nr: 16 (xnn_create_fully_connected_nc_f32, external/XNNPACK/src/operators/fully-connected-nc.c:1649)
Note (XNNPACK): [xnn_create_fully_connected_nc_f32]  gemm_nr2_config: 0x6340e26b5660, mr: 10, nr: 8 (xnn_create_fully_connected_nc_f32, external/XNNPACK/src/operators/fully-connected-nc.c:1658)
Note (XNNPACK): [xnn_create_fully_connected_nc_f32]  check if gemm_nr2_config is better than gemm_config (xnn_create_fully_connected_nc_f32, external/XNNPACK/src/operators/fully-connected-nc.c:1664)
Note (XNNPACK): [xnn_create_fully_connected_nc_f32]  selected gemm_config: 0x6340e26b6080, mr: 5, nr: 16 (xnn_create_fully_connected_nc_f32, external/XNNPACK/src/operators/fully-connected-nc.c:1685)
Note (XNNPACK): [create_fully_connected_nc_f32] input_channels: 128, output_channels: 128, input_stride: 128, output_stride: 128, flags: 0x0 (create_fully_connected_nc_f32, external/XNNPACK/src/operators/fully-connected-nc.c:1548)
Note (XNNPACK): [create_fully_connected_nc]: call (create_fully_connected_nc, external/XNNPACK/src/operators/fully-connected-nc.c:58)
Note (XNNPACK): [create_fully_connected_nc] created Fully Connected (NC, F32) operator (create_fully_connected_nc, external/XNNPACK/src/operators/fully-connected-nc.c:334)
Note (XNNPACK): 

 (create_fully_connected_nc, external/XNNPACK/src/operators/fully-connected-nc.c:337)
Note (XNNPACK): [creatre_runtime_impl]: creating node 16: Depthwise Convolution 2D (create_runtime_impl, external/XNNPACK/src/runtime.c:688)
Note (XNNPACK): [creatre_runtime_impl]: creating node 17: Fully Connected (create_runtime_impl, external/XNNPACK/src/runtime.c:688)
Note (XNNPACK): [xnn_create_fully_connected_nc_f32] input_channels: 128, output_channels: 128, input_stride: 128, output_stride: 128, flags: 0x0 (xnn_create_fully_connected_nc_f32, external/XNNPACK/src/operators/fully-connected-nc.c:1636)
Note (XNNPACK): [xnn_create_fully_connected_nc_f32]  gemm_config: 0x6340e26b6080, mr: 5, nr: 16 (xnn_create_fully_connected_nc_f32, external/XNNPACK/src/operators/fully-connected-nc.c:1649)
Note (XNNPACK): [xnn_create_fully_connected_nc_f32]  gemm_nr2_config: 0x6340e26b5660, mr: 10, nr: 8 (xnn_create_fully_connected_nc_f32, external/XNNPACK/src/operators/fully-connected-nc.c:1658)
Note (XNNPACK): [xnn_create_fully_connected_nc_f32]  check if gemm_nr2_config is better than gemm_config (xnn_create_fully_connected_nc_f32, external/XNNPACK/src/operators/fully-connected-nc.c:1664)
Note (XNNPACK): [xnn_create_fully_connected_nc_f32]  selected gemm_config: 0x6340e26b6080, mr: 5, nr: 16 (xnn_create_fully_connected_nc_f32, external/XNNPACK/src/operators/fully-connected-nc.c:1685)
Note (XNNPACK): [create_fully_connected_nc_f32] input_channels: 128, output_channels: 128, input_stride: 128, output_stride: 128, flags: 0x0 (create_fully_connected_nc_f32, external/XNNPACK/src/operators/fully-connected-nc.c:1548)
Note (XNNPACK): [create_fully_connected_nc]: call (create_fully_connected_nc, external/XNNPACK/src/operators/fully-connected-nc.c:58)
Note (XNNPACK): [create_fully_connected_nc] created Fully Connected (NC, F32) operator (create_fully_connected_nc, external/XNNPACK/src/operators/fully-connected-nc.c:334)
Note (XNNPACK): 

 (create_fully_connected_nc, external/XNNPACK/src/operators/fully-connected-nc.c:337)
Note (XNNPACK): [creatre_runtime_impl]: creating node 18: Depthwise Convolution 2D (create_runtime_impl, external/XNNPACK/src/runtime.c:688)
Note (XNNPACK): [creatre_runtime_impl]: creating node 19: Fully Connected (create_runtime_impl, external/XNNPACK/src/runtime.c:688)
Note (XNNPACK): [xnn_create_fully_connected_nc_f32] input_channels: 128, output_channels: 128, input_stride: 128, output_stride: 128, flags: 0x0 (xnn_create_fully_connected_nc_f32, external/XNNPACK/src/operators/fully-connected-nc.c:1636)
Note (XNNPACK): [xnn_create_fully_connected_nc_f32]  gemm_config: 0x6340e26b6080, mr: 5, nr: 16 (xnn_create_fully_connected_nc_f32, external/XNNPACK/src/operators/fully-connected-nc.c:1649)
Note (XNNPACK): [xnn_create_fully_connected_nc_f32]  gemm_nr2_config: 0x6340e26b5660, mr: 10, nr: 8 (xnn_create_fully_connected_nc_f32, external/XNNPACK/src/operators/fully-connected-nc.c:1658)
Note (XNNPACK): [xnn_create_fully_connected_nc_f32]  check if gemm_nr2_config is better than gemm_config (xnn_create_fully_connected_nc_f32, external/XNNPACK/src/operators/fully-connected-nc.c:1664)
Note (XNNPACK): [xnn_create_fully_connected_nc_f32]  selected gemm_config: 0x6340e26b6080, mr: 5, nr: 16 (xnn_create_fully_connected_nc_f32, external/XNNPACK/src/operators/fully-connected-nc.c:1685)
Note (XNNPACK): [create_fully_connected_nc_f32] input_channels: 128, output_channels: 128, input_stride: 128, output_stride: 128, flags: 0x0 (create_fully_connected_nc_f32, external/XNNPACK/src/operators/fully-connected-nc.c:1548)
Note (XNNPACK): [create_fully_connected_nc]: call (create_fully_connected_nc, external/XNNPACK/src/operators/fully-connected-nc.c:58)
Note (XNNPACK): [create_fully_connected_nc] created Fully Connected (NC, F32) operator (create_fully_connected_nc, external/XNNPACK/src/operators/fully-connected-nc.c:334)
Note (XNNPACK): 

 (create_fully_connected_nc, external/XNNPACK/src/operators/fully-connected-nc.c:337)
Note (XNNPACK): [creatre_runtime_impl]: creating node 20: Depthwise Convolution 2D (create_runtime_impl, external/XNNPACK/src/runtime.c:688)
Note (XNNPACK): [creatre_runtime_impl]: creating node 21: Fully Connected (create_runtime_impl, external/XNNPACK/src/runtime.c:688)
Note (XNNPACK): [xnn_create_fully_connected_nc_f32] input_channels: 128, output_channels: 128, input_stride: 128, output_stride: 128, flags: 0x0 (xnn_create_fully_connected_nc_f32, external/XNNPACK/src/operators/fully-connected-nc.c:1636)
Note (XNNPACK): [xnn_create_fully_connected_nc_f32]  gemm_config: 0x6340e26b6080, mr: 5, nr: 16 (xnn_create_fully_connected_nc_f32, external/XNNPACK/src/operators/fully-connected-nc.c:1649)
Note (XNNPACK): [xnn_create_fully_connected_nc_f32]  gemm_nr2_config: 0x6340e26b5660, mr: 10, nr: 8 (xnn_create_fully_connected_nc_f32, external/XNNPACK/src/operators/fully-connected-nc.c:1658)
Note (XNNPACK): [xnn_create_fully_connected_nc_f32]  check if gemm_nr2_config is better than gemm_config (xnn_create_fully_connected_nc_f32, external/XNNPACK/src/operators/fully-connected-nc.c:1664)
Note (XNNPACK): [xnn_create_fully_connected_nc_f32]  selected gemm_config: 0x6340e26b6080, mr: 5, nr: 16 (xnn_create_fully_connected_nc_f32, external/XNNPACK/src/operators/fully-connected-nc.c:1685)
Note (XNNPACK): [create_fully_connected_nc_f32] input_channels: 128, output_channels: 128, input_stride: 128, output_stride: 128, flags: 0x0 (create_fully_connected_nc_f32, external/XNNPACK/src/operators/fully-connected-nc.c:1548)
Note (XNNPACK): [create_fully_connected_nc]: call (create_fully_connected_nc, external/XNNPACK/src/operators/fully-connected-nc.c:58)
Note (XNNPACK): [create_fully_connected_nc] created Fully Connected (NC, F32) operator (create_fully_connected_nc, external/XNNPACK/src/operators/fully-connected-nc.c:334)
Note (XNNPACK): 

 (create_fully_connected_nc, external/XNNPACK/src/operators/fully-connected-nc.c:337)
Note (XNNPACK): [creatre_runtime_impl]: creating node 22: Depthwise Convolution 2D (create_runtime_impl, external/XNNPACK/src/runtime.c:688)
Note (XNNPACK): [creatre_runtime_impl]: creating node 23: Fully Connected (create_runtime_impl, external/XNNPACK/src/runtime.c:688)
Note (XNNPACK): [xnn_create_fully_connected_nc_f32] input_channels: 128, output_channels: 128, input_stride: 128, output_stride: 128, flags: 0x0 (xnn_create_fully_connected_nc_f32, external/XNNPACK/src/operators/fully-connected-nc.c:1636)
Note (XNNPACK): [xnn_create_fully_connected_nc_f32]  gemm_config: 0x6340e26b6080, mr: 5, nr: 16 (xnn_create_fully_connected_nc_f32, external/XNNPACK/src/operators/fully-connected-nc.c:1649)
Note (XNNPACK): [xnn_create_fully_connected_nc_f32]  gemm_nr2_config: 0x6340e26b5660, mr: 10, nr: 8 (xnn_create_fully_connected_nc_f32, external/XNNPACK/src/operators/fully-connected-nc.c:1658)
Note (XNNPACK): [xnn_create_fully_connected_nc_f32]  check if gemm_nr2_config is better than gemm_config (xnn_create_fully_connected_nc_f32, external/XNNPACK/src/operators/fully-connected-nc.c:1664)
Note (XNNPACK): [xnn_create_fully_connected_nc_f32]  selected gemm_config: 0x6340e26b6080, mr: 5, nr: 16 (xnn_create_fully_connected_nc_f32, external/XNNPACK/src/operators/fully-connected-nc.c:1685)
Note (XNNPACK): [create_fully_connected_nc_f32] input_channels: 128, output_channels: 128, input_stride: 128, output_stride: 128, flags: 0x0 (create_fully_connected_nc_f32, external/XNNPACK/src/operators/fully-connected-nc.c:1548)
Note (XNNPACK): [create_fully_connected_nc]: call (create_fully_connected_nc, external/XNNPACK/src/operators/fully-connected-nc.c:58)
Note (XNNPACK): [create_fully_connected_nc] created Fully Connected (NC, F32) operator (create_fully_connected_nc, external/XNNPACK/src/operators/fully-connected-nc.c:334)
Note (XNNPACK): 

 (create_fully_connected_nc, external/XNNPACK/src/operators/fully-connected-nc.c:337)
Note (XNNPACK): [creatre_runtime_impl]: creating node 25: Depthwise Convolution 2D (create_runtime_impl, external/XNNPACK/src/runtime.c:688)
Note (XNNPACK): [creatre_runtime_impl]: creating node 26: Fully Connected (create_runtime_impl, external/XNNPACK/src/runtime.c:688)
Note (XNNPACK): [xnn_create_fully_connected_nc_f32] input_channels: 128, output_channels: 256, input_stride: 128, output_stride: 256, flags: 0x0 (xnn_create_fully_connected_nc_f32, external/XNNPACK/src/operators/fully-connected-nc.c:1636)
Note (XNNPACK): [xnn_create_fully_connected_nc_f32]  gemm_config: 0x6340e26b6080, mr: 5, nr: 16 (xnn_create_fully_connected_nc_f32, external/XNNPACK/src/operators/fully-connected-nc.c:1649)
Note (XNNPACK): [xnn_create_fully_connected_nc_f32]  gemm_nr2_config: 0x6340e26b5660, mr: 10, nr: 8 (xnn_create_fully_connected_nc_f32, external/XNNPACK/src/operators/fully-connected-nc.c:1658)
Note (XNNPACK): [xnn_create_fully_connected_nc_f32]  check if gemm_nr2_config is better than gemm_config (xnn_create_fully_connected_nc_f32, external/XNNPACK/src/operators/fully-connected-nc.c:1664)
Note (XNNPACK): [xnn_create_fully_connected_nc_f32]  selected gemm_config: 0x6340e26b6080, mr: 5, nr: 16 (xnn_create_fully_connected_nc_f32, external/XNNPACK/src/operators/fully-connected-nc.c:1685)
Note (XNNPACK): [create_fully_connected_nc_f32] input_channels: 128, output_channels: 256, input_stride: 128, output_stride: 256, flags: 0x0 (create_fully_connected_nc_f32, external/XNNPACK/src/operators/fully-connected-nc.c:1548)
Note (XNNPACK): [create_fully_connected_nc]: call (create_fully_connected_nc, external/XNNPACK/src/operators/fully-connected-nc.c:58)
Note (XNNPACK): [create_fully_connected_nc] created Fully Connected (NC, F32) operator (create_fully_connected_nc, external/XNNPACK/src/operators/fully-connected-nc.c:334)
Note (XNNPACK): 

 (create_fully_connected_nc, external/XNNPACK/src/operators/fully-connected-nc.c:337)
Note (XNNPACK): [creatre_runtime_impl]: creating node 27: Depthwise Convolution 2D (create_runtime_impl, external/XNNPACK/src/runtime.c:688)
Note (XNNPACK): [creatre_runtime_impl]: creating node 28: Fully Connected (create_runtime_impl, external/XNNPACK/src/runtime.c:688)
Note (XNNPACK): [xnn_create_fully_connected_nc_f32] input_channels: 256, output_channels: 256, input_stride: 256, output_stride: 256, flags: 0x0 (xnn_create_fully_connected_nc_f32, external/XNNPACK/src/operators/fully-connected-nc.c:1636)
Note (XNNPACK): [xnn_create_fully_connected_nc_f32]  gemm_config: 0x6340e26b6080, mr: 5, nr: 16 (xnn_create_fully_connected_nc_f32, external/XNNPACK/src/operators/fully-connected-nc.c:1649)
Note (XNNPACK): [xnn_create_fully_connected_nc_f32]  gemm_nr2_config: 0x6340e26b5660, mr: 10, nr: 8 (xnn_create_fully_connected_nc_f32, external/XNNPACK/src/operators/fully-connected-nc.c:1658)
Note (XNNPACK): [xnn_create_fully_connected_nc_f32]  check if gemm_nr2_config is better than gemm_config (xnn_create_fully_connected_nc_f32, external/XNNPACK/src/operators/fully-connected-nc.c:1664)
Note (XNNPACK): [xnn_create_fully_connected_nc_f32]  selected gemm_config: 0x6340e26b6080, mr: 5, nr: 16 (xnn_create_fully_connected_nc_f32, external/XNNPACK/src/operators/fully-connected-nc.c:1685)
Note (XNNPACK): [create_fully_connected_nc_f32] input_channels: 256, output_channels: 256, input_stride: 256, output_stride: 256, flags: 0x0 (create_fully_connected_nc_f32, external/XNNPACK/src/operators/fully-connected-nc.c:1548)
Note (XNNPACK): [create_fully_connected_nc]: call (create_fully_connected_nc, external/XNNPACK/src/operators/fully-connected-nc.c:58)
Note (XNNPACK): [create_fully_connected_nc] created Fully Connected (NC, F32) operator (create_fully_connected_nc, external/XNNPACK/src/operators/fully-connected-nc.c:334)
Note (XNNPACK): 

 (create_fully_connected_nc, external/XNNPACK/src/operators/fully-connected-nc.c:337)
Note (XNNPACK): [creatre_runtime_impl]: creating node 29: Depthwise Convolution 2D (create_runtime_impl, external/XNNPACK/src/runtime.c:688)
Note (XNNPACK): [creatre_runtime_impl]: creating node 30: Fully Connected (create_runtime_impl, external/XNNPACK/src/runtime.c:688)
Note (XNNPACK): [xnn_create_fully_connected_nc_f32] input_channels: 256, output_channels: 256, input_stride: 256, output_stride: 256, flags: 0x0 (xnn_create_fully_connected_nc_f32, external/XNNPACK/src/operators/fully-connected-nc.c:1636)
Note (XNNPACK): [xnn_create_fully_connected_nc_f32]  gemm_config: 0x6340e26b6080, mr: 5, nr: 16 (xnn_create_fully_connected_nc_f32, external/XNNPACK/src/operators/fully-connected-nc.c:1649)
Note (XNNPACK): [xnn_create_fully_connected_nc_f32]  gemm_nr2_config: 0x6340e26b5660, mr: 10, nr: 8 (xnn_create_fully_connected_nc_f32, external/XNNPACK/src/operators/fully-connected-nc.c:1658)
Note (XNNPACK): [xnn_create_fully_connected_nc_f32]  check if gemm_nr2_config is better than gemm_config (xnn_create_fully_connected_nc_f32, external/XNNPACK/src/operators/fully-connected-nc.c:1664)
Note (XNNPACK): [xnn_create_fully_connected_nc_f32]  selected gemm_config: 0x6340e26b6080, mr: 5, nr: 16 (xnn_create_fully_connected_nc_f32, external/XNNPACK/src/operators/fully-connected-nc.c:1685)
Note (XNNPACK): [create_fully_connected_nc_f32] input_channels: 256, output_channels: 256, input_stride: 256, output_stride: 256, flags: 0x0 (create_fully_connected_nc_f32, external/XNNPACK/src/operators/fully-connected-nc.c:1548)
Note (XNNPACK): [create_fully_connected_nc]: call (create_fully_connected_nc, external/XNNPACK/src/operators/fully-connected-nc.c:58)
Note (XNNPACK): [create_fully_connected_nc] created Fully Connected (NC, F32) operator (create_fully_connected_nc, external/XNNPACK/src/operators/fully-connected-nc.c:334)
Note (XNNPACK): 

 (create_fully_connected_nc, external/XNNPACK/src/operators/fully-connected-nc.c:337)
Note (XNNPACK): [creatre_runtime_impl]: creating node 31: Depthwise Convolution 2D (create_runtime_impl, external/XNNPACK/src/runtime.c:688)
Note (XNNPACK): [creatre_runtime_impl]: creating node 32: Fully Connected (create_runtime_impl, external/XNNPACK/src/runtime.c:688)
Note (XNNPACK): [xnn_create_fully_connected_nc_f32] input_channels: 256, output_channels: 256, input_stride: 256, output_stride: 256, flags: 0x0 (xnn_create_fully_connected_nc_f32, external/XNNPACK/src/operators/fully-connected-nc.c:1636)
Note (XNNPACK): [xnn_create_fully_connected_nc_f32]  gemm_config: 0x6340e26b6080, mr: 5, nr: 16 (xnn_create_fully_connected_nc_f32, external/XNNPACK/src/operators/fully-connected-nc.c:1649)
Note (XNNPACK): [xnn_create_fully_connected_nc_f32]  gemm_nr2_config: 0x6340e26b5660, mr: 10, nr: 8 (xnn_create_fully_connected_nc_f32, external/XNNPACK/src/operators/fully-connected-nc.c:1658)
Note (XNNPACK): [xnn_create_fully_connected_nc_f32]  check if gemm_nr2_config is better than gemm_config (xnn_create_fully_connected_nc_f32, external/XNNPACK/src/operators/fully-connected-nc.c:1664)
Note (XNNPACK): [xnn_create_fully_connected_nc_f32]  selected gemm_config: 0x6340e26b6080, mr: 5, nr: 16 (xnn_create_fully_connected_nc_f32, external/XNNPACK/src/operators/fully-connected-nc.c:1685)
Note (XNNPACK): [create_fully_connected_nc_f32] input_channels: 256, output_channels: 256, input_stride: 256, output_stride: 256, flags: 0x0 (create_fully_connected_nc_f32, external/XNNPACK/src/operators/fully-connected-nc.c:1548)
Note (XNNPACK): [create_fully_connected_nc]: call (create_fully_connected_nc, external/XNNPACK/src/operators/fully-connected-nc.c:58)
Note (XNNPACK): [create_fully_connected_nc] created Fully Connected (NC, F32) operator (create_fully_connected_nc, external/XNNPACK/src/operators/fully-connected-nc.c:334)
Note (XNNPACK): 

 (create_fully_connected_nc, external/XNNPACK/src/operators/fully-connected-nc.c:337)
Note (XNNPACK): [creatre_runtime_impl]: creating node 33: Depthwise Convolution 2D (create_runtime_impl, external/XNNPACK/src/runtime.c:688)
Note (XNNPACK): [creatre_runtime_impl]: creating node 34: Fully Connected (create_runtime_impl, external/XNNPACK/src/runtime.c:688)
Note (XNNPACK): [xnn_create_fully_connected_nc_f32] input_channels: 256, output_channels: 256, input_stride: 256, output_stride: 256, flags: 0x0 (xnn_create_fully_connected_nc_f32, external/XNNPACK/src/operators/fully-connected-nc.c:1636)
Note (XNNPACK): [xnn_create_fully_connected_nc_f32]  gemm_config: 0x6340e26b6080, mr: 5, nr: 16 (xnn_create_fully_connected_nc_f32, external/XNNPACK/src/operators/fully-connected-nc.c:1649)
Note (XNNPACK): [xnn_create_fully_connected_nc_f32]  gemm_nr2_config: 0x6340e26b5660, mr: 10, nr: 8 (xnn_create_fully_connected_nc_f32, external/XNNPACK/src/operators/fully-connected-nc.c:1658)
Note (XNNPACK): [xnn_create_fully_connected_nc_f32]  check if gemm_nr2_config is better than gemm_config (xnn_create_fully_connected_nc_f32, external/XNNPACK/src/operators/fully-connected-nc.c:1664)
Note (XNNPACK): [xnn_create_fully_connected_nc_f32]  selected gemm_config: 0x6340e26b6080, mr: 5, nr: 16 (xnn_create_fully_connected_nc_f32, external/XNNPACK/src/operators/fully-connected-nc.c:1685)
Note (XNNPACK): [create_fully_connected_nc_f32] input_channels: 256, output_channels: 256, input_stride: 256, output_stride: 256, flags: 0x0 (create_fully_connected_nc_f32, external/XNNPACK/src/operators/fully-connected-nc.c:1548)
Note (XNNPACK): [create_fully_connected_nc]: call (create_fully_connected_nc, external/XNNPACK/src/operators/fully-connected-nc.c:58)
Note (XNNPACK): [create_fully_connected_nc] created Fully Connected (NC, F32) operator (create_fully_connected_nc, external/XNNPACK/src/operators/fully-connected-nc.c:334)
Note (XNNPACK): 

 (create_fully_connected_nc, external/XNNPACK/src/operators/fully-connected-nc.c:337)
Note (XNNPACK): [creatre_runtime_impl]: creating node 35: Depthwise Convolution 2D (create_runtime_impl, external/XNNPACK/src/runtime.c:688)
Note (XNNPACK): [creatre_runtime_impl]: creating node 36: Fully Connected (create_runtime_impl, external/XNNPACK/src/runtime.c:688)
Note (XNNPACK): [xnn_create_fully_connected_nc_f32] input_channels: 256, output_channels: 256, input_stride: 256, output_stride: 256, flags: 0x0 (xnn_create_fully_connected_nc_f32, external/XNNPACK/src/operators/fully-connected-nc.c:1636)
Note (XNNPACK): [xnn_create_fully_connected_nc_f32]  gemm_config: 0x6340e26b6080, mr: 5, nr: 16 (xnn_create_fully_connected_nc_f32, external/XNNPACK/src/operators/fully-connected-nc.c:1649)
Note (XNNPACK): [xnn_create_fully_connected_nc_f32]  gemm_nr2_config: 0x6340e26b5660, mr: 10, nr: 8 (xnn_create_fully_connected_nc_f32, external/XNNPACK/src/operators/fully-connected-nc.c:1658)
Note (XNNPACK): [xnn_create_fully_connected_nc_f32]  check if gemm_nr2_config is better than gemm_config (xnn_create_fully_connected_nc_f32, external/XNNPACK/src/operators/fully-connected-nc.c:1664)
Note (XNNPACK): [xnn_create_fully_connected_nc_f32]  selected gemm_config: 0x6340e26b6080, mr: 5, nr: 16 (xnn_create_fully_connected_nc_f32, external/XNNPACK/src/operators/fully-connected-nc.c:1685)
Note (XNNPACK): [create_fully_connected_nc_f32] input_channels: 256, output_channels: 256, input_stride: 256, output_stride: 256, flags: 0x0 (create_fully_connected_nc_f32, external/XNNPACK/src/operators/fully-connected-nc.c:1548)
Note (XNNPACK): [create_fully_connected_nc]: call (create_fully_connected_nc, external/XNNPACK/src/operators/fully-connected-nc.c:58)
Note (XNNPACK): [create_fully_connected_nc] created Fully Connected (NC, F32) operator (create_fully_connected_nc, external/XNNPACK/src/operators/fully-connected-nc.c:334)
Note (XNNPACK): 

 (create_fully_connected_nc, external/XNNPACK/src/operators/fully-connected-nc.c:337)
Note (XNNPACK): [creatre_runtime_impl]: creating node 37: Depthwise Convolution 2D (create_runtime_impl, external/XNNPACK/src/runtime.c:688)
Note (XNNPACK): [creatre_runtime_impl]: creating node 38: Fully Connected (create_runtime_impl, external/XNNPACK/src/runtime.c:688)
Note (XNNPACK): [xnn_create_fully_connected_nc_f32] input_channels: 256, output_channels: 256, input_stride: 256, output_stride: 256, flags: 0x0 (xnn_create_fully_connected_nc_f32, external/XNNPACK/src/operators/fully-connected-nc.c:1636)
Note (XNNPACK): [xnn_create_fully_connected_nc_f32]  gemm_config: 0x6340e26b6080, mr: 5, nr: 16 (xnn_create_fully_connected_nc_f32, external/XNNPACK/src/operators/fully-connected-nc.c:1649)
Note (XNNPACK): [xnn_create_fully_connected_nc_f32]  gemm_nr2_config: 0x6340e26b5660, mr: 10, nr: 8 (xnn_create_fully_connected_nc_f32, external/XNNPACK/src/operators/fully-connected-nc.c:1658)
Note (XNNPACK): [xnn_create_fully_connected_nc_f32]  check if gemm_nr2_config is better than gemm_config (xnn_create_fully_connected_nc_f32, external/XNNPACK/src/operators/fully-connected-nc.c:1664)
Note (XNNPACK): [xnn_create_fully_connected_nc_f32]  selected gemm_config: 0x6340e26b6080, mr: 5, nr: 16 (xnn_create_fully_connected_nc_f32, external/XNNPACK/src/operators/fully-connected-nc.c:1685)
Note (XNNPACK): [create_fully_connected_nc_f32] input_channels: 256, output_channels: 256, input_stride: 256, output_stride: 256, flags: 0x0 (create_fully_connected_nc_f32, external/XNNPACK/src/operators/fully-connected-nc.c:1548)
Note (XNNPACK): [create_fully_connected_nc]: call (create_fully_connected_nc, external/XNNPACK/src/operators/fully-connected-nc.c:58)
Note (XNNPACK): [create_fully_connected_nc] created Fully Connected (NC, F32) operator (create_fully_connected_nc, external/XNNPACK/src/operators/fully-connected-nc.c:334)
Note (XNNPACK): 

 (create_fully_connected_nc, external/XNNPACK/src/operators/fully-connected-nc.c:337)
Note (XNNPACK): [creatre_runtime_impl]: creating node 39: Depthwise Convolution 2D (create_runtime_impl, external/XNNPACK/src/runtime.c:688)
Note (XNNPACK): [creatre_runtime_impl]: creating node 40: Fully Connected (create_runtime_impl, external/XNNPACK/src/runtime.c:688)
Note (XNNPACK): [xnn_create_fully_connected_nc_f32] input_channels: 256, output_channels: 256, input_stride: 256, output_stride: 256, flags: 0x0 (xnn_create_fully_connected_nc_f32, external/XNNPACK/src/operators/fully-connected-nc.c:1636)
Note (XNNPACK): [xnn_create_fully_connected_nc_f32]  gemm_config: 0x6340e26b6080, mr: 5, nr: 16 (xnn_create_fully_connected_nc_f32, external/XNNPACK/src/operators/fully-connected-nc.c:1649)
Note (XNNPACK): [xnn_create_fully_connected_nc_f32]  gemm_nr2_config: 0x6340e26b5660, mr: 10, nr: 8 (xnn_create_fully_connected_nc_f32, external/XNNPACK/src/operators/fully-connected-nc.c:1658)
Note (XNNPACK): [xnn_create_fully_connected_nc_f32]  check if gemm_nr2_config is better than gemm_config (xnn_create_fully_connected_nc_f32, external/XNNPACK/src/operators/fully-connected-nc.c:1664)
Note (XNNPACK): [xnn_create_fully_connected_nc_f32]  selected gemm_config: 0x6340e26b6080, mr: 5, nr: 16 (xnn_create_fully_connected_nc_f32, external/XNNPACK/src/operators/fully-connected-nc.c:1685)
Note (XNNPACK): [create_fully_connected_nc_f32] input_channels: 256, output_channels: 256, input_stride: 256, output_stride: 256, flags: 0x0 (create_fully_connected_nc_f32, external/XNNPACK/src/operators/fully-connected-nc.c:1548)
Note (XNNPACK): [create_fully_connected_nc]: call (create_fully_connected_nc, external/XNNPACK/src/operators/fully-connected-nc.c:58)
Note (XNNPACK): [create_fully_connected_nc] created Fully Connected (NC, F32) operator (create_fully_connected_nc, external/XNNPACK/src/operators/fully-connected-nc.c:334)
Note (XNNPACK): 

 (create_fully_connected_nc, external/XNNPACK/src/operators/fully-connected-nc.c:337)
Note (XNNPACK): [creatre_runtime_impl]: creating node 41: Depthwise Convolution 2D (create_runtime_impl, external/XNNPACK/src/runtime.c:688)
Note (XNNPACK): [creatre_runtime_impl]: creating node 42: Fully Connected (create_runtime_impl, external/XNNPACK/src/runtime.c:688)
Note (XNNPACK): [xnn_create_fully_connected_nc_f32] input_channels: 256, output_channels: 256, input_stride: 256, output_stride: 256, flags: 0x0 (xnn_create_fully_connected_nc_f32, external/XNNPACK/src/operators/fully-connected-nc.c:1636)
Note (XNNPACK): [xnn_create_fully_connected_nc_f32]  gemm_config: 0x6340e26b6080, mr: 5, nr: 16 (xnn_create_fully_connected_nc_f32, external/XNNPACK/src/operators/fully-connected-nc.c:1649)
Note (XNNPACK): [xnn_create_fully_connected_nc_f32]  gemm_nr2_config: 0x6340e26b5660, mr: 10, nr: 8 (xnn_create_fully_connected_nc_f32, external/XNNPACK/src/operators/fully-connected-nc.c:1658)
Note (XNNPACK): [xnn_create_fully_connected_nc_f32]  check if gemm_nr2_config is better than gemm_config (xnn_create_fully_connected_nc_f32, external/XNNPACK/src/operators/fully-connected-nc.c:1664)
Note (XNNPACK): [xnn_create_fully_connected_nc_f32]  selected gemm_config: 0x6340e26b6080, mr: 5, nr: 16 (xnn_create_fully_connected_nc_f32, external/XNNPACK/src/operators/fully-connected-nc.c:1685)
Note (XNNPACK): [create_fully_connected_nc_f32] input_channels: 256, output_channels: 256, input_stride: 256, output_stride: 256, flags: 0x0 (create_fully_connected_nc_f32, external/XNNPACK/src/operators/fully-connected-nc.c:1548)
Note (XNNPACK): [create_fully_connected_nc]: call (create_fully_connected_nc, external/XNNPACK/src/operators/fully-connected-nc.c:58)
Note (XNNPACK): [create_fully_connected_nc] created Fully Connected (NC, F32) operator (create_fully_connected_nc, external/XNNPACK/src/operators/fully-connected-nc.c:334)
Note (XNNPACK): 

 (create_fully_connected_nc, external/XNNPACK/src/operators/fully-connected-nc.c:337)
Note (XNNPACK): [creatre_runtime_impl]: creating node 43: Depthwise Convolution 2D (create_runtime_impl, external/XNNPACK/src/runtime.c:688)
Note (XNNPACK): [creatre_runtime_impl]: creating node 44: Fully Connected (create_runtime_impl, external/XNNPACK/src/runtime.c:688)
Note (XNNPACK): [xnn_create_fully_connected_nc_f32] input_channels: 256, output_channels: 256, input_stride: 256, output_stride: 256, flags: 0x0 (xnn_create_fully_connected_nc_f32, external/XNNPACK/src/operators/fully-connected-nc.c:1636)
Note (XNNPACK): [xnn_create_fully_connected_nc_f32]  gemm_config: 0x6340e26b6080, mr: 5, nr: 16 (xnn_create_fully_connected_nc_f32, external/XNNPACK/src/operators/fully-connected-nc.c:1649)
Note (XNNPACK): [xnn_create_fully_connected_nc_f32]  gemm_nr2_config: 0x6340e26b5660, mr: 10, nr: 8 (xnn_create_fully_connected_nc_f32, external/XNNPACK/src/operators/fully-connected-nc.c:1658)
Note (XNNPACK): [xnn_create_fully_connected_nc_f32]  check if gemm_nr2_config is better than gemm_config (xnn_create_fully_connected_nc_f32, external/XNNPACK/src/operators/fully-connected-nc.c:1664)
Note (XNNPACK): [xnn_create_fully_connected_nc_f32]  selected gemm_config: 0x6340e26b6080, mr: 5, nr: 16 (xnn_create_fully_connected_nc_f32, external/XNNPACK/src/operators/fully-connected-nc.c:1685)
Note (XNNPACK): [create_fully_connected_nc_f32] input_channels: 256, output_channels: 256, input_stride: 256, output_stride: 256, flags: 0x0 (create_fully_connected_nc_f32, external/XNNPACK/src/operators/fully-connected-nc.c:1548)
Note (XNNPACK): [create_fully_connected_nc]: call (create_fully_connected_nc, external/XNNPACK/src/operators/fully-connected-nc.c:58)
Note (XNNPACK): [create_fully_connected_nc] created Fully Connected (NC, F32) operator (create_fully_connected_nc, external/XNNPACK/src/operators/fully-connected-nc.c:334)
Note (XNNPACK): 

 (create_fully_connected_nc, external/XNNPACK/src/operators/fully-connected-nc.c:337)
Note (XNNPACK): [creatre_runtime_impl]: creating node 46: Depthwise Convolution 2D (create_runtime_impl, external/XNNPACK/src/runtime.c:688)
Note (XNNPACK): [creatre_runtime_impl]: creating node 47: Fully Connected (create_runtime_impl, external/XNNPACK/src/runtime.c:688)
Note (XNNPACK): [xnn_create_fully_connected_nc_f32] input_channels: 256, output_channels: 1024, input_stride: 256, output_stride: 1024, flags: 0x0 (xnn_create_fully_connected_nc_f32, external/XNNPACK/src/operators/fully-connected-nc.c:1636)
Note (XNNPACK): [xnn_create_fully_connected_nc_f32]  gemm_config: 0x6340e26b6080, mr: 5, nr: 16 (xnn_create_fully_connected_nc_f32, external/XNNPACK/src/operators/fully-connected-nc.c:1649)
Note (XNNPACK): [xnn_create_fully_connected_nc_f32]  gemm_nr2_config: 0x6340e26b5660, mr: 10, nr: 8 (xnn_create_fully_connected_nc_f32, external/XNNPACK/src/operators/fully-connected-nc.c:1658)
Note (XNNPACK): [xnn_create_fully_connected_nc_f32]  check if gemm_nr2_config is better than gemm_config (xnn_create_fully_connected_nc_f32, external/XNNPACK/src/operators/fully-connected-nc.c:1664)
Note (XNNPACK): [xnn_create_fully_connected_nc_f32]  selected gemm_config: 0x6340e26b6080, mr: 5, nr: 16 (xnn_create_fully_connected_nc_f32, external/XNNPACK/src/operators/fully-connected-nc.c:1685)
Note (XNNPACK): [create_fully_connected_nc_f32] input_channels: 256, output_channels: 1024, input_stride: 256, output_stride: 1024, flags: 0x0 (create_fully_connected_nc_f32, external/XNNPACK/src/operators/fully-connected-nc.c:1548)
Note (XNNPACK): [create_fully_connected_nc]: call (create_fully_connected_nc, external/XNNPACK/src/operators/fully-connected-nc.c:58)
Note (XNNPACK): [create_fully_connected_nc] created Fully Connected (NC, F32) operator (create_fully_connected_nc, external/XNNPACK/src/operators/fully-connected-nc.c:334)
Note (XNNPACK): 

 (create_fully_connected_nc, external/XNNPACK/src/operators/fully-connected-nc.c:337)
Note (XNNPACK): [creatre_runtime_impl]: creating node 48: Static Sum (create_runtime_impl, external/XNNPACK/src/runtime.c:688)
Note (XNNPACK): Using reduce microkernel 'xnn_f32_rsum_ukernel__avx_u32_acc4'. (init_f32_rsum_config, external/XNNPACK/src/configs/reduce-config.c:727)
Note (XNNPACK): Using reduce_discontiguous microkernel 'xnn_f32_rdsum_ukernel_7p7x__avx_c32'. (init_f32_rsum_config, external/XNNPACK/src/configs/reduce-config.c:739)
Note (XNNPACK): [creatre_runtime_impl]: creating node 49: Fully Connected (create_runtime_impl, external/XNNPACK/src/runtime.c:688)
Note (XNNPACK): [xnn_create_fully_connected_nc_f32] input_channels: 1024, output_channels: 1000, input_stride: 1024, output_stride: 1000, flags: 0x10 (xnn_create_fully_connected_nc_f32, external/XNNPACK/src/operators/fully-connected-nc.c:1636)
Note (XNNPACK): [xnn_create_fully_connected_nc_f32]  gemm_config: 0x6340e26b6080, mr: 5, nr: 16 (xnn_create_fully_connected_nc_f32, external/XNNPACK/src/operators/fully-connected-nc.c:1649)
Note (XNNPACK): [xnn_create_fully_connected_nc_f32]  gemm_nr2_config: 0x6340e26b5660, mr: 10, nr: 8 (xnn_create_fully_connected_nc_f32, external/XNNPACK/src/operators/fully-connected-nc.c:1658)
Note (XNNPACK): [xnn_create_fully_connected_nc_f32]  check if gemm_nr2_config is better than gemm_config (xnn_create_fully_connected_nc_f32, external/XNNPACK/src/operators/fully-connected-nc.c:1664)
Note (XNNPACK): [xnn_create_fully_connected_nc_f32]  selected gemm_config: 0x6340e26b6080, mr: 5, nr: 16 (xnn_create_fully_connected_nc_f32, external/XNNPACK/src/operators/fully-connected-nc.c:1685)
Note (XNNPACK): [create_fully_connected_nc_f32] input_channels: 1024, output_channels: 1000, input_stride: 1024, output_stride: 1000, flags: 0x10 (create_fully_connected_nc_f32, external/XNNPACK/src/operators/fully-connected-nc.c:1548)
Note (XNNPACK): [create_fully_connected_nc]: call (create_fully_connected_nc, external/XNNPACK/src/operators/fully-connected-nc.c:58)
Note (XNNPACK): [create_fully_connected_nc] created Fully Connected (NC, F32) operator (create_fully_connected_nc, external/XNNPACK/src/operators/fully-connected-nc.c:334)
Note (XNNPACK): 

 (create_fully_connected_nc, external/XNNPACK/src/operators/fully-connected-nc.c:337)
Note (XNNPACK): [create_runtime_impl]:  created runtime 0x6340e3862710 with 50 nodes and 278 values (create_runtime_impl, external/XNNPACK/src/runtime.c:739)
VERBOSE: SubgraphCreate: created XNNPACK runtime 
[INFO] XNNPACK delegate applied successfully (threads: 4)

[INFO] Model Summary 
 Input tensor count  : 1
 Output tensor count : 1
 Total tensor count  : 141
 Node (op) count     : 51
 Delegate applied    : Yes 

[INFO] Shape of input_tensor: [1, 224, 224, 3]
[INFO] Processing FP32 input path

[INFO] Running 100 warm-up iterations...
Note (XNNPACK): setup_runtime: Setting up runtime with 50 operators (setup_runtime, external/XNNPACK/src/runtime.c:902)
[INFO] warm-up completed

[INFO] Running 500 run and profile iterations...
[INFO] run and profile completed

[INFO] Shape of output_tensor: [1, 1000]
[INFO] Processing FP32 output path

[INFO] Top 5 predictions:
- Class 207 (golden_retriever): 0.734142
- Class 257 (Great_Pyrenees): 0.106012
- Class 208 (Labrador_retriever): 0.0527867
- Class 244 (Tibetan_mastiff): 0.0202354
- Class 222 (kuvasz): 0.0182101

[INFO] Elapsed time summary
- Load Model took 0.012 ms (12 us)
- Build Interpreter took 0.62 ms (620 us)
- Apply Delegate took 3.975 ms (3975 us)
- Allocate Tensor took 2.781 ms (2781 us)
- Load Input Image took 10.21 ms (10210 us)
- Preprocessing took 0.849 ms (849 us)
- Inference_0 took 2.215 ms (2215 us)
- Inference_1 took 2.222 ms (2222 us)
- Inference_2 took 2.548 ms (2548 us)
- Inference_3 took 2.692 ms (2692 us)
- Inference_4 took 2.913 ms (2913 us)
- Inference_5 took 2.512 ms (2512 us)
- Inference_6 took 2.114 ms (2114 us)
- Inference_7 took 2.272 ms (2272 us)
- Inference_8 took 2.335 ms (2335 us)
- Inference_9 took 2.892 ms (2892 us)
- Inference_10 took 3.109 ms (3109 us)
- Inference_11 took 2.452 ms (2452 us)
- Inference_12 took 2.14 ms (2140 us)
- Inference_13 took 2.292 ms (2292 us)
- Inference_14 took 2.131 ms (2131 us)
- Inference_15 took 2.806 ms (2806 us)
- Inference_16 took 3.131 ms (3131 us)
- Inference_17 took 2.965 ms (2965 us)
- Inference_18 took 2.517 ms (2517 us)
- Inference_19 took 2.57 ms (2570 us)
- Inference_20 took 2.19 ms (2190 us)
- Inference_21 took 2.406 ms (2406 us)
- Inference_22 took 2.773 ms (2773 us)
- Inference_23 took 2.727 ms (2727 us)
- Inference_24 took 2.6 ms (2600 us)
- Inference_25 took 2.183 ms (2183 us)
- Inference_26 took 2.194 ms (2194 us)
- Inference_27 took 2.326 ms (2326 us)
- Inference_28 took 2.583 ms (2583 us)
- Inference_29 took 2.346 ms (2346 us)
- Inference_30 took 2.359 ms (2359 us)
- Inference_31 took 2.216 ms (2216 us)
- Inference_32 took 2.157 ms (2157 us)
- Inference_33 took 2.259 ms (2259 us)
- Inference_34 took 2.119 ms (2119 us)
- Inference_35 took 2.223 ms (2223 us)
- Inference_36 took 2.322 ms (2322 us)
- Inference_37 took 2.115 ms (2115 us)
- Inference_38 took 2.086 ms (2086 us)
- Inference_39 took 2.211 ms (2211 us)
- Inference_40 took 2.161 ms (2161 us)
- Inference_41 took 2.082 ms (2082 us)
- Inference_42 took 2.156 ms (2156 us)
- Inference_43 took 2.257 ms (2257 us)
- Inference_44 took 2.194 ms (2194 us)
- Inference_45 took 2.241 ms (2241 us)
- Inference_46 took 2.338 ms (2338 us)
- Inference_47 took 2.216 ms (2216 us)
- Inference_48 took 2.234 ms (2234 us)
- Inference_49 took 2.343 ms (2343 us)
- Inference_50 took 2.179 ms (2179 us)
- Inference_51 took 2.339 ms (2339 us)
- Inference_52 took 2.354 ms (2354 us)
- Inference_53 took 2.269 ms (2269 us)
- Inference_54 took 2.174 ms (2174 us)
- Inference_55 took 2.305 ms (2305 us)
- Inference_56 took 2.217 ms (2217 us)
- Inference_57 took 2.134 ms (2134 us)
- Inference_58 took 2.268 ms (2268 us)
- Inference_59 took 2.119 ms (2119 us)
- Inference_60 took 2.122 ms (2122 us)
- Inference_61 took 2.197 ms (2197 us)
- Inference_62 took 2.262 ms (2262 us)
- Inference_63 took 2.06 ms (2060 us)
- Inference_64 took 2.088 ms (2088 us)
- Inference_65 took 2.209 ms (2209 us)
- Inference_66 took 2.172 ms (2172 us)
- Inference_67 took 2.167 ms (2167 us)
- Inference_68 took 2.159 ms (2159 us)
- Inference_69 took 2.077 ms (2077 us)
- Inference_70 took 2.067 ms (2067 us)
- Inference_71 took 2.15 ms (2150 us)
- Inference_72 took 2.094 ms (2094 us)
- Inference_73 took 2.159 ms (2159 us)
- Inference_74 took 2.213 ms (2213 us)
- Inference_75 took 2.111 ms (2111 us)
- Inference_76 took 2.071 ms (2071 us)
- Inference_77 took 2.087 ms (2087 us)
- Inference_78 took 2.141 ms (2141 us)
- Inference_79 took 2.067 ms (2067 us)
- Inference_80 took 2.103 ms (2103 us)
- Inference_81 took 2.218 ms (2218 us)
- Inference_82 took 2.068 ms (2068 us)
- Inference_83 took 2.066 ms (2066 us)
- Inference_84 took 2.186 ms (2186 us)
- Inference_85 took 2.31 ms (2310 us)
- Inference_86 took 2.158 ms (2158 us)
- Inference_87 took 2.186 ms (2186 us)
- Inference_88 took 2.251 ms (2251 us)
- Inference_89 took 2.194 ms (2194 us)
- Inference_90 took 2.094 ms (2094 us)
- Inference_91 took 2.164 ms (2164 us)
- Inference_92 took 2.122 ms (2122 us)
- Inference_93 took 2.095 ms (2095 us)
- Inference_94 took 2.207 ms (2207 us)
- Inference_95 took 2.071 ms (2071 us)
- Inference_96 took 2.094 ms (2094 us)
- Inference_97 took 2.219 ms (2219 us)
- Inference_98 took 2.133 ms (2133 us)
- Inference_99 took 2.086 ms (2086 us)
- Inference_100 took 2.098 ms (2098 us)
- Inference_101 took 2.264 ms (2264 us)
- Inference_102 took 2.113 ms (2113 us)
- Inference_103 took 2.083 ms (2083 us)
- Inference_104 took 2.234 ms (2234 us)
- Inference_105 took 2.08 ms (2080 us)
- Inference_106 took 2.072 ms (2072 us)
- Inference_107 took 2.208 ms (2208 us)
- Inference_108 took 2.242 ms (2242 us)
- Inference_109 took 2.065 ms (2065 us)
- Inference_110 took 2.1 ms (2100 us)
- Inference_111 took 2.263 ms (2263 us)
- Inference_112 took 2.293 ms (2293 us)
- Inference_113 took 2.174 ms (2174 us)
- Inference_114 took 2.243 ms (2243 us)
- Inference_115 took 2.385 ms (2385 us)
- Inference_116 took 2.114 ms (2114 us)
- Inference_117 took 2.338 ms (2338 us)
- Inference_118 took 2.344 ms (2344 us)
- Inference_119 took 2.581 ms (2581 us)
- Inference_120 took 2.608 ms (2608 us)
- Inference_121 took 2.602 ms (2602 us)
- Inference_122 took 2.416 ms (2416 us)
- Inference_123 took 2.564 ms (2564 us)
- Inference_124 took 2.536 ms (2536 us)
- Inference_125 took 2.673 ms (2673 us)
- Inference_126 took 2.469 ms (2469 us)
- Inference_127 took 2.349 ms (2349 us)
- Inference_128 took 2.662 ms (2662 us)
- Inference_129 took 2.339 ms (2339 us)
- Inference_130 took 2.153 ms (2153 us)
- Inference_131 took 2.577 ms (2577 us)
- Inference_132 took 2.31 ms (2310 us)
- Inference_133 took 2.226 ms (2226 us)
- Inference_134 took 2.259 ms (2259 us)
- Inference_135 took 2.236 ms (2236 us)
- Inference_136 took 2.449 ms (2449 us)
- Inference_137 took 2.424 ms (2424 us)
- Inference_138 took 2.411 ms (2411 us)
- Inference_139 took 2.553 ms (2553 us)
- Inference_140 took 2.691 ms (2691 us)
- Inference_141 took 2.521 ms (2521 us)
- Inference_142 took 2.807 ms (2807 us)
- Inference_143 took 2.754 ms (2754 us)
- Inference_144 took 2.213 ms (2213 us)
- Inference_145 took 2.256 ms (2256 us)
- Inference_146 took 3.483 ms (3483 us)
- Inference_147 took 2.767 ms (2767 us)
- Inference_148 took 2.337 ms (2337 us)
- Inference_149 took 2.298 ms (2298 us)
- Inference_150 took 2.12 ms (2120 us)
- Inference_151 took 2.345 ms (2345 us)
- Inference_152 took 2.426 ms (2426 us)
- Inference_153 took 3.259 ms (3259 us)
- Inference_154 took 2.87 ms (2870 us)
- Inference_155 took 2.355 ms (2355 us)
- Inference_156 took 2.391 ms (2391 us)
- Inference_157 took 2.278 ms (2278 us)
- Inference_158 took 2.281 ms (2281 us)
- Inference_159 took 2.844 ms (2844 us)
- Inference_160 took 3.151 ms (3151 us)
- Inference_161 took 2.431 ms (2431 us)
- Inference_162 took 2.694 ms (2694 us)
- Inference_163 took 2.303 ms (2303 us)
- Inference_164 took 2.477 ms (2477 us)
- Inference_165 took 2.812 ms (2812 us)
- Inference_166 took 3.064 ms (3064 us)
- Inference_167 took 3.413 ms (3413 us)
- Inference_168 took 2.292 ms (2292 us)
- Inference_169 took 2.46 ms (2460 us)
- Inference_170 took 2.343 ms (2343 us)
- Inference_171 took 2.621 ms (2621 us)
- Inference_172 took 2.893 ms (2893 us)
- Inference_173 took 2.721 ms (2721 us)
- Inference_174 took 2.401 ms (2401 us)
- Inference_175 took 2.35 ms (2350 us)
- Inference_176 took 2.28 ms (2280 us)
- Inference_177 took 2.401 ms (2401 us)
- Inference_178 took 2.679 ms (2679 us)
- Inference_179 took 2.601 ms (2601 us)
- Inference_180 took 2.761 ms (2761 us)
- Inference_181 took 2.222 ms (2222 us)
- Inference_182 took 2.201 ms (2201 us)
- Inference_183 took 2.258 ms (2258 us)
- Inference_184 took 2.712 ms (2712 us)
- Inference_185 took 2.808 ms (2808 us)
- Inference_186 took 2.784 ms (2784 us)
- Inference_187 took 2.514 ms (2514 us)
- Inference_188 took 2.416 ms (2416 us)
- Inference_189 took 2.301 ms (2301 us)
- Inference_190 took 2.352 ms (2352 us)
- Inference_191 took 2.695 ms (2695 us)
- Inference_192 took 2.824 ms (2824 us)
- Inference_193 took 2.504 ms (2504 us)
- Inference_194 took 2.509 ms (2509 us)
- Inference_195 took 2.56 ms (2560 us)
- Inference_196 took 2.312 ms (2312 us)
- Inference_197 took 3.429 ms (3429 us)
- Inference_198 took 3.298 ms (3298 us)
- Inference_199 took 3.055 ms (3055 us)
- Inference_200 took 3.073 ms (3073 us)
- Inference_201 took 2.274 ms (2274 us)
- Inference_202 took 2.399 ms (2399 us)
- Inference_203 took 2.869 ms (2869 us)
- Inference_204 took 3.113 ms (3113 us)
- Inference_205 took 2.706 ms (2706 us)
- Inference_206 took 2.334 ms (2334 us)
- Inference_207 took 2.368 ms (2368 us)
- Inference_208 took 2.363 ms (2363 us)
- Inference_209 took 2.53 ms (2530 us)
- Inference_210 took 3.219 ms (3219 us)
- Inference_211 took 2.791 ms (2791 us)
- Inference_212 took 2.211 ms (2211 us)
- Inference_213 took 2.321 ms (2321 us)
- Inference_214 took 2.2 ms (2200 us)
- Inference_215 took 2.262 ms (2262 us)
- Inference_216 took 2.813 ms (2813 us)
- Inference_217 took 2.902 ms (2902 us)
- Inference_218 took 2.438 ms (2438 us)
- Inference_219 took 2.585 ms (2585 us)
- Inference_220 took 2.858 ms (2858 us)
- Inference_221 took 2.24 ms (2240 us)
- Inference_222 took 2.93 ms (2930 us)
- Inference_223 took 2.913 ms (2913 us)
- Inference_224 took 2.863 ms (2863 us)
- Inference_225 took 2.285 ms (2285 us)
- Inference_226 took 2.397 ms (2397 us)
- Inference_227 took 2.285 ms (2285 us)
- Inference_228 took 2.445 ms (2445 us)
- Inference_229 took 3.068 ms (3068 us)
- Inference_230 took 2.988 ms (2988 us)
- Inference_231 took 2.308 ms (2308 us)
- Inference_232 took 2.262 ms (2262 us)
- Inference_233 took 2.337 ms (2337 us)
- Inference_234 took 2.182 ms (2182 us)
- Inference_235 took 2.531 ms (2531 us)
- Inference_236 took 3.182 ms (3182 us)
- Inference_237 took 2.644 ms (2644 us)
- Inference_238 took 2.306 ms (2306 us)
- Inference_239 took 2.234 ms (2234 us)
- Inference_240 took 2.146 ms (2146 us)
- Inference_241 took 2.209 ms (2209 us)
- Inference_242 took 2.973 ms (2973 us)
- Inference_243 took 3.135 ms (3135 us)
- Inference_244 took 2.607 ms (2607 us)
- Inference_245 took 2.13 ms (2130 us)
- Inference_246 took 2.163 ms (2163 us)
- Inference_247 took 2.471 ms (2471 us)
- Inference_248 took 2.656 ms (2656 us)
- Inference_249 took 2.932 ms (2932 us)
- Inference_250 took 2.81 ms (2810 us)
- Inference_251 took 2.301 ms (2301 us)
- Inference_252 took 2.194 ms (2194 us)
- Inference_253 took 2.283 ms (2283 us)
- Inference_254 took 2.192 ms (2192 us)
- Inference_255 took 2.637 ms (2637 us)
- Inference_256 took 2.957 ms (2957 us)
- Inference_257 took 2.331 ms (2331 us)
- Inference_258 took 2.173 ms (2173 us)
- Inference_259 took 2.199 ms (2199 us)
- Inference_260 took 2.221 ms (2221 us)
- Inference_261 took 2.169 ms (2169 us)
- Inference_262 took 2.967 ms (2967 us)
- Inference_263 took 2.836 ms (2836 us)
- Inference_264 took 2.184 ms (2184 us)
- Inference_265 took 2.472 ms (2472 us)
- Inference_266 took 2.245 ms (2245 us)
- Inference_267 took 2.263 ms (2263 us)
- Inference_268 took 2.5 ms (2500 us)
- Inference_269 took 3.158 ms (3158 us)
- Inference_270 took 2.742 ms (2742 us)
- Inference_271 took 2.562 ms (2562 us)
- Inference_272 took 2.184 ms (2184 us)
- Inference_273 took 2.278 ms (2278 us)
- Inference_274 took 2.208 ms (2208 us)
- Inference_275 took 2.615 ms (2615 us)
- Inference_276 took 2.977 ms (2977 us)
- Inference_277 took 2.277 ms (2277 us)
- Inference_278 took 2.101 ms (2101 us)
- Inference_279 took 2.251 ms (2251 us)
- Inference_280 took 2.184 ms (2184 us)
- Inference_281 took 2.129 ms (2129 us)
- Inference_282 took 2.477 ms (2477 us)
- Inference_283 took 3.305 ms (3305 us)
- Inference_284 took 2.416 ms (2416 us)
- Inference_285 took 2.262 ms (2262 us)
- Inference_286 took 2.163 ms (2163 us)
- Inference_287 took 2.129 ms (2129 us)
- Inference_288 took 2.206 ms (2206 us)
- Inference_289 took 2.714 ms (2714 us)
- Inference_290 took 3.027 ms (3027 us)
- Inference_291 took 2.468 ms (2468 us)
- Inference_292 took 2.254 ms (2254 us)
- Inference_293 took 2.249 ms (2249 us)
- Inference_294 took 2.287 ms (2287 us)
- Inference_295 took 2.244 ms (2244 us)
- Inference_296 took 2.772 ms (2772 us)
- Inference_297 took 3.088 ms (3088 us)
- Inference_298 took 2.245 ms (2245 us)
- Inference_299 took 2.209 ms (2209 us)
- Inference_300 took 2.267 ms (2267 us)
- Inference_301 took 2.086 ms (2086 us)
- Inference_302 took 2.267 ms (2267 us)
- Inference_303 took 3.065 ms (3065 us)
- Inference_304 took 3.005 ms (3005 us)
- Inference_305 took 2.258 ms (2258 us)
- Inference_306 took 2.226 ms (2226 us)
- Inference_307 took 2.146 ms (2146 us)
- Inference_308 took 2.129 ms (2129 us)
- Inference_309 took 2.615 ms (2615 us)
- Inference_310 took 2.686 ms (2686 us)
- Inference_311 took 2.887 ms (2887 us)
- Inference_312 took 2.325 ms (2325 us)
- Inference_313 took 2.229 ms (2229 us)
- Inference_314 took 2.372 ms (2372 us)
- Inference_315 took 2.428 ms (2428 us)
- Inference_316 took 2.7 ms (2700 us)
- Inference_317 took 3.031 ms (3031 us)
- Inference_318 took 2.632 ms (2632 us)
- Inference_319 took 2.825 ms (2825 us)
- Inference_320 took 2.604 ms (2604 us)
- Inference_321 took 2.511 ms (2511 us)
- Inference_322 took 3.018 ms (3018 us)
- Inference_323 took 3.313 ms (3313 us)
- Inference_324 took 2.613 ms (2613 us)
- Inference_325 took 2.485 ms (2485 us)
- Inference_326 took 2.435 ms (2435 us)
- Inference_327 took 2.422 ms (2422 us)
- Inference_328 took 3.219 ms (3219 us)
- Inference_329 took 3.182 ms (3182 us)
- Inference_330 took 2.586 ms (2586 us)
- Inference_331 took 2.347 ms (2347 us)
- Inference_332 took 2.343 ms (2343 us)
- Inference_333 took 2.407 ms (2407 us)
- Inference_334 took 2.565 ms (2565 us)
- Inference_335 took 3.131 ms (3131 us)
- Inference_336 took 2.93 ms (2930 us)
- Inference_337 took 2.761 ms (2761 us)
- Inference_338 took 2.34 ms (2340 us)
- Inference_339 took 2.346 ms (2346 us)
- Inference_340 took 2.512 ms (2512 us)
- Inference_341 took 2.961 ms (2961 us)
- Inference_342 took 2.762 ms (2762 us)
- Inference_343 took 2.276 ms (2276 us)
- Inference_344 took 2.372 ms (2372 us)
- Inference_345 took 2.205 ms (2205 us)
- Inference_346 took 2.23 ms (2230 us)
- Inference_347 took 2.825 ms (2825 us)
- Inference_348 took 3.267 ms (3267 us)
- Inference_349 took 2.386 ms (2386 us)
- Inference_350 took 2.303 ms (2303 us)
- Inference_351 took 2.23 ms (2230 us)
- Inference_352 took 2.228 ms (2228 us)
- Inference_353 took 2.511 ms (2511 us)
- Inference_354 took 2.809 ms (2809 us)
- Inference_355 took 2.823 ms (2823 us)
- Inference_356 took 2.291 ms (2291 us)
- Inference_357 took 2.201 ms (2201 us)
- Inference_358 took 2.273 ms (2273 us)
- Inference_359 took 2.305 ms (2305 us)
- Inference_360 took 2.596 ms (2596 us)
- Inference_361 took 3.406 ms (3406 us)
- Inference_362 took 2.661 ms (2661 us)
- Inference_363 took 2.172 ms (2172 us)
- Inference_364 took 2.202 ms (2202 us)
- Inference_365 took 2.233 ms (2233 us)
- Inference_366 took 2.194 ms (2194 us)
- Inference_367 took 2.99 ms (2990 us)
- Inference_368 took 3.559 ms (3559 us)
- Inference_369 took 2.714 ms (2714 us)
- Inference_370 took 2.298 ms (2298 us)
- Inference_371 took 2.183 ms (2183 us)
- Inference_372 took 2.266 ms (2266 us)
- Inference_373 took 2.814 ms (2814 us)
- Inference_374 took 3.261 ms (3261 us)
- Inference_375 took 2.449 ms (2449 us)
- Inference_376 took 2.167 ms (2167 us)
- Inference_377 took 2.17 ms (2170 us)
- Inference_378 took 2.294 ms (2294 us)
- Inference_379 took 2.282 ms (2282 us)
- Inference_380 took 2.916 ms (2916 us)
- Inference_381 took 3.026 ms (3026 us)
- Inference_382 took 2.151 ms (2151 us)
- Inference_383 took 2.135 ms (2135 us)
- Inference_384 took 2.27 ms (2270 us)
- Inference_385 took 2.214 ms (2214 us)
- Inference_386 took 2.318 ms (2318 us)
- Inference_387 took 3.087 ms (3087 us)
- Inference_388 took 3.046 ms (3046 us)
- Inference_389 took 2.26 ms (2260 us)
- Inference_390 took 2.312 ms (2312 us)
- Inference_391 took 2.154 ms (2154 us)
- Inference_392 took 2.142 ms (2142 us)
- Inference_393 took 2.676 ms (2676 us)
- Inference_394 took 3.232 ms (3232 us)
- Inference_395 took 2.71 ms (2710 us)
- Inference_396 took 2.219 ms (2219 us)
- Inference_397 took 2.166 ms (2166 us)
- Inference_398 took 2.197 ms (2197 us)
- Inference_399 took 2.321 ms (2321 us)
- Inference_400 took 3 ms (3000 us)
- Inference_401 took 2.874 ms (2874 us)
- Inference_402 took 2.486 ms (2486 us)
- Inference_403 took 2.334 ms (2334 us)
- Inference_404 took 2.422 ms (2422 us)
- Inference_405 took 2.408 ms (2408 us)
- Inference_406 took 2.555 ms (2555 us)
- Inference_407 took 3.622 ms (3622 us)
- Inference_408 took 2.882 ms (2882 us)
- Inference_409 took 2.605 ms (2605 us)
- Inference_410 took 2.5 ms (2500 us)
- Inference_411 took 2.473 ms (2473 us)
- Inference_412 took 3.022 ms (3022 us)
- Inference_413 took 3.303 ms (3303 us)
- Inference_414 took 3.325 ms (3325 us)
- Inference_415 took 2.551 ms (2551 us)
- Inference_416 took 2.486 ms (2486 us)
- Inference_417 took 2.484 ms (2484 us)
- Inference_418 took 3.376 ms (3376 us)
- Inference_419 took 3.202 ms (3202 us)
- Inference_420 took 2.494 ms (2494 us)
- Inference_421 took 2.288 ms (2288 us)
- Inference_422 took 2.322 ms (2322 us)
- Inference_423 took 2.366 ms (2366 us)
- Inference_424 took 2.571 ms (2571 us)
- Inference_425 took 3.289 ms (3289 us)
- Inference_426 took 2.743 ms (2743 us)
- Inference_427 took 2.344 ms (2344 us)
- Inference_428 took 2.373 ms (2373 us)
- Inference_429 took 2.177 ms (2177 us)
- Inference_430 took 2.306 ms (2306 us)
- Inference_431 took 2.939 ms (2939 us)
- Inference_432 took 3.088 ms (3088 us)
- Inference_433 took 2.421 ms (2421 us)
- Inference_434 took 2.222 ms (2222 us)
- Inference_435 took 2.171 ms (2171 us)
- Inference_436 took 2.236 ms (2236 us)
- Inference_437 took 2.512 ms (2512 us)
- Inference_438 took 2.895 ms (2895 us)
- Inference_439 took 2.382 ms (2382 us)
- Inference_440 took 2.293 ms (2293 us)
- Inference_441 took 2.119 ms (2119 us)
- Inference_442 took 2.34 ms (2340 us)
- Inference_443 took 2.407 ms (2407 us)
- Inference_444 took 2.567 ms (2567 us)
- Inference_445 took 3.086 ms (3086 us)
- Inference_446 took 2.827 ms (2827 us)
- Inference_447 took 2.296 ms (2296 us)
- Inference_448 took 2.276 ms (2276 us)
- Inference_449 took 2.345 ms (2345 us)
- Inference_450 took 2.353 ms (2353 us)
- Inference_451 took 3.035 ms (3035 us)
- Inference_452 took 3.039 ms (3039 us)
- Inference_453 took 2.377 ms (2377 us)
- Inference_454 took 2.624 ms (2624 us)
- Inference_455 took 2.384 ms (2384 us)
- Inference_456 took 2.625 ms (2625 us)
- Inference_457 took 2.922 ms (2922 us)
- Inference_458 took 3.007 ms (3007 us)
- Inference_459 took 2.715 ms (2715 us)
- Inference_460 took 2.92 ms (2920 us)
- Inference_461 took 2.531 ms (2531 us)
- Inference_462 took 2.684 ms (2684 us)
- Inference_463 took 2.814 ms (2814 us)
- Inference_464 took 3.031 ms (3031 us)
- Inference_465 took 2.404 ms (2404 us)
- Inference_466 took 2.324 ms (2324 us)
- Inference_467 took 2.348 ms (2348 us)
- Inference_468 took 2.387 ms (2387 us)
- Inference_469 took 2.464 ms (2464 us)
- Inference_470 took 3.285 ms (3285 us)
- Inference_471 took 3.227 ms (3227 us)
- Inference_472 took 2.846 ms (2846 us)
- Inference_473 took 3.377 ms (3377 us)
- Inference_474 took 2.388 ms (2388 us)
- Inference_475 took 2.662 ms (2662 us)
- Inference_476 took 2.724 ms (2724 us)
- Inference_477 took 2.603 ms (2603 us)
- Inference_478 took 2.708 ms (2708 us)
- Inference_479 took 2.247 ms (2247 us)
- Inference_480 took 2.353 ms (2353 us)
- Inference_481 took 2.503 ms (2503 us)
- Inference_482 took 3.029 ms (3029 us)
- Inference_483 took 3.015 ms (3015 us)
- Inference_484 took 2.413 ms (2413 us)
- Inference_485 took 2.335 ms (2335 us)
- Inference_486 took 2.285 ms (2285 us)
- Inference_487 took 2.323 ms (2323 us)
- Inference_488 took 2.793 ms (2793 us)
- Inference_489 took 2.798 ms (2798 us)
- Inference_490 took 2.492 ms (2492 us)
- Inference_491 took 2.679 ms (2679 us)
- Inference_492 took 2.32 ms (2320 us)
- Inference_493 took 2.286 ms (2286 us)
- Inference_494 took 2.399 ms (2399 us)
- Inference_495 took 2.815 ms (2815 us)
- Inference_496 took 2.551 ms (2551 us)
- Inference_497 took 2.274 ms (2274 us)
- Inference_498 took 2.334 ms (2334 us)
- Inference_499 took 2.332 ms (2332 us)
- Postprocessing took 0.012 ms (12 us)


[INFO] Generating Ops-level profiling (log)

INFO: Profiling Info for Benchmark Initialization:
============================== Run Order ==============================
	                             [node type]	  [first]	 [avg ms]	     [%]	  [cdf%]	  [mem KB]	[times called]	[Name]
	                 ModifyGraphWithDelegate	    3.553	    3.553	 56.138%	 56.138%	 16128.000	        1	ModifyGraphWithDelegate/0
	                         AllocateTensors	    2.776	    2.776	 43.862%	100.000%	  7168.000	        1	AllocateTensors/0

============================== Top by Computation Time ==============================
	                             [node type]	  [first]	 [avg ms]	     [%]	  [cdf%]	  [mem KB]	[times called]	[Name]
	                 ModifyGraphWithDelegate	    3.553	    3.553	 56.138%	 56.138%	 16128.000	        1	ModifyGraphWithDelegate/0
	                         AllocateTensors	    2.776	    2.776	 43.862%	100.000%	  7168.000	        1	AllocateTensors/0

Number of nodes executed: 2
============================== Summary by node type ==============================
	                             [Node type]	  [count]	  [avg ms]	    [avg %]	    [cdf %]	  [mem KB]	[times called]
	                 ModifyGraphWithDelegate	        1	     3.553	    56.138%	    56.138%	 16128.000	        1
	                         AllocateTensors	        1	     2.776	    43.862%	   100.000%	  7168.000	        1

Timings (microseconds): count=2 curr=6329(all same)
Memory (bytes): count=0
2 nodes observed



INFO: Operator-wise Profiling Info for Regular Benchmark Runs:
============================== Run Order ==============================
	                             [node type]	  [first]	 [avg ms]	     [%]	  [cdf%]	  [mem KB]	[times called]	[Name]
	           Convolution (NHWC, F32) IGEMM	    0.115	    0.147	  5.993%	  5.993%	     0.000	        1	Delegate/Convolution (NHWC, F32) IGEMM:0
	          Convolution (NHWC, F32) DWConv	    0.017	    0.022	  0.884%	  6.876%	     0.000	        1	Delegate/Convolution (NHWC, F32) DWConv:1
	          Fully Connected (NC, F32) GEMM	    0.050	    0.053	  2.138%	  9.015%	     0.000	        1	Delegate/Fully Connected (NC, F32) GEMM:2
	          Convolution (NHWC, F32) DWConv	    0.015	    0.019	  0.765%	  9.780%	     0.000	        1	Delegate/Convolution (NHWC, F32) DWConv:3
	          Fully Connected (NC, F32) GEMM	    0.052	    0.053	  2.162%	 11.942%	     0.000	        1	Delegate/Fully Connected (NC, F32) GEMM:4
	          Convolution (NHWC, F32) DWConv	    0.006	    0.006	  0.259%	 12.201%	     0.000	        1	Delegate/Convolution (NHWC, F32) DWConv:5
	          Fully Connected (NC, F32) GEMM	    0.037	    0.035	  1.410%	 13.611%	     0.000	        1	Delegate/Fully Connected (NC, F32) GEMM:6
	          Convolution (NHWC, F32) DWConv	    0.013	    0.013	  0.524%	 14.135%	     0.000	        1	Delegate/Convolution (NHWC, F32) DWConv:7
	          Fully Connected (NC, F32) GEMM	    0.111	    0.105	  4.292%	 18.426%	     0.000	        1	Delegate/Fully Connected (NC, F32) GEMM:8
	          Convolution (NHWC, F32) DWConv	    0.016	    0.013	  0.518%	 18.944%	     0.000	        1	Delegate/Convolution (NHWC, F32) DWConv:9
	          Fully Connected (NC, F32) GEMM	    0.097	    0.107	  4.337%	 23.281%	     0.000	        1	Delegate/Fully Connected (NC, F32) GEMM:10
	          Convolution (NHWC, F32) DWConv	    0.011	    0.013	  0.515%	 23.796%	     0.000	        1	Delegate/Convolution (NHWC, F32) DWConv:11
	          Fully Connected (NC, F32) GEMM	    0.105	    0.106	  4.321%	 28.117%	     0.000	        1	Delegate/Fully Connected (NC, F32) GEMM:12
	          Convolution (NHWC, F32) DWConv	    0.012	    0.012	  0.508%	 28.624%	     0.000	        1	Delegate/Convolution (NHWC, F32) DWConv:13
	          Fully Connected (NC, F32) GEMM	    0.097	    0.107	  4.352%	 32.977%	     0.000	        1	Delegate/Fully Connected (NC, F32) GEMM:14
	          Convolution (NHWC, F32) DWConv	    0.011	    0.012	  0.508%	 33.485%	     0.000	        1	Delegate/Convolution (NHWC, F32) DWConv:15
	          Fully Connected (NC, F32) GEMM	    0.104	    0.108	  4.386%	 37.871%	     0.000	        1	Delegate/Fully Connected (NC, F32) GEMM:16
	          Convolution (NHWC, F32) DWConv	    0.011	    0.013	  0.519%	 38.390%	     0.000	        1	Delegate/Convolution (NHWC, F32) DWConv:17
	          Fully Connected (NC, F32) GEMM	    0.097	    0.107	  4.367%	 42.757%	     0.000	        1	Delegate/Fully Connected (NC, F32) GEMM:18
	          Convolution (NHWC, F32) DWConv	    0.011	    0.013	  0.513%	 43.270%	     0.000	        1	Delegate/Convolution (NHWC, F32) DWConv:19
	          Fully Connected (NC, F32) GEMM	    0.097	    0.107	  4.337%	 47.608%	     0.000	        1	Delegate/Fully Connected (NC, F32) GEMM:20
	          Convolution (NHWC, F32) DWConv	    0.004	    0.005	  0.201%	 47.808%	     0.000	        1	Delegate/Convolution (NHWC, F32) DWConv:21
	          Fully Connected (NC, F32) GEMM	    0.049	    0.054	  2.219%	 50.027%	     0.000	        1	Delegate/Fully Connected (NC, F32) GEMM:22
	          Convolution (NHWC, F32) DWConv	    0.007	    0.008	  0.314%	 50.342%	     0.000	        1	Delegate/Convolution (NHWC, F32) DWConv:23
	          Fully Connected (NC, F32) GEMM	    0.103	    0.111	  4.531%	 54.873%	     0.000	        1	Delegate/Fully Connected (NC, F32) GEMM:24
	          Convolution (NHWC, F32) DWConv	    0.007	    0.007	  0.302%	 55.176%	     0.000	        1	Delegate/Convolution (NHWC, F32) DWConv:25
	          Fully Connected (NC, F32) GEMM	    0.097	    0.112	  4.555%	 59.730%	     0.000	        1	Delegate/Fully Connected (NC, F32) GEMM:26
	          Convolution (NHWC, F32) DWConv	    0.009	    0.008	  0.313%	 60.043%	     0.000	        1	Delegate/Convolution (NHWC, F32) DWConv:27
	          Fully Connected (NC, F32) GEMM	    0.102	    0.113	  4.591%	 64.633%	     0.000	        1	Delegate/Fully Connected (NC, F32) GEMM:28
	          Convolution (NHWC, F32) DWConv	    0.006	    0.008	  0.307%	 64.940%	     0.000	        1	Delegate/Convolution (NHWC, F32) DWConv:29
	          Fully Connected (NC, F32) GEMM	    0.096	    0.112	  4.562%	 69.503%	     0.000	        1	Delegate/Fully Connected (NC, F32) GEMM:30
	          Convolution (NHWC, F32) DWConv	    0.006	    0.007	  0.298%	 69.801%	     0.000	        1	Delegate/Convolution (NHWC, F32) DWConv:31
	          Fully Connected (NC, F32) GEMM	    0.094	    0.112	  4.576%	 74.377%	     0.000	        1	Delegate/Fully Connected (NC, F32) GEMM:32
	          Convolution (NHWC, F32) DWConv	    0.006	    0.007	  0.304%	 74.681%	     0.000	        1	Delegate/Convolution (NHWC, F32) DWConv:33
	          Fully Connected (NC, F32) GEMM	    0.094	    0.112	  4.561%	 79.242%	     0.000	        1	Delegate/Fully Connected (NC, F32) GEMM:34
	          Convolution (NHWC, F32) DWConv	    0.006	    0.007	  0.301%	 79.543%	     0.000	        1	Delegate/Convolution (NHWC, F32) DWConv:35
	          Fully Connected (NC, F32) GEMM	    0.094	    0.112	  4.547%	 84.090%	     0.000	        1	Delegate/Fully Connected (NC, F32) GEMM:36
	          Convolution (NHWC, F32) DWConv	    0.006	    0.008	  0.307%	 84.397%	     0.000	        1	Delegate/Convolution (NHWC, F32) DWConv:37
	          Fully Connected (NC, F32) GEMM	    0.093	    0.112	  4.569%	 88.966%	     0.000	        1	Delegate/Fully Connected (NC, F32) GEMM:38
	          Convolution (NHWC, F32) DWConv	    0.006	    0.007	  0.299%	 89.265%	     0.000	        1	Delegate/Convolution (NHWC, F32) DWConv:39
	          Fully Connected (NC, F32) GEMM	    0.094	    0.112	  4.566%	 93.831%	     0.000	        1	Delegate/Fully Connected (NC, F32) GEMM:40
	          Convolution (NHWC, F32) DWConv	    0.003	    0.004	  0.145%	 93.975%	     0.000	        1	Delegate/Convolution (NHWC, F32) DWConv:41
	          Fully Connected (NC, F32) GEMM	    0.097	    0.114	  4.655%	 98.631%	     0.000	        1	Delegate/Fully Connected (NC, F32) GEMM:42
	                         Sum (ND) Reduce	    0.003	    0.004	  0.148%	 98.779%	     0.000	        1	Delegate/Sum (ND) Reduce:43
	          Fully Connected (NC, F32) GEMM	    0.019	    0.030	  1.221%	100.000%	     0.000	        1	Delegate/Fully Connected (NC, F32) GEMM:44

============================== Top by Computation Time ==============================
	                             [node type]	  [first]	 [avg ms]	     [%]	  [cdf%]	  [mem KB]	[times called]	[Name]
	           Convolution (NHWC, F32) IGEMM	    0.115	    0.147	  5.993%	  5.993%	     0.000	        1	Delegate/Convolution (NHWC, F32) IGEMM:0
	          Fully Connected (NC, F32) GEMM	    0.097	    0.114	  4.655%	 10.648%	     0.000	        1	Delegate/Fully Connected (NC, F32) GEMM:42
	          Fully Connected (NC, F32) GEMM	    0.102	    0.113	  4.591%	 15.239%	     0.000	        1	Delegate/Fully Connected (NC, F32) GEMM:28
	          Fully Connected (NC, F32) GEMM	    0.094	    0.112	  4.576%	 19.814%	     0.000	        1	Delegate/Fully Connected (NC, F32) GEMM:32
	          Fully Connected (NC, F32) GEMM	    0.093	    0.112	  4.569%	 24.383%	     0.000	        1	Delegate/Fully Connected (NC, F32) GEMM:38
	          Fully Connected (NC, F32) GEMM	    0.094	    0.112	  4.566%	 28.950%	     0.000	        1	Delegate/Fully Connected (NC, F32) GEMM:40
	          Fully Connected (NC, F32) GEMM	    0.096	    0.112	  4.562%	 33.512%	     0.000	        1	Delegate/Fully Connected (NC, F32) GEMM:30
	          Fully Connected (NC, F32) GEMM	    0.094	    0.112	  4.561%	 38.073%	     0.000	        1	Delegate/Fully Connected (NC, F32) GEMM:34
	          Fully Connected (NC, F32) GEMM	    0.097	    0.112	  4.555%	 42.627%	     0.000	        1	Delegate/Fully Connected (NC, F32) GEMM:26
	          Fully Connected (NC, F32) GEMM	    0.094	    0.112	  4.547%	 47.174%	     0.000	        1	Delegate/Fully Connected (NC, F32) GEMM:36

Number of nodes executed: 45
============================== Summary by node type ==============================
	                             [Node type]	  [count]	  [avg ms]	    [avg %]	    [cdf %]	  [mem KB]	[times called]
	          Fully Connected (NC, F32) GEMM	       22	     2.084	    85.656%	    85.656%	     0.000	       22
	          Convolution (NHWC, F32) DWConv	       21	     0.199	     8.179%	    93.835%	     0.000	       21
	           Convolution (NHWC, F32) IGEMM	        1	     0.147	     6.042%	    99.877%	     0.000	        1
	                         Sum (ND) Reduce	        1	     0.003	     0.123%	   100.000%	     0.000	        1

Timings (microseconds): count=500 first=2186 curr=2306 min=2033 max=3588 avg=2455.9 std=335
Memory (bytes): count=0
45 nodes observed



