Running main profile with model ./models/mobileone_s0.tflite and image ./images/dog.jpg (threads: 1, delegate: xnnpack, warmup: 100, profiling: 500)

====== main_cpu with profiling ====
[INFO] Model path: ./models/mobileone_s0.tflite
[INFO] Image path: ./images/dog.jpg
[INFO] Label path: ./labels.json
[INFO] Profiling result path: ./log/output_main_profile_mobileone_s0_xnnpack_1threads.csv
[INFO] Profiling enabled: YES
[INFO] Number of threads: 1
[INFO] Delegate type: xnnpack
[INFO] Warmup runs: 100
[INFO] Profiling runs: 500
[INFO] Model type detected: FP32
[INFO] Initializing profiler...
[INFO] Loading model from: ./models/mobileone_s0.tflite
INFO: Initialized TensorFlow Lite runtime.
[INFO] Model signature keys:The Model contains 1 signature key(s).They are listed below: -> Signature Key: serving_default
Note (XNNPACK): [xnn_initialize]: initializing XNNPACK  (xnn_initialize, external/XNNPACK/src/init.c:49)
Note (XNNPACK): l1_data_cache_bytes=49152, l1_data_cache_line_size=64, l1_data_cache_associativity=12, l1_data_cache_num_sets=64. (init_hardware_config, external/XNNPACK/src/configs/hardware-config.c:342)
Note (XNNPACK): l2_data_cache_bytes=2097152, l2_data_cache_line_size=64, l2_data_cache_associativity=16, l2_data_cache_num_sets=2048. (init_hardware_config, external/XNNPACK/src/configs/hardware-config.c:361)
Note (XNNPACK): [xnn_initialize]: return  (xnn_initialize, external/XNNPACK/src/init.c:66)
INFO: Created TensorFlow Lite XNNPACK delegate for CPU.
VERBOSE: XNNPack weight cache not enabled.
VERBOSE: Replacing 50 out of 50 node(s) with delegate (TfLiteXNNPackDelegate) node, yielding 1 partitions for subgraph 0.
VERBOSE: SubgraphInit called with params: 0x55750d008950, length: 0
VERBOSE: SubgraphCreate: called
Note (XNNPACK): [xnn_create_subgraph]: external_value_ids=139, flags=0x0 (xnn_create_subgraph, external/XNNPACK/src/subgraph.c:114)
Note (XNNPACK): [xnn_create_subgraph:] return: (xnn_create_subgraph, external/XNNPACK/src/subgraph.c:149)
VERBOSE: SubgraphCreate: created XNNPACK subgraph with 139 external values
VERBOSE: SubgraphCreate: creating XNNPACK runtime with flags: 24
Note (XNNPACK): [xnn_create_runtime_v4]: calling create_runtime_impl (xnn_create_runtime_v4, external/XNNPACK/src/runtime.c:753)
Note (XNNPACK): [create_runtime_impl]: Creating runtime with 50 nodes and 278 values (create_runtime_impl, external/XNNPACK/src/runtime.c:551)
Note (XNNPACK): fuse Constant Pad Node #1 into Convolution 2D Node #0 (xnn_subgraph_fusion, external/XNNPACK/src/subgraph.c:1613)
Note (XNNPACK): fuse Constant Pad Node #3 into Depthwise Convolution 2D Node #2 (xnn_subgraph_fusion, external/XNNPACK/src/subgraph.c:1644)
Note (XNNPACK): fuse Constant Pad Node #8 into Depthwise Convolution 2D Node #7 (xnn_subgraph_fusion, external/XNNPACK/src/subgraph.c:1644)
Note (XNNPACK): fuse Constant Pad Node #25 into Depthwise Convolution 2D Node #24 (xnn_subgraph_fusion, external/XNNPACK/src/subgraph.c:1644)
Note (XNNPACK): fuse Constant Pad Node #46 into Depthwise Convolution 2D Node #45 (xnn_subgraph_fusion, external/XNNPACK/src/subgraph.c:1644)
Note (XNNPACK): [creatre_runtime_impl]: creating node 1: Convolution 2D (create_runtime_impl, external/XNNPACK/src/runtime.c:688)
Note (XNNPACK): Using igemm microkernel 'xnn_f32_igemm_minmax_ukernel_1x16__fma3_broadcast'. (init_f32_igemm_config, external/XNNPACK/src/configs/gemm-config.c:1263)
Note (XNNPACK): Using igemm microkernel 'xnn_f32_igemm_minmax_ukernel_5x16__fma3_broadcast_prfm'. (init_f32_igemm_config, external/XNNPACK/src/configs/gemm-config.c:1264)
Note (XNNPACK): Using gemm microkernel 'xnn_f32_gemm_minmax_ukernel_1x8__fma3_broadcast'. (init_f32_gemm_nr2_config_impl, external/XNNPACK/src/configs/gemm-config.c:1486)
Note (XNNPACK): Using gemm microkernel 'xnn_f32_gemm_minmax_ukernel_5x8__fma3_broadcast'. (init_f32_gemm_nr2_config_impl, external/XNNPACK/src/configs/gemm-config.c:1487)
Note (XNNPACK): Using gemm microkernel 'xnn_f32_gemm_minmax_ukernel_10x8__fma3_broadcast'. (init_f32_gemm_nr2_config_impl, external/XNNPACK/src/configs/gemm-config.c:1488)
Note (XNNPACK): Using igemm microkernel 'xnn_f32_igemm_minmax_ukernel_1x8__fma3_broadcast'. (init_f32_gemm_nr2_config_impl, external/XNNPACK/src/configs/gemm-config.c:1489)
Note (XNNPACK): Using igemm microkernel 'xnn_f32_igemm_minmax_ukernel_5x8__fma3_broadcast'. (init_f32_gemm_nr2_config_impl, external/XNNPACK/src/configs/gemm-config.c:1490)
Note (XNNPACK): Using igemm microkernel 'xnn_f32_igemm_minmax_ukernel_10x8__fma3_broadcast'. (init_f32_gemm_nr2_config_impl, external/XNNPACK/src/configs/gemm-config.c:1491)
Note (XNNPACK): Using gemm microkernel 'xnn_f32_gemm_minmax_ukernel_1x8__fma3_broadcast'. (init_f32_gemm_nr2_config_impl, external/XNNPACK/src/configs/gemm-config.c:1486)
Note (XNNPACK): Using gemm microkernel 'xnn_f32_gemm_minmax_ukernel_5x8__fma3_broadcast'. (init_f32_gemm_nr2_config_impl, external/XNNPACK/src/configs/gemm-config.c:1487)
Note (XNNPACK): Using gemm microkernel 'xnn_f32_gemm_minmax_ukernel_10x8__fma3_broadcast'. (init_f32_gemm_nr2_config_impl, external/XNNPACK/src/configs/gemm-config.c:1488)
Note (XNNPACK): Using igemm microkernel 'xnn_f32_igemm_minmax_ukernel_1x8__fma3_broadcast'. (init_f32_gemm_nr2_config_impl, external/XNNPACK/src/configs/gemm-config.c:1489)
Note (XNNPACK): Using igemm microkernel 'xnn_f32_igemm_minmax_ukernel_5x8__fma3_broadcast'. (init_f32_gemm_nr2_config_impl, external/XNNPACK/src/configs/gemm-config.c:1490)
Note (XNNPACK): Using igemm microkernel 'xnn_f32_igemm_minmax_ukernel_10x8__fma3_broadcast'. (init_f32_gemm_nr2_config_impl, external/XNNPACK/src/configs/gemm-config.c:1491)
Note (XNNPACK): Using dwconv microkernel 'xnn_f32_dwconv_minmax_ukernel_3p16c__fma3'. (init_f32_dwconv_config, external/XNNPACK/src/configs/dwconv-config.c:237)
Note (XNNPACK): Using dwconv microkernel 'xnn_f32_dwconv_minmax_ukernel_4p16c__fma3'. (init_f32_dwconv_config, external/XNNPACK/src/configs/dwconv-config.c:242)
Note (XNNPACK): Using dwconv microkernel 'xnn_f32_dwconv_minmax_ukernel_9p16c__fma3'. (init_f32_dwconv_config, external/XNNPACK/src/configs/dwconv-config.c:247)
Note (XNNPACK): Using dwconv microkernel 'xnn_f32_dwconv_minmax_ukernel_25p16c__fma3'. (init_f32_dwconv_config, external/XNNPACK/src/configs/dwconv-config.c:252)
Note (XNNPACK): Using vmulcaddc microkernel 'xnn_f32_vmulcaddc_minmax_ukernel_c4__sse_2x'. (init_f32_vmulcaddc_config, external/XNNPACK/src/configs/vmulcaddc-config.c:82)
Note (XNNPACK): [creatre_runtime_impl]: creating node 3: Depthwise Convolution 2D (create_runtime_impl, external/XNNPACK/src/runtime.c:688)
Note (XNNPACK): [creatre_runtime_impl]: creating node 4: Fully Connected (create_runtime_impl, external/XNNPACK/src/runtime.c:688)
Note (XNNPACK): [xnn_create_fully_connected_nc_f32] input_channels: 48, output_channels: 48, input_stride: 48, output_stride: 48, flags: 0x0 (xnn_create_fully_connected_nc_f32, external/XNNPACK/src/operators/fully-connected-nc.c:1636)
Note (XNNPACK): Using gemm microkernel 'xnn_f32_gemm_minmax_ukernel_1x16__fma3_broadcast'. (init_f32_gemm_config_impl, external/XNNPACK/src/configs/gemm-config.c:779)
Note (XNNPACK): Using gemm microkernel 'xnn_f32_gemm_minmax_ukernel_2x16__fma3_broadcast'. (init_f32_gemm_config_impl, external/XNNPACK/src/configs/gemm-config.c:780)
Note (XNNPACK): Using gemm microkernel 'xnn_f32_gemm_minmax_ukernel_4x16__fma3_broadcast'. (init_f32_gemm_config_impl, external/XNNPACK/src/configs/gemm-config.c:781)
Note (XNNPACK): Using gemm microkernel 'xnn_f32_gemm_minmax_ukernel_1x16__fma3_broadcast'. (init_f32_gemm_config_impl, external/XNNPACK/src/configs/gemm-config.c:779)
Note (XNNPACK): Using gemm microkernel 'xnn_f32_gemm_minmax_ukernel_2x16__fma3_broadcast'. (init_f32_gemm_config_impl, external/XNNPACK/src/configs/gemm-config.c:780)
Note (XNNPACK): Using gemm microkernel 'xnn_f32_gemm_minmax_ukernel_4x16__fma3_broadcast'. (init_f32_gemm_config_impl, external/XNNPACK/src/configs/gemm-config.c:781)
Note (XNNPACK): [xnn_create_fully_connected_nc_f32]  gemm_config: 0x55750c9cd080, mr: 4, nr: 16 (xnn_create_fully_connected_nc_f32, external/XNNPACK/src/operators/fully-connected-nc.c:1649)
Note (XNNPACK): [xnn_create_fully_connected_nc_f32]  gemm_nr2_config: 0x55750c9cc660, mr: 10, nr: 8 (xnn_create_fully_connected_nc_f32, external/XNNPACK/src/operators/fully-connected-nc.c:1658)
Note (XNNPACK): [xnn_create_fully_connected_nc_f32]  check if gemm_nr2_config is better than gemm_config (xnn_create_fully_connected_nc_f32, external/XNNPACK/src/operators/fully-connected-nc.c:1664)
Note (XNNPACK): [xnn_create_fully_connected_nc_f32]  selected gemm_config: 0x55750c9cd080, mr: 4, nr: 16 (xnn_create_fully_connected_nc_f32, external/XNNPACK/src/operators/fully-connected-nc.c:1685)
Note (XNNPACK): [create_fully_connected_nc_f32] input_channels: 48, output_channels: 48, input_stride: 48, output_stride: 48, flags: 0x0 (create_fully_connected_nc_f32, external/XNNPACK/src/operators/fully-connected-nc.c:1548)
Note (XNNPACK): [create_fully_connected_nc]: call (create_fully_connected_nc, external/XNNPACK/src/operators/fully-connected-nc.c:58)
Note (XNNPACK): [create_fully_connected_nc] created Fully Connected (NC, F32) operator (create_fully_connected_nc, external/XNNPACK/src/operators/fully-connected-nc.c:334)
Note (XNNPACK): 

 (create_fully_connected_nc, external/XNNPACK/src/operators/fully-connected-nc.c:337)
Note (XNNPACK): [creatre_runtime_impl]: creating node 5: Depthwise Convolution 2D (create_runtime_impl, external/XNNPACK/src/runtime.c:688)
Note (XNNPACK): [creatre_runtime_impl]: creating node 6: Fully Connected (create_runtime_impl, external/XNNPACK/src/runtime.c:688)
Note (XNNPACK): [xnn_create_fully_connected_nc_f32] input_channels: 48, output_channels: 48, input_stride: 48, output_stride: 48, flags: 0x0 (xnn_create_fully_connected_nc_f32, external/XNNPACK/src/operators/fully-connected-nc.c:1636)
Note (XNNPACK): [xnn_create_fully_connected_nc_f32]  gemm_config: 0x55750c9cd080, mr: 4, nr: 16 (xnn_create_fully_connected_nc_f32, external/XNNPACK/src/operators/fully-connected-nc.c:1649)
Note (XNNPACK): [xnn_create_fully_connected_nc_f32]  gemm_nr2_config: 0x55750c9cc660, mr: 10, nr: 8 (xnn_create_fully_connected_nc_f32, external/XNNPACK/src/operators/fully-connected-nc.c:1658)
Note (XNNPACK): [xnn_create_fully_connected_nc_f32]  check if gemm_nr2_config is better than gemm_config (xnn_create_fully_connected_nc_f32, external/XNNPACK/src/operators/fully-connected-nc.c:1664)
Note (XNNPACK): [xnn_create_fully_connected_nc_f32]  selected gemm_config: 0x55750c9cd080, mr: 4, nr: 16 (xnn_create_fully_connected_nc_f32, external/XNNPACK/src/operators/fully-connected-nc.c:1685)
Note (XNNPACK): [create_fully_connected_nc_f32] input_channels: 48, output_channels: 48, input_stride: 48, output_stride: 48, flags: 0x0 (create_fully_connected_nc_f32, external/XNNPACK/src/operators/fully-connected-nc.c:1548)
Note (XNNPACK): [create_fully_connected_nc]: call (create_fully_connected_nc, external/XNNPACK/src/operators/fully-connected-nc.c:58)
Note (XNNPACK): [create_fully_connected_nc] created Fully Connected (NC, F32) operator (create_fully_connected_nc, external/XNNPACK/src/operators/fully-connected-nc.c:334)
Note (XNNPACK): 

 (create_fully_connected_nc, external/XNNPACK/src/operators/fully-connected-nc.c:337)
Note (XNNPACK): [creatre_runtime_impl]: creating node 8: Depthwise Convolution 2D (create_runtime_impl, external/XNNPACK/src/runtime.c:688)
Note (XNNPACK): [creatre_runtime_impl]: creating node 9: Fully Connected (create_runtime_impl, external/XNNPACK/src/runtime.c:688)
Note (XNNPACK): [xnn_create_fully_connected_nc_f32] input_channels: 48, output_channels: 128, input_stride: 48, output_stride: 128, flags: 0x0 (xnn_create_fully_connected_nc_f32, external/XNNPACK/src/operators/fully-connected-nc.c:1636)
Note (XNNPACK): [xnn_create_fully_connected_nc_f32]  gemm_config: 0x55750c9cd080, mr: 4, nr: 16 (xnn_create_fully_connected_nc_f32, external/XNNPACK/src/operators/fully-connected-nc.c:1649)
Note (XNNPACK): [xnn_create_fully_connected_nc_f32]  gemm_nr2_config: 0x55750c9cc660, mr: 10, nr: 8 (xnn_create_fully_connected_nc_f32, external/XNNPACK/src/operators/fully-connected-nc.c:1658)
Note (XNNPACK): [xnn_create_fully_connected_nc_f32]  check if gemm_nr2_config is better than gemm_config (xnn_create_fully_connected_nc_f32, external/XNNPACK/src/operators/fully-connected-nc.c:1664)
Note (XNNPACK): [xnn_create_fully_connected_nc_f32]  selected gemm_config: 0x55750c9cd080, mr: 4, nr: 16 (xnn_create_fully_connected_nc_f32, external/XNNPACK/src/operators/fully-connected-nc.c:1685)
Note (XNNPACK): [create_fully_connected_nc_f32] input_channels: 48, output_channels: 128, input_stride: 48, output_stride: 128, flags: 0x0 (create_fully_connected_nc_f32, external/XNNPACK/src/operators/fully-connected-nc.c:1548)
Note (XNNPACK): [create_fully_connected_nc]: call (create_fully_connected_nc, external/XNNPACK/src/operators/fully-connected-nc.c:58)
Note (XNNPACK): [create_fully_connected_nc] created Fully Connected (NC, F32) operator (create_fully_connected_nc, external/XNNPACK/src/operators/fully-connected-nc.c:334)
Note (XNNPACK): 

 (create_fully_connected_nc, external/XNNPACK/src/operators/fully-connected-nc.c:337)
Note (XNNPACK): [creatre_runtime_impl]: creating node 10: Depthwise Convolution 2D (create_runtime_impl, external/XNNPACK/src/runtime.c:688)
Note (XNNPACK): [creatre_runtime_impl]: creating node 11: Fully Connected (create_runtime_impl, external/XNNPACK/src/runtime.c:688)
Note (XNNPACK): [xnn_create_fully_connected_nc_f32] input_channels: 128, output_channels: 128, input_stride: 128, output_stride: 128, flags: 0x0 (xnn_create_fully_connected_nc_f32, external/XNNPACK/src/operators/fully-connected-nc.c:1636)
Note (XNNPACK): [xnn_create_fully_connected_nc_f32]  gemm_config: 0x55750c9cd080, mr: 4, nr: 16 (xnn_create_fully_connected_nc_f32, external/XNNPACK/src/operators/fully-connected-nc.c:1649)
Note (XNNPACK): [xnn_create_fully_connected_nc_f32]  gemm_nr2_config: 0x55750c9cc660, mr: 10, nr: 8 (xnn_create_fully_connected_nc_f32, external/XNNPACK/src/operators/fully-connected-nc.c:1658)
Note (XNNPACK): [xnn_create_fully_connected_nc_f32]  check if gemm_nr2_config is better than gemm_config (xnn_create_fully_connected_nc_f32, external/XNNPACK/src/operators/fully-connected-nc.c:1664)
Note (XNNPACK): [xnn_create_fully_connected_nc_f32]  selected gemm_config: 0x55750c9cd080, mr: 4, nr: 16 (xnn_create_fully_connected_nc_f32, external/XNNPACK/src/operators/fully-connected-nc.c:1685)
Note (XNNPACK): [create_fully_connected_nc_f32] input_channels: 128, output_channels: 128, input_stride: 128, output_stride: 128, flags: 0x0 (create_fully_connected_nc_f32, external/XNNPACK/src/operators/fully-connected-nc.c:1548)
Note (XNNPACK): [create_fully_connected_nc]: call (create_fully_connected_nc, external/XNNPACK/src/operators/fully-connected-nc.c:58)
Note (XNNPACK): [create_fully_connected_nc] created Fully Connected (NC, F32) operator (create_fully_connected_nc, external/XNNPACK/src/operators/fully-connected-nc.c:334)
Note (XNNPACK): 

 (create_fully_connected_nc, external/XNNPACK/src/operators/fully-connected-nc.c:337)
Note (XNNPACK): [creatre_runtime_impl]: creating node 12: Depthwise Convolution 2D (create_runtime_impl, external/XNNPACK/src/runtime.c:688)
Note (XNNPACK): [creatre_runtime_impl]: creating node 13: Fully Connected (create_runtime_impl, external/XNNPACK/src/runtime.c:688)
Note (XNNPACK): [xnn_create_fully_connected_nc_f32] input_channels: 128, output_channels: 128, input_stride: 128, output_stride: 128, flags: 0x0 (xnn_create_fully_connected_nc_f32, external/XNNPACK/src/operators/fully-connected-nc.c:1636)
Note (XNNPACK): [xnn_create_fully_connected_nc_f32]  gemm_config: 0x55750c9cd080, mr: 4, nr: 16 (xnn_create_fully_connected_nc_f32, external/XNNPACK/src/operators/fully-connected-nc.c:1649)
Note (XNNPACK): [xnn_create_fully_connected_nc_f32]  gemm_nr2_config: 0x55750c9cc660, mr: 10, nr: 8 (xnn_create_fully_connected_nc_f32, external/XNNPACK/src/operators/fully-connected-nc.c:1658)
Note (XNNPACK): [xnn_create_fully_connected_nc_f32]  check if gemm_nr2_config is better than gemm_config (xnn_create_fully_connected_nc_f32, external/XNNPACK/src/operators/fully-connected-nc.c:1664)
Note (XNNPACK): [xnn_create_fully_connected_nc_f32]  selected gemm_config: 0x55750c9cd080, mr: 4, nr: 16 (xnn_create_fully_connected_nc_f32, external/XNNPACK/src/operators/fully-connected-nc.c:1685)
Note (XNNPACK): [create_fully_connected_nc_f32] input_channels: 128, output_channels: 128, input_stride: 128, output_stride: 128, flags: 0x0 (create_fully_connected_nc_f32, external/XNNPACK/src/operators/fully-connected-nc.c:1548)
Note (XNNPACK): [create_fully_connected_nc]: call (create_fully_connected_nc, external/XNNPACK/src/operators/fully-connected-nc.c:58)
Note (XNNPACK): [create_fully_connected_nc] created Fully Connected (NC, F32) operator (create_fully_connected_nc, external/XNNPACK/src/operators/fully-connected-nc.c:334)
Note (XNNPACK): 

 (create_fully_connected_nc, external/XNNPACK/src/operators/fully-connected-nc.c:337)
Note (XNNPACK): [creatre_runtime_impl]: creating node 14: Depthwise Convolution 2D (create_runtime_impl, external/XNNPACK/src/runtime.c:688)
Note (XNNPACK): [creatre_runtime_impl]: creating node 15: Fully Connected (create_runtime_impl, external/XNNPACK/src/runtime.c:688)
Note (XNNPACK): [xnn_create_fully_connected_nc_f32] input_channels: 128, output_channels: 128, input_stride: 128, output_stride: 128, flags: 0x0 (xnn_create_fully_connected_nc_f32, external/XNNPACK/src/operators/fully-connected-nc.c:1636)
Note (XNNPACK): [xnn_create_fully_connected_nc_f32]  gemm_config: 0x55750c9cd080, mr: 4, nr: 16 (xnn_create_fully_connected_nc_f32, external/XNNPACK/src/operators/fully-connected-nc.c:1649)
Note (XNNPACK): [xnn_create_fully_connected_nc_f32]  gemm_nr2_config: 0x55750c9cc660, mr: 10, nr: 8 (xnn_create_fully_connected_nc_f32, external/XNNPACK/src/operators/fully-connected-nc.c:1658)
Note (XNNPACK): [xnn_create_fully_connected_nc_f32]  check if gemm_nr2_config is better than gemm_config (xnn_create_fully_connected_nc_f32, external/XNNPACK/src/operators/fully-connected-nc.c:1664)
Note (XNNPACK): [xnn_create_fully_connected_nc_f32]  selected gemm_config: 0x55750c9cd080, mr: 4, nr: 16 (xnn_create_fully_connected_nc_f32, external/XNNPACK/src/operators/fully-connected-nc.c:1685)
Note (XNNPACK): [create_fully_connected_nc_f32] input_channels: 128, output_channels: 128, input_stride: 128, output_stride: 128, flags: 0x0 (create_fully_connected_nc_f32, external/XNNPACK/src/operators/fully-connected-nc.c:1548)
Note (XNNPACK): [create_fully_connected_nc]: call (create_fully_connected_nc, external/XNNPACK/src/operators/fully-connected-nc.c:58)
Note (XNNPACK): [create_fully_connected_nc] created Fully Connected (NC, F32) operator (create_fully_connected_nc, external/XNNPACK/src/operators/fully-connected-nc.c:334)
Note (XNNPACK): 

 (create_fully_connected_nc, external/XNNPACK/src/operators/fully-connected-nc.c:337)
Note (XNNPACK): [creatre_runtime_impl]: creating node 16: Depthwise Convolution 2D (create_runtime_impl, external/XNNPACK/src/runtime.c:688)
Note (XNNPACK): [creatre_runtime_impl]: creating node 17: Fully Connected (create_runtime_impl, external/XNNPACK/src/runtime.c:688)
Note (XNNPACK): [xnn_create_fully_connected_nc_f32] input_channels: 128, output_channels: 128, input_stride: 128, output_stride: 128, flags: 0x0 (xnn_create_fully_connected_nc_f32, external/XNNPACK/src/operators/fully-connected-nc.c:1636)
Note (XNNPACK): [xnn_create_fully_connected_nc_f32]  gemm_config: 0x55750c9cd080, mr: 4, nr: 16 (xnn_create_fully_connected_nc_f32, external/XNNPACK/src/operators/fully-connected-nc.c:1649)
Note (XNNPACK): [xnn_create_fully_connected_nc_f32]  gemm_nr2_config: 0x55750c9cc660, mr: 10, nr: 8 (xnn_create_fully_connected_nc_f32, external/XNNPACK/src/operators/fully-connected-nc.c:1658)
Note (XNNPACK): [xnn_create_fully_connected_nc_f32]  check if gemm_nr2_config is better than gemm_config (xnn_create_fully_connected_nc_f32, external/XNNPACK/src/operators/fully-connected-nc.c:1664)
Note (XNNPACK): [xnn_create_fully_connected_nc_f32]  selected gemm_config: 0x55750c9cd080, mr: 4, nr: 16 (xnn_create_fully_connected_nc_f32, external/XNNPACK/src/operators/fully-connected-nc.c:1685)
Note (XNNPACK): [create_fully_connected_nc_f32] input_channels: 128, output_channels: 128, input_stride: 128, output_stride: 128, flags: 0x0 (create_fully_connected_nc_f32, external/XNNPACK/src/operators/fully-connected-nc.c:1548)
Note (XNNPACK): [create_fully_connected_nc]: call (create_fully_connected_nc, external/XNNPACK/src/operators/fully-connected-nc.c:58)
Note (XNNPACK): [create_fully_connected_nc] created Fully Connected (NC, F32) operator (create_fully_connected_nc, external/XNNPACK/src/operators/fully-connected-nc.c:334)
Note (XNNPACK): 

 (create_fully_connected_nc, external/XNNPACK/src/operators/fully-connected-nc.c:337)
Note (XNNPACK): [creatre_runtime_impl]: creating node 18: Depthwise Convolution 2D (create_runtime_impl, external/XNNPACK/src/runtime.c:688)
Note (XNNPACK): [creatre_runtime_impl]: creating node 19: Fully Connected (create_runtime_impl, external/XNNPACK/src/runtime.c:688)
Note (XNNPACK): [xnn_create_fully_connected_nc_f32] input_channels: 128, output_channels: 128, input_stride: 128, output_stride: 128, flags: 0x0 (xnn_create_fully_connected_nc_f32, external/XNNPACK/src/operators/fully-connected-nc.c:1636)
Note (XNNPACK): [xnn_create_fully_connected_nc_f32]  gemm_config: 0x55750c9cd080, mr: 4, nr: 16 (xnn_create_fully_connected_nc_f32, external/XNNPACK/src/operators/fully-connected-nc.c:1649)
Note (XNNPACK): [xnn_create_fully_connected_nc_f32]  gemm_nr2_config: 0x55750c9cc660, mr: 10, nr: 8 (xnn_create_fully_connected_nc_f32, external/XNNPACK/src/operators/fully-connected-nc.c:1658)
Note (XNNPACK): [xnn_create_fully_connected_nc_f32]  check if gemm_nr2_config is better than gemm_config (xnn_create_fully_connected_nc_f32, external/XNNPACK/src/operators/fully-connected-nc.c:1664)
Note (XNNPACK): [xnn_create_fully_connected_nc_f32]  selected gemm_config: 0x55750c9cd080, mr: 4, nr: 16 (xnn_create_fully_connected_nc_f32, external/XNNPACK/src/operators/fully-connected-nc.c:1685)
Note (XNNPACK): [create_fully_connected_nc_f32] input_channels: 128, output_channels: 128, input_stride: 128, output_stride: 128, flags: 0x0 (create_fully_connected_nc_f32, external/XNNPACK/src/operators/fully-connected-nc.c:1548)
Note (XNNPACK): [create_fully_connected_nc]: call (create_fully_connected_nc, external/XNNPACK/src/operators/fully-connected-nc.c:58)
Note (XNNPACK): [create_fully_connected_nc] created Fully Connected (NC, F32) operator (create_fully_connected_nc, external/XNNPACK/src/operators/fully-connected-nc.c:334)
Note (XNNPACK): 

 (create_fully_connected_nc, external/XNNPACK/src/operators/fully-connected-nc.c:337)
Note (XNNPACK): [creatre_runtime_impl]: creating node 20: Depthwise Convolution 2D (create_runtime_impl, external/XNNPACK/src/runtime.c:688)
Note (XNNPACK): [creatre_runtime_impl]: creating node 21: Fully Connected (create_runtime_impl, external/XNNPACK/src/runtime.c:688)
Note (XNNPACK): [xnn_create_fully_connected_nc_f32] input_channels: 128, output_channels: 128, input_stride: 128, output_stride: 128, flags: 0x0 (xnn_create_fully_connected_nc_f32, external/XNNPACK/src/operators/fully-connected-nc.c:1636)
Note (XNNPACK): [xnn_create_fully_connected_nc_f32]  gemm_config: 0x55750c9cd080, mr: 4, nr: 16 (xnn_create_fully_connected_nc_f32, external/XNNPACK/src/operators/fully-connected-nc.c:1649)
Note (XNNPACK): [xnn_create_fully_connected_nc_f32]  gemm_nr2_config: 0x55750c9cc660, mr: 10, nr: 8 (xnn_create_fully_connected_nc_f32, external/XNNPACK/src/operators/fully-connected-nc.c:1658)
Note (XNNPACK): [xnn_create_fully_connected_nc_f32]  check if gemm_nr2_config is better than gemm_config (xnn_create_fully_connected_nc_f32, external/XNNPACK/src/operators/fully-connected-nc.c:1664)
Note (XNNPACK): [xnn_create_fully_connected_nc_f32]  selected gemm_config: 0x55750c9cd080, mr: 4, nr: 16 (xnn_create_fully_connected_nc_f32, external/XNNPACK/src/operators/fully-connected-nc.c:1685)
Note (XNNPACK): [create_fully_connected_nc_f32] input_channels: 128, output_channels: 128, input_stride: 128, output_stride: 128, flags: 0x0 (create_fully_connected_nc_f32, external/XNNPACK/src/operators/fully-connected-nc.c:1548)
Note (XNNPACK): [create_fully_connected_nc]: call (create_fully_connected_nc, external/XNNPACK/src/operators/fully-connected-nc.c:58)
Note (XNNPACK): [create_fully_connected_nc] created Fully Connected (NC, F32) operator (create_fully_connected_nc, external/XNNPACK/src/operators/fully-connected-nc.c:334)
Note (XNNPACK): 

 (create_fully_connected_nc, external/XNNPACK/src/operators/fully-connected-nc.c:337)
Note (XNNPACK): [creatre_runtime_impl]: creating node 22: Depthwise Convolution 2D (create_runtime_impl, external/XNNPACK/src/runtime.c:688)
Note (XNNPACK): [creatre_runtime_impl]: creating node 23: Fully Connected (create_runtime_impl, external/XNNPACK/src/runtime.c:688)
Note (XNNPACK): [xnn_create_fully_connected_nc_f32] input_channels: 128, output_channels: 128, input_stride: 128, output_stride: 128, flags: 0x0 (xnn_create_fully_connected_nc_f32, external/XNNPACK/src/operators/fully-connected-nc.c:1636)
Note (XNNPACK): [xnn_create_fully_connected_nc_f32]  gemm_config: 0x55750c9cd080, mr: 4, nr: 16 (xnn_create_fully_connected_nc_f32, external/XNNPACK/src/operators/fully-connected-nc.c:1649)
Note (XNNPACK): [xnn_create_fully_connected_nc_f32]  gemm_nr2_config: 0x55750c9cc660, mr: 10, nr: 8 (xnn_create_fully_connected_nc_f32, external/XNNPACK/src/operators/fully-connected-nc.c:1658)
Note (XNNPACK): [xnn_create_fully_connected_nc_f32]  check if gemm_nr2_config is better than gemm_config (xnn_create_fully_connected_nc_f32, external/XNNPACK/src/operators/fully-connected-nc.c:1664)
Note (XNNPACK): [xnn_create_fully_connected_nc_f32]  selected gemm_config: 0x55750c9cd080, mr: 4, nr: 16 (xnn_create_fully_connected_nc_f32, external/XNNPACK/src/operators/fully-connected-nc.c:1685)
Note (XNNPACK): [create_fully_connected_nc_f32] input_channels: 128, output_channels: 128, input_stride: 128, output_stride: 128, flags: 0x0 (create_fully_connected_nc_f32, external/XNNPACK/src/operators/fully-connected-nc.c:1548)
Note (XNNPACK): [create_fully_connected_nc]: call (create_fully_connected_nc, external/XNNPACK/src/operators/fully-connected-nc.c:58)
Note (XNNPACK): [create_fully_connected_nc] created Fully Connected (NC, F32) operator (create_fully_connected_nc, external/XNNPACK/src/operators/fully-connected-nc.c:334)
Note (XNNPACK): 

 (create_fully_connected_nc, external/XNNPACK/src/operators/fully-connected-nc.c:337)
Note (XNNPACK): [creatre_runtime_impl]: creating node 25: Depthwise Convolution 2D (create_runtime_impl, external/XNNPACK/src/runtime.c:688)
Note (XNNPACK): [creatre_runtime_impl]: creating node 26: Fully Connected (create_runtime_impl, external/XNNPACK/src/runtime.c:688)
Note (XNNPACK): [xnn_create_fully_connected_nc_f32] input_channels: 128, output_channels: 256, input_stride: 128, output_stride: 256, flags: 0x0 (xnn_create_fully_connected_nc_f32, external/XNNPACK/src/operators/fully-connected-nc.c:1636)
Note (XNNPACK): [xnn_create_fully_connected_nc_f32]  gemm_config: 0x55750c9cd080, mr: 4, nr: 16 (xnn_create_fully_connected_nc_f32, external/XNNPACK/src/operators/fully-connected-nc.c:1649)
Note (XNNPACK): [xnn_create_fully_connected_nc_f32]  gemm_nr2_config: 0x55750c9cc660, mr: 10, nr: 8 (xnn_create_fully_connected_nc_f32, external/XNNPACK/src/operators/fully-connected-nc.c:1658)
Note (XNNPACK): [xnn_create_fully_connected_nc_f32]  check if gemm_nr2_config is better than gemm_config (xnn_create_fully_connected_nc_f32, external/XNNPACK/src/operators/fully-connected-nc.c:1664)
Note (XNNPACK): [xnn_create_fully_connected_nc_f32]  selected gemm_config: 0x55750c9cd080, mr: 4, nr: 16 (xnn_create_fully_connected_nc_f32, external/XNNPACK/src/operators/fully-connected-nc.c:1685)
Note (XNNPACK): [create_fully_connected_nc_f32] input_channels: 128, output_channels: 256, input_stride: 128, output_stride: 256, flags: 0x0 (create_fully_connected_nc_f32, external/XNNPACK/src/operators/fully-connected-nc.c:1548)
Note (XNNPACK): [create_fully_connected_nc]: call (create_fully_connected_nc, external/XNNPACK/src/operators/fully-connected-nc.c:58)
Note (XNNPACK): [create_fully_connected_nc] created Fully Connected (NC, F32) operator (create_fully_connected_nc, external/XNNPACK/src/operators/fully-connected-nc.c:334)
Note (XNNPACK): 

 (create_fully_connected_nc, external/XNNPACK/src/operators/fully-connected-nc.c:337)
Note (XNNPACK): [creatre_runtime_impl]: creating node 27: Depthwise Convolution 2D (create_runtime_impl, external/XNNPACK/src/runtime.c:688)
Note (XNNPACK): [creatre_runtime_impl]: creating node 28: Fully Connected (create_runtime_impl, external/XNNPACK/src/runtime.c:688)
Note (XNNPACK): [xnn_create_fully_connected_nc_f32] input_channels: 256, output_channels: 256, input_stride: 256, output_stride: 256, flags: 0x0 (xnn_create_fully_connected_nc_f32, external/XNNPACK/src/operators/fully-connected-nc.c:1636)
Note (XNNPACK): [xnn_create_fully_connected_nc_f32]  gemm_config: 0x55750c9cd080, mr: 4, nr: 16 (xnn_create_fully_connected_nc_f32, external/XNNPACK/src/operators/fully-connected-nc.c:1649)
Note (XNNPACK): [xnn_create_fully_connected_nc_f32]  gemm_nr2_config: 0x55750c9cc660, mr: 10, nr: 8 (xnn_create_fully_connected_nc_f32, external/XNNPACK/src/operators/fully-connected-nc.c:1658)
Note (XNNPACK): [xnn_create_fully_connected_nc_f32]  check if gemm_nr2_config is better than gemm_config (xnn_create_fully_connected_nc_f32, external/XNNPACK/src/operators/fully-connected-nc.c:1664)
Note (XNNPACK): [xnn_create_fully_connected_nc_f32]  selected gemm_config: 0x55750c9cd080, mr: 4, nr: 16 (xnn_create_fully_connected_nc_f32, external/XNNPACK/src/operators/fully-connected-nc.c:1685)
Note (XNNPACK): [create_fully_connected_nc_f32] input_channels: 256, output_channels: 256, input_stride: 256, output_stride: 256, flags: 0x0 (create_fully_connected_nc_f32, external/XNNPACK/src/operators/fully-connected-nc.c:1548)
Note (XNNPACK): [create_fully_connected_nc]: call (create_fully_connected_nc, external/XNNPACK/src/operators/fully-connected-nc.c:58)
Note (XNNPACK): [create_fully_connected_nc] created Fully Connected (NC, F32) operator (create_fully_connected_nc, external/XNNPACK/src/operators/fully-connected-nc.c:334)
Note (XNNPACK): 

 (create_fully_connected_nc, external/XNNPACK/src/operators/fully-connected-nc.c:337)
Note (XNNPACK): [creatre_runtime_impl]: creating node 29: Depthwise Convolution 2D (create_runtime_impl, external/XNNPACK/src/runtime.c:688)
Note (XNNPACK): [creatre_runtime_impl]: creating node 30: Fully Connected (create_runtime_impl, external/XNNPACK/src/runtime.c:688)
Note (XNNPACK): [xnn_create_fully_connected_nc_f32] input_channels: 256, output_channels: 256, input_stride: 256, output_stride: 256, flags: 0x0 (xnn_create_fully_connected_nc_f32, external/XNNPACK/src/operators/fully-connected-nc.c:1636)
Note (XNNPACK): [xnn_create_fully_connected_nc_f32]  gemm_config: 0x55750c9cd080, mr: 4, nr: 16 (xnn_create_fully_connected_nc_f32, external/XNNPACK/src/operators/fully-connected-nc.c:1649)
Note (XNNPACK): [xnn_create_fully_connected_nc_f32]  gemm_nr2_config: 0x55750c9cc660, mr: 10, nr: 8 (xnn_create_fully_connected_nc_f32, external/XNNPACK/src/operators/fully-connected-nc.c:1658)
Note (XNNPACK): [xnn_create_fully_connected_nc_f32]  check if gemm_nr2_config is better than gemm_config (xnn_create_fully_connected_nc_f32, external/XNNPACK/src/operators/fully-connected-nc.c:1664)
Note (XNNPACK): [xnn_create_fully_connected_nc_f32]  selected gemm_config: 0x55750c9cd080, mr: 4, nr: 16 (xnn_create_fully_connected_nc_f32, external/XNNPACK/src/operators/fully-connected-nc.c:1685)
Note (XNNPACK): [create_fully_connected_nc_f32] input_channels: 256, output_channels: 256, input_stride: 256, output_stride: 256, flags: 0x0 (create_fully_connected_nc_f32, external/XNNPACK/src/operators/fully-connected-nc.c:1548)
Note (XNNPACK): [create_fully_connected_nc]: call (create_fully_connected_nc, external/XNNPACK/src/operators/fully-connected-nc.c:58)
Note (XNNPACK): [create_fully_connected_nc] created Fully Connected (NC, F32) operator (create_fully_connected_nc, external/XNNPACK/src/operators/fully-connected-nc.c:334)
Note (XNNPACK): 

 (create_fully_connected_nc, external/XNNPACK/src/operators/fully-connected-nc.c:337)
Note (XNNPACK): [creatre_runtime_impl]: creating node 31: Depthwise Convolution 2D (create_runtime_impl, external/XNNPACK/src/runtime.c:688)
Note (XNNPACK): [creatre_runtime_impl]: creating node 32: Fully Connected (create_runtime_impl, external/XNNPACK/src/runtime.c:688)
Note (XNNPACK): [xnn_create_fully_connected_nc_f32] input_channels: 256, output_channels: 256, input_stride: 256, output_stride: 256, flags: 0x0 (xnn_create_fully_connected_nc_f32, external/XNNPACK/src/operators/fully-connected-nc.c:1636)
Note (XNNPACK): [xnn_create_fully_connected_nc_f32]  gemm_config: 0x55750c9cd080, mr: 4, nr: 16 (xnn_create_fully_connected_nc_f32, external/XNNPACK/src/operators/fully-connected-nc.c:1649)
Note (XNNPACK): [xnn_create_fully_connected_nc_f32]  gemm_nr2_config: 0x55750c9cc660, mr: 10, nr: 8 (xnn_create_fully_connected_nc_f32, external/XNNPACK/src/operators/fully-connected-nc.c:1658)
Note (XNNPACK): [xnn_create_fully_connected_nc_f32]  check if gemm_nr2_config is better than gemm_config (xnn_create_fully_connected_nc_f32, external/XNNPACK/src/operators/fully-connected-nc.c:1664)
Note (XNNPACK): [xnn_create_fully_connected_nc_f32]  selected gemm_config: 0x55750c9cd080, mr: 4, nr: 16 (xnn_create_fully_connected_nc_f32, external/XNNPACK/src/operators/fully-connected-nc.c:1685)
Note (XNNPACK): [create_fully_connected_nc_f32] input_channels: 256, output_channels: 256, input_stride: 256, output_stride: 256, flags: 0x0 (create_fully_connected_nc_f32, external/XNNPACK/src/operators/fully-connected-nc.c:1548)
Note (XNNPACK): [create_fully_connected_nc]: call (create_fully_connected_nc, external/XNNPACK/src/operators/fully-connected-nc.c:58)
Note (XNNPACK): [create_fully_connected_nc] created Fully Connected (NC, F32) operator (create_fully_connected_nc, external/XNNPACK/src/operators/fully-connected-nc.c:334)
Note (XNNPACK): 

 (create_fully_connected_nc, external/XNNPACK/src/operators/fully-connected-nc.c:337)
Note (XNNPACK): [creatre_runtime_impl]: creating node 33: Depthwise Convolution 2D (create_runtime_impl, external/XNNPACK/src/runtime.c:688)
Note (XNNPACK): [creatre_runtime_impl]: creating node 34: Fully Connected (create_runtime_impl, external/XNNPACK/src/runtime.c:688)
Note (XNNPACK): [xnn_create_fully_connected_nc_f32] input_channels: 256, output_channels: 256, input_stride: 256, output_stride: 256, flags: 0x0 (xnn_create_fully_connected_nc_f32, external/XNNPACK/src/operators/fully-connected-nc.c:1636)
Note (XNNPACK): [xnn_create_fully_connected_nc_f32]  gemm_config: 0x55750c9cd080, mr: 4, nr: 16 (xnn_create_fully_connected_nc_f32, external/XNNPACK/src/operators/fully-connected-nc.c:1649)
Note (XNNPACK): [xnn_create_fully_connected_nc_f32]  gemm_nr2_config: 0x55750c9cc660, mr: 10, nr: 8 (xnn_create_fully_connected_nc_f32, external/XNNPACK/src/operators/fully-connected-nc.c:1658)
Note (XNNPACK): [xnn_create_fully_connected_nc_f32]  check if gemm_nr2_config is better than gemm_config (xnn_create_fully_connected_nc_f32, external/XNNPACK/src/operators/fully-connected-nc.c:1664)
Note (XNNPACK): [xnn_create_fully_connected_nc_f32]  selected gemm_config: 0x55750c9cd080, mr: 4, nr: 16 (xnn_create_fully_connected_nc_f32, external/XNNPACK/src/operators/fully-connected-nc.c:1685)
Note (XNNPACK): [create_fully_connected_nc_f32] input_channels: 256, output_channels: 256, input_stride: 256, output_stride: 256, flags: 0x0 (create_fully_connected_nc_f32, external/XNNPACK/src/operators/fully-connected-nc.c:1548)
Note (XNNPACK): [create_fully_connected_nc]: call (create_fully_connected_nc, external/XNNPACK/src/operators/fully-connected-nc.c:58)
Note (XNNPACK): [create_fully_connected_nc] created Fully Connected (NC, F32) operator (create_fully_connected_nc, external/XNNPACK/src/operators/fully-connected-nc.c:334)
Note (XNNPACK): 

 (create_fully_connected_nc, external/XNNPACK/src/operators/fully-connected-nc.c:337)
Note (XNNPACK): [creatre_runtime_impl]: creating node 35: Depthwise Convolution 2D (create_runtime_impl, external/XNNPACK/src/runtime.c:688)
Note (XNNPACK): [creatre_runtime_impl]: creating node 36: Fully Connected (create_runtime_impl, external/XNNPACK/src/runtime.c:688)
Note (XNNPACK): [xnn_create_fully_connected_nc_f32] input_channels: 256, output_channels: 256, input_stride: 256, output_stride: 256, flags: 0x0 (xnn_create_fully_connected_nc_f32, external/XNNPACK/src/operators/fully-connected-nc.c:1636)
Note (XNNPACK): [xnn_create_fully_connected_nc_f32]  gemm_config: 0x55750c9cd080, mr: 4, nr: 16 (xnn_create_fully_connected_nc_f32, external/XNNPACK/src/operators/fully-connected-nc.c:1649)
Note (XNNPACK): [xnn_create_fully_connected_nc_f32]  gemm_nr2_config: 0x55750c9cc660, mr: 10, nr: 8 (xnn_create_fully_connected_nc_f32, external/XNNPACK/src/operators/fully-connected-nc.c:1658)
Note (XNNPACK): [xnn_create_fully_connected_nc_f32]  check if gemm_nr2_config is better than gemm_config (xnn_create_fully_connected_nc_f32, external/XNNPACK/src/operators/fully-connected-nc.c:1664)
Note (XNNPACK): [xnn_create_fully_connected_nc_f32]  selected gemm_config: 0x55750c9cd080, mr: 4, nr: 16 (xnn_create_fully_connected_nc_f32, external/XNNPACK/src/operators/fully-connected-nc.c:1685)
Note (XNNPACK): [create_fully_connected_nc_f32] input_channels: 256, output_channels: 256, input_stride: 256, output_stride: 256, flags: 0x0 (create_fully_connected_nc_f32, external/XNNPACK/src/operators/fully-connected-nc.c:1548)
Note (XNNPACK): [create_fully_connected_nc]: call (create_fully_connected_nc, external/XNNPACK/src/operators/fully-connected-nc.c:58)
Note (XNNPACK): [create_fully_connected_nc] created Fully Connected (NC, F32) operator (create_fully_connected_nc, external/XNNPACK/src/operators/fully-connected-nc.c:334)
Note (XNNPACK): 

 (create_fully_connected_nc, external/XNNPACK/src/operators/fully-connected-nc.c:337)
Note (XNNPACK): [creatre_runtime_impl]: creating node 37: Depthwise Convolution 2D (create_runtime_impl, external/XNNPACK/src/runtime.c:688)
Note (XNNPACK): [creatre_runtime_impl]: creating node 38: Fully Connected (create_runtime_impl, external/XNNPACK/src/runtime.c:688)
Note (XNNPACK): [xnn_create_fully_connected_nc_f32] input_channels: 256, output_channels: 256, input_stride: 256, output_stride: 256, flags: 0x0 (xnn_create_fully_connected_nc_f32, external/XNNPACK/src/operators/fully-connected-nc.c:1636)
Note (XNNPACK): [xnn_create_fully_connected_nc_f32]  gemm_config: 0x55750c9cd080, mr: 4, nr: 16 (xnn_create_fully_connected_nc_f32, external/XNNPACK/src/operators/fully-connected-nc.c:1649)
Note (XNNPACK): [xnn_create_fully_connected_nc_f32]  gemm_nr2_config: 0x55750c9cc660, mr: 10, nr: 8 (xnn_create_fully_connected_nc_f32, external/XNNPACK/src/operators/fully-connected-nc.c:1658)
Note (XNNPACK): [xnn_create_fully_connected_nc_f32]  check if gemm_nr2_config is better than gemm_config (xnn_create_fully_connected_nc_f32, external/XNNPACK/src/operators/fully-connected-nc.c:1664)
Note (XNNPACK): [xnn_create_fully_connected_nc_f32]  selected gemm_config: 0x55750c9cd080, mr: 4, nr: 16 (xnn_create_fully_connected_nc_f32, external/XNNPACK/src/operators/fully-connected-nc.c:1685)
Note (XNNPACK): [create_fully_connected_nc_f32] input_channels: 256, output_channels: 256, input_stride: 256, output_stride: 256, flags: 0x0 (create_fully_connected_nc_f32, external/XNNPACK/src/operators/fully-connected-nc.c:1548)
Note (XNNPACK): [create_fully_connected_nc]: call (create_fully_connected_nc, external/XNNPACK/src/operators/fully-connected-nc.c:58)
Note (XNNPACK): [create_fully_connected_nc] created Fully Connected (NC, F32) operator (create_fully_connected_nc, external/XNNPACK/src/operators/fully-connected-nc.c:334)
Note (XNNPACK): 

 (create_fully_connected_nc, external/XNNPACK/src/operators/fully-connected-nc.c:337)
Note (XNNPACK): [creatre_runtime_impl]: creating node 39: Depthwise Convolution 2D (create_runtime_impl, external/XNNPACK/src/runtime.c:688)
Note (XNNPACK): [creatre_runtime_impl]: creating node 40: Fully Connected (create_runtime_impl, external/XNNPACK/src/runtime.c:688)
Note (XNNPACK): [xnn_create_fully_connected_nc_f32] input_channels: 256, output_channels: 256, input_stride: 256, output_stride: 256, flags: 0x0 (xnn_create_fully_connected_nc_f32, external/XNNPACK/src/operators/fully-connected-nc.c:1636)
Note (XNNPACK): [xnn_create_fully_connected_nc_f32]  gemm_config: 0x55750c9cd080, mr: 4, nr: 16 (xnn_create_fully_connected_nc_f32, external/XNNPACK/src/operators/fully-connected-nc.c:1649)
Note (XNNPACK): [xnn_create_fully_connected_nc_f32]  gemm_nr2_config: 0x55750c9cc660, mr: 10, nr: 8 (xnn_create_fully_connected_nc_f32, external/XNNPACK/src/operators/fully-connected-nc.c:1658)
Note (XNNPACK): [xnn_create_fully_connected_nc_f32]  check if gemm_nr2_config is better than gemm_config (xnn_create_fully_connected_nc_f32, external/XNNPACK/src/operators/fully-connected-nc.c:1664)
Note (XNNPACK): [xnn_create_fully_connected_nc_f32]  selected gemm_config: 0x55750c9cd080, mr: 4, nr: 16 (xnn_create_fully_connected_nc_f32, external/XNNPACK/src/operators/fully-connected-nc.c:1685)
Note (XNNPACK): [create_fully_connected_nc_f32] input_channels: 256, output_channels: 256, input_stride: 256, output_stride: 256, flags: 0x0 (create_fully_connected_nc_f32, external/XNNPACK/src/operators/fully-connected-nc.c:1548)
Note (XNNPACK): [create_fully_connected_nc]: call (create_fully_connected_nc, external/XNNPACK/src/operators/fully-connected-nc.c:58)
Note (XNNPACK): [create_fully_connected_nc] created Fully Connected (NC, F32) operator (create_fully_connected_nc, external/XNNPACK/src/operators/fully-connected-nc.c:334)
Note (XNNPACK): 

 (create_fully_connected_nc, external/XNNPACK/src/operators/fully-connected-nc.c:337)
Note (XNNPACK): [creatre_runtime_impl]: creating node 41: Depthwise Convolution 2D (create_runtime_impl, external/XNNPACK/src/runtime.c:688)
Note (XNNPACK): [creatre_runtime_impl]: creating node 42: Fully Connected (create_runtime_impl, external/XNNPACK/src/runtime.c:688)
Note (XNNPACK): [xnn_create_fully_connected_nc_f32] input_channels: 256, output_channels: 256, input_stride: 256, output_stride: 256, flags: 0x0 (xnn_create_fully_connected_nc_f32, external/XNNPACK/src/operators/fully-connected-nc.c:1636)
Note (XNNPACK): [xnn_create_fully_connected_nc_f32]  gemm_config: 0x55750c9cd080, mr: 4, nr: 16 (xnn_create_fully_connected_nc_f32, external/XNNPACK/src/operators/fully-connected-nc.c:1649)
Note (XNNPACK): [xnn_create_fully_connected_nc_f32]  gemm_nr2_config: 0x55750c9cc660, mr: 10, nr: 8 (xnn_create_fully_connected_nc_f32, external/XNNPACK/src/operators/fully-connected-nc.c:1658)
Note (XNNPACK): [xnn_create_fully_connected_nc_f32]  check if gemm_nr2_config is better than gemm_config (xnn_create_fully_connected_nc_f32, external/XNNPACK/src/operators/fully-connected-nc.c:1664)
Note (XNNPACK): [xnn_create_fully_connected_nc_f32]  selected gemm_config: 0x55750c9cd080, mr: 4, nr: 16 (xnn_create_fully_connected_nc_f32, external/XNNPACK/src/operators/fully-connected-nc.c:1685)
Note (XNNPACK): [create_fully_connected_nc_f32] input_channels: 256, output_channels: 256, input_stride: 256, output_stride: 256, flags: 0x0 (create_fully_connected_nc_f32, external/XNNPACK/src/operators/fully-connected-nc.c:1548)
Note (XNNPACK): [create_fully_connected_nc]: call (create_fully_connected_nc, external/XNNPACK/src/operators/fully-connected-nc.c:58)
Note (XNNPACK): [create_fully_connected_nc] created Fully Connected (NC, F32) operator (create_fully_connected_nc, external/XNNPACK/src/operators/fully-connected-nc.c:334)
Note (XNNPACK): 

 (create_fully_connected_nc, external/XNNPACK/src/operators/fully-connected-nc.c:337)
Note (XNNPACK): [creatre_runtime_impl]: creating node 43: Depthwise Convolution 2D (create_runtime_impl, external/XNNPACK/src/runtime.c:688)
Note (XNNPACK): [creatre_runtime_impl]: creating node 44: Fully Connected (create_runtime_impl, external/XNNPACK/src/runtime.c:688)
Note (XNNPACK): [xnn_create_fully_connected_nc_f32] input_channels: 256, output_channels: 256, input_stride: 256, output_stride: 256, flags: 0x0 (xnn_create_fully_connected_nc_f32, external/XNNPACK/src/operators/fully-connected-nc.c:1636)
Note (XNNPACK): [xnn_create_fully_connected_nc_f32]  gemm_config: 0x55750c9cd080, mr: 4, nr: 16 (xnn_create_fully_connected_nc_f32, external/XNNPACK/src/operators/fully-connected-nc.c:1649)
Note (XNNPACK): [xnn_create_fully_connected_nc_f32]  gemm_nr2_config: 0x55750c9cc660, mr: 10, nr: 8 (xnn_create_fully_connected_nc_f32, external/XNNPACK/src/operators/fully-connected-nc.c:1658)
Note (XNNPACK): [xnn_create_fully_connected_nc_f32]  check if gemm_nr2_config is better than gemm_config (xnn_create_fully_connected_nc_f32, external/XNNPACK/src/operators/fully-connected-nc.c:1664)
Note (XNNPACK): [xnn_create_fully_connected_nc_f32]  selected gemm_config: 0x55750c9cd080, mr: 4, nr: 16 (xnn_create_fully_connected_nc_f32, external/XNNPACK/src/operators/fully-connected-nc.c:1685)
Note (XNNPACK): [create_fully_connected_nc_f32] input_channels: 256, output_channels: 256, input_stride: 256, output_stride: 256, flags: 0x0 (create_fully_connected_nc_f32, external/XNNPACK/src/operators/fully-connected-nc.c:1548)
Note (XNNPACK): [create_fully_connected_nc]: call (create_fully_connected_nc, external/XNNPACK/src/operators/fully-connected-nc.c:58)
Note (XNNPACK): [create_fully_connected_nc] created Fully Connected (NC, F32) operator (create_fully_connected_nc, external/XNNPACK/src/operators/fully-connected-nc.c:334)
Note (XNNPACK): 

 (create_fully_connected_nc, external/XNNPACK/src/operators/fully-connected-nc.c:337)
Note (XNNPACK): [creatre_runtime_impl]: creating node 46: Depthwise Convolution 2D (create_runtime_impl, external/XNNPACK/src/runtime.c:688)
Note (XNNPACK): [creatre_runtime_impl]: creating node 47: Fully Connected (create_runtime_impl, external/XNNPACK/src/runtime.c:688)
Note (XNNPACK): [xnn_create_fully_connected_nc_f32] input_channels: 256, output_channels: 1024, input_stride: 256, output_stride: 1024, flags: 0x0 (xnn_create_fully_connected_nc_f32, external/XNNPACK/src/operators/fully-connected-nc.c:1636)
Note (XNNPACK): [xnn_create_fully_connected_nc_f32]  gemm_config: 0x55750c9cd080, mr: 4, nr: 16 (xnn_create_fully_connected_nc_f32, external/XNNPACK/src/operators/fully-connected-nc.c:1649)
Note (XNNPACK): [xnn_create_fully_connected_nc_f32]  gemm_nr2_config: 0x55750c9cc660, mr: 10, nr: 8 (xnn_create_fully_connected_nc_f32, external/XNNPACK/src/operators/fully-connected-nc.c:1658)
Note (XNNPACK): [xnn_create_fully_connected_nc_f32]  check if gemm_nr2_config is better than gemm_config (xnn_create_fully_connected_nc_f32, external/XNNPACK/src/operators/fully-connected-nc.c:1664)
Note (XNNPACK): [xnn_create_fully_connected_nc_f32]  selected gemm_config: 0x55750c9cd080, mr: 4, nr: 16 (xnn_create_fully_connected_nc_f32, external/XNNPACK/src/operators/fully-connected-nc.c:1685)
Note (XNNPACK): [create_fully_connected_nc_f32] input_channels: 256, output_channels: 1024, input_stride: 256, output_stride: 1024, flags: 0x0 (create_fully_connected_nc_f32, external/XNNPACK/src/operators/fully-connected-nc.c:1548)
Note (XNNPACK): [create_fully_connected_nc]: call (create_fully_connected_nc, external/XNNPACK/src/operators/fully-connected-nc.c:58)
Note (XNNPACK): [create_fully_connected_nc] created Fully Connected (NC, F32) operator (create_fully_connected_nc, external/XNNPACK/src/operators/fully-connected-nc.c:334)
Note (XNNPACK): 

 (create_fully_connected_nc, external/XNNPACK/src/operators/fully-connected-nc.c:337)
Note (XNNPACK): [creatre_runtime_impl]: creating node 48: Static Sum (create_runtime_impl, external/XNNPACK/src/runtime.c:688)
Note (XNNPACK): Using reduce microkernel 'xnn_f32_rsum_ukernel__avx_u32_acc4'. (init_f32_rsum_config, external/XNNPACK/src/configs/reduce-config.c:727)
Note (XNNPACK): Using reduce_discontiguous microkernel 'xnn_f32_rdsum_ukernel_7p7x__avx_c32'. (init_f32_rsum_config, external/XNNPACK/src/configs/reduce-config.c:739)
Note (XNNPACK): [creatre_runtime_impl]: creating node 49: Fully Connected (create_runtime_impl, external/XNNPACK/src/runtime.c:688)
Note (XNNPACK): [xnn_create_fully_connected_nc_f32] input_channels: 1024, output_channels: 1000, input_stride: 1024, output_stride: 1000, flags: 0x10 (xnn_create_fully_connected_nc_f32, external/XNNPACK/src/operators/fully-connected-nc.c:1636)
Note (XNNPACK): [xnn_create_fully_connected_nc_f32]  gemm_config: 0x55750c9cd080, mr: 4, nr: 16 (xnn_create_fully_connected_nc_f32, external/XNNPACK/src/operators/fully-connected-nc.c:1649)
Note (XNNPACK): [xnn_create_fully_connected_nc_f32]  gemm_nr2_config: 0x55750c9cc660, mr: 10, nr: 8 (xnn_create_fully_connected_nc_f32, external/XNNPACK/src/operators/fully-connected-nc.c:1658)
Note (XNNPACK): [xnn_create_fully_connected_nc_f32]  check if gemm_nr2_config is better than gemm_config (xnn_create_fully_connected_nc_f32, external/XNNPACK/src/operators/fully-connected-nc.c:1664)
Note (XNNPACK): [xnn_create_fully_connected_nc_f32]  selected gemm_config: 0x55750c9cd080, mr: 4, nr: 16 (xnn_create_fully_connected_nc_f32, external/XNNPACK/src/operators/fully-connected-nc.c:1685)
Note (XNNPACK): [create_fully_connected_nc_f32] input_channels: 1024, output_channels: 1000, input_stride: 1024, output_stride: 1000, flags: 0x10 (create_fully_connected_nc_f32, external/XNNPACK/src/operators/fully-connected-nc.c:1548)
Note (XNNPACK): [create_fully_connected_nc]: call (create_fully_connected_nc, external/XNNPACK/src/operators/fully-connected-nc.c:58)
Note (XNNPACK): [create_fully_connected_nc] created Fully Connected (NC, F32) operator (create_fully_connected_nc, external/XNNPACK/src/operators/fully-connected-nc.c:334)
Note (XNNPACK): 

 (create_fully_connected_nc, external/XNNPACK/src/operators/fully-connected-nc.c:337)
Note (XNNPACK): [create_runtime_impl]:  created runtime 0x55750d005af0 with 50 nodes and 278 values (create_runtime_impl, external/XNNPACK/src/runtime.c:739)
VERBOSE: SubgraphCreate: created XNNPACK runtime 
[INFO] XNNPACK delegate applied successfully (threads: 1)

[INFO] Model Summary 
 Input tensor count  : 1
 Output tensor count : 1
 Total tensor count  : 141
 Node (op) count     : 51
 Delegate applied    : Yes 

[INFO] Shape of input_tensor: [1, 224, 224, 3]
[INFO] Processing FP32 input path

[INFO] Running 100 warm-up iterations...
Note (XNNPACK): setup_runtime: Setting up runtime with 50 operators (setup_runtime, external/XNNPACK/src/runtime.c:902)
[INFO] warm-up completed

[INFO] Running 500 run and profile iterations...
[INFO] run and profile completed

[INFO] Shape of output_tensor: [1, 1000]
[INFO] Processing FP32 output path

[INFO] Top 5 predictions:
- Class 207 (golden_retriever): 0.734142
- Class 257 (Great_Pyrenees): 0.106012
- Class 208 (Labrador_retriever): 0.0527867
- Class 244 (Tibetan_mastiff): 0.0202354
- Class 222 (kuvasz): 0.0182101

[INFO] Elapsed time summary
- Load Model took 0.017 ms (17 us)
- Build Interpreter took 0.637 ms (637 us)
- Apply Delegate took 3.746 ms (3746 us)
- Allocate Tensor took 3.119 ms (3119 us)
- Load Input Image took 9.953 ms (9953 us)
- Preprocessing took 1.022 ms (1022 us)
- Inference_0 took 4.937 ms (4937 us)
- Inference_1 took 5.111 ms (5111 us)
- Inference_2 took 5.122 ms (5122 us)
- Inference_3 took 4.903 ms (4903 us)
- Inference_4 took 5.765 ms (5765 us)
- Inference_5 took 4.676 ms (4676 us)
- Inference_6 took 4.789 ms (4789 us)
- Inference_7 took 5.247 ms (5247 us)
- Inference_8 took 4.751 ms (4751 us)
- Inference_9 took 4.828 ms (4828 us)
- Inference_10 took 7.967 ms (7967 us)
- Inference_11 took 7.138 ms (7138 us)
- Inference_12 took 6.655 ms (6655 us)
- Inference_13 took 7.012 ms (7012 us)
- Inference_14 took 6.993 ms (6993 us)
- Inference_15 took 5.934 ms (5934 us)
- Inference_16 took 5.847 ms (5847 us)
- Inference_17 took 6.654 ms (6654 us)
- Inference_18 took 5.069 ms (5069 us)
- Inference_19 took 4.593 ms (4593 us)
- Inference_20 took 5.27 ms (5270 us)
- Inference_21 took 4.811 ms (4811 us)
- Inference_22 took 4.906 ms (4906 us)
- Inference_23 took 4.871 ms (4871 us)
- Inference_24 took 4.599 ms (4599 us)
- Inference_25 took 5.269 ms (5269 us)
- Inference_26 took 4.99 ms (4990 us)
- Inference_27 took 4.948 ms (4948 us)
- Inference_28 took 5.602 ms (5602 us)
- Inference_29 took 5.112 ms (5112 us)
- Inference_30 took 4.843 ms (4843 us)
- Inference_31 took 6.031 ms (6031 us)
- Inference_32 took 4.756 ms (4756 us)
- Inference_33 took 4.675 ms (4675 us)
- Inference_34 took 5.062 ms (5062 us)
- Inference_35 took 5.53 ms (5530 us)
- Inference_36 took 5.094 ms (5094 us)
- Inference_37 took 5.026 ms (5026 us)
- Inference_38 took 5.454 ms (5454 us)
- Inference_39 took 5.01 ms (5010 us)
- Inference_40 took 4.895 ms (4895 us)
- Inference_41 took 6.424 ms (6424 us)
- Inference_42 took 4.764 ms (4764 us)
- Inference_43 took 4.985 ms (4985 us)
- Inference_44 took 5.75 ms (5750 us)
- Inference_45 took 4.91 ms (4910 us)
- Inference_46 took 4.629 ms (4629 us)
- Inference_47 took 5.407 ms (5407 us)
- Inference_48 took 5.37 ms (5370 us)
- Inference_49 took 4.772 ms (4772 us)
- Inference_50 took 5.2 ms (5200 us)
- Inference_51 took 5.698 ms (5698 us)
- Inference_52 took 4.753 ms (4753 us)
- Inference_53 took 5.005 ms (5005 us)
- Inference_54 took 5.612 ms (5612 us)
- Inference_55 took 4.896 ms (4896 us)
- Inference_56 took 4.646 ms (4646 us)
- Inference_57 took 5.679 ms (5679 us)
- Inference_58 took 4.912 ms (4912 us)
- Inference_59 took 5.112 ms (5112 us)
- Inference_60 took 5.492 ms (5492 us)
- Inference_61 took 4.973 ms (4973 us)
- Inference_62 took 4.981 ms (4981 us)
- Inference_63 took 5.594 ms (5594 us)
- Inference_64 took 5.34 ms (5340 us)
- Inference_65 took 4.767 ms (4767 us)
- Inference_66 took 5.022 ms (5022 us)
- Inference_67 took 5.416 ms (5416 us)
- Inference_68 took 4.65 ms (4650 us)
- Inference_69 took 4.753 ms (4753 us)
- Inference_70 took 5.833 ms (5833 us)
- Inference_71 took 4.971 ms (4971 us)
- Inference_72 took 5.089 ms (5089 us)
- Inference_73 took 6.283 ms (6283 us)
- Inference_74 took 4.897 ms (4897 us)
- Inference_75 took 4.878 ms (4878 us)
- Inference_76 took 5.892 ms (5892 us)
- Inference_77 took 4.858 ms (4858 us)
- Inference_78 took 4.825 ms (4825 us)
- Inference_79 took 5.399 ms (5399 us)
- Inference_80 took 5.796 ms (5796 us)
- Inference_81 took 4.934 ms (4934 us)
- Inference_82 took 5.633 ms (5633 us)
- Inference_83 took 6.396 ms (6396 us)
- Inference_84 took 5.196 ms (5196 us)
- Inference_85 took 5.426 ms (5426 us)
- Inference_86 took 6.073 ms (6073 us)
- Inference_87 took 4.994 ms (4994 us)
- Inference_88 took 5.568 ms (5568 us)
- Inference_89 took 5.844 ms (5844 us)
- Inference_90 took 4.748 ms (4748 us)
- Inference_91 took 4.964 ms (4964 us)
- Inference_92 took 6.074 ms (6074 us)
- Inference_93 took 5.133 ms (5133 us)
- Inference_94 took 5.167 ms (5167 us)
- Inference_95 took 5.486 ms (5486 us)
- Inference_96 took 4.788 ms (4788 us)
- Inference_97 took 4.647 ms (4647 us)
- Inference_98 took 5.037 ms (5037 us)
- Inference_99 took 4.752 ms (4752 us)
- Inference_100 took 4.8 ms (4800 us)
- Inference_101 took 5.128 ms (5128 us)
- Inference_102 took 5.533 ms (5533 us)
- Inference_103 took 4.902 ms (4902 us)
- Inference_104 took 5.064 ms (5064 us)
- Inference_105 took 5.215 ms (5215 us)
- Inference_106 took 5.045 ms (5045 us)
- Inference_107 took 4.725 ms (4725 us)
- Inference_108 took 5.545 ms (5545 us)
- Inference_109 took 5.011 ms (5011 us)
- Inference_110 took 4.831 ms (4831 us)
- Inference_111 took 5.577 ms (5577 us)
- Inference_112 took 5.059 ms (5059 us)
- Inference_113 took 4.836 ms (4836 us)
- Inference_114 took 5.165 ms (5165 us)
- Inference_115 took 5.473 ms (5473 us)
- Inference_116 took 4.813 ms (4813 us)
- Inference_117 took 4.997 ms (4997 us)
- Inference_118 took 5.566 ms (5566 us)
- Inference_119 took 4.841 ms (4841 us)
- Inference_120 took 4.833 ms (4833 us)
- Inference_121 took 5.506 ms (5506 us)
- Inference_122 took 5.235 ms (5235 us)
- Inference_123 took 4.755 ms (4755 us)
- Inference_124 took 5.422 ms (5422 us)
- Inference_125 took 5.137 ms (5137 us)
- Inference_126 took 4.956 ms (4956 us)
- Inference_127 took 5.409 ms (5409 us)
- Inference_128 took 5.349 ms (5349 us)
- Inference_129 took 4.965 ms (4965 us)
- Inference_130 took 5.71 ms (5710 us)
- Inference_131 took 5.893 ms (5893 us)
- Inference_132 took 4.91 ms (4910 us)
- Inference_133 took 5.163 ms (5163 us)
- Inference_134 took 5.444 ms (5444 us)
- Inference_135 took 5.061 ms (5061 us)
- Inference_136 took 4.885 ms (4885 us)
- Inference_137 took 5.35 ms (5350 us)
- Inference_138 took 4.69 ms (4690 us)
- Inference_139 took 4.551 ms (4551 us)
- Inference_140 took 5.814 ms (5814 us)
- Inference_141 took 5.288 ms (5288 us)
- Inference_142 took 4.999 ms (4999 us)
- Inference_143 took 5.384 ms (5384 us)
- Inference_144 took 5.449 ms (5449 us)
- Inference_145 took 4.804 ms (4804 us)
- Inference_146 took 5.315 ms (5315 us)
- Inference_147 took 5.93 ms (5930 us)
- Inference_148 took 4.861 ms (4861 us)
- Inference_149 took 5.045 ms (5045 us)
- Inference_150 took 5.154 ms (5154 us)
- Inference_151 took 5.034 ms (5034 us)
- Inference_152 took 4.886 ms (4886 us)
- Inference_153 took 6.11 ms (6110 us)
- Inference_154 took 4.9 ms (4900 us)
- Inference_155 took 4.842 ms (4842 us)
- Inference_156 took 5.49 ms (5490 us)
- Inference_157 took 5.477 ms (5477 us)
- Inference_158 took 4.653 ms (4653 us)
- Inference_159 took 5.112 ms (5112 us)
- Inference_160 took 5.308 ms (5308 us)
- Inference_161 took 4.77 ms (4770 us)
- Inference_162 took 4.726 ms (4726 us)
- Inference_163 took 5.156 ms (5156 us)
- Inference_164 took 4.643 ms (4643 us)
- Inference_165 took 4.564 ms (4564 us)
- Inference_166 took 5.512 ms (5512 us)
- Inference_167 took 5.125 ms (5125 us)
- Inference_168 took 4.828 ms (4828 us)
- Inference_169 took 4.96 ms (4960 us)
- Inference_170 took 5.322 ms (5322 us)
- Inference_171 took 4.944 ms (4944 us)
- Inference_172 took 5.055 ms (5055 us)
- Inference_173 took 5.478 ms (5478 us)
- Inference_174 took 4.92 ms (4920 us)
- Inference_175 took 4.886 ms (4886 us)
- Inference_176 took 5.568 ms (5568 us)
- Inference_177 took 4.913 ms (4913 us)
- Inference_178 took 4.798 ms (4798 us)
- Inference_179 took 5.093 ms (5093 us)
- Inference_180 took 4.924 ms (4924 us)
- Inference_181 took 4.874 ms (4874 us)
- Inference_182 took 5.413 ms (5413 us)
- Inference_183 took 5.411 ms (5411 us)
- Inference_184 took 4.823 ms (4823 us)
- Inference_185 took 5.54 ms (5540 us)
- Inference_186 took 5.435 ms (5435 us)
- Inference_187 took 4.887 ms (4887 us)
- Inference_188 took 4.664 ms (4664 us)
- Inference_189 took 5.27 ms (5270 us)
- Inference_190 took 5.235 ms (5235 us)
- Inference_191 took 5.289 ms (5289 us)
- Inference_192 took 4.941 ms (4941 us)
- Inference_193 took 4.82 ms (4820 us)
- Inference_194 took 4.901 ms (4901 us)
- Inference_195 took 4.877 ms (4877 us)
- Inference_196 took 4.805 ms (4805 us)
- Inference_197 took 4.946 ms (4946 us)
- Inference_198 took 4.853 ms (4853 us)
- Inference_199 took 4.602 ms (4602 us)
- Inference_200 took 5.026 ms (5026 us)
- Inference_201 took 5.026 ms (5026 us)
- Inference_202 took 4.874 ms (4874 us)
- Inference_203 took 4.846 ms (4846 us)
- Inference_204 took 4.67 ms (4670 us)
- Inference_205 took 4.72 ms (4720 us)
- Inference_206 took 4.94 ms (4940 us)
- Inference_207 took 4.902 ms (4902 us)
- Inference_208 took 4.909 ms (4909 us)
- Inference_209 took 5.044 ms (5044 us)
- Inference_210 took 4.897 ms (4897 us)
- Inference_211 took 4.843 ms (4843 us)
- Inference_212 took 4.715 ms (4715 us)
- Inference_213 took 5.127 ms (5127 us)
- Inference_214 took 4.94 ms (4940 us)
- Inference_215 took 4.892 ms (4892 us)
- Inference_216 took 4.918 ms (4918 us)
- Inference_217 took 4.695 ms (4695 us)
- Inference_218 took 5.151 ms (5151 us)
- Inference_219 took 4.987 ms (4987 us)
- Inference_220 took 5.006 ms (5006 us)
- Inference_221 took 4.881 ms (4881 us)
- Inference_222 took 4.686 ms (4686 us)
- Inference_223 took 4.954 ms (4954 us)
- Inference_224 took 4.823 ms (4823 us)
- Inference_225 took 4.944 ms (4944 us)
- Inference_226 took 4.761 ms (4761 us)
- Inference_227 took 4.86 ms (4860 us)
- Inference_228 took 4.926 ms (4926 us)
- Inference_229 took 4.988 ms (4988 us)
- Inference_230 took 4.694 ms (4694 us)
- Inference_231 took 4.757 ms (4757 us)
- Inference_232 took 4.756 ms (4756 us)
- Inference_233 took 4.603 ms (4603 us)
- Inference_234 took 4.938 ms (4938 us)
- Inference_235 took 5.208 ms (5208 us)
- Inference_236 took 4.548 ms (4548 us)
- Inference_237 took 4.735 ms (4735 us)
- Inference_238 took 4.724 ms (4724 us)
- Inference_239 took 4.599 ms (4599 us)
- Inference_240 took 4.86 ms (4860 us)
- Inference_241 took 5.027 ms (5027 us)
- Inference_242 took 4.798 ms (4798 us)
- Inference_243 took 4.779 ms (4779 us)
- Inference_244 took 4.874 ms (4874 us)
- Inference_245 took 4.779 ms (4779 us)
- Inference_246 took 4.807 ms (4807 us)
- Inference_247 took 4.818 ms (4818 us)
- Inference_248 took 4.728 ms (4728 us)
- Inference_249 took 4.875 ms (4875 us)
- Inference_250 took 4.907 ms (4907 us)
- Inference_251 took 4.884 ms (4884 us)
- Inference_252 took 4.813 ms (4813 us)
- Inference_253 took 4.815 ms (4815 us)
- Inference_254 took 4.725 ms (4725 us)
- Inference_255 took 4.915 ms (4915 us)
- Inference_256 took 5.038 ms (5038 us)
- Inference_257 took 4.899 ms (4899 us)
- Inference_258 took 4.901 ms (4901 us)
- Inference_259 took 4.829 ms (4829 us)
- Inference_260 took 4.755 ms (4755 us)
- Inference_261 took 4.783 ms (4783 us)
- Inference_262 took 4.775 ms (4775 us)
- Inference_263 took 4.862 ms (4862 us)
- Inference_264 took 4.836 ms (4836 us)
- Inference_265 took 4.772 ms (4772 us)
- Inference_266 took 4.803 ms (4803 us)
- Inference_267 took 4.837 ms (4837 us)
- Inference_268 took 4.74 ms (4740 us)
- Inference_269 took 4.803 ms (4803 us)
- Inference_270 took 4.844 ms (4844 us)
- Inference_271 took 4.768 ms (4768 us)
- Inference_272 took 5.233 ms (5233 us)
- Inference_273 took 5.549 ms (5549 us)
- Inference_274 took 5.759 ms (5759 us)
- Inference_275 took 4.841 ms (4841 us)
- Inference_276 took 4.458 ms (4458 us)
- Inference_277 took 5.68 ms (5680 us)
- Inference_278 took 5.082 ms (5082 us)
- Inference_279 took 4.615 ms (4615 us)
- Inference_280 took 5.522 ms (5522 us)
- Inference_281 took 6.105 ms (6105 us)
- Inference_282 took 4.678 ms (4678 us)
- Inference_283 took 4.682 ms (4682 us)
- Inference_284 took 6.259 ms (6259 us)
- Inference_285 took 5.014 ms (5014 us)
- Inference_286 took 5.055 ms (5055 us)
- Inference_287 took 5.681 ms (5681 us)
- Inference_288 took 5.209 ms (5209 us)
- Inference_289 took 4.48 ms (4480 us)
- Inference_290 took 5.85 ms (5850 us)
- Inference_291 took 6.476 ms (6476 us)
- Inference_292 took 5.483 ms (5483 us)
- Inference_293 took 5.878 ms (5878 us)
- Inference_294 took 5.903 ms (5903 us)
- Inference_295 took 5.061 ms (5061 us)
- Inference_296 took 4.47 ms (4470 us)
- Inference_297 took 5.1 ms (5100 us)
- Inference_298 took 4.767 ms (4767 us)
- Inference_299 took 4.907 ms (4907 us)
- Inference_300 took 4.906 ms (4906 us)
- Inference_301 took 4.86 ms (4860 us)
- Inference_302 took 4.943 ms (4943 us)
- Inference_303 took 4.844 ms (4844 us)
- Inference_304 took 4.783 ms (4783 us)
- Inference_305 took 4.833 ms (4833 us)
- Inference_306 took 4.661 ms (4661 us)
- Inference_307 took 4.755 ms (4755 us)
- Inference_308 took 4.853 ms (4853 us)
- Inference_309 took 4.646 ms (4646 us)
- Inference_310 took 4.581 ms (4581 us)
- Inference_311 took 5.039 ms (5039 us)
- Inference_312 took 4.931 ms (4931 us)
- Inference_313 took 4.833 ms (4833 us)
- Inference_314 took 4.954 ms (4954 us)
- Inference_315 took 5.553 ms (5553 us)
- Inference_316 took 5.092 ms (5092 us)
- Inference_317 took 4.905 ms (4905 us)
- Inference_318 took 4.823 ms (4823 us)
- Inference_319 took 4.854 ms (4854 us)
- Inference_320 took 4.932 ms (4932 us)
- Inference_321 took 4.636 ms (4636 us)
- Inference_322 took 4.906 ms (4906 us)
- Inference_323 took 4.923 ms (4923 us)
- Inference_324 took 4.924 ms (4924 us)
- Inference_325 took 4.842 ms (4842 us)
- Inference_326 took 4.832 ms (4832 us)
- Inference_327 took 4.652 ms (4652 us)
- Inference_328 took 4.889 ms (4889 us)
- Inference_329 took 4.91 ms (4910 us)
- Inference_330 took 4.813 ms (4813 us)
- Inference_331 took 4.785 ms (4785 us)
- Inference_332 took 4.806 ms (4806 us)
- Inference_333 took 4.889 ms (4889 us)
- Inference_334 took 4.857 ms (4857 us)
- Inference_335 took 4.836 ms (4836 us)
- Inference_336 took 4.696 ms (4696 us)
- Inference_337 took 5.027 ms (5027 us)
- Inference_338 took 4.917 ms (4917 us)
- Inference_339 took 4.967 ms (4967 us)
- Inference_340 took 5.403 ms (5403 us)
- Inference_341 took 5.096 ms (5096 us)
- Inference_342 took 4.788 ms (4788 us)
- Inference_343 took 5.082 ms (5082 us)
- Inference_344 took 5.21 ms (5210 us)
- Inference_345 took 4.819 ms (4819 us)
- Inference_346 took 4.447 ms (4447 us)
- Inference_347 took 4.896 ms (4896 us)
- Inference_348 took 4.958 ms (4958 us)
- Inference_349 took 4.711 ms (4711 us)
- Inference_350 took 4.849 ms (4849 us)
- Inference_351 took 4.674 ms (4674 us)
- Inference_352 took 4.878 ms (4878 us)
- Inference_353 took 4.824 ms (4824 us)
- Inference_354 took 4.647 ms (4647 us)
- Inference_355 took 4.651 ms (4651 us)
- Inference_356 took 5.027 ms (5027 us)
- Inference_357 took 4.946 ms (4946 us)
- Inference_358 took 4.807 ms (4807 us)
- Inference_359 took 4.919 ms (4919 us)
- Inference_360 took 4.774 ms (4774 us)
- Inference_361 took 4.757 ms (4757 us)
- Inference_362 took 4.606 ms (4606 us)
- Inference_363 took 4.961 ms (4961 us)
- Inference_364 took 4.718 ms (4718 us)
- Inference_365 took 4.815 ms (4815 us)
- Inference_366 took 4.861 ms (4861 us)
- Inference_367 took 4.737 ms (4737 us)
- Inference_368 took 4.902 ms (4902 us)
- Inference_369 took 4.934 ms (4934 us)
- Inference_370 took 4.811 ms (4811 us)
- Inference_371 took 4.757 ms (4757 us)
- Inference_372 took 4.765 ms (4765 us)
- Inference_373 took 4.703 ms (4703 us)
- Inference_374 took 4.875 ms (4875 us)
- Inference_375 took 4.86 ms (4860 us)
- Inference_376 took 4.898 ms (4898 us)
- Inference_377 took 4.938 ms (4938 us)
- Inference_378 took 4.882 ms (4882 us)
- Inference_379 took 4.841 ms (4841 us)
- Inference_380 took 4.589 ms (4589 us)
- Inference_381 took 4.902 ms (4902 us)
- Inference_382 took 4.914 ms (4914 us)
- Inference_383 took 4.817 ms (4817 us)
- Inference_384 took 4.797 ms (4797 us)
- Inference_385 took 4.733 ms (4733 us)
- Inference_386 took 4.857 ms (4857 us)
- Inference_387 took 4.748 ms (4748 us)
- Inference_388 took 4.845 ms (4845 us)
- Inference_389 took 4.668 ms (4668 us)
- Inference_390 took 4.645 ms (4645 us)
- Inference_391 took 4.903 ms (4903 us)
- Inference_392 took 4.972 ms (4972 us)
- Inference_393 took 4.773 ms (4773 us)
- Inference_394 took 4.602 ms (4602 us)
- Inference_395 took 4.95 ms (4950 us)
- Inference_396 took 4.755 ms (4755 us)
- Inference_397 took 4.789 ms (4789 us)
- Inference_398 took 4.813 ms (4813 us)
- Inference_399 took 4.881 ms (4881 us)
- Inference_400 took 4.933 ms (4933 us)
- Inference_401 took 5.09 ms (5090 us)
- Inference_402 took 5.496 ms (5496 us)
- Inference_403 took 5.271 ms (5271 us)
- Inference_404 took 4.914 ms (4914 us)
- Inference_405 took 4.926 ms (4926 us)
- Inference_406 took 5.035 ms (5035 us)
- Inference_407 took 4.882 ms (4882 us)
- Inference_408 took 4.875 ms (4875 us)
- Inference_409 took 4.954 ms (4954 us)
- Inference_410 took 4.936 ms (4936 us)
- Inference_411 took 4.847 ms (4847 us)
- Inference_412 took 4.895 ms (4895 us)
- Inference_413 took 5.021 ms (5021 us)
- Inference_414 took 4.927 ms (4927 us)
- Inference_415 took 4.848 ms (4848 us)
- Inference_416 took 4.896 ms (4896 us)
- Inference_417 took 4.809 ms (4809 us)
- Inference_418 took 4.866 ms (4866 us)
- Inference_419 took 4.796 ms (4796 us)
- Inference_420 took 4.578 ms (4578 us)
- Inference_421 took 5.026 ms (5026 us)
- Inference_422 took 4.972 ms (4972 us)
- Inference_423 took 4.955 ms (4955 us)
- Inference_424 took 4.786 ms (4786 us)
- Inference_425 took 4.789 ms (4789 us)
- Inference_426 took 4.84 ms (4840 us)
- Inference_427 took 4.907 ms (4907 us)
- Inference_428 took 4.876 ms (4876 us)
- Inference_429 took 4.9 ms (4900 us)
- Inference_430 took 4.586 ms (4586 us)
- Inference_431 took 4.63 ms (4630 us)
- Inference_432 took 4.787 ms (4787 us)
- Inference_433 took 4.915 ms (4915 us)
- Inference_434 took 4.918 ms (4918 us)
- Inference_435 took 4.774 ms (4774 us)
- Inference_436 took 4.605 ms (4605 us)
- Inference_437 took 5.08 ms (5080 us)
- Inference_438 took 5.007 ms (5007 us)
- Inference_439 took 4.924 ms (4924 us)
- Inference_440 took 4.787 ms (4787 us)
- Inference_441 took 4.812 ms (4812 us)
- Inference_442 took 4.935 ms (4935 us)
- Inference_443 took 4.794 ms (4794 us)
- Inference_444 took 5.021 ms (5021 us)
- Inference_445 took 4.909 ms (4909 us)
- Inference_446 took 4.599 ms (4599 us)
- Inference_447 took 5.068 ms (5068 us)
- Inference_448 took 4.807 ms (4807 us)
- Inference_449 took 4.694 ms (4694 us)
- Inference_450 took 4.747 ms (4747 us)
- Inference_451 took 4.73 ms (4730 us)
- Inference_452 took 4.815 ms (4815 us)
- Inference_453 took 4.9 ms (4900 us)
- Inference_454 took 4.836 ms (4836 us)
- Inference_455 took 4.719 ms (4719 us)
- Inference_456 took 4.637 ms (4637 us)
- Inference_457 took 4.87 ms (4870 us)
- Inference_458 took 4.851 ms (4851 us)
- Inference_459 took 4.947 ms (4947 us)
- Inference_460 took 4.733 ms (4733 us)
- Inference_461 took 4.526 ms (4526 us)
- Inference_462 took 4.894 ms (4894 us)
- Inference_463 took 4.833 ms (4833 us)
- Inference_464 took 4.979 ms (4979 us)
- Inference_465 took 4.9 ms (4900 us)
- Inference_466 took 4.924 ms (4924 us)
- Inference_467 took 4.837 ms (4837 us)
- Inference_468 took 4.831 ms (4831 us)
- Inference_469 took 4.744 ms (4744 us)
- Inference_470 took 4.625 ms (4625 us)
- Inference_471 took 4.864 ms (4864 us)
- Inference_472 took 4.894 ms (4894 us)
- Inference_473 took 4.882 ms (4882 us)
- Inference_474 took 4.875 ms (4875 us)
- Inference_475 took 4.939 ms (4939 us)
- Inference_476 took 4.743 ms (4743 us)
- Inference_477 took 4.851 ms (4851 us)
- Inference_478 took 4.704 ms (4704 us)
- Inference_479 took 4.813 ms (4813 us)
- Inference_480 took 4.908 ms (4908 us)
- Inference_481 took 4.862 ms (4862 us)
- Inference_482 took 4.842 ms (4842 us)
- Inference_483 took 4.88 ms (4880 us)
- Inference_484 took 4.866 ms (4866 us)
- Inference_485 took 4.815 ms (4815 us)
- Inference_486 took 4.853 ms (4853 us)
- Inference_487 took 4.882 ms (4882 us)
- Inference_488 took 4.843 ms (4843 us)
- Inference_489 took 4.838 ms (4838 us)
- Inference_490 took 4.94 ms (4940 us)
- Inference_491 took 5.286 ms (5286 us)
- Inference_492 took 4.903 ms (4903 us)
- Inference_493 took 4.941 ms (4941 us)
- Inference_494 took 5.126 ms (5126 us)
- Inference_495 took 4.713 ms (4713 us)
- Inference_496 took 4.978 ms (4978 us)
- Inference_497 took 4.903 ms (4903 us)
- Inference_498 took 4.767 ms (4767 us)
- Inference_499 took 4.688 ms (4688 us)
- Postprocessing took 0.013 ms (13 us)


[INFO] Generating Ops-level profiling (log)

INFO: Profiling Info for Benchmark Initialization:
============================== Run Order ==============================
	                             [node type]	  [first]	 [avg ms]	     [%]	  [cdf%]	  [mem KB]	[times called]	[Name]
	                 ModifyGraphWithDelegate	    3.696	    3.696	 54.273%	 54.273%	 15872.000	        1	ModifyGraphWithDelegate/0
	                         AllocateTensors	    3.114	    3.114	 45.727%	100.000%	  7168.000	        1	AllocateTensors/0

============================== Top by Computation Time ==============================
	                             [node type]	  [first]	 [avg ms]	     [%]	  [cdf%]	  [mem KB]	[times called]	[Name]
	                 ModifyGraphWithDelegate	    3.696	    3.696	 54.273%	 54.273%	 15872.000	        1	ModifyGraphWithDelegate/0
	                         AllocateTensors	    3.114	    3.114	 45.727%	100.000%	  7168.000	        1	AllocateTensors/0

Number of nodes executed: 2
============================== Summary by node type ==============================
	                             [Node type]	  [count]	  [avg ms]	    [avg %]	    [cdf %]	  [mem KB]	[times called]
	                 ModifyGraphWithDelegate	        1	     3.696	    54.273%	    54.273%	 15872.000	        1
	                         AllocateTensors	        1	     3.114	    45.727%	   100.000%	  7168.000	        1

Timings (microseconds): count=2 curr=6810(all same)
Memory (bytes): count=0
2 nodes observed



INFO: Operator-wise Profiling Info for Regular Benchmark Runs:
============================== Run Order ==============================
	                             [node type]	  [first]	 [avg ms]	     [%]	  [cdf%]	  [mem KB]	[times called]	[Name]
	           Convolution (NHWC, F32) IGEMM	    0.438	    0.388	  7.772%	  7.772%	     0.000	        1	Delegate/Convolution (NHWC, F32) IGEMM:0
	          Convolution (NHWC, F32) DWConv	    0.085	    0.065	  1.309%	  9.081%	     0.000	        1	Delegate/Convolution (NHWC, F32) DWConv:1
	          Fully Connected (NC, F32) GEMM	    0.119	    0.120	  2.414%	 11.495%	     0.000	        1	Delegate/Fully Connected (NC, F32) GEMM:2
	          Convolution (NHWC, F32) DWConv	    0.049	    0.053	  1.056%	 12.551%	     0.000	        1	Delegate/Convolution (NHWC, F32) DWConv:3
	          Fully Connected (NC, F32) GEMM	    0.126	    0.120	  2.405%	 14.956%	     0.000	        1	Delegate/Fully Connected (NC, F32) GEMM:4
	          Convolution (NHWC, F32) DWConv	    0.013	    0.014	  0.280%	 15.236%	     0.000	        1	Delegate/Convolution (NHWC, F32) DWConv:5
	          Fully Connected (NC, F32) GEMM	    0.081	    0.078	  1.560%	 16.797%	     0.000	        1	Delegate/Fully Connected (NC, F32) GEMM:6
	          Convolution (NHWC, F32) DWConv	    0.031	    0.033	  0.670%	 17.467%	     0.000	        1	Delegate/Convolution (NHWC, F32) DWConv:7
	          Fully Connected (NC, F32) GEMM	    0.200	    0.209	  4.185%	 21.652%	     0.000	        1	Delegate/Fully Connected (NC, F32) GEMM:8
	          Convolution (NHWC, F32) DWConv	    0.031	    0.033	  0.665%	 22.317%	     0.000	        1	Delegate/Convolution (NHWC, F32) DWConv:9
	          Fully Connected (NC, F32) GEMM	    0.200	    0.209	  4.182%	 26.499%	     0.000	        1	Delegate/Fully Connected (NC, F32) GEMM:10
	          Convolution (NHWC, F32) DWConv	    0.031	    0.033	  0.663%	 27.162%	     0.000	        1	Delegate/Convolution (NHWC, F32) DWConv:11
	          Fully Connected (NC, F32) GEMM	    0.199	    0.207	  4.149%	 31.311%	     0.000	        1	Delegate/Fully Connected (NC, F32) GEMM:12
	          Convolution (NHWC, F32) DWConv	    0.042	    0.033	  0.661%	 31.972%	     0.000	        1	Delegate/Convolution (NHWC, F32) DWConv:13
	          Fully Connected (NC, F32) GEMM	    0.200	    0.208	  4.168%	 36.140%	     0.000	        1	Delegate/Fully Connected (NC, F32) GEMM:14
	          Convolution (NHWC, F32) DWConv	    0.031	    0.033	  0.665%	 36.805%	     0.000	        1	Delegate/Convolution (NHWC, F32) DWConv:15
	          Fully Connected (NC, F32) GEMM	    0.202	    0.208	  4.167%	 40.972%	     0.000	        1	Delegate/Fully Connected (NC, F32) GEMM:16
	          Convolution (NHWC, F32) DWConv	    0.031	    0.033	  0.653%	 41.625%	     0.000	        1	Delegate/Convolution (NHWC, F32) DWConv:17
	          Fully Connected (NC, F32) GEMM	    0.197	    0.210	  4.208%	 45.833%	     0.000	        1	Delegate/Fully Connected (NC, F32) GEMM:18
	          Convolution (NHWC, F32) DWConv	    0.031	    0.033	  0.663%	 46.496%	     0.000	        1	Delegate/Convolution (NHWC, F32) DWConv:19
	          Fully Connected (NC, F32) GEMM	    0.197	    0.208	  4.169%	 50.665%	     0.000	        1	Delegate/Fully Connected (NC, F32) GEMM:20
	          Convolution (NHWC, F32) DWConv	    0.008	    0.008	  0.170%	 50.835%	     0.000	        1	Delegate/Convolution (NHWC, F32) DWConv:21
	          Fully Connected (NC, F32) GEMM	    0.099	    0.104	  2.086%	 52.921%	     0.000	        1	Delegate/Fully Connected (NC, F32) GEMM:22
	          Convolution (NHWC, F32) DWConv	    0.015	    0.016	  0.315%	 53.236%	     0.000	        1	Delegate/Convolution (NHWC, F32) DWConv:23
	          Fully Connected (NC, F32) GEMM	    0.202	    0.202	  4.055%	 57.291%	     0.000	        1	Delegate/Fully Connected (NC, F32) GEMM:24
	          Convolution (NHWC, F32) DWConv	    0.015	    0.016	  0.321%	 57.612%	     0.000	        1	Delegate/Convolution (NHWC, F32) DWConv:25
	          Fully Connected (NC, F32) GEMM	    0.201	    0.204	  4.084%	 61.696%	     0.000	        1	Delegate/Fully Connected (NC, F32) GEMM:26
	          Convolution (NHWC, F32) DWConv	    0.015	    0.016	  0.327%	 62.022%	     0.000	        1	Delegate/Convolution (NHWC, F32) DWConv:27
	          Fully Connected (NC, F32) GEMM	    0.197	    0.205	  4.112%	 66.134%	     0.000	        1	Delegate/Fully Connected (NC, F32) GEMM:28
	          Convolution (NHWC, F32) DWConv	    0.015	    0.016	  0.323%	 66.457%	     0.000	        1	Delegate/Convolution (NHWC, F32) DWConv:29
	          Fully Connected (NC, F32) GEMM	    0.198	    0.207	  4.152%	 70.609%	     0.000	        1	Delegate/Fully Connected (NC, F32) GEMM:30
	          Convolution (NHWC, F32) DWConv	    0.015	    0.016	  0.323%	 70.932%	     0.000	        1	Delegate/Convolution (NHWC, F32) DWConv:31
	          Fully Connected (NC, F32) GEMM	    0.198	    0.207	  4.158%	 75.090%	     0.000	        1	Delegate/Fully Connected (NC, F32) GEMM:32
	          Convolution (NHWC, F32) DWConv	    0.015	    0.016	  0.323%	 75.413%	     0.000	        1	Delegate/Convolution (NHWC, F32) DWConv:33
	          Fully Connected (NC, F32) GEMM	    0.203	    0.208	  4.167%	 79.580%	     0.000	        1	Delegate/Fully Connected (NC, F32) GEMM:34
	          Convolution (NHWC, F32) DWConv	    0.015	    0.016	  0.326%	 79.906%	     0.000	        1	Delegate/Convolution (NHWC, F32) DWConv:35
	          Fully Connected (NC, F32) GEMM	    0.202	    0.208	  4.176%	 84.082%	     0.000	        1	Delegate/Fully Connected (NC, F32) GEMM:36
	          Convolution (NHWC, F32) DWConv	    0.015	    0.016	  0.325%	 84.407%	     0.000	        1	Delegate/Convolution (NHWC, F32) DWConv:37
	          Fully Connected (NC, F32) GEMM	    0.202	    0.209	  4.199%	 88.606%	     0.000	        1	Delegate/Fully Connected (NC, F32) GEMM:38
	          Convolution (NHWC, F32) DWConv	    0.015	    0.016	  0.323%	 88.929%	     0.000	        1	Delegate/Convolution (NHWC, F32) DWConv:39
	          Fully Connected (NC, F32) GEMM	    0.200	    0.209	  4.191%	 93.120%	     0.000	        1	Delegate/Fully Connected (NC, F32) GEMM:40
	          Convolution (NHWC, F32) DWConv	    0.004	    0.004	  0.084%	 93.203%	     0.000	        1	Delegate/Convolution (NHWC, F32) DWConv:41
	          Fully Connected (NC, F32) GEMM	    0.235	    0.240	  4.821%	 98.024%	     0.000	        1	Delegate/Fully Connected (NC, F32) GEMM:42
	                         Sum (ND) Reduce	    0.001	    0.001	  0.025%	 98.049%	     0.000	        1	Delegate/Sum (ND) Reduce:43
	          Fully Connected (NC, F32) GEMM	    0.080	    0.097	  1.951%	100.000%	     0.000	        1	Delegate/Fully Connected (NC, F32) GEMM:44

============================== Top by Computation Time ==============================
	                             [node type]	  [first]	 [avg ms]	     [%]	  [cdf%]	  [mem KB]	[times called]	[Name]
	           Convolution (NHWC, F32) IGEMM	    0.438	    0.388	  7.772%	  7.772%	     0.000	        1	Delegate/Convolution (NHWC, F32) IGEMM:0
	          Fully Connected (NC, F32) GEMM	    0.235	    0.240	  4.821%	 12.592%	     0.000	        1	Delegate/Fully Connected (NC, F32) GEMM:42
	          Fully Connected (NC, F32) GEMM	    0.197	    0.210	  4.208%	 16.800%	     0.000	        1	Delegate/Fully Connected (NC, F32) GEMM:18
	          Fully Connected (NC, F32) GEMM	    0.202	    0.209	  4.199%	 20.999%	     0.000	        1	Delegate/Fully Connected (NC, F32) GEMM:38
	          Fully Connected (NC, F32) GEMM	    0.200	    0.209	  4.191%	 25.190%	     0.000	        1	Delegate/Fully Connected (NC, F32) GEMM:40
	          Fully Connected (NC, F32) GEMM	    0.200	    0.209	  4.185%	 29.374%	     0.000	        1	Delegate/Fully Connected (NC, F32) GEMM:8
	          Fully Connected (NC, F32) GEMM	    0.200	    0.209	  4.182%	 33.556%	     0.000	        1	Delegate/Fully Connected (NC, F32) GEMM:10
	          Fully Connected (NC, F32) GEMM	    0.202	    0.208	  4.176%	 37.732%	     0.000	        1	Delegate/Fully Connected (NC, F32) GEMM:36
	          Fully Connected (NC, F32) GEMM	    0.197	    0.208	  4.169%	 41.901%	     0.000	        1	Delegate/Fully Connected (NC, F32) GEMM:20
	          Fully Connected (NC, F32) GEMM	    0.200	    0.208	  4.168%	 46.068%	     0.000	        1	Delegate/Fully Connected (NC, F32) GEMM:14

Number of nodes executed: 45
============================== Summary by node type ==============================
	                             [Node type]	  [count]	  [avg ms]	    [avg %]	    [cdf %]	  [mem KB]	[times called]
	          Fully Connected (NC, F32) GEMM	       22	     4.066	    81.844%	    81.844%	     0.000	       22
	          Convolution (NHWC, F32) DWConv	       21	     0.514	    10.346%	    92.190%	     0.000	       21
	           Convolution (NHWC, F32) IGEMM	        1	     0.387	     7.790%	    99.980%	     0.000	        1
	                         Sum (ND) Reduce	        1	     0.001	     0.020%	   100.000%	     0.000	        1

Timings (microseconds): count=500 first=4899 curr=4659 min=4421 max=7920 avg=4988.27 std=404
Memory (bytes): count=0
45 nodes observed



