Running main profile with model ./models/mobileone_s2.apple_in1k.tflite and image ./images/dog.jpg (threads: 4, delegate: xnnpack, warmup: 10, profiling: 50)

====== main_cpu with profiling ====
[INFO] Model path: ./models/mobileone_s2.apple_in1k.tflite
[INFO] Image path: ./images/dog.jpg
[INFO] Label path: ./labels.json
[INFO] Profiling result path: ./log/output_main_profile_mobileone_s2.apple_in1k_xnnpack_4threads.csv
[INFO] Profiling enabled: YES
[INFO] Number of threads: 4
[INFO] Delegate type: xnnpack
[INFO] Warmup runs: 10
[INFO] Profiling runs: 50
[INFO] Model type detected: FP32
[INFO] Initializing profiler...
[INFO] Loading model from: ./models/mobileone_s2.apple_in1k.tflite
INFO: Initialized TensorFlow Lite runtime.
[INFO] Model signature keys:The Model contains 1 signature key(s).They are listed below: -> Signature Key: serving_default
Note (XNNPACK): [xnn_initialize]: initializing XNNPACK  (xnn_initialize, external/XNNPACK/src/init.c:49)
Note (XNNPACK): l1_data_cache_bytes=16384, l1_data_cache_line_size=64, l1_data_cache_associativity=4, l1_data_cache_num_sets=64. (init_hardware_config, external/XNNPACK/src/configs/hardware-config.c:342)
Note (XNNPACK): l2_data_cache_bytes=262144, l2_data_cache_line_size=64, l2_data_cache_associativity=16, l2_data_cache_num_sets=256. (init_hardware_config, external/XNNPACK/src/configs/hardware-config.c:361)
Note (XNNPACK): cpuinfo_get_uarchs_count: 1. (init_hardware_config, external/XNNPACK/src/configs/hardware-config.c:378)
Note (XNNPACK): cpu_get_uarch(0): 0x300353 (init_hardware_config, external/XNNPACK/src/configs/hardware-config.c:380)
Note (XNNPACK): [xnn_initialize]: return  (xnn_initialize, external/XNNPACK/src/init.c:66)
INFO: Created TensorFlow Lite XNNPACK delegate for CPU.
VERBOSE: XNNPack weight cache not enabled.
VERBOSE: Replacing 50 out of 50 node(s) with delegate (TfLiteXNNPackDelegate) node, yielding 1 partitions for subgraph 0.
VERBOSE: SubgraphInit called with params: 0x55937fa030, length: 0
VERBOSE: SubgraphCreate: called
Note (XNNPACK): [xnn_create_subgraph]: external_value_ids=139, flags=0x0 (xnn_create_subgraph, external/XNNPACK/src/subgraph.c:114)
Note (XNNPACK): [xnn_create_subgraph:] return: (xnn_create_subgraph, external/XNNPACK/src/subgraph.c:149)
VERBOSE: SubgraphCreate: created XNNPACK subgraph with 139 external values
VERBOSE: SubgraphCreate: creating XNNPACK runtime with flags: 24
Note (XNNPACK): [xnn_create_runtime_v4]: calling create_runtime_impl (xnn_create_runtime_v4, external/XNNPACK/src/runtime.c:753)
Note (XNNPACK): [create_runtime_impl]: Creating runtime with 50 nodes and 278 values (create_runtime_impl, external/XNNPACK/src/runtime.c:551)
Note (XNNPACK): fuse Constant Pad Node #1 into Convolution 2D Node #0 (xnn_subgraph_fusion, external/XNNPACK/src/subgraph.c:1613)
Note (XNNPACK): fuse Constant Pad Node #3 into Depthwise Convolution 2D Node #2 (xnn_subgraph_fusion, external/XNNPACK/src/subgraph.c:1644)
Note (XNNPACK): fuse Constant Pad Node #8 into Depthwise Convolution 2D Node #7 (xnn_subgraph_fusion, external/XNNPACK/src/subgraph.c:1644)
Note (XNNPACK): fuse Constant Pad Node #25 into Depthwise Convolution 2D Node #24 (xnn_subgraph_fusion, external/XNNPACK/src/subgraph.c:1644)
Note (XNNPACK): fuse Constant Pad Node #46 into Depthwise Convolution 2D Node #45 (xnn_subgraph_fusion, external/XNNPACK/src/subgraph.c:1644)
Note (XNNPACK): [creatre_runtime_impl]: creating node 1: Convolution 2D (create_runtime_impl, external/XNNPACK/src/runtime.c:688)
Note (XNNPACK): Using igemm microkernel 'xnn_f32_igemm_minmax_ukernel_1x8__asm_aarch64_neonfma_cortex_a53_prfm'. (init_f32_igemm_config, external/XNNPACK/src/configs/gemm-config.c:1104)
Note (XNNPACK): Using igemm microkernel 'xnn_f32_igemm_minmax_ukernel_4x8__asm_aarch64_neonfma_cortex_a53_prfm'. (init_f32_igemm_config, external/XNNPACK/src/configs/gemm-config.c:1105)
Note (XNNPACK): Using igemm microkernel 'xnn_f32_igemm_minmax_ukernel_6x8__asm_aarch64_neonfma_cortex_a53_prfm'. (init_f32_igemm_config, external/XNNPACK/src/configs/gemm-config.c:1106)
Note (XNNPACK): Using gemm microkernel 'xnn_f32_gemm_minmax_ukernel_4x2__asm_aarch64_neonfma_ld128'. (init_f32_gemm_nr2_config_impl, external/XNNPACK/src/configs/gemm-config.c:1438)
Note (XNNPACK): Using igemm microkernel 'xnn_f32_igemm_minmax_ukernel_4x2__asm_aarch64_neonfma_cortex_a75_prfm'. (init_f32_gemm_nr2_config_impl, external/XNNPACK/src/configs/gemm-config.c:1439)
Note (XNNPACK): Using gemm microkernel 'xnn_f32_gemm_minmax_ukernel_4x2__asm_aarch64_neonfma_ld128'. (init_f32_gemm_nr2_config_impl, external/XNNPACK/src/configs/gemm-config.c:1438)
Note (XNNPACK): Using igemm microkernel 'xnn_f32_igemm_minmax_ukernel_4x2__asm_aarch64_neonfma_cortex_a75_prfm'. (init_f32_gemm_nr2_config_impl, external/XNNPACK/src/configs/gemm-config.c:1439)
Note (XNNPACK): Using dwconv microkernel 'xnn_f32_dwconv_minmax_ukernel_3p8c__neonfma'. (init_f32_dwconv_config, external/XNNPACK/src/configs/dwconv-config.c:162)
Note (XNNPACK): Using dwconv microkernel 'xnn_f32_dwconv_minmax_ukernel_4p8c__neonfma'. (init_f32_dwconv_config, external/XNNPACK/src/configs/dwconv-config.c:167)
Note (XNNPACK): Using dwconv microkernel 'xnn_f32_dwconv_minmax_ukernel_9p4c__asm_aarch64_neonfma_cortex_a55'. (init_f32_dwconv_config, external/XNNPACK/src/configs/dwconv-config.c:191)
Note (XNNPACK): Using dwconv microkernel 'xnn_f32_dwconv_minmax_ukernel_25p8c__neonfma_acc2'. (init_f32_dwconv_config, external/XNNPACK/src/configs/dwconv-config.c:206)
Note (XNNPACK): Using vmulcaddc microkernel 'xnn_f32_vmulcaddc_minmax_ukernel_c4__neonfma_2x'. (init_f32_vmulcaddc_config, external/XNNPACK/src/configs/vmulcaddc-config.c:77)
Note (XNNPACK): [creatre_runtime_impl]: creating node 3: Depthwise Convolution 2D (create_runtime_impl, external/XNNPACK/src/runtime.c:688)
Note (XNNPACK): [creatre_runtime_impl]: creating node 4: Fully Connected (create_runtime_impl, external/XNNPACK/src/runtime.c:688)
Note (XNNPACK): [create_fully_connected_operator] Creating fully-connected operator for node 4 with 3 inputs and 1 outputs (create_fully_connected_operator, external/XNNPACK/src/subgraph/fully-connected.c:247)
Note (XNNPACK): Input tensor shape: num_dims=4 (create_fully_connected_operator, external/XNNPACK/src/subgraph/fully-connected.c:261)
Note (XNNPACK):   dim[0] = 1 (create_fully_connected_operator, external/XNNPACK/src/subgraph/fully-connected.c:263)
Note (XNNPACK):   dim[1] = 56 (create_fully_connected_operator, external/XNNPACK/src/subgraph/fully-connected.c:263)
Note (XNNPACK):   dim[2] = 56 (create_fully_connected_operator, external/XNNPACK/src/subgraph/fully-connected.c:263)
Note (XNNPACK):   dim[3] = 64 (create_fully_connected_operator, external/XNNPACK/src/subgraph/fully-connected.c:263)
Note (XNNPACK): Total input elements: 200704 (create_fully_connected_operator, external/XNNPACK/src/subgraph/fully-connected.c:271)
Note (XNNPACK): [xnn_create_fully_connected_nc_f32] input_channels: 64, output_channels: 96, input_stride: 64, output_stride: 96 (xnn_create_fully_connected_nc_f32, external/XNNPACK/src/operators/fully-connected-nc.c:2060)
Note (XNNPACK): Using gemm microkernel 'xnn_f32_gemm_minmax_ukernel_1x8__asm_aarch64_neonfma_cortex_a53_prfm'. (init_f32_gemm_config_impl, external/XNNPACK/src/configs/gemm-config.c:583)
Note (XNNPACK): Using gemm microkernel 'xnn_f32_gemm_minmax_ukernel_4x8__asm_aarch64_neonfma_cortex_a53_prfm'. (init_f32_gemm_config_impl, external/XNNPACK/src/configs/gemm-config.c:584)
Note (XNNPACK): Using gemm microkernel 'xnn_f32_gemm_minmax_ukernel_6x8__asm_aarch64_neonfma_cortex_a53_prfm'. (init_f32_gemm_config_impl, external/XNNPACK/src/configs/gemm-config.c:585)
Note (XNNPACK): Using gemm microkernel 'xnn_f32_gemm_minmax_ukernel_1x8__asm_aarch64_neonfma_cortex_a53_prfm'. (init_f32_gemm_config_impl, external/XNNPACK/src/configs/gemm-config.c:583)
Note (XNNPACK): Using gemm microkernel 'xnn_f32_gemm_minmax_ukernel_4x8__asm_aarch64_neonfma_cortex_a53_prfm'. (init_f32_gemm_config_impl, external/XNNPACK/src/configs/gemm-config.c:584)
Note (XNNPACK): Using gemm microkernel 'xnn_f32_gemm_minmax_ukernel_6x8__asm_aarch64_neonfma_cortex_a53_prfm'. (init_f32_gemm_config_impl, external/XNNPACK/src/configs/gemm-config.c:585)
Note (XNNPACK): [xnn_create_fully_connected_nc_f32]  selected gemm_config: 0x556c03db88, mr: 6, nr: 8 (xnn_create_fully_connected_nc_f32, external/XNNPACK/src/operators/fully-connected-nc.c:2107)
Note (XNNPACK): [create_fully_connected_nc_f32] input_channels: 64, output_channels: 96, input_stride: 64, output_stride: 96, flags: 0x0 (create_fully_connected_nc_f32, external/XNNPACK/src/operators/fully-connected-nc.c:1548)
Note (XNNPACK): [create_fully_connected_nc]: call (create_fully_connected_nc, external/XNNPACK/src/operators/fully-connected-nc.c:58)
Note (XNNPACK): [create_fully_connected_nc] created Fully Connected (NC, F32) operator (create_fully_connected_nc, external/XNNPACK/src/operators/fully-connected-nc.c:334)
Note (XNNPACK): 

 (create_fully_connected_nc, external/XNNPACK/src/operators/fully-connected-nc.c:337)
Note (XNNPACK): [creatre_runtime_impl]: creating node 5: Depthwise Convolution 2D (create_runtime_impl, external/XNNPACK/src/runtime.c:688)
Note (XNNPACK): [creatre_runtime_impl]: creating node 6: Fully Connected (create_runtime_impl, external/XNNPACK/src/runtime.c:688)
Note (XNNPACK): [create_fully_connected_operator] Creating fully-connected operator for node 6 with 3 inputs and 1 outputs (create_fully_connected_operator, external/XNNPACK/src/subgraph/fully-connected.c:247)
Note (XNNPACK): Input tensor shape: num_dims=4 (create_fully_connected_operator, external/XNNPACK/src/subgraph/fully-connected.c:261)
Note (XNNPACK):   dim[0] = 1 (create_fully_connected_operator, external/XNNPACK/src/subgraph/fully-connected.c:263)
Note (XNNPACK):   dim[1] = 56 (create_fully_connected_operator, external/XNNPACK/src/subgraph/fully-connected.c:263)
Note (XNNPACK):   dim[2] = 56 (create_fully_connected_operator, external/XNNPACK/src/subgraph/fully-connected.c:263)
Note (XNNPACK):   dim[3] = 96 (create_fully_connected_operator, external/XNNPACK/src/subgraph/fully-connected.c:263)
Note (XNNPACK): Total input elements: 301056 (create_fully_connected_operator, external/XNNPACK/src/subgraph/fully-connected.c:271)
Note (XNNPACK): [xnn_create_fully_connected_nc_f32] input_channels: 96, output_channels: 96, input_stride: 96, output_stride: 96 (xnn_create_fully_connected_nc_f32, external/XNNPACK/src/operators/fully-connected-nc.c:2060)
Note (XNNPACK): [xnn_create_fully_connected_nc_f32]  selected gemm_config: 0x556c03db88, mr: 6, nr: 8 (xnn_create_fully_connected_nc_f32, external/XNNPACK/src/operators/fully-connected-nc.c:2107)
Note (XNNPACK): [create_fully_connected_nc_f32] input_channels: 96, output_channels: 96, input_stride: 96, output_stride: 96, flags: 0x0 (create_fully_connected_nc_f32, external/XNNPACK/src/operators/fully-connected-nc.c:1548)
Note (XNNPACK): [create_fully_connected_nc]: call (create_fully_connected_nc, external/XNNPACK/src/operators/fully-connected-nc.c:58)
Note (XNNPACK): [create_fully_connected_nc] created Fully Connected (NC, F32) operator (create_fully_connected_nc, external/XNNPACK/src/operators/fully-connected-nc.c:334)
Note (XNNPACK): 

 (create_fully_connected_nc, external/XNNPACK/src/operators/fully-connected-nc.c:337)
Note (XNNPACK): [creatre_runtime_impl]: creating node 8: Depthwise Convolution 2D (create_runtime_impl, external/XNNPACK/src/runtime.c:688)
Note (XNNPACK): [creatre_runtime_impl]: creating node 9: Fully Connected (create_runtime_impl, external/XNNPACK/src/runtime.c:688)
Note (XNNPACK): [create_fully_connected_operator] Creating fully-connected operator for node 9 with 3 inputs and 1 outputs (create_fully_connected_operator, external/XNNPACK/src/subgraph/fully-connected.c:247)
Note (XNNPACK): Input tensor shape: num_dims=4 (create_fully_connected_operator, external/XNNPACK/src/subgraph/fully-connected.c:261)
Note (XNNPACK):   dim[0] = 1 (create_fully_connected_operator, external/XNNPACK/src/subgraph/fully-connected.c:263)
Note (XNNPACK):   dim[1] = 28 (create_fully_connected_operator, external/XNNPACK/src/subgraph/fully-connected.c:263)
Note (XNNPACK):   dim[2] = 28 (create_fully_connected_operator, external/XNNPACK/src/subgraph/fully-connected.c:263)
Note (XNNPACK):   dim[3] = 96 (create_fully_connected_operator, external/XNNPACK/src/subgraph/fully-connected.c:263)
Note (XNNPACK): Total input elements: 75264 (create_fully_connected_operator, external/XNNPACK/src/subgraph/fully-connected.c:271)
Note (XNNPACK): [xnn_create_fully_connected_nc_f32] input_channels: 96, output_channels: 256, input_stride: 96, output_stride: 256 (xnn_create_fully_connected_nc_f32, external/XNNPACK/src/operators/fully-connected-nc.c:2060)
Note (XNNPACK): [xnn_create_fully_connected_nc_f32]  selected gemm_config: 0x556c03db88, mr: 6, nr: 8 (xnn_create_fully_connected_nc_f32, external/XNNPACK/src/operators/fully-connected-nc.c:2107)
Note (XNNPACK): [create_fully_connected_nc_f32] input_channels: 96, output_channels: 256, input_stride: 96, output_stride: 256, flags: 0x0 (create_fully_connected_nc_f32, external/XNNPACK/src/operators/fully-connected-nc.c:1548)
Note (XNNPACK): [create_fully_connected_nc]: call (create_fully_connected_nc, external/XNNPACK/src/operators/fully-connected-nc.c:58)
Note (XNNPACK): [create_fully_connected_nc] created Fully Connected (NC, F32) operator (create_fully_connected_nc, external/XNNPACK/src/operators/fully-connected-nc.c:334)
Note (XNNPACK): 

 (create_fully_connected_nc, external/XNNPACK/src/operators/fully-connected-nc.c:337)
Note (XNNPACK): [creatre_runtime_impl]: creating node 10: Depthwise Convolution 2D (create_runtime_impl, external/XNNPACK/src/runtime.c:688)
Note (XNNPACK): [creatre_runtime_impl]: creating node 11: Fully Connected (create_runtime_impl, external/XNNPACK/src/runtime.c:688)
Note (XNNPACK): [create_fully_connected_operator] Creating fully-connected operator for node 11 with 3 inputs and 1 outputs (create_fully_connected_operator, external/XNNPACK/src/subgraph/fully-connected.c:247)
Note (XNNPACK): Input tensor shape: num_dims=4 (create_fully_connected_operator, external/XNNPACK/src/subgraph/fully-connected.c:261)
Note (XNNPACK):   dim[0] = 1 (create_fully_connected_operator, external/XNNPACK/src/subgraph/fully-connected.c:263)
Note (XNNPACK):   dim[1] = 28 (create_fully_connected_operator, external/XNNPACK/src/subgraph/fully-connected.c:263)
Note (XNNPACK):   dim[2] = 28 (create_fully_connected_operator, external/XNNPACK/src/subgraph/fully-connected.c:263)
Note (XNNPACK):   dim[3] = 256 (create_fully_connected_operator, external/XNNPACK/src/subgraph/fully-connected.c:263)
Note (XNNPACK): Total input elements: 200704 (create_fully_connected_operator, external/XNNPACK/src/subgraph/fully-connected.c:271)
Note (XNNPACK): [xnn_create_fully_connected_nc_f32] input_channels: 256, output_channels: 256, input_stride: 256, output_stride: 256 (xnn_create_fully_connected_nc_f32, external/XNNPACK/src/operators/fully-connected-nc.c:2060)
Note (XNNPACK): [xnn_create_fully_connected_nc_f32]  selected gemm_config: 0x556c03db88, mr: 6, nr: 8 (xnn_create_fully_connected_nc_f32, external/XNNPACK/src/operators/fully-connected-nc.c:2107)
Note (XNNPACK): [create_fully_connected_nc_f32] input_channels: 256, output_channels: 256, input_stride: 256, output_stride: 256, flags: 0x0 (create_fully_connected_nc_f32, external/XNNPACK/src/operators/fully-connected-nc.c:1548)
Note (XNNPACK): [create_fully_connected_nc]: call (create_fully_connected_nc, external/XNNPACK/src/operators/fully-connected-nc.c:58)
Note (XNNPACK): [create_fully_connected_nc] created Fully Connected (NC, F32) operator (create_fully_connected_nc, external/XNNPACK/src/operators/fully-connected-nc.c:334)
Note (XNNPACK): 

 (create_fully_connected_nc, external/XNNPACK/src/operators/fully-connected-nc.c:337)
Note (XNNPACK): [creatre_runtime_impl]: creating node 12: Depthwise Convolution 2D (create_runtime_impl, external/XNNPACK/src/runtime.c:688)
Note (XNNPACK): [creatre_runtime_impl]: creating node 13: Fully Connected (create_runtime_impl, external/XNNPACK/src/runtime.c:688)
Note (XNNPACK): [create_fully_connected_operator] Creating fully-connected operator for node 13 with 3 inputs and 1 outputs (create_fully_connected_operator, external/XNNPACK/src/subgraph/fully-connected.c:247)
Note (XNNPACK): Input tensor shape: num_dims=4 (create_fully_connected_operator, external/XNNPACK/src/subgraph/fully-connected.c:261)
Note (XNNPACK):   dim[0] = 1 (create_fully_connected_operator, external/XNNPACK/src/subgraph/fully-connected.c:263)
Note (XNNPACK):   dim[1] = 28 (create_fully_connected_operator, external/XNNPACK/src/subgraph/fully-connected.c:263)
Note (XNNPACK):   dim[2] = 28 (create_fully_connected_operator, external/XNNPACK/src/subgraph/fully-connected.c:263)
Note (XNNPACK):   dim[3] = 256 (create_fully_connected_operator, external/XNNPACK/src/subgraph/fully-connected.c:263)
Note (XNNPACK): Total input elements: 200704 (create_fully_connected_operator, external/XNNPACK/src/subgraph/fully-connected.c:271)
Note (XNNPACK): [xnn_create_fully_connected_nc_f32] input_channels: 256, output_channels: 256, input_stride: 256, output_stride: 256 (xnn_create_fully_connected_nc_f32, external/XNNPACK/src/operators/fully-connected-nc.c:2060)
Note (XNNPACK): [xnn_create_fully_connected_nc_f32]  selected gemm_config: 0x556c03db88, mr: 6, nr: 8 (xnn_create_fully_connected_nc_f32, external/XNNPACK/src/operators/fully-connected-nc.c:2107)
Note (XNNPACK): [create_fully_connected_nc_f32] input_channels: 256, output_channels: 256, input_stride: 256, output_stride: 256, flags: 0x0 (create_fully_connected_nc_f32, external/XNNPACK/src/operators/fully-connected-nc.c:1548)
Note (XNNPACK): [create_fully_connected_nc]: call (create_fully_connected_nc, external/XNNPACK/src/operators/fully-connected-nc.c:58)
Note (XNNPACK): [create_fully_connected_nc] created Fully Connected (NC, F32) operator (create_fully_connected_nc, external/XNNPACK/src/operators/fully-connected-nc.c:334)
Note (XNNPACK): 

 (create_fully_connected_nc, external/XNNPACK/src/operators/fully-connected-nc.c:337)
Note (XNNPACK): [creatre_runtime_impl]: creating node 14: Depthwise Convolution 2D (create_runtime_impl, external/XNNPACK/src/runtime.c:688)
Note (XNNPACK): [creatre_runtime_impl]: creating node 15: Fully Connected (create_runtime_impl, external/XNNPACK/src/runtime.c:688)
Note (XNNPACK): [create_fully_connected_operator] Creating fully-connected operator for node 15 with 3 inputs and 1 outputs (create_fully_connected_operator, external/XNNPACK/src/subgraph/fully-connected.c:247)
Note (XNNPACK): Input tensor shape: num_dims=4 (create_fully_connected_operator, external/XNNPACK/src/subgraph/fully-connected.c:261)
Note (XNNPACK):   dim[0] = 1 (create_fully_connected_operator, external/XNNPACK/src/subgraph/fully-connected.c:263)
Note (XNNPACK):   dim[1] = 28 (create_fully_connected_operator, external/XNNPACK/src/subgraph/fully-connected.c:263)
Note (XNNPACK):   dim[2] = 28 (create_fully_connected_operator, external/XNNPACK/src/subgraph/fully-connected.c:263)
Note (XNNPACK):   dim[3] = 256 (create_fully_connected_operator, external/XNNPACK/src/subgraph/fully-connected.c:263)
Note (XNNPACK): Total input elements: 200704 (create_fully_connected_operator, external/XNNPACK/src/subgraph/fully-connected.c:271)
Note (XNNPACK): [xnn_create_fully_connected_nc_f32] input_channels: 256, output_channels: 256, input_stride: 256, output_stride: 256 (xnn_create_fully_connected_nc_f32, external/XNNPACK/src/operators/fully-connected-nc.c:2060)
Note (XNNPACK): [xnn_create_fully_connected_nc_f32]  selected gemm_config: 0x556c03db88, mr: 6, nr: 8 (xnn_create_fully_connected_nc_f32, external/XNNPACK/src/operators/fully-connected-nc.c:2107)
Note (XNNPACK): [create_fully_connected_nc_f32] input_channels: 256, output_channels: 256, input_stride: 256, output_stride: 256, flags: 0x0 (create_fully_connected_nc_f32, external/XNNPACK/src/operators/fully-connected-nc.c:1548)
Note (XNNPACK): [create_fully_connected_nc]: call (create_fully_connected_nc, external/XNNPACK/src/operators/fully-connected-nc.c:58)
Note (XNNPACK): [create_fully_connected_nc] created Fully Connected (NC, F32) operator (create_fully_connected_nc, external/XNNPACK/src/operators/fully-connected-nc.c:334)
Note (XNNPACK): 

 (create_fully_connected_nc, external/XNNPACK/src/operators/fully-connected-nc.c:337)
Note (XNNPACK): [creatre_runtime_impl]: creating node 16: Depthwise Convolution 2D (create_runtime_impl, external/XNNPACK/src/runtime.c:688)
Note (XNNPACK): [creatre_runtime_impl]: creating node 17: Fully Connected (create_runtime_impl, external/XNNPACK/src/runtime.c:688)
Note (XNNPACK): [create_fully_connected_operator] Creating fully-connected operator for node 17 with 3 inputs and 1 outputs (create_fully_connected_operator, external/XNNPACK/src/subgraph/fully-connected.c:247)
Note (XNNPACK): Input tensor shape: num_dims=4 (create_fully_connected_operator, external/XNNPACK/src/subgraph/fully-connected.c:261)
Note (XNNPACK):   dim[0] = 1 (create_fully_connected_operator, external/XNNPACK/src/subgraph/fully-connected.c:263)
Note (XNNPACK):   dim[1] = 28 (create_fully_connected_operator, external/XNNPACK/src/subgraph/fully-connected.c:263)
Note (XNNPACK):   dim[2] = 28 (create_fully_connected_operator, external/XNNPACK/src/subgraph/fully-connected.c:263)
Note (XNNPACK):   dim[3] = 256 (create_fully_connected_operator, external/XNNPACK/src/subgraph/fully-connected.c:263)
Note (XNNPACK): Total input elements: 200704 (create_fully_connected_operator, external/XNNPACK/src/subgraph/fully-connected.c:271)
Note (XNNPACK): [xnn_create_fully_connected_nc_f32] input_channels: 256, output_channels: 256, input_stride: 256, output_stride: 256 (xnn_create_fully_connected_nc_f32, external/XNNPACK/src/operators/fully-connected-nc.c:2060)
Note (XNNPACK): [xnn_create_fully_connected_nc_f32]  selected gemm_config: 0x556c03db88, mr: 6, nr: 8 (xnn_create_fully_connected_nc_f32, external/XNNPACK/src/operators/fully-connected-nc.c:2107)
Note (XNNPACK): [create_fully_connected_nc_f32] input_channels: 256, output_channels: 256, input_stride: 256, output_stride: 256, flags: 0x0 (create_fully_connected_nc_f32, external/XNNPACK/src/operators/fully-connected-nc.c:1548)
Note (XNNPACK): [create_fully_connected_nc]: call (create_fully_connected_nc, external/XNNPACK/src/operators/fully-connected-nc.c:58)
Note (XNNPACK): [create_fully_connected_nc] created Fully Connected (NC, F32) operator (create_fully_connected_nc, external/XNNPACK/src/operators/fully-connected-nc.c:334)
Note (XNNPACK): 

 (create_fully_connected_nc, external/XNNPACK/src/operators/fully-connected-nc.c:337)
Note (XNNPACK): [creatre_runtime_impl]: creating node 18: Depthwise Convolution 2D (create_runtime_impl, external/XNNPACK/src/runtime.c:688)
Note (XNNPACK): [creatre_runtime_impl]: creating node 19: Fully Connected (create_runtime_impl, external/XNNPACK/src/runtime.c:688)
Note (XNNPACK): [create_fully_connected_operator] Creating fully-connected operator for node 19 with 3 inputs and 1 outputs (create_fully_connected_operator, external/XNNPACK/src/subgraph/fully-connected.c:247)
Note (XNNPACK): Input tensor shape: num_dims=4 (create_fully_connected_operator, external/XNNPACK/src/subgraph/fully-connected.c:261)
Note (XNNPACK):   dim[0] = 1 (create_fully_connected_operator, external/XNNPACK/src/subgraph/fully-connected.c:263)
Note (XNNPACK):   dim[1] = 28 (create_fully_connected_operator, external/XNNPACK/src/subgraph/fully-connected.c:263)
Note (XNNPACK):   dim[2] = 28 (create_fully_connected_operator, external/XNNPACK/src/subgraph/fully-connected.c:263)
Note (XNNPACK):   dim[3] = 256 (create_fully_connected_operator, external/XNNPACK/src/subgraph/fully-connected.c:263)
Note (XNNPACK): Total input elements: 200704 (create_fully_connected_operator, external/XNNPACK/src/subgraph/fully-connected.c:271)
Note (XNNPACK): [xnn_create_fully_connected_nc_f32] input_channels: 256, output_channels: 256, input_stride: 256, output_stride: 256 (xnn_create_fully_connected_nc_f32, external/XNNPACK/src/operators/fully-connected-nc.c:2060)
Note (XNNPACK): [xnn_create_fully_connected_nc_f32]  selected gemm_config: 0x556c03db88, mr: 6, nr: 8 (xnn_create_fully_connected_nc_f32, external/XNNPACK/src/operators/fully-connected-nc.c:2107)
Note (XNNPACK): [create_fully_connected_nc_f32] input_channels: 256, output_channels: 256, input_stride: 256, output_stride: 256, flags: 0x0 (create_fully_connected_nc_f32, external/XNNPACK/src/operators/fully-connected-nc.c:1548)
Note (XNNPACK): [create_fully_connected_nc]: call (create_fully_connected_nc, external/XNNPACK/src/operators/fully-connected-nc.c:58)
Note (XNNPACK): [create_fully_connected_nc] created Fully Connected (NC, F32) operator (create_fully_connected_nc, external/XNNPACK/src/operators/fully-connected-nc.c:334)
Note (XNNPACK): 

 (create_fully_connected_nc, external/XNNPACK/src/operators/fully-connected-nc.c:337)
Note (XNNPACK): [creatre_runtime_impl]: creating node 20: Depthwise Convolution 2D (create_runtime_impl, external/XNNPACK/src/runtime.c:688)
Note (XNNPACK): [creatre_runtime_impl]: creating node 21: Fully Connected (create_runtime_impl, external/XNNPACK/src/runtime.c:688)
Note (XNNPACK): [create_fully_connected_operator] Creating fully-connected operator for node 21 with 3 inputs and 1 outputs (create_fully_connected_operator, external/XNNPACK/src/subgraph/fully-connected.c:247)
Note (XNNPACK): Input tensor shape: num_dims=4 (create_fully_connected_operator, external/XNNPACK/src/subgraph/fully-connected.c:261)
Note (XNNPACK):   dim[0] = 1 (create_fully_connected_operator, external/XNNPACK/src/subgraph/fully-connected.c:263)
Note (XNNPACK):   dim[1] = 28 (create_fully_connected_operator, external/XNNPACK/src/subgraph/fully-connected.c:263)
Note (XNNPACK):   dim[2] = 28 (create_fully_connected_operator, external/XNNPACK/src/subgraph/fully-connected.c:263)
Note (XNNPACK):   dim[3] = 256 (create_fully_connected_operator, external/XNNPACK/src/subgraph/fully-connected.c:263)
Note (XNNPACK): Total input elements: 200704 (create_fully_connected_operator, external/XNNPACK/src/subgraph/fully-connected.c:271)
Note (XNNPACK): [xnn_create_fully_connected_nc_f32] input_channels: 256, output_channels: 256, input_stride: 256, output_stride: 256 (xnn_create_fully_connected_nc_f32, external/XNNPACK/src/operators/fully-connected-nc.c:2060)
Note (XNNPACK): [xnn_create_fully_connected_nc_f32]  selected gemm_config: 0x556c03db88, mr: 6, nr: 8 (xnn_create_fully_connected_nc_f32, external/XNNPACK/src/operators/fully-connected-nc.c:2107)
Note (XNNPACK): [create_fully_connected_nc_f32] input_channels: 256, output_channels: 256, input_stride: 256, output_stride: 256, flags: 0x0 (create_fully_connected_nc_f32, external/XNNPACK/src/operators/fully-connected-nc.c:1548)
Note (XNNPACK): [create_fully_connected_nc]: call (create_fully_connected_nc, external/XNNPACK/src/operators/fully-connected-nc.c:58)
Note (XNNPACK): [create_fully_connected_nc] created Fully Connected (NC, F32) operator (create_fully_connected_nc, external/XNNPACK/src/operators/fully-connected-nc.c:334)
Note (XNNPACK): 

 (create_fully_connected_nc, external/XNNPACK/src/operators/fully-connected-nc.c:337)
Note (XNNPACK): [creatre_runtime_impl]: creating node 22: Depthwise Convolution 2D (create_runtime_impl, external/XNNPACK/src/runtime.c:688)
Note (XNNPACK): [creatre_runtime_impl]: creating node 23: Fully Connected (create_runtime_impl, external/XNNPACK/src/runtime.c:688)
Note (XNNPACK): [create_fully_connected_operator] Creating fully-connected operator for node 23 with 3 inputs and 1 outputs (create_fully_connected_operator, external/XNNPACK/src/subgraph/fully-connected.c:247)
Note (XNNPACK): Input tensor shape: num_dims=4 (create_fully_connected_operator, external/XNNPACK/src/subgraph/fully-connected.c:261)
Note (XNNPACK):   dim[0] = 1 (create_fully_connected_operator, external/XNNPACK/src/subgraph/fully-connected.c:263)
Note (XNNPACK):   dim[1] = 28 (create_fully_connected_operator, external/XNNPACK/src/subgraph/fully-connected.c:263)
Note (XNNPACK):   dim[2] = 28 (create_fully_connected_operator, external/XNNPACK/src/subgraph/fully-connected.c:263)
Note (XNNPACK):   dim[3] = 256 (create_fully_connected_operator, external/XNNPACK/src/subgraph/fully-connected.c:263)
Note (XNNPACK): Total input elements: 200704 (create_fully_connected_operator, external/XNNPACK/src/subgraph/fully-connected.c:271)
Note (XNNPACK): [xnn_create_fully_connected_nc_f32] input_channels: 256, output_channels: 256, input_stride: 256, output_stride: 256 (xnn_create_fully_connected_nc_f32, external/XNNPACK/src/operators/fully-connected-nc.c:2060)
Note (XNNPACK): [xnn_create_fully_connected_nc_f32]  selected gemm_config: 0x556c03db88, mr: 6, nr: 8 (xnn_create_fully_connected_nc_f32, external/XNNPACK/src/operators/fully-connected-nc.c:2107)
Note (XNNPACK): [create_fully_connected_nc_f32] input_channels: 256, output_channels: 256, input_stride: 256, output_stride: 256, flags: 0x0 (create_fully_connected_nc_f32, external/XNNPACK/src/operators/fully-connected-nc.c:1548)
Note (XNNPACK): [create_fully_connected_nc]: call (create_fully_connected_nc, external/XNNPACK/src/operators/fully-connected-nc.c:58)
Note (XNNPACK): [create_fully_connected_nc] created Fully Connected (NC, F32) operator (create_fully_connected_nc, external/XNNPACK/src/operators/fully-connected-nc.c:334)
Note (XNNPACK): 

 (create_fully_connected_nc, external/XNNPACK/src/operators/fully-connected-nc.c:337)
Note (XNNPACK): [creatre_runtime_impl]: creating node 25: Depthwise Convolution 2D (create_runtime_impl, external/XNNPACK/src/runtime.c:688)
Note (XNNPACK): [creatre_runtime_impl]: creating node 26: Fully Connected (create_runtime_impl, external/XNNPACK/src/runtime.c:688)
Note (XNNPACK): [create_fully_connected_operator] Creating fully-connected operator for node 26 with 3 inputs and 1 outputs (create_fully_connected_operator, external/XNNPACK/src/subgraph/fully-connected.c:247)
Note (XNNPACK): Input tensor shape: num_dims=4 (create_fully_connected_operator, external/XNNPACK/src/subgraph/fully-connected.c:261)
Note (XNNPACK):   dim[0] = 1 (create_fully_connected_operator, external/XNNPACK/src/subgraph/fully-connected.c:263)
Note (XNNPACK):   dim[1] = 14 (create_fully_connected_operator, external/XNNPACK/src/subgraph/fully-connected.c:263)
Note (XNNPACK):   dim[2] = 14 (create_fully_connected_operator, external/XNNPACK/src/subgraph/fully-connected.c:263)
Note (XNNPACK):   dim[3] = 256 (create_fully_connected_operator, external/XNNPACK/src/subgraph/fully-connected.c:263)
Note (XNNPACK): Total input elements: 50176 (create_fully_connected_operator, external/XNNPACK/src/subgraph/fully-connected.c:271)
Note (XNNPACK): [xnn_create_fully_connected_nc_f32] input_channels: 256, output_channels: 640, input_stride: 256, output_stride: 640 (xnn_create_fully_connected_nc_f32, external/XNNPACK/src/operators/fully-connected-nc.c:2060)
Note (XNNPACK): [xnn_create_fully_connected_nc_f32]  selected gemm_config: 0x556c03db88, mr: 6, nr: 8 (xnn_create_fully_connected_nc_f32, external/XNNPACK/src/operators/fully-connected-nc.c:2107)
Note (XNNPACK): [create_fully_connected_nc_f32] input_channels: 256, output_channels: 640, input_stride: 256, output_stride: 640, flags: 0x0 (create_fully_connected_nc_f32, external/XNNPACK/src/operators/fully-connected-nc.c:1548)
Note (XNNPACK): [create_fully_connected_nc]: call (create_fully_connected_nc, external/XNNPACK/src/operators/fully-connected-nc.c:58)
Note (XNNPACK): [create_fully_connected_nc] created Fully Connected (NC, F32) operator (create_fully_connected_nc, external/XNNPACK/src/operators/fully-connected-nc.c:334)
Note (XNNPACK): 

 (create_fully_connected_nc, external/XNNPACK/src/operators/fully-connected-nc.c:337)
Note (XNNPACK): [creatre_runtime_impl]: creating node 27: Depthwise Convolution 2D (create_runtime_impl, external/XNNPACK/src/runtime.c:688)
Note (XNNPACK): [creatre_runtime_impl]: creating node 28: Fully Connected (create_runtime_impl, external/XNNPACK/src/runtime.c:688)
Note (XNNPACK): [create_fully_connected_operator] Creating fully-connected operator for node 28 with 3 inputs and 1 outputs (create_fully_connected_operator, external/XNNPACK/src/subgraph/fully-connected.c:247)
Note (XNNPACK): Input tensor shape: num_dims=4 (create_fully_connected_operator, external/XNNPACK/src/subgraph/fully-connected.c:261)
Note (XNNPACK):   dim[0] = 1 (create_fully_connected_operator, external/XNNPACK/src/subgraph/fully-connected.c:263)
Note (XNNPACK):   dim[1] = 14 (create_fully_connected_operator, external/XNNPACK/src/subgraph/fully-connected.c:263)
Note (XNNPACK):   dim[2] = 14 (create_fully_connected_operator, external/XNNPACK/src/subgraph/fully-connected.c:263)
Note (XNNPACK):   dim[3] = 640 (create_fully_connected_operator, external/XNNPACK/src/subgraph/fully-connected.c:263)
Note (XNNPACK): Total input elements: 125440 (create_fully_connected_operator, external/XNNPACK/src/subgraph/fully-connected.c:271)
Note (XNNPACK): [xnn_create_fully_connected_nc_f32] input_channels: 640, output_channels: 640, input_stride: 640, output_stride: 640 (xnn_create_fully_connected_nc_f32, external/XNNPACK/src/operators/fully-connected-nc.c:2060)
Note (XNNPACK): [xnn_create_fully_connected_nc_f32]  selected gemm_config: 0x556c03db88, mr: 6, nr: 8 (xnn_create_fully_connected_nc_f32, external/XNNPACK/src/operators/fully-connected-nc.c:2107)
Note (XNNPACK): [create_fully_connected_nc_f32] input_channels: 640, output_channels: 640, input_stride: 640, output_stride: 640, flags: 0x0 (create_fully_connected_nc_f32, external/XNNPACK/src/operators/fully-connected-nc.c:1548)
Note (XNNPACK): [create_fully_connected_nc]: call (create_fully_connected_nc, external/XNNPACK/src/operators/fully-connected-nc.c:58)
Note (XNNPACK): [create_fully_connected_nc] created Fully Connected (NC, F32) operator (create_fully_connected_nc, external/XNNPACK/src/operators/fully-connected-nc.c:334)
Note (XNNPACK): 

 (create_fully_connected_nc, external/XNNPACK/src/operators/fully-connected-nc.c:337)
Note (XNNPACK): [creatre_runtime_impl]: creating node 29: Depthwise Convolution 2D (create_runtime_impl, external/XNNPACK/src/runtime.c:688)
Note (XNNPACK): [creatre_runtime_impl]: creating node 30: Fully Connected (create_runtime_impl, external/XNNPACK/src/runtime.c:688)
Note (XNNPACK): [create_fully_connected_operator] Creating fully-connected operator for node 30 with 3 inputs and 1 outputs (create_fully_connected_operator, external/XNNPACK/src/subgraph/fully-connected.c:247)
Note (XNNPACK): Input tensor shape: num_dims=4 (create_fully_connected_operator, external/XNNPACK/src/subgraph/fully-connected.c:261)
Note (XNNPACK):   dim[0] = 1 (create_fully_connected_operator, external/XNNPACK/src/subgraph/fully-connected.c:263)
Note (XNNPACK):   dim[1] = 14 (create_fully_connected_operator, external/XNNPACK/src/subgraph/fully-connected.c:263)
Note (XNNPACK):   dim[2] = 14 (create_fully_connected_operator, external/XNNPACK/src/subgraph/fully-connected.c:263)
Note (XNNPACK):   dim[3] = 640 (create_fully_connected_operator, external/XNNPACK/src/subgraph/fully-connected.c:263)
Note (XNNPACK): Total input elements: 125440 (create_fully_connected_operator, external/XNNPACK/src/subgraph/fully-connected.c:271)
Note (XNNPACK): [xnn_create_fully_connected_nc_f32] input_channels: 640, output_channels: 640, input_stride: 640, output_stride: 640 (xnn_create_fully_connected_nc_f32, external/XNNPACK/src/operators/fully-connected-nc.c:2060)
Note (XNNPACK): [xnn_create_fully_connected_nc_f32]  selected gemm_config: 0x556c03db88, mr: 6, nr: 8 (xnn_create_fully_connected_nc_f32, external/XNNPACK/src/operators/fully-connected-nc.c:2107)
Note (XNNPACK): [create_fully_connected_nc_f32] input_channels: 640, output_channels: 640, input_stride: 640, output_stride: 640, flags: 0x0 (create_fully_connected_nc_f32, external/XNNPACK/src/operators/fully-connected-nc.c:1548)
Note (XNNPACK): [create_fully_connected_nc]: call (create_fully_connected_nc, external/XNNPACK/src/operators/fully-connected-nc.c:58)
Note (XNNPACK): [create_fully_connected_nc] created Fully Connected (NC, F32) operator (create_fully_connected_nc, external/XNNPACK/src/operators/fully-connected-nc.c:334)
Note (XNNPACK): 

 (create_fully_connected_nc, external/XNNPACK/src/operators/fully-connected-nc.c:337)
Note (XNNPACK): [creatre_runtime_impl]: creating node 31: Depthwise Convolution 2D (create_runtime_impl, external/XNNPACK/src/runtime.c:688)
Note (XNNPACK): [creatre_runtime_impl]: creating node 32: Fully Connected (create_runtime_impl, external/XNNPACK/src/runtime.c:688)
Note (XNNPACK): [create_fully_connected_operator] Creating fully-connected operator for node 32 with 3 inputs and 1 outputs (create_fully_connected_operator, external/XNNPACK/src/subgraph/fully-connected.c:247)
Note (XNNPACK): Input tensor shape: num_dims=4 (create_fully_connected_operator, external/XNNPACK/src/subgraph/fully-connected.c:261)
Note (XNNPACK):   dim[0] = 1 (create_fully_connected_operator, external/XNNPACK/src/subgraph/fully-connected.c:263)
Note (XNNPACK):   dim[1] = 14 (create_fully_connected_operator, external/XNNPACK/src/subgraph/fully-connected.c:263)
Note (XNNPACK):   dim[2] = 14 (create_fully_connected_operator, external/XNNPACK/src/subgraph/fully-connected.c:263)
Note (XNNPACK):   dim[3] = 640 (create_fully_connected_operator, external/XNNPACK/src/subgraph/fully-connected.c:263)
Note (XNNPACK): Total input elements: 125440 (create_fully_connected_operator, external/XNNPACK/src/subgraph/fully-connected.c:271)
Note (XNNPACK): [xnn_create_fully_connected_nc_f32] input_channels: 640, output_channels: 640, input_stride: 640, output_stride: 640 (xnn_create_fully_connected_nc_f32, external/XNNPACK/src/operators/fully-connected-nc.c:2060)
Note (XNNPACK): [xnn_create_fully_connected_nc_f32]  selected gemm_config: 0x556c03db88, mr: 6, nr: 8 (xnn_create_fully_connected_nc_f32, external/XNNPACK/src/operators/fully-connected-nc.c:2107)
Note (XNNPACK): [create_fully_connected_nc_f32] input_channels: 640, output_channels: 640, input_stride: 640, output_stride: 640, flags: 0x0 (create_fully_connected_nc_f32, external/XNNPACK/src/operators/fully-connected-nc.c:1548)
Note (XNNPACK): [create_fully_connected_nc]: call (create_fully_connected_nc, external/XNNPACK/src/operators/fully-connected-nc.c:58)
Note (XNNPACK): [create_fully_connected_nc] created Fully Connected (NC, F32) operator (create_fully_connected_nc, external/XNNPACK/src/operators/fully-connected-nc.c:334)
Note (XNNPACK): 

 (create_fully_connected_nc, external/XNNPACK/src/operators/fully-connected-nc.c:337)
Note (XNNPACK): [creatre_runtime_impl]: creating node 33: Depthwise Convolution 2D (create_runtime_impl, external/XNNPACK/src/runtime.c:688)
Note (XNNPACK): [creatre_runtime_impl]: creating node 34: Fully Connected (create_runtime_impl, external/XNNPACK/src/runtime.c:688)
Note (XNNPACK): [create_fully_connected_operator] Creating fully-connected operator for node 34 with 3 inputs and 1 outputs (create_fully_connected_operator, external/XNNPACK/src/subgraph/fully-connected.c:247)
Note (XNNPACK): Input tensor shape: num_dims=4 (create_fully_connected_operator, external/XNNPACK/src/subgraph/fully-connected.c:261)
Note (XNNPACK):   dim[0] = 1 (create_fully_connected_operator, external/XNNPACK/src/subgraph/fully-connected.c:263)
Note (XNNPACK):   dim[1] = 14 (create_fully_connected_operator, external/XNNPACK/src/subgraph/fully-connected.c:263)
Note (XNNPACK):   dim[2] = 14 (create_fully_connected_operator, external/XNNPACK/src/subgraph/fully-connected.c:263)
Note (XNNPACK):   dim[3] = 640 (create_fully_connected_operator, external/XNNPACK/src/subgraph/fully-connected.c:263)
Note (XNNPACK): Total input elements: 125440 (create_fully_connected_operator, external/XNNPACK/src/subgraph/fully-connected.c:271)
Note (XNNPACK): [xnn_create_fully_connected_nc_f32] input_channels: 640, output_channels: 640, input_stride: 640, output_stride: 640 (xnn_create_fully_connected_nc_f32, external/XNNPACK/src/operators/fully-connected-nc.c:2060)
Note (XNNPACK): [xnn_create_fully_connected_nc_f32]  selected gemm_config: 0x556c03db88, mr: 6, nr: 8 (xnn_create_fully_connected_nc_f32, external/XNNPACK/src/operators/fully-connected-nc.c:2107)
Note (XNNPACK): [create_fully_connected_nc_f32] input_channels: 640, output_channels: 640, input_stride: 640, output_stride: 640, flags: 0x0 (create_fully_connected_nc_f32, external/XNNPACK/src/operators/fully-connected-nc.c:1548)
Note (XNNPACK): [create_fully_connected_nc]: call (create_fully_connected_nc, external/XNNPACK/src/operators/fully-connected-nc.c:58)
Note (XNNPACK): [create_fully_connected_nc] created Fully Connected (NC, F32) operator (create_fully_connected_nc, external/XNNPACK/src/operators/fully-connected-nc.c:334)
Note (XNNPACK): 

 (create_fully_connected_nc, external/XNNPACK/src/operators/fully-connected-nc.c:337)
Note (XNNPACK): [creatre_runtime_impl]: creating node 35: Depthwise Convolution 2D (create_runtime_impl, external/XNNPACK/src/runtime.c:688)
Note (XNNPACK): [creatre_runtime_impl]: creating node 36: Fully Connected (create_runtime_impl, external/XNNPACK/src/runtime.c:688)
Note (XNNPACK): [create_fully_connected_operator] Creating fully-connected operator for node 36 with 3 inputs and 1 outputs (create_fully_connected_operator, external/XNNPACK/src/subgraph/fully-connected.c:247)
Note (XNNPACK): Input tensor shape: num_dims=4 (create_fully_connected_operator, external/XNNPACK/src/subgraph/fully-connected.c:261)
Note (XNNPACK):   dim[0] = 1 (create_fully_connected_operator, external/XNNPACK/src/subgraph/fully-connected.c:263)
Note (XNNPACK):   dim[1] = 14 (create_fully_connected_operator, external/XNNPACK/src/subgraph/fully-connected.c:263)
Note (XNNPACK):   dim[2] = 14 (create_fully_connected_operator, external/XNNPACK/src/subgraph/fully-connected.c:263)
Note (XNNPACK):   dim[3] = 640 (create_fully_connected_operator, external/XNNPACK/src/subgraph/fully-connected.c:263)
Note (XNNPACK): Total input elements: 125440 (create_fully_connected_operator, external/XNNPACK/src/subgraph/fully-connected.c:271)
Note (XNNPACK): [xnn_create_fully_connected_nc_f32] input_channels: 640, output_channels: 640, input_stride: 640, output_stride: 640 (xnn_create_fully_connected_nc_f32, external/XNNPACK/src/operators/fully-connected-nc.c:2060)
Note (XNNPACK): [xnn_create_fully_connected_nc_f32]  selected gemm_config: 0x556c03db88, mr: 6, nr: 8 (xnn_create_fully_connected_nc_f32, external/XNNPACK/src/operators/fully-connected-nc.c:2107)
Note (XNNPACK): [create_fully_connected_nc_f32] input_channels: 640, output_channels: 640, input_stride: 640, output_stride: 640, flags: 0x0 (create_fully_connected_nc_f32, external/XNNPACK/src/operators/fully-connected-nc.c:1548)
Note (XNNPACK): [create_fully_connected_nc]: call (create_fully_connected_nc, external/XNNPACK/src/operators/fully-connected-nc.c:58)
Note (XNNPACK): [create_fully_connected_nc] created Fully Connected (NC, F32) operator (create_fully_connected_nc, external/XNNPACK/src/operators/fully-connected-nc.c:334)
Note (XNNPACK): 

 (create_fully_connected_nc, external/XNNPACK/src/operators/fully-connected-nc.c:337)
Note (XNNPACK): [creatre_runtime_impl]: creating node 37: Depthwise Convolution 2D (create_runtime_impl, external/XNNPACK/src/runtime.c:688)
Note (XNNPACK): [creatre_runtime_impl]: creating node 38: Fully Connected (create_runtime_impl, external/XNNPACK/src/runtime.c:688)
Note (XNNPACK): [create_fully_connected_operator] Creating fully-connected operator for node 38 with 3 inputs and 1 outputs (create_fully_connected_operator, external/XNNPACK/src/subgraph/fully-connected.c:247)
Note (XNNPACK): Input tensor shape: num_dims=4 (create_fully_connected_operator, external/XNNPACK/src/subgraph/fully-connected.c:261)
Note (XNNPACK):   dim[0] = 1 (create_fully_connected_operator, external/XNNPACK/src/subgraph/fully-connected.c:263)
Note (XNNPACK):   dim[1] = 14 (create_fully_connected_operator, external/XNNPACK/src/subgraph/fully-connected.c:263)
Note (XNNPACK):   dim[2] = 14 (create_fully_connected_operator, external/XNNPACK/src/subgraph/fully-connected.c:263)
Note (XNNPACK):   dim[3] = 640 (create_fully_connected_operator, external/XNNPACK/src/subgraph/fully-connected.c:263)
Note (XNNPACK): Total input elements: 125440 (create_fully_connected_operator, external/XNNPACK/src/subgraph/fully-connected.c:271)
Note (XNNPACK): [xnn_create_fully_connected_nc_f32] input_channels: 640, output_channels: 640, input_stride: 640, output_stride: 640 (xnn_create_fully_connected_nc_f32, external/XNNPACK/src/operators/fully-connected-nc.c:2060)
Note (XNNPACK): [xnn_create_fully_connected_nc_f32]  selected gemm_config: 0x556c03db88, mr: 6, nr: 8 (xnn_create_fully_connected_nc_f32, external/XNNPACK/src/operators/fully-connected-nc.c:2107)
Note (XNNPACK): [create_fully_connected_nc_f32] input_channels: 640, output_channels: 640, input_stride: 640, output_stride: 640, flags: 0x0 (create_fully_connected_nc_f32, external/XNNPACK/src/operators/fully-connected-nc.c:1548)
Note (XNNPACK): [create_fully_connected_nc]: call (create_fully_connected_nc, external/XNNPACK/src/operators/fully-connected-nc.c:58)
Note (XNNPACK): [create_fully_connected_nc] created Fully Connected (NC, F32) operator (create_fully_connected_nc, external/XNNPACK/src/operators/fully-connected-nc.c:334)
Note (XNNPACK): 

 (create_fully_connected_nc, external/XNNPACK/src/operators/fully-connected-nc.c:337)
Note (XNNPACK): [creatre_runtime_impl]: creating node 39: Depthwise Convolution 2D (create_runtime_impl, external/XNNPACK/src/runtime.c:688)
Note (XNNPACK): [creatre_runtime_impl]: creating node 40: Fully Connected (create_runtime_impl, external/XNNPACK/src/runtime.c:688)
Note (XNNPACK): [create_fully_connected_operator] Creating fully-connected operator for node 40 with 3 inputs and 1 outputs (create_fully_connected_operator, external/XNNPACK/src/subgraph/fully-connected.c:247)
Note (XNNPACK): Input tensor shape: num_dims=4 (create_fully_connected_operator, external/XNNPACK/src/subgraph/fully-connected.c:261)
Note (XNNPACK):   dim[0] = 1 (create_fully_connected_operator, external/XNNPACK/src/subgraph/fully-connected.c:263)
Note (XNNPACK):   dim[1] = 14 (create_fully_connected_operator, external/XNNPACK/src/subgraph/fully-connected.c:263)
Note (XNNPACK):   dim[2] = 14 (create_fully_connected_operator, external/XNNPACK/src/subgraph/fully-connected.c:263)
Note (XNNPACK):   dim[3] = 640 (create_fully_connected_operator, external/XNNPACK/src/subgraph/fully-connected.c:263)
Note (XNNPACK): Total input elements: 125440 (create_fully_connected_operator, external/XNNPACK/src/subgraph/fully-connected.c:271)
Note (XNNPACK): [xnn_create_fully_connected_nc_f32] input_channels: 640, output_channels: 640, input_stride: 640, output_stride: 640 (xnn_create_fully_connected_nc_f32, external/XNNPACK/src/operators/fully-connected-nc.c:2060)
Note (XNNPACK): [xnn_create_fully_connected_nc_f32]  selected gemm_config: 0x556c03db88, mr: 6, nr: 8 (xnn_create_fully_connected_nc_f32, external/XNNPACK/src/operators/fully-connected-nc.c:2107)
Note (XNNPACK): [create_fully_connected_nc_f32] input_channels: 640, output_channels: 640, input_stride: 640, output_stride: 640, flags: 0x0 (create_fully_connected_nc_f32, external/XNNPACK/src/operators/fully-connected-nc.c:1548)
Note (XNNPACK): [create_fully_connected_nc]: call (create_fully_connected_nc, external/XNNPACK/src/operators/fully-connected-nc.c:58)
Note (XNNPACK): [create_fully_connected_nc] created Fully Connected (NC, F32) operator (create_fully_connected_nc, external/XNNPACK/src/operators/fully-connected-nc.c:334)
Note (XNNPACK): 

 (create_fully_connected_nc, external/XNNPACK/src/operators/fully-connected-nc.c:337)
Note (XNNPACK): [creatre_runtime_impl]: creating node 41: Depthwise Convolution 2D (create_runtime_impl, external/XNNPACK/src/runtime.c:688)
Note (XNNPACK): [creatre_runtime_impl]: creating node 42: Fully Connected (create_runtime_impl, external/XNNPACK/src/runtime.c:688)
Note (XNNPACK): [create_fully_connected_operator] Creating fully-connected operator for node 42 with 3 inputs and 1 outputs (create_fully_connected_operator, external/XNNPACK/src/subgraph/fully-connected.c:247)
Note (XNNPACK): Input tensor shape: num_dims=4 (create_fully_connected_operator, external/XNNPACK/src/subgraph/fully-connected.c:261)
Note (XNNPACK):   dim[0] = 1 (create_fully_connected_operator, external/XNNPACK/src/subgraph/fully-connected.c:263)
Note (XNNPACK):   dim[1] = 14 (create_fully_connected_operator, external/XNNPACK/src/subgraph/fully-connected.c:263)
Note (XNNPACK):   dim[2] = 14 (create_fully_connected_operator, external/XNNPACK/src/subgraph/fully-connected.c:263)
Note (XNNPACK):   dim[3] = 640 (create_fully_connected_operator, external/XNNPACK/src/subgraph/fully-connected.c:263)
Note (XNNPACK): Total input elements: 125440 (create_fully_connected_operator, external/XNNPACK/src/subgraph/fully-connected.c:271)
Note (XNNPACK): [xnn_create_fully_connected_nc_f32] input_channels: 640, output_channels: 640, input_stride: 640, output_stride: 640 (xnn_create_fully_connected_nc_f32, external/XNNPACK/src/operators/fully-connected-nc.c:2060)
Note (XNNPACK): [xnn_create_fully_connected_nc_f32]  selected gemm_config: 0x556c03db88, mr: 6, nr: 8 (xnn_create_fully_connected_nc_f32, external/XNNPACK/src/operators/fully-connected-nc.c:2107)
Note (XNNPACK): [create_fully_connected_nc_f32] input_channels: 640, output_channels: 640, input_stride: 640, output_stride: 640, flags: 0x0 (create_fully_connected_nc_f32, external/XNNPACK/src/operators/fully-connected-nc.c:1548)
Note (XNNPACK): [create_fully_connected_nc]: call (create_fully_connected_nc, external/XNNPACK/src/operators/fully-connected-nc.c:58)
Note (XNNPACK): [create_fully_connected_nc] created Fully Connected (NC, F32) operator (create_fully_connected_nc, external/XNNPACK/src/operators/fully-connected-nc.c:334)
Note (XNNPACK): 

 (create_fully_connected_nc, external/XNNPACK/src/operators/fully-connected-nc.c:337)
Note (XNNPACK): [creatre_runtime_impl]: creating node 43: Depthwise Convolution 2D (create_runtime_impl, external/XNNPACK/src/runtime.c:688)
Note (XNNPACK): [creatre_runtime_impl]: creating node 44: Fully Connected (create_runtime_impl, external/XNNPACK/src/runtime.c:688)
Note (XNNPACK): [create_fully_connected_operator] Creating fully-connected operator for node 44 with 3 inputs and 1 outputs (create_fully_connected_operator, external/XNNPACK/src/subgraph/fully-connected.c:247)
Note (XNNPACK): Input tensor shape: num_dims=4 (create_fully_connected_operator, external/XNNPACK/src/subgraph/fully-connected.c:261)
Note (XNNPACK):   dim[0] = 1 (create_fully_connected_operator, external/XNNPACK/src/subgraph/fully-connected.c:263)
Note (XNNPACK):   dim[1] = 14 (create_fully_connected_operator, external/XNNPACK/src/subgraph/fully-connected.c:263)
Note (XNNPACK):   dim[2] = 14 (create_fully_connected_operator, external/XNNPACK/src/subgraph/fully-connected.c:263)
Note (XNNPACK):   dim[3] = 640 (create_fully_connected_operator, external/XNNPACK/src/subgraph/fully-connected.c:263)
Note (XNNPACK): Total input elements: 125440 (create_fully_connected_operator, external/XNNPACK/src/subgraph/fully-connected.c:271)
Note (XNNPACK): [xnn_create_fully_connected_nc_f32] input_channels: 640, output_channels: 640, input_stride: 640, output_stride: 640 (xnn_create_fully_connected_nc_f32, external/XNNPACK/src/operators/fully-connected-nc.c:2060)
Note (XNNPACK): [xnn_create_fully_connected_nc_f32]  selected gemm_config: 0x556c03db88, mr: 6, nr: 8 (xnn_create_fully_connected_nc_f32, external/XNNPACK/src/operators/fully-connected-nc.c:2107)
Note (XNNPACK): [create_fully_connected_nc_f32] input_channels: 640, output_channels: 640, input_stride: 640, output_stride: 640, flags: 0x0 (create_fully_connected_nc_f32, external/XNNPACK/src/operators/fully-connected-nc.c:1548)
Note (XNNPACK): [create_fully_connected_nc]: call (create_fully_connected_nc, external/XNNPACK/src/operators/fully-connected-nc.c:58)
Note (XNNPACK): [create_fully_connected_nc] created Fully Connected (NC, F32) operator (create_fully_connected_nc, external/XNNPACK/src/operators/fully-connected-nc.c:334)
Note (XNNPACK): 

 (create_fully_connected_nc, external/XNNPACK/src/operators/fully-connected-nc.c:337)
Note (XNNPACK): [creatre_runtime_impl]: creating node 46: Depthwise Convolution 2D (create_runtime_impl, external/XNNPACK/src/runtime.c:688)
Note (XNNPACK): [creatre_runtime_impl]: creating node 47: Fully Connected (create_runtime_impl, external/XNNPACK/src/runtime.c:688)
Note (XNNPACK): [create_fully_connected_operator] Creating fully-connected operator for node 47 with 3 inputs and 1 outputs (create_fully_connected_operator, external/XNNPACK/src/subgraph/fully-connected.c:247)
Note (XNNPACK): Input tensor shape: num_dims=4 (create_fully_connected_operator, external/XNNPACK/src/subgraph/fully-connected.c:261)
Note (XNNPACK):   dim[0] = 1 (create_fully_connected_operator, external/XNNPACK/src/subgraph/fully-connected.c:263)
Note (XNNPACK):   dim[1] = 7 (create_fully_connected_operator, external/XNNPACK/src/subgraph/fully-connected.c:263)
Note (XNNPACK):   dim[2] = 7 (create_fully_connected_operator, external/XNNPACK/src/subgraph/fully-connected.c:263)
Note (XNNPACK):   dim[3] = 640 (create_fully_connected_operator, external/XNNPACK/src/subgraph/fully-connected.c:263)
Note (XNNPACK): Total input elements: 31360 (create_fully_connected_operator, external/XNNPACK/src/subgraph/fully-connected.c:271)
Note (XNNPACK): [xnn_create_fully_connected_nc_f32] input_channels: 640, output_channels: 2048, input_stride: 640, output_stride: 2048 (xnn_create_fully_connected_nc_f32, external/XNNPACK/src/operators/fully-connected-nc.c:2060)
Note (XNNPACK): [xnn_create_fully_connected_nc_f32]  selected gemm_config: 0x556c03db88, mr: 6, nr: 8 (xnn_create_fully_connected_nc_f32, external/XNNPACK/src/operators/fully-connected-nc.c:2107)
Note (XNNPACK): [create_fully_connected_nc_f32] input_channels: 640, output_channels: 2048, input_stride: 640, output_stride: 2048, flags: 0x0 (create_fully_connected_nc_f32, external/XNNPACK/src/operators/fully-connected-nc.c:1548)
Note (XNNPACK): [create_fully_connected_nc]: call (create_fully_connected_nc, external/XNNPACK/src/operators/fully-connected-nc.c:58)
Note (XNNPACK): [create_fully_connected_nc] created Fully Connected (NC, F32) operator (create_fully_connected_nc, external/XNNPACK/src/operators/fully-connected-nc.c:334)
Note (XNNPACK): 

 (create_fully_connected_nc, external/XNNPACK/src/operators/fully-connected-nc.c:337)
Note (XNNPACK): [creatre_runtime_impl]: creating node 48: Static Sum (create_runtime_impl, external/XNNPACK/src/runtime.c:688)
Note (XNNPACK): Using reduce microkernel 'xnn_f32_rsum_ukernel__neon_u16_acc4'. (init_f32_rsum_config, external/XNNPACK/src/configs/reduce-config.c:713)
Note (XNNPACK): Using reduce_discontiguous microkernel 'xnn_f32_rdsum_ukernel_7p7x__neon_c16'. (init_f32_rsum_config, external/XNNPACK/src/configs/reduce-config.c:714)
Note (XNNPACK): [creatre_runtime_impl]: creating node 49: Fully Connected (create_runtime_impl, external/XNNPACK/src/runtime.c:688)
Note (XNNPACK): [create_fully_connected_operator] Creating fully-connected operator for node 49 with 3 inputs and 1 outputs (create_fully_connected_operator, external/XNNPACK/src/subgraph/fully-connected.c:247)
Note (XNNPACK): Input tensor shape: num_dims=2 (create_fully_connected_operator, external/XNNPACK/src/subgraph/fully-connected.c:261)
Note (XNNPACK):   dim[0] = 1 (create_fully_connected_operator, external/XNNPACK/src/subgraph/fully-connected.c:263)
Note (XNNPACK):   dim[1] = 2048 (create_fully_connected_operator, external/XNNPACK/src/subgraph/fully-connected.c:263)
Note (XNNPACK): Total input elements: 2048 (create_fully_connected_operator, external/XNNPACK/src/subgraph/fully-connected.c:271)
Note (XNNPACK): [xnn_create_fully_connected_nc_f32] input_channels: 2048, output_channels: 1000, input_stride: 2048, output_stride: 1000 (xnn_create_fully_connected_nc_f32, external/XNNPACK/src/operators/fully-connected-nc.c:2060)
Note (XNNPACK): [xnn_create_fully_connected_nc_f32]  selected gemm_config: 0x556c03db88, mr: 6, nr: 8 (xnn_create_fully_connected_nc_f32, external/XNNPACK/src/operators/fully-connected-nc.c:2107)
Note (XNNPACK): [create_fully_connected_nc_f32] input_channels: 2048, output_channels: 1000, input_stride: 2048, output_stride: 1000, flags: 0x10 (create_fully_connected_nc_f32, external/XNNPACK/src/operators/fully-connected-nc.c:1548)
Note (XNNPACK): [create_fully_connected_nc]: call (create_fully_connected_nc, external/XNNPACK/src/operators/fully-connected-nc.c:58)
Note (XNNPACK): [create_fully_connected_nc] created Fully Connected (NC, F32) operator (create_fully_connected_nc, external/XNNPACK/src/operators/fully-connected-nc.c:334)
Note (XNNPACK): 

 (create_fully_connected_nc, external/XNNPACK/src/operators/fully-connected-nc.c:337)
Note (XNNPACK): [create_runtime_impl]:  created runtime 0x55937f7390 with 50 nodes and 278 values (create_runtime_impl, external/XNNPACK/src/runtime.c:739)
VERBOSE: SubgraphCreate: created XNNPACK runtime 
[INFO] XNNPACK delegate applied successfully (threads: 4)
Note (XNNPACK): reshaping operator 1 (Convolution (NHWC, F32)) (xnn_reshape_runtime, external/XNNPACK/src/runtime.c:846)
Note (XNNPACK): reshaping operator 3 (Convolution (NHWC, F32)) (xnn_reshape_runtime, external/XNNPACK/src/runtime.c:846)
Note (XNNPACK): reshaping operator 4 (Fully Connected (NC, F32)) (xnn_reshape_runtime, external/XNNPACK/src/runtime.c:846)
Note (XNNPACK): [reshape_fully_connected_operator] Reshaping fully-connected operator for node 4 with batch size 3136, input channels 64, output channels 96 (reshape_fully_connected_operator, external/XNNPACK/src/subgraph/fully-connected.c:817)
Note (XNNPACK): [reshape_fully_connected_nc]: started (reshape_fully_connected_nc, external/XNNPACK/src/operators/fully-connected-nc.c:2666)
Note (XNNPACK): [reshape-fully_connected_nc]: Applied plan op=Fully Connected (NC, F32), batch=3136, IC=64, OC=96
 | mr=6, mr_packed=6, nr=8, kr=1, sr=1, kc=64
 | nc_tile=48, range=[96,3136], tile=[48,6], threads=4
 | inline_lhs_packing=false, packed_lh=false, dynamic_quantization=false, hmp=false
 | strides: a=256, w=260, cm=384, cn=32, k_scaled=256
 | log2: input=2, filter=2, output=2, filter_is_nibble=false
 | workspace=0
 (reshape_fully_connected_nc, external/XNNPACK/src/operators/fully-connected-nc.c:2977)
Note (XNNPACK): reshaping operator 5 (Convolution (NHWC, F32)) (xnn_reshape_runtime, external/XNNPACK/src/runtime.c:846)
Note (XNNPACK): reshaping operator 6 (Fully Connected (NC, F32)) (xnn_reshape_runtime, external/XNNPACK/src/runtime.c:846)
Note (XNNPACK): [reshape_fully_connected_operator] Reshaping fully-connected operator for node 6 with batch size 3136, input channels 96, output channels 96 (reshape_fully_connected_operator, external/XNNPACK/src/subgraph/fully-connected.c:817)
Note (XNNPACK): [reshape_fully_connected_nc]: started (reshape_fully_connected_nc, external/XNNPACK/src/operators/fully-connected-nc.c:2666)
Note (XNNPACK): [reshape-fully_connected_nc]: Applied plan op=Fully Connected (NC, F32), batch=3136, IC=96, OC=96
 | mr=6, mr_packed=6, nr=8, kr=1, sr=1, kc=96
 | nc_tile=32, range=[96,3136], tile=[32,6], threads=4
 | inline_lhs_packing=false, packed_lh=false, dynamic_quantization=false, hmp=false
 | strides: a=384, w=388, cm=384, cn=32, k_scaled=384
 | log2: input=2, filter=2, output=2, filter_is_nibble=false
 | workspace=0
 (reshape_fully_connected_nc, external/XNNPACK/src/operators/fully-connected-nc.c:2977)
Note (XNNPACK): reshaping operator 8 (Convolution (NHWC, F32)) (xnn_reshape_runtime, external/XNNPACK/src/runtime.c:846)
Note (XNNPACK): reshaping operator 9 (Fully Connected (NC, F32)) (xnn_reshape_runtime, external/XNNPACK/src/runtime.c:846)
Note (XNNPACK): [reshape_fully_connected_operator] Reshaping fully-connected operator for node 9 with batch size 784, input channels 96, output channels 256 (reshape_fully_connected_operator, external/XNNPACK/src/subgraph/fully-connected.c:817)
Note (XNNPACK): [reshape_fully_connected_nc]: started (reshape_fully_connected_nc, external/XNNPACK/src/operators/fully-connected-nc.c:2666)
Note (XNNPACK): [reshape-fully_connected_nc]: Applied plan op=Fully Connected (NC, F32), batch=784, IC=96, OC=256
 | mr=6, mr_packed=6, nr=8, kr=1, sr=1, kc=96
 | nc_tile=32, range=[256,784], tile=[32,6], threads=4
 | inline_lhs_packing=false, packed_lh=false, dynamic_quantization=false, hmp=false
 | strides: a=384, w=388, cm=1024, cn=32, k_scaled=384
 | log2: input=2, filter=2, output=2, filter_is_nibble=false
 | workspace=0
 (reshape_fully_connected_nc, external/XNNPACK/src/operators/fully-connected-nc.c:2977)
Note (XNNPACK): reshaping operator 10 (Convolution (NHWC, F32)) (xnn_reshape_runtime, external/XNNPACK/src/runtime.c:846)
Note (XNNPACK): reshaping operator 11 (Fully Connected (NC, F32)) (xnn_reshape_runtime, external/XNNPACK/src/runtime.c:846)
Note (XNNPACK): [reshape_fully_connected_operator] Reshaping fully-connected operator for node 11 with batch size 784, input channels 256, output channels 256 (reshape_fully_connected_operator, external/XNNPACK/src/subgraph/fully-connected.c:817)
Note (XNNPACK): [reshape_fully_connected_nc]: started (reshape_fully_connected_nc, external/XNNPACK/src/operators/fully-connected-nc.c:2666)
Note (XNNPACK): [reshape-fully_connected_nc]: Applied plan op=Fully Connected (NC, F32), batch=784, IC=256, OC=256
 | mr=6, mr_packed=6, nr=8, kr=1, sr=1, kc=256
 | nc_tile=8, range=[256,784], tile=[8,6], threads=4
 | inline_lhs_packing=false, packed_lh=false, dynamic_quantization=false, hmp=false
 | strides: a=1024, w=1028, cm=1024, cn=32, k_scaled=1024
 | log2: input=2, filter=2, output=2, filter_is_nibble=false
 | workspace=0
 (reshape_fully_connected_nc, external/XNNPACK/src/operators/fully-connected-nc.c:2977)
Note (XNNPACK): reshaping operator 12 (Convolution (NHWC, F32)) (xnn_reshape_runtime, external/XNNPACK/src/runtime.c:846)
Note (XNNPACK): reshaping operator 13 (Fully Connected (NC, F32)) (xnn_reshape_runtime, external/XNNPACK/src/runtime.c:846)
Note (XNNPACK): [reshape_fully_connected_operator] Reshaping fully-connected operator for node 13 with batch size 784, input channels 256, output channels 256 (reshape_fully_connected_operator, external/XNNPACK/src/subgraph/fully-connected.c:817)
Note (XNNPACK): [reshape_fully_connected_nc]: started (reshape_fully_connected_nc, external/XNNPACK/src/operators/fully-connected-nc.c:2666)
Note (XNNPACK): [reshape-fully_connected_nc]: Applied plan op=Fully Connected (NC, F32), batch=784, IC=256, OC=256
 | mr=6, mr_packed=6, nr=8, kr=1, sr=1, kc=256
 | nc_tile=8, range=[256,784], tile=[8,6], threads=4
 | inline_lhs_packing=false, packed_lh=false, dynamic_quantization=false, hmp=false
 | strides: a=1024, w=1028, cm=1024, cn=32, k_scaled=1024
 | log2: input=2, filter=2, output=2, filter_is_nibble=false
 | workspace=0
 (reshape_fully_connected_nc, external/XNNPACK/src/operators/fully-connected-nc.c:2977)
Note (XNNPACK): reshaping operator 14 (Convolution (NHWC, F32)) (xnn_reshape_runtime, external/XNNPACK/src/runtime.c:846)
Note (XNNPACK): reshaping operator 15 (Fully Connected (NC, F32)) (xnn_reshape_runtime, external/XNNPACK/src/runtime.c:846)
Note (XNNPACK): [reshape_fully_connected_operator] Reshaping fully-connected operator for node 15 with batch size 784, input channels 256, output channels 256 (reshape_fully_connected_operator, external/XNNPACK/src/subgraph/fully-connected.c:817)
Note (XNNPACK): [reshape_fully_connected_nc]: started (reshape_fully_connected_nc, external/XNNPACK/src/operators/fully-connected-nc.c:2666)
Note (XNNPACK): [reshape-fully_connected_nc]: Applied plan op=Fully Connected (NC, F32), batch=784, IC=256, OC=256
 | mr=6, mr_packed=6, nr=8, kr=1, sr=1, kc=256
 | nc_tile=8, range=[256,784], tile=[8,6], threads=4
 | inline_lhs_packing=false, packed_lh=false, dynamic_quantization=false, hmp=false
 | strides: a=1024, w=1028, cm=1024, cn=32, k_scaled=1024
 | log2: input=2, filter=2, output=2, filter_is_nibble=false
 | workspace=0
 (reshape_fully_connected_nc, external/XNNPACK/src/operators/fully-connected-nc.c:2977)
Note (XNNPACK): reshaping operator 16 (Convolution (NHWC, F32)) (xnn_reshape_runtime, external/XNNPACK/src/runtime.c:846)
Note (XNNPACK): reshaping operator 17 (Fully Connected (NC, F32)) (xnn_reshape_runtime, external/XNNPACK/src/runtime.c:846)
Note (XNNPACK): [reshape_fully_connected_operator] Reshaping fully-connected operator for node 17 with batch size 784, input channels 256, output channels 256 (reshape_fully_connected_operator, external/XNNPACK/src/subgraph/fully-connected.c:817)
Note (XNNPACK): [reshape_fully_connected_nc]: started (reshape_fully_connected_nc, external/XNNPACK/src/operators/fully-connected-nc.c:2666)
Note (XNNPACK): [reshape-fully_connected_nc]: Applied plan op=Fully Connected (NC, F32), batch=784, IC=256, OC=256
 | mr=6, mr_packed=6, nr=8, kr=1, sr=1, kc=256
 | nc_tile=8, range=[256,784], tile=[8,6], threads=4
 | inline_lhs_packing=false, packed_lh=false, dynamic_quantization=false, hmp=false
 | strides: a=1024, w=1028, cm=1024, cn=32, k_scaled=1024
 | log2: input=2, filter=2, output=2, filter_is_nibble=false
 | workspace=0
 (reshape_fully_connected_nc, external/XNNPACK/src/operators/fully-connected-nc.c:2977)
Note (XNNPACK): reshaping operator 18 (Convolution (NHWC, F32)) (xnn_reshape_runtime, external/XNNPACK/src/runtime.c:846)
Note (XNNPACK): reshaping operator 19 (Fully Connected (NC, F32)) (xnn_reshape_runtime, external/XNNPACK/src/runtime.c:846)
Note (XNNPACK): [reshape_fully_connected_operator] Reshaping fully-connected operator for node 19 with batch size 784, input channels 256, output channels 256 (reshape_fully_connected_operator, external/XNNPACK/src/subgraph/fully-connected.c:817)
Note (XNNPACK): [reshape_fully_connected_nc]: started (reshape_fully_connected_nc, external/XNNPACK/src/operators/fully-connected-nc.c:2666)
Note (XNNPACK): [reshape-fully_connected_nc]: Applied plan op=Fully Connected (NC, F32), batch=784, IC=256, OC=256
 | mr=6, mr_packed=6, nr=8, kr=1, sr=1, kc=256
 | nc_tile=8, range=[256,784], tile=[8,6], threads=4
 | inline_lhs_packing=false, packed_lh=false, dynamic_quantization=false, hmp=false
 | strides: a=1024, w=1028, cm=1024, cn=32, k_scaled=1024
 | log2: input=2, filter=2, output=2, filter_is_nibble=false
 | workspace=0
 (reshape_fully_connected_nc, external/XNNPACK/src/operators/fully-connected-nc.c:2977)
Note (XNNPACK): reshaping operator 20 (Convolution (NHWC, F32)) (xnn_reshape_runtime, external/XNNPACK/src/runtime.c:846)
Note (XNNPACK): reshaping operator 21 (Fully Connected (NC, F32)) (xnn_reshape_runtime, external/XNNPACK/src/runtime.c:846)
Note (XNNPACK): [reshape_fully_connected_operator] Reshaping fully-connected operator for node 21 with batch size 784, input channels 256, output channels 256 (reshape_fully_connected_operator, external/XNNPACK/src/subgraph/fully-connected.c:817)
Note (XNNPACK): [reshape_fully_connected_nc]: started (reshape_fully_connected_nc, external/XNNPACK/src/operators/fully-connected-nc.c:2666)
Note (XNNPACK): [reshape-fully_connected_nc]: Applied plan op=Fully Connected (NC, F32), batch=784, IC=256, OC=256
 | mr=6, mr_packed=6, nr=8, kr=1, sr=1, kc=256
 | nc_tile=8, range=[256,784], tile=[8,6], threads=4
 | inline_lhs_packing=false, packed_lh=false, dynamic_quantization=false, hmp=false
 | strides: a=1024, w=1028, cm=1024, cn=32, k_scaled=1024
 | log2: input=2, filter=2, output=2, filter_is_nibble=false
 | workspace=0
 (reshape_fully_connected_nc, external/XNNPACK/src/operators/fully-connected-nc.c:2977)
Note (XNNPACK): reshaping operator 22 (Convolution (NHWC, F32)) (xnn_reshape_runtime, external/XNNPACK/src/runtime.c:846)
Note (XNNPACK): reshaping operator 23 (Fully Connected (NC, F32)) (xnn_reshape_runtime, external/XNNPACK/src/runtime.c:846)
Note (XNNPACK): [reshape_fully_connected_operator] Reshaping fully-connected operator for node 23 with batch size 784, input channels 256, output channels 256 (reshape_fully_connected_operator, external/XNNPACK/src/subgraph/fully-connected.c:817)
Note (XNNPACK): [reshape_fully_connected_nc]: started (reshape_fully_connected_nc, external/XNNPACK/src/operators/fully-connected-nc.c:2666)
Note (XNNPACK): [reshape-fully_connected_nc]: Applied plan op=Fully Connected (NC, F32), batch=784, IC=256, OC=256
 | mr=6, mr_packed=6, nr=8, kr=1, sr=1, kc=256
 | nc_tile=8, range=[256,784], tile=[8,6], threads=4
 | inline_lhs_packing=false, packed_lh=false, dynamic_quantization=false, hmp=false
 | strides: a=1024, w=1028, cm=1024, cn=32, k_scaled=1024
 | log2: input=2, filter=2, output=2, filter_is_nibble=false
 | workspace=0
 (reshape_fully_connected_nc, external/XNNPACK/src/operators/fully-connected-nc.c:2977)
Note (XNNPACK): reshaping operator 25 (Convolution (NHWC, F32)) (xnn_reshape_runtime, external/XNNPACK/src/runtime.c:846)
Note (XNNPACK): reshaping operator 26 (Fully Connected (NC, F32)) (xnn_reshape_runtime, external/XNNPACK/src/runtime.c:846)
Note (XNNPACK): [reshape_fully_connected_operator] Reshaping fully-connected operator for node 26 with batch size 196, input channels 256, output channels 640 (reshape_fully_connected_operator, external/XNNPACK/src/subgraph/fully-connected.c:817)
Note (XNNPACK): [reshape_fully_connected_nc]: started (reshape_fully_connected_nc, external/XNNPACK/src/operators/fully-connected-nc.c:2666)
Note (XNNPACK): [reshape-fully_connected_nc]: Applied plan op=Fully Connected (NC, F32), batch=196, IC=256, OC=640
 | mr=6, mr_packed=6, nr=8, kr=1, sr=1, kc=256
 | nc_tile=8, range=[640,196], tile=[8,6], threads=4
 | inline_lhs_packing=false, packed_lh=false, dynamic_quantization=false, hmp=false
 | strides: a=1024, w=1028, cm=2560, cn=32, k_scaled=1024
 | log2: input=2, filter=2, output=2, filter_is_nibble=false
 | workspace=0
 (reshape_fully_connected_nc, external/XNNPACK/src/operators/fully-connected-nc.c:2977)
Note (XNNPACK): reshaping operator 27 (Convolution (NHWC, F32)) (xnn_reshape_runtime, external/XNNPACK/src/runtime.c:846)
Note (XNNPACK): reshaping operator 28 (Fully Connected (NC, F32)) (xnn_reshape_runtime, external/XNNPACK/src/runtime.c:846)
Note (XNNPACK): [reshape_fully_connected_operator] Reshaping fully-connected operator for node 28 with batch size 196, input channels 640, output channels 640 (reshape_fully_connected_operator, external/XNNPACK/src/subgraph/fully-connected.c:817)
Note (XNNPACK): [reshape_fully_connected_nc]: started (reshape_fully_connected_nc, external/XNNPACK/src/operators/fully-connected-nc.c:2666)
Note (XNNPACK): [reshape-fully_connected_nc]: Applied plan op=Fully Connected (NC, F32), batch=196, IC=640, OC=640
 | mr=6, mr_packed=6, nr=8, kr=1, sr=1, kc=640
 | nc_tile=80, range=[640,196], tile=[80,6], threads=4
 | inline_lhs_packing=false, packed_lh=false, dynamic_quantization=false, hmp=false
 | strides: a=2560, w=2564, cm=2560, cn=32, k_scaled=2560
 | log2: input=2, filter=2, output=2, filter_is_nibble=false
 | workspace=0
 (reshape_fully_connected_nc, external/XNNPACK/src/operators/fully-connected-nc.c:2977)
Note (XNNPACK): reshaping operator 29 (Convolution (NHWC, F32)) (xnn_reshape_runtime, external/XNNPACK/src/runtime.c:846)
Note (XNNPACK): reshaping operator 30 (Fully Connected (NC, F32)) (xnn_reshape_runtime, external/XNNPACK/src/runtime.c:846)
Note (XNNPACK): [reshape_fully_connected_operator] Reshaping fully-connected operator for node 30 with batch size 196, input channels 640, output channels 640 (reshape_fully_connected_operator, external/XNNPACK/src/subgraph/fully-connected.c:817)
Note (XNNPACK): [reshape_fully_connected_nc]: started (reshape_fully_connected_nc, external/XNNPACK/src/operators/fully-connected-nc.c:2666)
Note (XNNPACK): [reshape-fully_connected_nc]: Applied plan op=Fully Connected (NC, F32), batch=196, IC=640, OC=640
 | mr=6, mr_packed=6, nr=8, kr=1, sr=1, kc=640
 | nc_tile=80, range=[640,196], tile=[80,6], threads=4
 | inline_lhs_packing=false, packed_lh=false, dynamic_quantization=false, hmp=false
 | strides: a=2560, w=2564, cm=2560, cn=32, k_scaled=2560
 | log2: input=2, filter=2, output=2, filter_is_nibble=false
 | workspace=0
 (reshape_fully_connected_nc, external/XNNPACK/src/operators/fully-connected-nc.c:2977)
Note (XNNPACK): reshaping operator 31 (Convolution (NHWC, F32)) (xnn_reshape_runtime, external/XNNPACK/src/runtime.c:846)
Note (XNNPACK): reshaping operator 32 (Fully Connected (NC, F32)) (xnn_reshape_runtime, external/XNNPACK/src/runtime.c:846)
Note (XNNPACK): [reshape_fully_connected_operator] Reshaping fully-connected operator for node 32 with batch size 196, input channels 640, output channels 640 (reshape_fully_connected_operator, external/XNNPACK/src/subgraph/fully-connected.c:817)
Note (XNNPACK): [reshape_fully_connected_nc]: started (reshape_fully_connected_nc, external/XNNPACK/src/operators/fully-connected-nc.c:2666)
Note (XNNPACK): [reshape-fully_connected_nc]: Applied plan op=Fully Connected (NC, F32), batch=196, IC=640, OC=640
 | mr=6, mr_packed=6, nr=8, kr=1, sr=1, kc=640
 | nc_tile=80, range=[640,196], tile=[80,6], threads=4
 | inline_lhs_packing=false, packed_lh=false, dynamic_quantization=false, hmp=false
 | strides: a=2560, w=2564, cm=2560, cn=32, k_scaled=2560
 | log2: input=2, filter=2, output=2, filter_is_nibble=false
 | workspace=0
 (reshape_fully_connected_nc, external/XNNPACK/src/operators/fully-connected-nc.c:2977)
Note (XNNPACK): reshaping operator 33 (Convolution (NHWC, F32)) (xnn_reshape_runtime, external/XNNPACK/src/runtime.c:846)
Note (XNNPACK): reshaping operator 34 (Fully Connected (NC, F32)) (xnn_reshape_runtime, external/XNNPACK/src/runtime.c:846)
Note (XNNPACK): [reshape_fully_connected_operator] Reshaping fully-connected operator for node 34 with batch size 196, input channels 640, output channels 640 (reshape_fully_connected_operator, external/XNNPACK/src/subgraph/fully-connected.c:817)
Note (XNNPACK): [reshape_fully_connected_nc]: started (reshape_fully_connected_nc, external/XNNPACK/src/operators/fully-connected-nc.c:2666)
Note (XNNPACK): [reshape-fully_connected_nc]: Applied plan op=Fully Connected (NC, F32), batch=196, IC=640, OC=640
 | mr=6, mr_packed=6, nr=8, kr=1, sr=1, kc=640
 | nc_tile=80, range=[640,196], tile=[80,6], threads=4
 | inline_lhs_packing=false, packed_lh=false, dynamic_quantization=false, hmp=false
 | strides: a=2560, w=2564, cm=2560, cn=32, k_scaled=2560
 | log2: input=2, filter=2, output=2, filter_is_nibble=false
 | workspace=0
 (reshape_fully_connected_nc, external/XNNPACK/src/operators/fully-connected-nc.c:2977)
Note (XNNPACK): reshaping operator 35 (Convolution (NHWC, F32)) (xnn_reshape_runtime, external/XNNPACK/src/runtime.c:846)
Note (XNNPACK): reshaping operator 36 (Fully Connected (NC, F32)) (xnn_reshape_runtime, external/XNNPACK/src/runtime.c:846)
Note (XNNPACK): [reshape_fully_connected_operator] Reshaping fully-connected operator for node 36 with batch size 196, input channels 640, output channels 640 (reshape_fully_connected_operator, external/XNNPACK/src/subgraph/fully-connected.c:817)
Note (XNNPACK): [reshape_fully_connected_nc]: started (reshape_fully_connected_nc, external/XNNPACK/src/operators/fully-connected-nc.c:2666)
Note (XNNPACK): [reshape-fully_connected_nc]: Applied plan op=Fully Connected (NC, F32), batch=196, IC=640, OC=640
 | mr=6, mr_packed=6, nr=8, kr=1, sr=1, kc=640
 | nc_tile=80, range=[640,196], tile=[80,6], threads=4
 | inline_lhs_packing=false, packed_lh=false, dynamic_quantization=false, hmp=false
 | strides: a=2560, w=2564, cm=2560, cn=32, k_scaled=2560
 | log2: input=2, filter=2, output=2, filter_is_nibble=false
 | workspace=0
 (reshape_fully_connected_nc, external/XNNPACK/src/operators/fully-connected-nc.c:2977)
Note (XNNPACK): reshaping operator 37 (Convolution (NHWC, F32)) (xnn_reshape_runtime, external/XNNPACK/src/runtime.c:846)
Note (XNNPACK): reshaping operator 38 (Fully Connected (NC, F32)) (xnn_reshape_runtime, external/XNNPACK/src/runtime.c:846)
Note (XNNPACK): [reshape_fully_connected_operator] Reshaping fully-connected operator for node 38 with batch size 196, input channels 640, output channels 640 (reshape_fully_connected_operator, external/XNNPACK/src/subgraph/fully-connected.c:817)
Note (XNNPACK): [reshape_fully_connected_nc]: started (reshape_fully_connected_nc, external/XNNPACK/src/operators/fully-connected-nc.c:2666)
Note (XNNPACK): [reshape-fully_connected_nc]: Applied plan op=Fully Connected (NC, F32), batch=196, IC=640, OC=640
 | mr=6, mr_packed=6, nr=8, kr=1, sr=1, kc=640
 | nc_tile=80, range=[640,196], tile=[80,6], threads=4
 | inline_lhs_packing=false, packed_lh=false, dynamic_quantization=false, hmp=false
 | strides: a=2560, w=2564, cm=2560, cn=32, k_scaled=2560
 | log2: input=2, filter=2, output=2, filter_is_nibble=false
 | workspace=0
 (reshape_fully_connected_nc, external/XNNPACK/src/operators/fully-connected-nc.c:2977)
Note (XNNPACK): reshaping operator 39 (Convolution (NHWC, F32)) (xnn_reshape_runtime, external/XNNPACK/src/runtime.c:846)
Note (XNNPACK): reshaping operator 40 (Fully Connected (NC, F32)) (xnn_reshape_runtime, external/XNNPACK/src/runtime.c:846)
Note (XNNPACK): [reshape_fully_connected_operator] Reshaping fully-connected operator for node 40 with batch size 196, input channels 640, output channels 640 (reshape_fully_connected_operator, external/XNNPACK/src/subgraph/fully-connected.c:817)
Note (XNNPACK): [reshape_fully_connected_nc]: started (reshape_fully_connected_nc, external/XNNPACK/src/operators/fully-connected-nc.c:2666)
Note (XNNPACK): [reshape-fully_connected_nc]: Applied plan op=Fully Connected (NC, F32), batch=196, IC=640, OC=640
 | mr=6, mr_packed=6, nr=8, kr=1, sr=1, kc=640
 | nc_tile=80, range=[640,196], tile=[80,6], threads=4
 | inline_lhs_packing=false, packed_lh=false, dynamic_quantization=false, hmp=false
 | strides: a=2560, w=2564, cm=2560, cn=32, k_scaled=2560
 | log2: input=2, filter=2, output=2, filter_is_nibble=false
 | workspace=0
 (reshape_fully_connected_nc, external/XNNPACK/src/operators/fully-connected-nc.c:2977)
Note (XNNPACK): reshaping operator 41 (Convolution (NHWC, F32)) (xnn_reshape_runtime, external/XNNPACK/src/runtime.c:846)
Note (XNNPACK): reshaping operator 42 (Fully Connected (NC, F32)) (xnn_reshape_runtime, external/XNNPACK/src/runtime.c:846)
Note (XNNPACK): [reshape_fully_connected_operator] Reshaping fully-connected operator for node 42 with batch size 196, input channels 640, output channels 640 (reshape_fully_connected_operator, external/XNNPACK/src/subgraph/fully-connected.c:817)
Note (XNNPACK): [reshape_fully_connected_nc]: started (reshape_fully_connected_nc, external/XNNPACK/src/operators/fully-connected-nc.c:2666)
Note (XNNPACK): [reshape-fully_connected_nc]: Applied plan op=Fully Connected (NC, F32), batch=196, IC=640, OC=640
 | mr=6, mr_packed=6, nr=8, kr=1, sr=1, kc=640
 | nc_tile=80, range=[640,196], tile=[80,6], threads=4
 | inline_lhs_packing=false, packed_lh=false, dynamic_quantization=false, hmp=false
 | strides: a=2560, w=2564, cm=2560, cn=32, k_scaled=2560
 | log2: input=2, filter=2, output=2, filter_is_nibble=false
 | workspace=0
 (reshape_fully_connected_nc, external/XNNPACK/src/operators/fully-connected-nc.c:2977)
Note (XNNPACK): reshaping operator 43 (Convolution (NHWC, F32)) (xnn_reshape_runtime, external/XNNPACK/src/runtime.c:846)
Note (XNNPACK): reshaping operator 44 (Fully Connected (NC, F32)) (xnn_reshape_runtime, external/XNNPACK/src/runtime.c:846)
Note (XNNPACK): [reshape_fully_connected_operator] Reshaping fully-connected operator for node 44 with batch size 196, input channels 640, output channels 640 (reshape_fully_connected_operator, external/XNNPACK/src/subgraph/fully-connected.c:817)
Note (XNNPACK): [reshape_fully_connected_nc]: started (reshape_fully_connected_nc, external/XNNPACK/src/operators/fully-connected-nc.c:2666)
Note (XNNPACK): [reshape-fully_connected_nc]: Applied plan op=Fully Connected (NC, F32), batch=196, IC=640, OC=640
 | mr=6, mr_packed=6, nr=8, kr=1, sr=1, kc=640
 | nc_tile=80, range=[640,196], tile=[80,6], threads=4
 | inline_lhs_packing=false, packed_lh=false, dynamic_quantization=false, hmp=false
 | strides: a=2560, w=2564, cm=2560, cn=32, k_scaled=2560
 | log2: input=2, filter=2, output=2, filter_is_nibble=false
 | workspace=0
 (reshape_fully_connected_nc, external/XNNPACK/src/operators/fully-connected-nc.c:2977)
Note (XNNPACK): reshaping operator 46 (Convolution (NHWC, F32)) (xnn_reshape_runtime, external/XNNPACK/src/runtime.c:846)
Note (XNNPACK): reshaping operator 47 (Fully Connected (NC, F32)) (xnn_reshape_runtime, external/XNNPACK/src/runtime.c:846)
Note (XNNPACK): [reshape_fully_connected_operator] Reshaping fully-connected operator for node 47 with batch size 49, input channels 640, output channels 2048 (reshape_fully_connected_operator, external/XNNPACK/src/subgraph/fully-connected.c:817)
Note (XNNPACK): [reshape_fully_connected_nc]: started (reshape_fully_connected_nc, external/XNNPACK/src/operators/fully-connected-nc.c:2666)
Note (XNNPACK): [reshape-fully_connected_nc]: Applied plan op=Fully Connected (NC, F32), batch=49, IC=640, OC=2048
 | mr=6, mr_packed=6, nr=8, kr=1, sr=1, kc=640
 | nc_tile=88, range=[2048,49], tile=[88,6], threads=4
 | inline_lhs_packing=false, packed_lh=false, dynamic_quantization=false, hmp=false
 | strides: a=2560, w=2564, cm=8192, cn=32, k_scaled=2560
 | log2: input=2, filter=2, output=2, filter_is_nibble=false
 | workspace=0
 (reshape_fully_connected_nc, external/XNNPACK/src/operators/fully-connected-nc.c:2977)
Note (XNNPACK): reshaping operator 48 (Sum (ND)) (xnn_reshape_runtime, external/XNNPACK/src/runtime.c:846)
Note (XNNPACK): reshaping operator 49 (Fully Connected (NC, F32)) (xnn_reshape_runtime, external/XNNPACK/src/runtime.c:846)
Note (XNNPACK): [reshape_fully_connected_operator] Reshaping fully-connected operator for node 49 with batch size 1, input channels 2048, output channels 1000 (reshape_fully_connected_operator, external/XNNPACK/src/subgraph/fully-connected.c:817)
Note (XNNPACK): [reshape_fully_connected_nc]: started (reshape_fully_connected_nc, external/XNNPACK/src/operators/fully-connected-nc.c:2666)
Note (XNNPACK): [reshape-fully_connected_nc]: Applied plan op=Fully Connected (NC, F32), batch=1, IC=2048, OC=1000
 | mr=1, mr_packed=1, nr=8, kr=1, sr=1, kc=2048
 | nc_tile=48, range=[1000,1], tile=[48,1], threads=4
 | inline_lhs_packing=false, packed_lh=false, dynamic_quantization=false, hmp=false
 | strides: a=8192, w=8196, cm=4000, cn=32, k_scaled=8192
 | log2: input=2, filter=2, output=2, filter_is_nibble=false
 | workspace=0
 (reshape_fully_connected_nc, external/XNNPACK/src/operators/fully-connected-nc.c:2977)

[INFO] Model Summary 
📥 Input tensor count  : 1
📤 Output tensor count : 1
📦 Total tensor count  : 141
🔧 Node (op) count     : 51
🧩 Delegate applied    : Yes ✅

[INFO] Shape of input_tensor: [1, 224, 224, 3]
[INFO] Processing FP32 input path

[INFO] Running 10 warm-up iterations...
Note (XNNPACK): setup_runtime: Setting up runtime with 50 operators (setup_runtime, external/XNNPACK/src/runtime.c:902)
[INFO] warm-up completed

[INFO] Running 50 run and profile iterations...
[INFO] run and profile completed

[INFO] Shape of output_tensor: [1, 1000]
[INFO] Processing FP32 output path

[INFO] Top 5 predictions:
- Class 207 (golden_retriever): 0.769211
- Class 208 (Labrador_retriever): 0.111041
- Class 222 (kuvasz): 0.0198047
- Class 244 (Tibetan_mastiff): 0.0132959
- Class 257 (Great_Pyrenees): 0.0068334

[INFO] Elapsed time summary
- Load Model took 0.193 ms (193 us)
- Build Interpreter took 3.846 ms (3846 us)
- Apply Delegate took 119.667 ms (119667 us)
- Allocate Tensor took 23.626 ms (23626 us)
- Load Input Image took 45.238 ms (45238 us)
- Preprocessing took 12.415 ms (12415 us)
- Inference_0 took 149.858 ms (149858 us)
- Inference_1 took 150.505 ms (150505 us)
- Inference_2 took 147.092 ms (147092 us)
- Inference_3 took 149.646 ms (149646 us)
- Inference_4 took 149.671 ms (149671 us)
- Inference_5 took 149.71 ms (149710 us)
- Inference_6 took 149.661 ms (149661 us)
- Inference_7 took 221.296 ms (221296 us)
- Inference_8 took 182.804 ms (182804 us)
- Inference_9 took 200.081 ms (200081 us)
- Inference_10 took 148.65 ms (148650 us)
- Inference_11 took 143.753 ms (143753 us)
- Inference_12 took 143.334 ms (143334 us)
- Inference_13 took 143.342 ms (143342 us)
- Inference_14 took 156.033 ms (156033 us)
- Inference_15 took 151.488 ms (151488 us)
- Inference_16 took 144.783 ms (144783 us)
- Inference_17 took 141.285 ms (141285 us)
- Inference_18 took 144.326 ms (144326 us)
- Inference_19 took 141.213 ms (141213 us)
- Inference_20 took 141.812 ms (141812 us)
- Inference_21 took 142.735 ms (142735 us)
- Inference_22 took 141.27 ms (141270 us)
- Inference_23 took 141.881 ms (141881 us)
- Inference_24 took 141.215 ms (141215 us)
- Inference_25 took 154.97 ms (154970 us)
- Inference_26 took 140.919 ms (140919 us)
- Inference_27 took 141.28 ms (141280 us)
- Inference_28 took 141.865 ms (141865 us)
- Inference_29 took 144.557 ms (144557 us)
- Inference_30 took 144.553 ms (144553 us)
- Inference_31 took 147.897 ms (147897 us)
- Inference_32 took 149.542 ms (149542 us)
- Inference_33 took 145.204 ms (145204 us)
- Inference_34 took 143.817 ms (143817 us)
- Inference_35 took 141.245 ms (141245 us)
- Inference_36 took 141.908 ms (141908 us)
- Inference_37 took 141.792 ms (141792 us)
- Inference_38 took 141.77 ms (141770 us)
- Inference_39 took 142.906 ms (142906 us)
- Inference_40 took 143.985 ms (143985 us)
- Inference_41 took 142.853 ms (142853 us)
- Inference_42 took 141.674 ms (141674 us)
- Inference_43 took 143.582 ms (143582 us)
- Inference_44 took 141.513 ms (141513 us)
- Inference_45 took 142.645 ms (142645 us)
- Inference_46 took 151.88 ms (151880 us)
- Inference_47 took 146.03 ms (146030 us)
- Inference_48 took 142.775 ms (142775 us)
- Inference_49 took 150.713 ms (150713 us)
- Postprocessing took 0.119 ms (119 us)


[INFO] Generating Ops-level profiling (log)

INFO: Profiling Info for Benchmark Initialization:
============================== Run Order ==============================
	                             [node type]	  [first]	 [avg ms]	     [%]	  [cdf%]	  [mem KB]	[times called]	[Name]
	                 ModifyGraphWithDelegate	  118.996	  118.996	 83.460%	 83.460%	 60744.000	        1	ModifyGraphWithDelegate/0
	                         AllocateTensors	   23.582	   23.582	 16.540%	100.000%	 12992.000	        1	AllocateTensors/0

============================== Top by Computation Time ==============================
	                             [node type]	  [first]	 [avg ms]	     [%]	  [cdf%]	  [mem KB]	[times called]	[Name]
	                 ModifyGraphWithDelegate	  118.996	  118.996	 83.460%	 83.460%	 60744.000	        1	ModifyGraphWithDelegate/0
	                         AllocateTensors	   23.582	   23.582	 16.540%	100.000%	 12992.000	        1	AllocateTensors/0

Number of nodes executed: 2
============================== Summary by node type ==============================
	                             [Node type]	  [count]	  [avg ms]	    [avg %]	    [cdf %]	  [mem KB]	[times called]
	                 ModifyGraphWithDelegate	        1	   118.996	    83.460%	    83.460%	 60744.000	        1
	                         AllocateTensors	        1	    23.582	    16.540%	   100.000%	 12992.000	        1

Timings (microseconds): count=2 curr=142578(all same)
Memory (bytes): count=0
2 nodes observed



INFO: Operator-wise Profiling Info for Regular Benchmark Runs:
============================== Run Order ==============================
	                             [node type]	  [first]	 [avg ms]	     [%]	  [cdf%]	  [mem KB]	[times called]	[Name]
	           Convolution (NHWC, F32) IGEMM	    4.013	    3.968	  2.675%	  2.675%	     0.000	        1	Delegate/Convolution (NHWC, F32) IGEMM:0
	          Convolution (NHWC, F32) DWConv	    3.511	    3.584	  2.415%	  5.090%	     0.000	        1	Delegate/Convolution (NHWC, F32) DWConv:1
	          Fully Connected (NC, F32) GEMM	    1.722	    1.777	  1.197%	  6.288%	     0.000	        1	Delegate/Fully Connected (NC, F32) GEMM:2
	          Convolution (NHWC, F32) DWConv	    1.517	    1.557	  1.049%	  7.337%	     0.000	        1	Delegate/Convolution (NHWC, F32) DWConv:3
	          Fully Connected (NC, F32) GEMM	    2.640	    2.733	  1.842%	  9.179%	     0.000	        1	Delegate/Fully Connected (NC, F32) GEMM:4
	          Convolution (NHWC, F32) DWConv	    1.117	    1.174	  0.791%	  9.970%	     0.000	        1	Delegate/Convolution (NHWC, F32) DWConv:5
	          Fully Connected (NC, F32) GEMM	    1.649	    1.696	  1.143%	 11.113%	     0.000	        1	Delegate/Fully Connected (NC, F32) GEMM:6
	          Convolution (NHWC, F32) DWConv	    1.379	    1.473	  0.993%	 12.106%	     0.000	        1	Delegate/Convolution (NHWC, F32) DWConv:7
	          Fully Connected (NC, F32) GEMM	    5.217	    5.353	  3.608%	 15.714%	     0.000	        1	Delegate/Fully Connected (NC, F32) GEMM:8
	          Convolution (NHWC, F32) DWConv	    1.319	    1.298	  0.875%	 16.589%	     0.000	        1	Delegate/Convolution (NHWC, F32) DWConv:9
	          Fully Connected (NC, F32) GEMM	    5.151	    5.193	  3.500%	 20.090%	     0.000	        1	Delegate/Fully Connected (NC, F32) GEMM:10
	          Convolution (NHWC, F32) DWConv	    1.290	    1.334	  0.899%	 20.989%	     0.000	        1	Delegate/Convolution (NHWC, F32) DWConv:11
	          Fully Connected (NC, F32) GEMM	    5.115	    5.174	  3.488%	 24.477%	     0.000	        1	Delegate/Fully Connected (NC, F32) GEMM:12
	          Convolution (NHWC, F32) DWConv	    1.331	    1.316	  0.887%	 25.363%	     0.000	        1	Delegate/Convolution (NHWC, F32) DWConv:13
	          Fully Connected (NC, F32) GEMM	    5.124	    5.194	  3.501%	 28.864%	     0.000	        1	Delegate/Fully Connected (NC, F32) GEMM:14
	          Convolution (NHWC, F32) DWConv	    1.272	    1.349	  0.909%	 29.774%	     0.000	        1	Delegate/Convolution (NHWC, F32) DWConv:15
	          Fully Connected (NC, F32) GEMM	    5.094	    5.122	  3.453%	 33.226%	     0.000	        1	Delegate/Fully Connected (NC, F32) GEMM:16
	          Convolution (NHWC, F32) DWConv	    1.304	    1.300	  0.876%	 34.103%	     0.000	        1	Delegate/Convolution (NHWC, F32) DWConv:17
	          Fully Connected (NC, F32) GEMM	    5.376	    5.432	  3.661%	 37.764%	     0.000	        1	Delegate/Fully Connected (NC, F32) GEMM:18
	          Convolution (NHWC, F32) DWConv	    1.262	    1.264	  0.852%	 38.616%	     0.000	        1	Delegate/Convolution (NHWC, F32) DWConv:19
	          Fully Connected (NC, F32) GEMM	    5.332	    5.180	  3.491%	 42.107%	     0.000	        1	Delegate/Fully Connected (NC, F32) GEMM:20
	          Convolution (NHWC, F32) DWConv	    1.558	    1.147	  0.773%	 42.880%	     0.000	        1	Delegate/Convolution (NHWC, F32) DWConv:21
	          Fully Connected (NC, F32) GEMM	    2.820	    2.886	  1.945%	 44.825%	     0.000	        1	Delegate/Fully Connected (NC, F32) GEMM:22
	          Convolution (NHWC, F32) DWConv	    0.842	    0.902	  0.608%	 45.433%	     0.000	        1	Delegate/Convolution (NHWC, F32) DWConv:23
	          Fully Connected (NC, F32) GEMM	    7.292	    7.147	  4.818%	 50.251%	     0.000	        1	Delegate/Fully Connected (NC, F32) GEMM:24
	          Convolution (NHWC, F32) DWConv	    1.022	    1.125	  0.759%	 51.009%	     0.000	        1	Delegate/Convolution (NHWC, F32) DWConv:25
	          Fully Connected (NC, F32) GEMM	    6.970	    6.972	  4.700%	 55.709%	     0.000	        1	Delegate/Fully Connected (NC, F32) GEMM:26
	          Convolution (NHWC, F32) DWConv	    1.002	    1.032	  0.696%	 56.404%	     0.000	        1	Delegate/Convolution (NHWC, F32) DWConv:27
	          Fully Connected (NC, F32) GEMM	    7.079	    7.281	  4.908%	 61.312%	     0.000	        1	Delegate/Fully Connected (NC, F32) GEMM:28
	          Convolution (NHWC, F32) DWConv	    1.015	    1.047	  0.705%	 62.018%	     0.000	        1	Delegate/Convolution (NHWC, F32) DWConv:29
	          Fully Connected (NC, F32) GEMM	    6.626	    6.734	  4.539%	 66.557%	     0.000	        1	Delegate/Fully Connected (NC, F32) GEMM:30
	          Convolution (NHWC, F32) DWConv	    0.996	    1.034	  0.697%	 67.254%	     0.000	        1	Delegate/Convolution (NHWC, F32) DWConv:31
	          Fully Connected (NC, F32) GEMM	    6.649	    6.754	  4.552%	 71.806%	     0.000	        1	Delegate/Fully Connected (NC, F32) GEMM:32
	          Convolution (NHWC, F32) DWConv	    1.028	    1.067	  0.719%	 72.525%	     0.000	        1	Delegate/Convolution (NHWC, F32) DWConv:33
	          Fully Connected (NC, F32) GEMM	    6.630	    6.826	  4.601%	 77.126%	     0.000	        1	Delegate/Fully Connected (NC, F32) GEMM:34
	          Convolution (NHWC, F32) DWConv	    1.088	    1.046	  0.705%	 77.831%	     0.000	        1	Delegate/Convolution (NHWC, F32) DWConv:35
	          Fully Connected (NC, F32) GEMM	    7.071	    6.895	  4.648%	 82.479%	     0.000	        1	Delegate/Fully Connected (NC, F32) GEMM:36
	          Convolution (NHWC, F32) DWConv	    1.067	    1.041	  0.702%	 83.180%	     0.000	        1	Delegate/Convolution (NHWC, F32) DWConv:37
	          Fully Connected (NC, F32) GEMM	    6.879	    6.770	  4.564%	 87.744%	     0.000	        1	Delegate/Fully Connected (NC, F32) GEMM:38
	          Convolution (NHWC, F32) DWConv	    1.115	    1.017	  0.686%	 88.430%	     0.000	        1	Delegate/Convolution (NHWC, F32) DWConv:39
	          Fully Connected (NC, F32) GEMM	    6.912	    6.659	  4.488%	 92.918%	     0.000	        1	Delegate/Fully Connected (NC, F32) GEMM:40
	          Convolution (NHWC, F32) DWConv	    0.822	    0.699	  0.471%	 93.389%	     0.000	        1	Delegate/Convolution (NHWC, F32) DWConv:41
	          Fully Connected (NC, F32) GEMM	    7.261	    6.432	  4.335%	 97.725%	     0.000	        1	Delegate/Fully Connected (NC, F32) GEMM:42
	                         Sum (ND) Reduce	    2.182	    1.770	  1.193%	 98.918%	     0.000	        1	Delegate/Sum (ND) Reduce:43
	          Fully Connected (NC, F32) GEMM	    1.907	    1.605	  1.082%	100.000%	     0.000	        1	Delegate/Fully Connected (NC, F32) GEMM:44

============================== Top by Computation Time ==============================
	                             [node type]	  [first]	 [avg ms]	     [%]	  [cdf%]	  [mem KB]	[times called]	[Name]
	          Fully Connected (NC, F32) GEMM	    7.079	    7.281	  4.908%	  4.908%	     0.000	        1	Delegate/Fully Connected (NC, F32) GEMM:28
	          Fully Connected (NC, F32) GEMM	    7.292	    7.147	  4.818%	  9.725%	     0.000	        1	Delegate/Fully Connected (NC, F32) GEMM:24
	          Fully Connected (NC, F32) GEMM	    6.970	    6.972	  4.700%	 14.425%	     0.000	        1	Delegate/Fully Connected (NC, F32) GEMM:26
	          Fully Connected (NC, F32) GEMM	    7.071	    6.895	  4.648%	 19.073%	     0.000	        1	Delegate/Fully Connected (NC, F32) GEMM:36
	          Fully Connected (NC, F32) GEMM	    6.630	    6.826	  4.601%	 23.673%	     0.000	        1	Delegate/Fully Connected (NC, F32) GEMM:34
	          Fully Connected (NC, F32) GEMM	    6.879	    6.770	  4.564%	 28.237%	     0.000	        1	Delegate/Fully Connected (NC, F32) GEMM:38
	          Fully Connected (NC, F32) GEMM	    6.649	    6.754	  4.552%	 32.789%	     0.000	        1	Delegate/Fully Connected (NC, F32) GEMM:32
	          Fully Connected (NC, F32) GEMM	    6.626	    6.734	  4.539%	 37.328%	     0.000	        1	Delegate/Fully Connected (NC, F32) GEMM:30
	          Fully Connected (NC, F32) GEMM	    6.912	    6.659	  4.488%	 41.817%	     0.000	        1	Delegate/Fully Connected (NC, F32) GEMM:40
	          Fully Connected (NC, F32) GEMM	    7.261	    6.432	  4.335%	 46.152%	     0.000	        1	Delegate/Fully Connected (NC, F32) GEMM:42

Number of nodes executed: 45
============================== Summary by node type ==============================
	                             [Node type]	  [count]	  [avg ms]	    [avg %]	    [cdf %]	  [mem KB]	[times called]
	          Fully Connected (NC, F32) GEMM	       22	   115.807	    78.068%	    78.068%	     0.000	       22
	          Convolution (NHWC, F32) DWConv	       21	    26.796	    18.064%	    96.132%	     0.000	       21
	           Convolution (NHWC, F32) IGEMM	        1	     3.968	     2.675%	    98.807%	     0.000	        1
	                         Sum (ND) Reduce	        1	     1.770	     1.193%	   100.000%	     0.000	        1

Timings (microseconds): count=50 first=149568 curr=150475 min=140702 max=221051 avg=148360 std=14415
Memory (bytes): count=0
45 nodes observed



